[ 2018-03-21T10:28:39+08:00 ] ::1 /myCode/poneBack3/home/index/index
INFO: [ app_init ] --START--
INFO: Run Behavior\BuildLiteBehavior [ RunTime:0.000028s ]
INFO: [ app_init ] --END-- [ RunTime:0.003114s ]
INFO: [ app_begin ] --START--
INFO: Run Behavior\ReadHtmlCacheBehavior [ RunTime:0.003155s ]
INFO: [ app_begin ] --END-- [ RunTime:0.003271s ]
INFO: [ view_parse ] --START--
INFO: [ template_filter ] --START--
INFO: Run Behavior\ContentReplaceBehavior [ RunTime:0.012441s ]
INFO: [ template_filter ] --END-- [ RunTime:0.012495s ]
INFO: Run Behavior\ParseTemplateBehavior [ RunTime:0.059679s ]
INFO: [ view_parse ] --END-- [ RunTime:0.059734s ]
INFO: [ view_filter ] --START--
INFO: Run Behavior\WriteHtmlCacheBehavior [ RunTime:0.001427s ]
INFO: [ view_filter ] --END-- [ RunTime:0.001479s ]
INFO: [ app_end ] --START--
INFO: Run Behavior\ShowPageTraceBehavior [ RunTime:0.001523s ]
INFO: [ app_end ] --END-- [ RunTime:0.001557s ]

[ 2018-03-21T10:33:08+08:00 ] ::1 /myCode/poneBack3/home/index/index
INFO: [ app_init ] --START--
INFO: Run Behavior\BuildLiteBehavior [ RunTime:0.000026s ]
INFO: [ app_init ] --END-- [ RunTime:0.000765s ]
INFO: [ app_begin ] --START--
INFO: Run Behavior\ReadHtmlCacheBehavior [ RunTime:0.001202s ]
INFO: [ app_begin ] --END-- [ RunTime:0.001246s ]
ERR: 模板不存在:./Application/Home/View/Index/index.html

[ 2018-03-21T10:33:58+08:00 ] ::1 /myCode/poneBack3/home/index/index
INFO: [ app_init ] --START--
INFO: Run Behavior\BuildLiteBehavior [ RunTime:0.000010s ]
INFO: [ app_init ] --END-- [ RunTime:0.000706s ]
INFO: [ app_begin ] --START--
INFO: Run Behavior\ReadHtmlCacheBehavior [ RunTime:0.000989s ]
INFO: [ app_begin ] --END-- [ RunTime:0.001052s ]
ERR: 模板不存在:./Application/Home/View/Index/index.html

[ 2018-03-21T10:34:00+08:00 ] ::1 /myCode/poneBack3/home/index/index
INFO: [ app_init ] --START--
INFO: Run Behavior\BuildLiteBehavior [ RunTime:0.000010s ]
INFO: [ app_init ] --END-- [ RunTime:0.001252s ]
INFO: [ app_begin ] --START--
INFO: Run Behavior\ReadHtmlCacheBehavior [ RunTime:0.000743s ]
INFO: [ app_begin ] --END-- [ RunTime:0.000784s ]
ERR: 模板不存在:./Application/Home/View/Index/index.html

[ 2018-03-21T10:34:00+08:00 ] ::1 /myCode/poneBack3/home/index/index
INFO: [ app_init ] --START--
INFO: Run Behavior\BuildLiteBehavior [ RunTime:0.000009s ]
INFO: [ app_init ] --END-- [ RunTime:0.000592s ]
INFO: [ app_begin ] --START--
INFO: Run Behavior\ReadHtmlCacheBehavior [ RunTime:0.000766s ]
INFO: [ app_begin ] --END-- [ RunTime:0.000806s ]
ERR: 模板不存在:./Application/Home/View/Index/index.html

[ 2018-03-21T10:34:00+08:00 ] ::1 /myCode/poneBack3/home/index/index
INFO: [ app_init ] --START--
INFO: Run Behavior\BuildLiteBehavior [ RunTime:0.000042s ]
INFO: [ app_init ] --END-- [ RunTime:0.002082s ]
INFO: [ app_begin ] --START--
INFO: Run Behavior\ReadHtmlCacheBehavior [ RunTime:0.000741s ]
INFO: [ app_begin ] --END-- [ RunTime:0.000783s ]
ERR: 模板不存在:./Application/Home/View/Index/index.html

[ 2018-03-21T10:34:01+08:00 ] ::1 /myCode/poneBack3/home/index/index
INFO: [ app_init ] --START--
INFO: Run Behavior\BuildLiteBehavior [ RunTime:0.000009s ]
INFO: [ app_init ] --END-- [ RunTime:0.000602s ]
INFO: [ app_begin ] --START--
INFO: Run Behavior\ReadHtmlCacheBehavior [ RunTime:0.000752s ]
INFO: [ app_begin ] --END-- [ RunTime:0.000793s ]
ERR: 模板不存在:./Application/Home/View/Index/index.html

[ 2018-03-21T10:34:01+08:00 ] ::1 /myCode/poneBack3/home/index/index
INFO: [ app_init ] --START--
INFO: Run Behavior\BuildLiteBehavior [ RunTime:0.000010s ]
INFO: [ app_init ] --END-- [ RunTime:0.000617s ]
INFO: [ app_begin ] --START--
INFO: Run Behavior\ReadHtmlCacheBehavior [ RunTime:0.000872s ]
INFO: [ app_begin ] --END-- [ RunTime:0.000916s ]
ERR: 模板不存在:./Application/Home/View/Index/index.html

[ 2018-03-21T10:34:01+08:00 ] ::1 /myCode/poneBack3/home/index/index
INFO: [ app_init ] --START--
INFO: Run Behavior\BuildLiteBehavior [ RunTime:0.000009s ]
INFO: [ app_init ] --END-- [ RunTime:0.000614s ]
INFO: [ app_begin ] --START--
INFO: Run Behavior\ReadHtmlCacheBehavior [ RunTime:0.001126s ]
INFO: [ app_begin ] --END-- [ RunTime:0.001189s ]
ERR: 模板不存在:./Application/Home/View/Index/index.html

[ 2018-03-21T10:34:01+08:00 ] ::1 /myCode/poneBack3/home/index/index
INFO: [ app_init ] --START--
INFO: Run Behavior\BuildLiteBehavior [ RunTime:0.000009s ]
INFO: [ app_init ] --END-- [ RunTime:0.000620s ]
INFO: [ app_begin ] --START--
INFO: Run Behavior\ReadHtmlCacheBehavior [ RunTime:0.000749s ]
INFO: [ app_begin ] --END-- [ RunTime:0.000789s ]
ERR: 模板不存在:./Application/Home/View/Index/index.html

[ 2018-03-21T10:34:01+08:00 ] ::1 /myCode/poneBack3/home/index/index
INFO: [ app_init ] --START--
INFO: Run Behavior\BuildLiteBehavior [ RunTime:0.000029s ]
INFO: [ app_init ] --END-- [ RunTime:0.001262s ]
INFO: [ app_begin ] --START--
INFO: Run Behavior\ReadHtmlCacheBehavior [ RunTime:0.000789s ]
INFO: [ app_begin ] --END-- [ RunTime:0.000837s ]
ERR: 模板不存在:./Application/Home/View/Index/index.html

[ 2018-03-21T10:34:01+08:00 ] ::1 /myCode/poneBack3/home/index/index
INFO: [ app_init ] --START--
INFO: Run Behavior\BuildLiteBehavior [ RunTime:0.000009s ]
INFO: [ app_init ] --END-- [ RunTime:0.000601s ]
INFO: [ app_begin ] --START--
INFO: Run Behavior\ReadHtmlCacheBehavior [ RunTime:0.000716s ]
INFO: [ app_begin ] --END-- [ RunTime:0.000757s ]
ERR: 模板不存在:./Application/Home/View/Index/index.html

[ 2018-03-21T10:34:02+08:00 ] ::1 /myCode/poneBack3/home/index/index
INFO: [ app_init ] --START--
INFO: Run Behavior\BuildLiteBehavior [ RunTime:0.000009s ]
INFO: [ app_init ] --END-- [ RunTime:0.000593s ]
INFO: [ app_begin ] --START--
INFO: Run Behavior\ReadHtmlCacheBehavior [ RunTime:0.000747s ]
INFO: [ app_begin ] --END-- [ RunTime:0.000788s ]
ERR: 模板不存在:./Application/Home/View/Index/index.html

[ 2018-03-21T10:34:02+08:00 ] ::1 /myCode/poneBack3/home/index/index
INFO: [ app_init ] --START--
INFO: Run Behavior\BuildLiteBehavior [ RunTime:0.000009s ]
INFO: [ app_init ] --END-- [ RunTime:0.000734s ]
INFO: [ app_begin ] --START--
INFO: Run Behavior\ReadHtmlCacheBehavior [ RunTime:0.000744s ]
INFO: [ app_begin ] --END-- [ RunTime:0.000785s ]
ERR: 模板不存在:./Application/Home/View/Index/index.html

[ 2018-03-21T10:34:02+08:00 ] ::1 /myCode/poneBack3/home/index/index
INFO: [ app_init ] --START--
INFO: Run Behavior\BuildLiteBehavior [ RunTime:0.000010s ]
INFO: [ app_init ] --END-- [ RunTime:0.000627s ]
INFO: [ app_begin ] --START--
INFO: Run Behavior\ReadHtmlCacheBehavior [ RunTime:0.000741s ]
INFO: [ app_begin ] --END-- [ RunTime:0.000781s ]
ERR: 模板不存在:./Application/Home/View/Index/index.html

[ 2018-03-21T10:34:02+08:00 ] ::1 /myCode/poneBack3/home/index/index
INFO: [ app_init ] --START--
INFO: Run Behavior\BuildLiteBehavior [ RunTime:0.000010s ]
INFO: [ app_init ] --END-- [ RunTime:0.000638s ]
INFO: [ app_begin ] --START--
INFO: Run Behavior\ReadHtmlCacheBehavior [ RunTime:0.000770s ]
INFO: [ app_begin ] --END-- [ RunTime:0.000809s ]
ERR: 模板不存在:./Application/Home/View/Index/index.html

[ 2018-03-21T10:34:18+08:00 ] ::1 /myCode/poneBack3/home/index/index
INFO: [ app_init ] --START--
INFO: Run Behavior\BuildLiteBehavior [ RunTime:0.000010s ]
INFO: [ app_init ] --END-- [ RunTime:0.000645s ]
INFO: [ app_begin ] --START--
INFO: Run Behavior\ReadHtmlCacheBehavior [ RunTime:0.001058s ]
INFO: [ app_begin ] --END-- [ RunTime:0.001100s ]
INFO: [ view_parse ] --START--
INFO: Run Behavior\ParseTemplateBehavior [ RunTime:0.001305s ]
INFO: [ view_parse ] --END-- [ RunTime:0.001346s ]
INFO: [ view_filter ] --START--
INFO: Run Behavior\WriteHtmlCacheBehavior [ RunTime:0.001027s ]
INFO: [ view_filter ] --END-- [ RunTime:0.001058s ]
INFO: [ app_end ] --START--
INFO: Run Behavior\ShowPageTraceBehavior [ RunTime:0.001119s ]
INFO: [ app_end ] --END-- [ RunTime:0.001151s ]

[ 2018-03-21T10:35:04+08:00 ] ::1 /myCode/poneBack3/home/index/index
INFO: [ app_init ] --START--
INFO: Run Behavior\BuildLiteBehavior [ RunTime:0.000009s ]
INFO: [ app_init ] --END-- [ RunTime:0.000628s ]
INFO: [ app_begin ] --START--
INFO: Run Behavior\ReadHtmlCacheBehavior [ RunTime:0.000748s ]
INFO: [ app_begin ] --END-- [ RunTime:0.000789s ]
ERR: 模板不存在:./Application/Home/View/Index/index.html

[ 2018-03-21T10:35:07+08:00 ] ::1 /myCode/poneBack3/home/index/index
INFO: [ app_init ] --START--
INFO: Run Behavior\BuildLiteBehavior [ RunTime:0.000009s ]
INFO: [ app_init ] --END-- [ RunTime:0.000612s ]
INFO: [ app_begin ] --START--
INFO: Run Behavior\ReadHtmlCacheBehavior [ RunTime:0.000752s ]
INFO: [ app_begin ] --END-- [ RunTime:0.000794s ]
ERR: 模板不存在:./Application/Home/View/Index/index.html

[ 2018-03-21T10:35:31+08:00 ] ::1 /myCode/poneBack3/home/index/index
INFO: [ app_init ] --START--
INFO: Run Behavior\BuildLiteBehavior [ RunTime:0.000010s ]
INFO: [ app_init ] --END-- [ RunTime:0.000752s ]
INFO: [ app_begin ] --START--
INFO: Run Behavior\ReadHtmlCacheBehavior [ RunTime:0.000971s ]
INFO: [ app_begin ] --END-- [ RunTime:0.001011s ]
INFO: [ view_parse ] --START--
INFO: Run Behavior\ParseTemplateBehavior [ RunTime:0.000798s ]
INFO: [ view_parse ] --END-- [ RunTime:0.000844s ]
INFO: [ view_filter ] --START--
INFO: Run Behavior\WriteHtmlCacheBehavior [ RunTime:0.000820s ]
INFO: [ view_filter ] --END-- [ RunTime:0.000848s ]
INFO: [ app_end ] --START--
INFO: Run Behavior\ShowPageTraceBehavior [ RunTime:0.000937s ]
INFO: [ app_end ] --END-- [ RunTime:0.000969s ]

[ 2018-03-21T10:35:33+08:00 ] ::1 /myCode/poneBack3/home/index/index
INFO: [ app_init ] --START--
INFO: Run Behavior\BuildLiteBehavior [ RunTime:0.000011s ]
INFO: [ app_init ] --END-- [ RunTime:0.000766s ]
INFO: [ app_begin ] --START--
INFO: Run Behavior\ReadHtmlCacheBehavior [ RunTime:0.001563s ]
INFO: [ app_begin ] --END-- [ RunTime:0.001655s ]
INFO: [ view_parse ] --START--
INFO: Run Behavior\ParseTemplateBehavior [ RunTime:0.001241s ]
INFO: [ view_parse ] --END-- [ RunTime:0.001278s ]
INFO: [ view_filter ] --START--
INFO: Run Behavior\WriteHtmlCacheBehavior [ RunTime:0.001021s ]
INFO: [ view_filter ] --END-- [ RunTime:0.001059s ]
INFO: [ app_end ] --START--
INFO: Run Behavior\ShowPageTraceBehavior [ RunTime:0.001469s ]
INFO: [ app_end ] --END-- [ RunTime:0.001512s ]

[ 2018-03-21T10:35:39+08:00 ] ::1 /myCode/poneBack3/home/index/index
INFO: [ app_init ] --START--
INFO: Run Behavior\BuildLiteBehavior [ RunTime:0.000010s ]
INFO: [ app_init ] --END-- [ RunTime:0.000783s ]
INFO: [ app_begin ] --START--
INFO: Run Behavior\ReadHtmlCacheBehavior [ RunTime:0.000740s ]
INFO: [ app_begin ] --END-- [ RunTime:0.000782s ]
INFO: [ view_parse ] --START--
INFO: Run Behavior\ParseTemplateBehavior [ RunTime:0.000825s ]
INFO: [ view_parse ] --END-- [ RunTime:0.000862s ]
INFO: [ view_filter ] --START--
INFO: Run Behavior\WriteHtmlCacheBehavior [ RunTime:0.000793s ]
INFO: [ view_filter ] --END-- [ RunTime:0.000822s ]
INFO: [ app_end ] --START--
INFO: Run Behavior\ShowPageTraceBehavior [ RunTime:0.000923s ]
INFO: [ app_end ] --END-- [ RunTime:0.000954s ]

[ 2018-03-21T10:50:38+08:00 ] ::1 /myCode/poneBack3/home/index/index
INFO: [ app_init ] --START--
INFO: Run Behavior\BuildLiteBehavior [ RunTime:0.000033s ]
INFO: [ app_init ] --END-- [ RunTime:0.001649s ]
NOTIC: [8] Use of undefined constant THINKCMF_CORE_TAGLIBS - assumed 'THINKCMF_CORE_TAGLIBS' E:\xampp\htdocs\myCode\poneBack3\Application\Home\Conf\config.php 第 27 行.
NOTIC: [8] Use of undefined constant SITE_PATH - assumed 'SITE_PATH' E:\xampp\htdocs\myCode\poneBack3\Application\Home\Conf\config.php 第 62 行.
INFO: [ app_begin ] --START--
INFO: Run Behavior\ReadHtmlCacheBehavior [ RunTime:0.005462s ]
INFO: [ app_begin ] --END-- [ RunTime:0.005650s ]
ERR: 模板不存在:./Application/Home/View/simplebootx/Index/index.html
NOTIC: [2] include(): Filename cannot be empty E:\xampp\htdocs\myCode\poneBack3\ThinkPHP\Library\Think\Think.class.php 第 314 行.
NOTIC: [2] include(): Failed opening '' for inclusion (include_path='E:\xampp\php\PEAR') E:\xampp\htdocs\myCode\poneBack3\ThinkPHP\Library\Think\Think.class.php 第 314 行.

[ 2018-03-21T10:50:39+08:00 ] ::1 /myCode/poneBack3/home/index/index
INFO: [ app_init ] --START--
INFO: Run Behavior\BuildLiteBehavior [ RunTime:0.000010s ]
INFO: [ app_init ] --END-- [ RunTime:0.000663s ]
NOTIC: [8] Use of undefined constant THINKCMF_CORE_TAGLIBS - assumed 'THINKCMF_CORE_TAGLIBS' E:\xampp\htdocs\myCode\poneBack3\Application\Home\Conf\config.php 第 27 行.
NOTIC: [8] Use of undefined constant SITE_PATH - assumed 'SITE_PATH' E:\xampp\htdocs\myCode\poneBack3\Application\Home\Conf\config.php 第 62 行.
INFO: [ app_begin ] --START--
INFO: Run Behavior\ReadHtmlCacheBehavior [ RunTime:0.001106s ]
INFO: [ app_begin ] --END-- [ RunTime:0.001144s ]
ERR: 模板不存在:./Application/Home/View/simplebootx/Index/index.html
NOTIC: [2] include(): Filename cannot be empty E:\xampp\htdocs\myCode\poneBack3\ThinkPHP\Library\Think\Think.class.php 第 314 行.
NOTIC: [2] include(): Failed opening '' for inclusion (include_path='E:\xampp\php\PEAR') E:\xampp\htdocs\myCode\poneBack3\ThinkPHP\Library\Think\Think.class.php 第 314 行.

[ 2018-03-21T10:50:46+08:00 ] ::1 /myCode/poneBack3/home/index/index
INFO: [ app_init ] --START--
INFO: Run Behavior\BuildLiteBehavior [ RunTime:0.000009s ]
INFO: [ app_init ] --END-- [ RunTime:0.000610s ]
NOTIC: [8] Use of undefined constant THINKCMF_CORE_TAGLIBS - assumed 'THINKCMF_CORE_TAGLIBS' E:\xampp\htdocs\myCode\poneBack3\Application\Home\Conf\config.php 第 27 行.
NOTIC: [8] Use of undefined constant SITE_PATH - assumed 'SITE_PATH' E:\xampp\htdocs\myCode\poneBack3\Application\Home\Conf\config.php 第 62 行.
INFO: [ app_begin ] --START--
INFO: Run Behavior\ReadHtmlCacheBehavior [ RunTime:0.001153s ]
INFO: [ app_begin ] --END-- [ RunTime:0.001198s ]
ERR: 模板不存在:./Application/Home/View/simplebootx/Index/index.html
NOTIC: [2] include(): Filename cannot be empty E:\xampp\htdocs\myCode\poneBack3\ThinkPHP\Library\Think\Think.class.php 第 314 行.
NOTIC: [2] include(): Failed opening '' for inclusion (include_path='E:\xampp\php\PEAR') E:\xampp\htdocs\myCode\poneBack3\ThinkPHP\Library\Think\Think.class.php 第 314 行.

[ 2018-03-21T10:52:50+08:00 ] ::1 /myCode/poneBack3/home/index/index
INFO: [ app_init ] --START--
INFO: Run Behavior\BuildLiteBehavior [ RunTime:0.000011s ]
INFO: [ app_init ] --END-- [ RunTime:0.000802s ]
NOTIC: [8] Use of undefined constant THINKCMF_CORE_TAGLIBS - assumed 'THINKCMF_CORE_TAGLIBS' E:\xampp\htdocs\myCode\poneBack3\Application\Home\Conf\config.php 第 27 行.
NOTIC: [8] Use of undefined constant SITE_PATH - assumed 'SITE_PATH' E:\xampp\htdocs\myCode\poneBack3\Application\Home\Conf\config.php 第 62 行.
INFO: [ app_begin ] --START--
INFO: Run Behavior\ReadHtmlCacheBehavior [ RunTime:0.001206s ]
INFO: [ app_begin ] --END-- [ RunTime:0.001246s ]
ERR: 模板不存在:./Application/Home/View/simplebootx/Index/index.html
NOTIC: [2] include(): Filename cannot be empty E:\xampp\htdocs\myCode\poneBack3\ThinkPHP\Library\Think\Think.class.php 第 314 行.
NOTIC: [2] include(): Failed opening '' for inclusion (include_path='E:\xampp\php\PEAR') E:\xampp\htdocs\myCode\poneBack3\ThinkPHP\Library\Think\Think.class.php 第 314 行.

[ 2018-03-21T10:53:06+08:00 ] ::1 /myCode/poneBack3/home/index/index
INFO: [ app_init ] --START--
INFO: Run Behavior\BuildLiteBehavior [ RunTime:0.000013s ]
INFO: [ app_init ] --END-- [ RunTime:0.001201s ]
NOTIC: [8] Use of undefined constant THINKCMF_CORE_TAGLIBS - assumed 'THINKCMF_CORE_TAGLIBS' E:\xampp\htdocs\myCode\poneBack3\Application\Home\Conf\config.php 第 27 行.
NOTIC: [8] Use of undefined constant SITE_PATH - assumed 'SITE_PATH' E:\xampp\htdocs\myCode\poneBack3\Application\Home\Conf\config.php 第 62 行.
INFO: [ app_begin ] --START--
INFO: Run Behavior\ReadHtmlCacheBehavior [ RunTime:0.001099s ]
INFO: [ app_begin ] --END-- [ RunTime:0.001139s ]
ERR: 模板不存在:./Application/Home/View/simplebootx/Index/index.html
NOTIC: [2] include(): Filename cannot be empty E:\xampp\htdocs\myCode\poneBack3\ThinkPHP\Library\Think\Think.class.php 第 314 行.
NOTIC: [2] include(): Failed opening '' for inclusion (include_path='E:\xampp\php\PEAR') E:\xampp\htdocs\myCode\poneBack3\ThinkPHP\Library\Think\Think.class.php 第 314 行.

[ 2018-03-21T10:53:28+08:00 ] ::1 /myCode/poneBack3/home/index/index
INFO: [ app_init ] --START--
INFO: Run Behavior\BuildLiteBehavior [ RunTime:0.000009s ]
INFO: [ app_init ] --END-- [ RunTime:0.000584s ]
NOTIC: [8] Use of undefined constant THINKCMF_CORE_TAGLIBS - assumed 'THINKCMF_CORE_TAGLIBS' E:\xampp\htdocs\myCode\poneBack3\Application\Home\Conf\config.php 第 27 行.
NOTIC: [8] Use of undefined constant SITE_PATH - assumed 'SITE_PATH' E:\xampp\htdocs\myCode\poneBack3\Application\Home\Conf\config.php 第 62 行.
INFO: [ app_begin ] --START--
INFO: Run Behavior\ReadHtmlCacheBehavior [ RunTime:0.001791s ]
INFO: [ app_begin ] --END-- [ RunTime:0.001873s ]
INFO: [ view_parse ] --START--
NOTIC: [2] include(): Filename cannot be empty E:\xampp\htdocs\myCode\poneBack3\ThinkPHP\Library\Think\Think.class.php 第 314 行.
NOTIC: [2] include(): Failed opening '' for inclusion (include_path='E:\xampp\php\PEAR') E:\xampp\htdocs\myCode\poneBack3\ThinkPHP\Library\Think\Think.class.php 第 314 行.

[ 2018-03-21T10:53:29+08:00 ] ::1 /myCode/poneBack3/home/index/index
INFO: [ app_init ] --START--
INFO: Run Behavior\BuildLiteBehavior [ RunTime:0.000010s ]
INFO: [ app_init ] --END-- [ RunTime:0.000665s ]
NOTIC: [8] Use of undefined constant THINKCMF_CORE_TAGLIBS - assumed 'THINKCMF_CORE_TAGLIBS' E:\xampp\htdocs\myCode\poneBack3\Application\Home\Conf\config.php 第 27 行.
NOTIC: [8] Use of undefined constant SITE_PATH - assumed 'SITE_PATH' E:\xampp\htdocs\myCode\poneBack3\Application\Home\Conf\config.php 第 62 行.
INFO: [ app_begin ] --START--
INFO: Run Behavior\ReadHtmlCacheBehavior [ RunTime:0.001124s ]
INFO: [ app_begin ] --END-- [ RunTime:0.001164s ]
INFO: [ view_parse ] --START--
NOTIC: [2] include(): Filename cannot be empty E:\xampp\htdocs\myCode\poneBack3\ThinkPHP\Library\Think\Think.class.php 第 314 行.
NOTIC: [2] include(): Failed opening '' for inclusion (include_path='E:\xampp\php\PEAR') E:\xampp\htdocs\myCode\poneBack3\ThinkPHP\Library\Think\Think.class.php 第 314 行.

[ 2018-03-21T10:53:36+08:00 ] ::1 /myCode/poneBack3/home/index/index
INFO: [ app_init ] --START--
INFO: Run Behavior\BuildLiteBehavior [ RunTime:0.000009s ]
INFO: [ app_init ] --END-- [ RunTime:0.000565s ]
NOTIC: [8] Use of undefined constant THINKCMF_CORE_TAGLIBS - assumed 'THINKCMF_CORE_TAGLIBS' E:\xampp\htdocs\myCode\poneBack3\Application\Home\Conf\config.php 第 27 行.
NOTIC: [8] Use of undefined constant SITE_PATH - assumed 'SITE_PATH' E:\xampp\htdocs\myCode\poneBack3\Application\Home\Conf\config.php 第 62 行.
INFO: [ app_begin ] --START--
INFO: Run Behavior\ReadHtmlCacheBehavior [ RunTime:0.001350s ]
INFO: [ app_begin ] --END-- [ RunTime:0.001401s ]
INFO: [ view_parse ] --START--
NOTIC: [2] include(): Filename cannot be empty E:\xampp\htdocs\myCode\poneBack3\ThinkPHP\Library\Think\Think.class.php 第 314 行.
NOTIC: [2] include(): Failed opening '' for inclusion (include_path='E:\xampp\php\PEAR') E:\xampp\htdocs\myCode\poneBack3\ThinkPHP\Library\Think\Think.class.php 第 314 行.

[ 2018-03-21T10:54:04+08:00 ] ::1 /myCode/poneBack3/home/index/index
INFO: [ app_init ] --START--
INFO: Run Behavior\BuildLiteBehavior [ RunTime:0.000010s ]
INFO: [ app_init ] --END-- [ RunTime:0.000755s ]
NOTIC: [8] Use of undefined constant THINKCMF_CORE_TAGLIBS - assumed 'THINKCMF_CORE_TAGLIBS' E:\xampp\htdocs\myCode\poneBack3\Application\Home\Conf\config.php 第 27 行.
NOTIC: [8] Use of undefined constant SITE_PATH - assumed 'SITE_PATH' E:\xampp\htdocs\myCode\poneBack3\Application\Home\Conf\config.php 第 62 行.
INFO: [ app_begin ] --START--
INFO: Run Behavior\ReadHtmlCacheBehavior [ RunTime:0.001079s ]
INFO: [ app_begin ] --END-- [ RunTime:0.001117s ]
INFO: [ app_end ] --START--
INFO: Run Behavior\ShowPageTraceBehavior [ RunTime:0.001209s ]
INFO: [ app_end ] --END-- [ RunTime:0.001271s ]

[ 2018-03-21T10:54:20+08:00 ] ::1 /myCode/poneBack3/home/index/index
INFO: [ app_init ] --START--
INFO: Run Behavior\BuildLiteBehavior [ RunTime:0.000013s ]
INFO: [ app_init ] --END-- [ RunTime:0.000670s ]
NOTIC: [8] Use of undefined constant THINKCMF_CORE_TAGLIBS - assumed 'THINKCMF_CORE_TAGLIBS' E:\xampp\htdocs\myCode\poneBack3\Application\Home\Conf\config.php 第 27 行.
NOTIC: [8] Use of undefined constant SITE_PATH - assumed 'SITE_PATH' E:\xampp\htdocs\myCode\poneBack3\Application\Home\Conf\config.php 第 62 行.
INFO: [ app_begin ] --START--
INFO: Run Behavior\ReadHtmlCacheBehavior [ RunTime:0.001256s ]
INFO: [ app_begin ] --END-- [ RunTime:0.001308s ]
INFO: [ app_end ] --START--
INFO: Run Behavior\ShowPageTraceBehavior [ RunTime:0.001265s ]
INFO: [ app_end ] --END-- [ RunTime:0.001319s ]

[ 2018-03-21T10:54:21+08:00 ] ::1 /myCode/poneBack3/home/index/index
INFO: [ app_init ] --START--
INFO: Run Behavior\BuildLiteBehavior [ RunTime:0.000077s ]
INFO: [ app_init ] --END-- [ RunTime:0.001877s ]
NOTIC: [8] Use of undefined constant THINKCMF_CORE_TAGLIBS - assumed 'THINKCMF_CORE_TAGLIBS' E:\xampp\htdocs\myCode\poneBack3\Application\Home\Conf\config.php 第 27 行.
NOTIC: [8] Use of undefined constant SITE_PATH - assumed 'SITE_PATH' E:\xampp\htdocs\myCode\poneBack3\Application\Home\Conf\config.php 第 62 行.
INFO: [ app_begin ] --START--
INFO: Run Behavior\ReadHtmlCacheBehavior [ RunTime:0.001092s ]
INFO: [ app_begin ] --END-- [ RunTime:0.001131s ]
INFO: [ app_end ] --START--
INFO: Run Behavior\ShowPageTraceBehavior [ RunTime:0.001142s ]
INFO: [ app_end ] --END-- [ RunTime:0.001180s ]

[ 2018-03-21T10:54:28+08:00 ] ::1 /myCode/poneBack3/home/index/index
INFO: [ app_init ] --START--
INFO: Run Behavior\BuildLiteBehavior [ RunTime:0.000020s ]
INFO: [ app_init ] --END-- [ RunTime:0.001078s ]
NOTIC: [8] Use of undefined constant THINKCMF_CORE_TAGLIBS - assumed 'THINKCMF_CORE_TAGLIBS' E:\xampp\htdocs\myCode\poneBack3\Application\Home\Conf\config.php 第 27 行.
NOTIC: [8] Use of undefined constant SITE_PATH - assumed 'SITE_PATH' E:\xampp\htdocs\myCode\poneBack3\Application\Home\Conf\config.php 第 62 行.
INFO: [ app_begin ] --START--
INFO: Run Behavior\ReadHtmlCacheBehavior [ RunTime:0.001541s ]
INFO: [ app_begin ] --END-- [ RunTime:0.001589s ]
INFO: [ app_end ] --START--
INFO: Run Behavior\ShowPageTraceBehavior [ RunTime:0.002386s ]
INFO: [ app_end ] --END-- [ RunTime:0.002514s ]

[ 2018-03-21T10:56:20+08:00 ] ::1 /myCode/poneBack3/home/index/index
INFO: [ app_init ] --START--
INFO: Run Behavior\BuildLiteBehavior [ RunTime:0.000011s ]
INFO: [ app_init ] --END-- [ RunTime:0.000747s ]
INFO: [ app_begin ] --START--
INFO: Run Behavior\ReadHtmlCacheBehavior [ RunTime:0.001248s ]
INFO: [ app_begin ] --END-- [ RunTime:0.001296s ]
INFO: [ app_end ] --START--
INFO: Run Behavior\ShowPageTraceBehavior [ RunTime:0.001129s ]
INFO: [ app_end ] --END-- [ RunTime:0.001169s ]

[ 2018-03-21T10:56:22+08:00 ] ::1 /myCode/poneBack3/home/index/index
INFO: [ app_init ] --START--
INFO: Run Behavior\BuildLiteBehavior [ RunTime:0.000010s ]
INFO: [ app_init ] --END-- [ RunTime:0.000628s ]
INFO: [ app_begin ] --START--
INFO: Run Behavior\ReadHtmlCacheBehavior [ RunTime:0.001077s ]
INFO: [ app_begin ] --END-- [ RunTime:0.001116s ]
INFO: [ app_end ] --START--
INFO: Run Behavior\ShowPageTraceBehavior [ RunTime:0.001164s ]
INFO: [ app_end ] --END-- [ RunTime:0.001202s ]

[ 2018-03-21T10:57:16+08:00 ] ::1 /myCode/poneBack3/home/index/index
INFO: [ app_init ] --START--
INFO: Run Behavior\BuildLiteBehavior [ RunTime:0.000047s ]
INFO: [ app_init ] --END-- [ RunTime:0.001722s ]
INFO: [ app_begin ] --START--
INFO: Run Behavior\ReadHtmlCacheBehavior [ RunTime:0.001161s ]
INFO: [ app_begin ] --END-- [ RunTime:0.001213s ]
INFO: [ app_end ] --START--
INFO: Run Behavior\ShowPageTraceBehavior [ RunTime:0.001137s ]
INFO: [ app_end ] --END-- [ RunTime:0.001177s ]

[ 2018-03-21T10:57:33+08:00 ] ::1 /myCode/poneBack3/home/index/index
INFO: [ app_init ] --START--
INFO: Run Behavior\BuildLiteBehavior [ RunTime:0.000010s ]
INFO: [ app_init ] --END-- [ RunTime:0.000807s ]
INFO: [ app_begin ] --START--
INFO: Run Behavior\ReadHtmlCacheBehavior [ RunTime:0.001458s ]
INFO: [ app_begin ] --END-- [ RunTime:0.001498s ]
INFO: [ view_parse ] --START--
INFO: [ template_filter ] --START--
INFO: Run Behavior\ContentReplaceBehavior [ RunTime:0.000202s ]
INFO: [ template_filter ] --END-- [ RunTime:0.000397s ]
INFO: Run Behavior\ParseTemplateBehavior [ RunTime:0.010637s ]
INFO: [ view_parse ] --END-- [ RunTime:0.010684s ]
INFO: [ view_filter ] --START--
INFO: Run Behavior\WriteHtmlCacheBehavior [ RunTime:0.001347s ]
INFO: [ view_filter ] --END-- [ RunTime:0.001377s ]
INFO: [ app_end ] --START--
INFO: Run Behavior\ShowPageTraceBehavior [ RunTime:0.001491s ]
INFO: [ app_end ] --END-- [ RunTime:0.001523s ]

[ 2018-03-21T11:00:08+08:00 ] ::1 /myCode/poneBack3/home/index/index
INFO: [ app_init ] --START--
INFO: Run Behavior\BuildLiteBehavior [ RunTime:0.000009s ]
INFO: [ app_init ] --END-- [ RunTime:0.000717s ]
INFO: [ app_begin ] --START--
INFO: Run Behavior\ReadHtmlCacheBehavior [ RunTime:0.001172s ]
INFO: [ app_begin ] --END-- [ RunTime:0.001211s ]
INFO: [ view_parse ] --START--
INFO: Run Behavior\ParseTemplateBehavior [ RunTime:0.001568s ]
INFO: [ view_parse ] --END-- [ RunTime:0.001694s ]
INFO: [ view_filter ] --START--
INFO: Run Behavior\WriteHtmlCacheBehavior [ RunTime:0.000928s ]
INFO: [ view_filter ] --END-- [ RunTime:0.000965s ]
ERR: 无法加载数据库驱动: Think\Db\Driver\

[ 2018-03-21T11:55:45+08:00 ] ::1 /myCode/poneBack3/home/index/index
INFO: [ app_init ] --START--
INFO: Run Behavior\BuildLiteBehavior [ RunTime:0.000017s ]
INFO: [ app_init ] --END-- [ RunTime:0.000927s ]
INFO: [ app_begin ] --START--
INFO: Run Behavior\ReadHtmlCacheBehavior [ RunTime:0.001571s ]
INFO: [ app_begin ] --END-- [ RunTime:0.001648s ]
INFO: [ view_parse ] --START--
INFO: Run Behavior\ParseTemplateBehavior [ RunTime:0.003278s ]
INFO: [ view_parse ] --END-- [ RunTime:0.003376s ]
INFO: [ view_filter ] --START--
INFO: Run Behavior\WriteHtmlCacheBehavior [ RunTime:0.001057s ]
INFO: [ view_filter ] --END-- [ RunTime:0.001090s ]
ERR: 无法加载数据库驱动: Think\Db\Driver\

[ 2018-03-21T12:07:28+08:00 ] ::1 /myCode/poneBack3/
INFO: [ app_init ] --START--
INFO: Run Behavior\BuildLiteBehavior [ RunTime:0.000009s ]
INFO: [ app_init ] --END-- [ RunTime:0.000719s ]
INFO: [ app_begin ] --START--
INFO: Run Behavior\ReadHtmlCacheBehavior [ RunTime:0.003371s ]
INFO: [ app_begin ] --END-- [ RunTime:0.003416s ]
INFO: [ view_parse ] --START--
INFO: Run Behavior\ParseTemplateBehavior [ RunTime:0.001130s ]
INFO: [ view_parse ] --END-- [ RunTime:0.001170s ]
INFO: [ view_filter ] --START--
INFO: Run Behavior\WriteHtmlCacheBehavior [ RunTime:0.001381s ]
INFO: [ view_filter ] --END-- [ RunTime:0.001410s ]
INFO: [ app_end ] --START--
INFO: Run Behavior\ShowPageTraceBehavior [ RunTime:0.001461s ]
INFO: [ app_end ] --END-- [ RunTime:0.001490s ]

[ 2018-03-21T12:07:46+08:00 ] ::1 /myCode/poneBack3/
INFO: [ app_init ] --START--
INFO: Run Behavior\BuildLiteBehavior [ RunTime:0.000014s ]
INFO: [ app_init ] --END-- [ RunTime:0.000774s ]
INFO: [ app_begin ] --START--
INFO: Run Behavior\ReadHtmlCacheBehavior [ RunTime:0.001524s ]
INFO: [ app_begin ] --END-- [ RunTime:0.001570s ]
INFO: [ view_parse ] --START--
INFO: Run Behavior\ParseTemplateBehavior [ RunTime:0.001095s ]
INFO: [ view_parse ] --END-- [ RunTime:0.001139s ]
INFO: [ view_filter ] --START--
INFO: Run Behavior\WriteHtmlCacheBehavior [ RunTime:0.001381s ]
INFO: [ view_filter ] --END-- [ RunTime:0.001411s ]
INFO: [ app_end ] --START--
INFO: Run Behavior\ShowPageTraceBehavior [ RunTime:0.001501s ]
INFO: [ app_end ] --END-- [ RunTime:0.001534s ]

[ 2018-03-21T12:13:28+08:00 ] ::1 /myCode/poneBack3/
INFO: [ app_init ] --START--
INFO: Run Behavior\BuildLiteBehavior [ RunTime:0.000010s ]
INFO: [ app_init ] --END-- [ RunTime:0.000934s ]
INFO: [ app_begin ] --START--
INFO: Run Behavior\ReadHtmlCacheBehavior [ RunTime:0.001170s ]
INFO: [ app_begin ] --END-- [ RunTime:0.001207s ]
INFO: [ view_parse ] --START--
INFO: Run Behavior\ParseTemplateBehavior [ RunTime:0.001288s ]
INFO: [ view_parse ] --END-- [ RunTime:0.001329s ]
INFO: [ view_filter ] --START--
INFO: Run Behavior\WriteHtmlCacheBehavior [ RunTime:0.000990s ]
INFO: [ view_filter ] --END-- [ RunTime:0.001021s ]
ERR: 无法加载数据库驱动: Think\Db\Driver\

[ 2018-03-21T12:13:31+08:00 ] ::1 /myCode/poneBack3/
INFO: [ app_init ] --START--
INFO: Run Behavior\BuildLiteBehavior [ RunTime:0.000012s ]
INFO: [ app_init ] --END-- [ RunTime:0.000642s ]
INFO: [ app_begin ] --START--
INFO: Run Behavior\ReadHtmlCacheBehavior [ RunTime:0.001100s ]
INFO: [ app_begin ] --END-- [ RunTime:0.001137s ]
INFO: [ view_parse ] --START--
INFO: Run Behavior\ParseTemplateBehavior [ RunTime:0.001294s ]
INFO: [ view_parse ] --END-- [ RunTime:0.001334s ]
INFO: [ view_filter ] --START--
INFO: Run Behavior\WriteHtmlCacheBehavior [ RunTime:0.000976s ]
INFO: [ view_filter ] --END-- [ RunTime:0.001067s ]
ERR: 无法加载数据库驱动: Think\Db\Driver\

[ 2018-03-21T12:13:32+08:00 ] ::1 /myCode/poneBack3/
INFO: [ app_init ] --START--
INFO: Run Behavior\BuildLiteBehavior [ RunTime:0.000010s ]
INFO: [ app_init ] --END-- [ RunTime:0.000638s ]
INFO: [ app_begin ] --START--
INFO: Run Behavior\ReadHtmlCacheBehavior [ RunTime:0.001088s ]
INFO: [ app_begin ] --END-- [ RunTime:0.001124s ]
INFO: [ view_parse ] --START--
INFO: Run Behavior\ParseTemplateBehavior [ RunTime:0.001276s ]
INFO: [ view_parse ] --END-- [ RunTime:0.001314s ]
INFO: [ view_filter ] --START--
INFO: Run Behavior\WriteHtmlCacheBehavior [ RunTime:0.001606s ]
INFO: [ view_filter ] --END-- [ RunTime:0.001711s ]
ERR: 无法加载数据库驱动: Think\Db\Driver\

[ 2018-03-21T12:13:33+08:00 ] ::1 /myCode/poneBack3/
INFO: [ app_init ] --START--
INFO: Run Behavior\BuildLiteBehavior [ RunTime:0.000010s ]
INFO: [ app_init ] --END-- [ RunTime:0.000636s ]
INFO: [ app_begin ] --START--
INFO: Run Behavior\ReadHtmlCacheBehavior [ RunTime:0.001129s ]
INFO: [ app_begin ] --END-- [ RunTime:0.001165s ]
INFO: [ view_parse ] --START--
INFO: Run Behavior\ParseTemplateBehavior [ RunTime:0.001585s ]
INFO: [ view_parse ] --END-- [ RunTime:0.001637s ]
INFO: [ view_filter ] --START--
INFO: Run Behavior\WriteHtmlCacheBehavior [ RunTime:0.001004s ]
INFO: [ view_filter ] --END-- [ RunTime:0.001032s ]
ERR: 无法加载数据库驱动: Think\Db\Driver\

[ 2018-03-21T12:13:33+08:00 ] ::1 /myCode/poneBack3/
INFO: [ app_init ] --START--
INFO: Run Behavior\BuildLiteBehavior [ RunTime:0.000029s ]
INFO: [ app_init ] --END-- [ RunTime:0.001033s ]
INFO: [ app_begin ] --START--
INFO: Run Behavior\ReadHtmlCacheBehavior [ RunTime:0.001101s ]
INFO: [ app_begin ] --END-- [ RunTime:0.001139s ]
INFO: [ view_parse ] --START--
INFO: Run Behavior\ParseTemplateBehavior [ RunTime:0.001270s ]
INFO: [ view_parse ] --END-- [ RunTime:0.001309s ]
INFO: [ view_filter ] --START--
INFO: Run Behavior\WriteHtmlCacheBehavior [ RunTime:0.000965s ]
INFO: [ view_filter ] --END-- [ RunTime:0.000995s ]
ERR: 无法加载数据库驱动: Think\Db\Driver\

[ 2018-03-21T12:13:33+08:00 ] ::1 /myCode/poneBack3/
INFO: [ app_init ] --START--
INFO: Run Behavior\BuildLiteBehavior [ RunTime:0.000017s ]
INFO: [ app_init ] --END-- [ RunTime:0.001057s ]
INFO: [ app_begin ] --START--
INFO: Run Behavior\ReadHtmlCacheBehavior [ RunTime:0.001133s ]
INFO: [ app_begin ] --END-- [ RunTime:0.001180s ]
INFO: [ view_parse ] --START--
INFO: Run Behavior\ParseTemplateBehavior [ RunTime:0.001277s ]
INFO: [ view_parse ] --END-- [ RunTime:0.001317s ]
INFO: [ view_filter ] --START--
INFO: Run Behavior\WriteHtmlCacheBehavior [ RunTime:0.000972s ]
INFO: [ view_filter ] --END-- [ RunTime:0.000999s ]
ERR: 无法加载数据库驱动: Think\Db\Driver\

[ 2018-03-21T12:13:34+08:00 ] ::1 /myCode/poneBack3/
INFO: [ app_init ] --START--
INFO: Run Behavior\BuildLiteBehavior [ RunTime:0.000009s ]
INFO: [ app_init ] --END-- [ RunTime:0.000576s ]
INFO: [ app_begin ] --START--
INFO: Run Behavior\ReadHtmlCacheBehavior [ RunTime:0.003072s ]
INFO: [ app_begin ] --END-- [ RunTime:0.003142s ]
INFO: [ view_parse ] --START--
INFO: Run Behavior\ParseTemplateBehavior [ RunTime:0.001260s ]
INFO: [ view_parse ] --END-- [ RunTime:0.001301s ]
INFO: [ view_filter ] --START--
INFO: Run Behavior\WriteHtmlCacheBehavior [ RunTime:0.000967s ]
INFO: [ view_filter ] --END-- [ RunTime:0.000995s ]
ERR: 无法加载数据库驱动: Think\Db\Driver\

[ 2018-03-21T12:13:34+08:00 ] ::1 /myCode/poneBack3/
INFO: [ app_init ] --START--
INFO: Run Behavior\BuildLiteBehavior [ RunTime:0.000012s ]
INFO: [ app_init ] --END-- [ RunTime:0.000705s ]
INFO: [ app_begin ] --START--
INFO: Run Behavior\ReadHtmlCacheBehavior [ RunTime:0.001155s ]
INFO: [ app_begin ] --END-- [ RunTime:0.001198s ]
INFO: [ view_parse ] --START--
INFO: Run Behavior\ParseTemplateBehavior [ RunTime:0.001263s ]
INFO: [ view_parse ] --END-- [ RunTime:0.001302s ]
INFO: [ view_filter ] --START--
INFO: Run Behavior\WriteHtmlCacheBehavior [ RunTime:0.000972s ]
INFO: [ view_filter ] --END-- [ RunTime:0.001001s ]
ERR: 无法加载数据库驱动: Think\Db\Driver\

[ 2018-03-21T12:13:34+08:00 ] ::1 /myCode/poneBack3/
INFO: [ app_init ] --START--
INFO: Run Behavior\BuildLiteBehavior [ RunTime:0.000010s ]
INFO: [ app_init ] --END-- [ RunTime:0.000675s ]
INFO: [ app_begin ] --START--
INFO: Run Behavior\ReadHtmlCacheBehavior [ RunTime:0.001145s ]
INFO: [ app_begin ] --END-- [ RunTime:0.001191s ]
INFO: [ view_parse ] --START--
INFO: Run Behavior\ParseTemplateBehavior [ RunTime:0.001264s ]
INFO: [ view_parse ] --END-- [ RunTime:0.001302s ]
INFO: [ view_filter ] --START--
INFO: Run Behavior\WriteHtmlCacheBehavior [ RunTime:0.001039s ]
INFO: [ view_filter ] --END-- [ RunTime:0.001067s ]
ERR: 无法加载数据库驱动: Think\Db\Driver\

[ 2018-03-21T12:15:02+08:00 ] ::1 /myCode/poneBack3/
INFO: [ app_init ] --START--
INFO: Run Behavior\BuildLiteBehavior [ RunTime:0.000012s ]
INFO: [ app_init ] --END-- [ RunTime:0.000751s ]
INFO: [ app_begin ] --START--
INFO: Run Behavior\ReadHtmlCacheBehavior [ RunTime:0.001474s ]
INFO: [ app_begin ] --END-- [ RunTime:0.001511s ]
INFO: [ view_parse ] --START--
INFO: Run Behavior\ParseTemplateBehavior [ RunTime:0.001161s ]
INFO: [ view_parse ] --END-- [ RunTime:0.001204s ]
INFO: [ view_filter ] --START--
INFO: Run Behavior\WriteHtmlCacheBehavior [ RunTime:0.002706s ]
INFO: [ view_filter ] --END-- [ RunTime:0.002807s ]
ERR: 无法加载数据库驱动: Think\Db\Driver\

[ 2018-03-21T12:15:03+08:00 ] ::1 /myCode/poneBack3/
INFO: [ app_init ] --START--
INFO: Run Behavior\BuildLiteBehavior [ RunTime:0.000010s ]
INFO: [ app_init ] --END-- [ RunTime:0.000750s ]
INFO: [ app_begin ] --START--
INFO: Run Behavior\ReadHtmlCacheBehavior [ RunTime:0.001928s ]
INFO: [ app_begin ] --END-- [ RunTime:0.002029s ]
INFO: [ view_parse ] --START--
INFO: Run Behavior\ParseTemplateBehavior [ RunTime:0.001156s ]
INFO: [ view_parse ] --END-- [ RunTime:0.001196s ]
INFO: [ view_filter ] --START--
INFO: Run Behavior\WriteHtmlCacheBehavior [ RunTime:0.001344s ]
INFO: [ view_filter ] --END-- [ RunTime:0.001371s ]
ERR: 无法加载数据库驱动: Think\Db\Driver\

[ 2018-03-21T12:15:03+08:00 ] ::1 /myCode/poneBack3/
INFO: [ app_init ] --START--
INFO: Run Behavior\BuildLiteBehavior [ RunTime:0.000009s ]
INFO: [ app_init ] --END-- [ RunTime:0.000746s ]
INFO: [ app_begin ] --START--
INFO: Run Behavior\ReadHtmlCacheBehavior [ RunTime:0.001444s ]
INFO: [ app_begin ] --END-- [ RunTime:0.001480s ]
INFO: [ view_parse ] --START--
INFO: Run Behavior\ParseTemplateBehavior [ RunTime:0.001150s ]
INFO: [ view_parse ] --END-- [ RunTime:0.001191s ]
INFO: [ view_filter ] --START--
INFO: Run Behavior\WriteHtmlCacheBehavior [ RunTime:0.001350s ]
INFO: [ view_filter ] --END-- [ RunTime:0.001377s ]
ERR: 无法加载数据库驱动: Think\Db\Driver\

[ 2018-03-21T12:15:04+08:00 ] ::1 /myCode/poneBack3/
INFO: [ app_init ] --START--
INFO: Run Behavior\BuildLiteBehavior [ RunTime:0.000012s ]
INFO: [ app_init ] --END-- [ RunTime:0.000894s ]
INFO: [ app_begin ] --START--
INFO: Run Behavior\ReadHtmlCacheBehavior [ RunTime:0.001509s ]
INFO: [ app_begin ] --END-- [ RunTime:0.001547s ]
INFO: [ view_parse ] --START--
INFO: Run Behavior\ParseTemplateBehavior [ RunTime:0.001106s ]
INFO: [ view_parse ] --END-- [ RunTime:0.001151s ]
INFO: [ view_filter ] --START--
INFO: Run Behavior\WriteHtmlCacheBehavior [ RunTime:0.001322s ]
INFO: [ view_filter ] --END-- [ RunTime:0.001350s ]
ERR: 无法加载数据库驱动: Think\Db\Driver\

[ 2018-03-21T12:15:04+08:00 ] ::1 /myCode/poneBack3/
INFO: [ app_init ] --START--
INFO: Run Behavior\BuildLiteBehavior [ RunTime:0.000009s ]
INFO: [ app_init ] --END-- [ RunTime:0.000697s ]
INFO: [ app_begin ] --START--
INFO: Run Behavior\ReadHtmlCacheBehavior [ RunTime:0.002864s ]
INFO: [ app_begin ] --END-- [ RunTime:0.002961s ]
INFO: [ view_parse ] --START--
INFO: Run Behavior\ParseTemplateBehavior [ RunTime:0.001191s ]
INFO: [ view_parse ] --END-- [ RunTime:0.001237s ]
INFO: [ view_filter ] --START--
INFO: Run Behavior\WriteHtmlCacheBehavior [ RunTime:0.001354s ]
INFO: [ view_filter ] --END-- [ RunTime:0.001382s ]
ERR: 无法加载数据库驱动: Think\Db\Driver\

[ 2018-03-21T12:15:04+08:00 ] ::1 /myCode/poneBack3/
INFO: [ app_init ] --START--
INFO: Run Behavior\BuildLiteBehavior [ RunTime:0.000009s ]
INFO: [ app_init ] --END-- [ RunTime:0.000758s ]
INFO: [ app_begin ] --START--
INFO: Run Behavior\ReadHtmlCacheBehavior [ RunTime:0.003175s ]
INFO: [ app_begin ] --END-- [ RunTime:0.003220s ]
INFO: [ view_parse ] --START--
INFO: Run Behavior\ParseTemplateBehavior [ RunTime:0.001116s ]
INFO: [ view_parse ] --END-- [ RunTime:0.001161s ]
INFO: [ view_filter ] --START--
INFO: Run Behavior\WriteHtmlCacheBehavior [ RunTime:0.001388s ]
INFO: [ view_filter ] --END-- [ RunTime:0.001415s ]
ERR: 无法加载数据库驱动: Think\Db\Driver\

[ 2018-03-21T12:15:04+08:00 ] ::1 /myCode/poneBack3/
INFO: [ app_init ] --START--
INFO: Run Behavior\BuildLiteBehavior [ RunTime:0.000115s ]
INFO: [ app_init ] --END-- [ RunTime:0.001818s ]
INFO: [ app_begin ] --START--
INFO: Run Behavior\ReadHtmlCacheBehavior [ RunTime:0.001493s ]
INFO: [ app_begin ] --END-- [ RunTime:0.001545s ]
INFO: [ view_parse ] --START--
INFO: Run Behavior\ParseTemplateBehavior [ RunTime:0.001113s ]
INFO: [ view_parse ] --END-- [ RunTime:0.001152s ]
INFO: [ view_filter ] --START--
INFO: Run Behavior\WriteHtmlCacheBehavior [ RunTime:0.001346s ]
INFO: [ view_filter ] --END-- [ RunTime:0.001374s ]
ERR: 无法加载数据库驱动: Think\Db\Driver\

[ 2018-03-21T12:15:04+08:00 ] ::1 /myCode/poneBack3/
INFO: [ app_init ] --START--
INFO: Run Behavior\BuildLiteBehavior [ RunTime:0.000009s ]
INFO: [ app_init ] --END-- [ RunTime:0.000725s ]
INFO: [ app_begin ] --START--
INFO: Run Behavior\ReadHtmlCacheBehavior [ RunTime:0.001486s ]
INFO: [ app_begin ] --END-- [ RunTime:0.001524s ]
INFO: [ view_parse ] --START--
INFO: Run Behavior\ParseTemplateBehavior [ RunTime:0.001180s ]
INFO: [ view_parse ] --END-- [ RunTime:0.001260s ]
INFO: [ view_filter ] --START--
INFO: Run Behavior\WriteHtmlCacheBehavior [ RunTime:0.001342s ]
INFO: [ view_filter ] --END-- [ RunTime:0.001390s ]
ERR: 无法加载数据库驱动: Think\Db\Driver\

[ 2018-03-21T12:15:05+08:00 ] ::1 /myCode/poneBack3/
INFO: [ app_init ] --START--
INFO: Run Behavior\BuildLiteBehavior [ RunTime:0.000016s ]
INFO: [ app_init ] --END-- [ RunTime:0.000718s ]
INFO: [ app_begin ] --START--
INFO: Run Behavior\ReadHtmlCacheBehavior [ RunTime:0.001815s ]
INFO: [ app_begin ] --END-- [ RunTime:0.001916s ]
INFO: [ view_parse ] --START--
INFO: Run Behavior\ParseTemplateBehavior [ RunTime:0.001141s ]
INFO: [ view_parse ] --END-- [ RunTime:0.001187s ]
INFO: [ view_filter ] --START--
INFO: Run Behavior\WriteHtmlCacheBehavior [ RunTime:0.001356s ]
INFO: [ view_filter ] --END-- [ RunTime:0.001384s ]
ERR: 无法加载数据库驱动: Think\Db\Driver\

[ 2018-03-21T12:16:30+08:00 ] ::1 /myCode/poneBack3/
INFO: [ app_init ] --START--
INFO: Run Behavior\BuildLiteBehavior [ RunTime:0.000013s ]
INFO: [ app_init ] --END-- [ RunTime:0.000975s ]
INFO: [ app_begin ] --START--
INFO: Run Behavior\ReadHtmlCacheBehavior [ RunTime:0.001297s ]
INFO: [ app_begin ] --END-- [ RunTime:0.001339s ]
INFO: [ view_parse ] --START--
INFO: Run Behavior\ParseTemplateBehavior [ RunTime:0.001280s ]
INFO: [ view_parse ] --END-- [ RunTime:0.001319s ]
INFO: [ view_filter ] --START--
INFO: Run Behavior\WriteHtmlCacheBehavior [ RunTime:0.001019s ]
INFO: [ view_filter ] --END-- [ RunTime:0.001047s ]
SQL: SHOW COLUMNS FROM `user` [ RunTime:0.0085s ]
SQL: SELECT * FROM `user`  [ RunTime:0.0005s ]
INFO: [ app_end ] --START--
INFO: Run Behavior\ShowPageTraceBehavior [ RunTime:0.001297s ]
INFO: [ app_end ] --END-- [ RunTime:0.001335s ]

[ 2018-03-21T12:16:39+08:00 ] ::1 /myCode/poneBack3/
INFO: [ app_init ] --START--
INFO: Run Behavior\BuildLiteBehavior [ RunTime:0.000009s ]
INFO: [ app_init ] --END-- [ RunTime:0.000713s ]
INFO: [ app_begin ] --START--
INFO: Run Behavior\ReadHtmlCacheBehavior [ RunTime:0.001434s ]
INFO: [ app_begin ] --END-- [ RunTime:0.001475s ]
INFO: [ view_parse ] --START--
INFO: Run Behavior\ParseTemplateBehavior [ RunTime:0.001122s ]
INFO: [ view_parse ] --END-- [ RunTime:0.001166s ]
INFO: [ view_filter ] --START--
INFO: Run Behavior\WriteHtmlCacheBehavior [ RunTime:0.001344s ]
INFO: [ view_filter ] --END-- [ RunTime:0.001372s ]
SQL: SHOW COLUMNS FROM `user` [ RunTime:0.0282s ]
SQL: SELECT * FROM `user`  [ RunTime:0.0003s ]
INFO: [ app_end ] --START--
INFO: Run Behavior\ShowPageTraceBehavior [ RunTime:0.001600s ]
INFO: [ app_end ] --END-- [ RunTime:0.001632s ]

[ 2018-03-21T12:17:48+08:00 ] ::1 /myCode/poneBack3/
INFO: [ app_init ] --START--
INFO: Run Behavior\BuildLiteBehavior [ RunTime:0.000009s ]
INFO: [ app_init ] --END-- [ RunTime:0.000626s ]
INFO: [ app_begin ] --START--
INFO: Run Behavior\ReadHtmlCacheBehavior [ RunTime:0.001147s ]
INFO: [ app_begin ] --END-- [ RunTime:0.001197s ]
INFO: [ view_parse ] --START--
INFO: Run Behavior\ParseTemplateBehavior [ RunTime:0.001270s ]
INFO: [ view_parse ] --END-- [ RunTime:0.001313s ]
INFO: [ view_filter ] --START--
INFO: Run Behavior\WriteHtmlCacheBehavior [ RunTime:0.000987s ]
INFO: [ view_filter ] --END-- [ RunTime:0.001015s ]
SQL: SHOW COLUMNS FROM `user` [ RunTime:0.0078s ]
SQL: SELECT * FROM `user`  [ RunTime:0.0004s ]
INFO: [ app_end ] --START--
INFO: Run Behavior\ShowPageTraceBehavior [ RunTime:0.001226s ]
INFO: [ app_end ] --END-- [ RunTime:0.001260s ]

[ 2018-03-21T12:17:49+08:00 ] ::1 /myCode/poneBack3/
INFO: [ app_init ] --START--
INFO: Run Behavior\BuildLiteBehavior [ RunTime:0.000010s ]
INFO: [ app_init ] --END-- [ RunTime:0.000757s ]
INFO: [ app_begin ] --START--
INFO: Run Behavior\ReadHtmlCacheBehavior [ RunTime:0.001105s ]
INFO: [ app_begin ] --END-- [ RunTime:0.001145s ]
INFO: [ view_parse ] --START--
INFO: Run Behavior\ParseTemplateBehavior [ RunTime:0.001245s ]
INFO: [ view_parse ] --END-- [ RunTime:0.001291s ]
INFO: [ view_filter ] --START--
INFO: Run Behavior\WriteHtmlCacheBehavior [ RunTime:0.001067s ]
INFO: [ view_filter ] --END-- [ RunTime:0.001097s ]
SQL: SHOW COLUMNS FROM `user` [ RunTime:0.0076s ]
SQL: SELECT * FROM `user`  [ RunTime:0.0003s ]
INFO: [ app_end ] --START--
INFO: Run Behavior\ShowPageTraceBehavior [ RunTime:0.001201s ]
INFO: [ app_end ] --END-- [ RunTime:0.001234s ]

[ 2018-03-21T12:17:49+08:00 ] ::1 /myCode/poneBack3/
INFO: [ app_init ] --START--
INFO: Run Behavior\BuildLiteBehavior [ RunTime:0.000009s ]
INFO: [ app_init ] --END-- [ RunTime:0.000598s ]
INFO: [ app_begin ] --START--
INFO: Run Behavior\ReadHtmlCacheBehavior [ RunTime:0.001073s ]
INFO: [ app_begin ] --END-- [ RunTime:0.001112s ]
INFO: [ view_parse ] --START--
INFO: Run Behavior\ParseTemplateBehavior [ RunTime:0.001325s ]
INFO: [ view_parse ] --END-- [ RunTime:0.001370s ]
INFO: [ view_filter ] --START--
INFO: Run Behavior\WriteHtmlCacheBehavior [ RunTime:0.000983s ]
INFO: [ view_filter ] --END-- [ RunTime:0.001011s ]
SQL: SHOW COLUMNS FROM `user` [ RunTime:0.0069s ]
SQL: SELECT * FROM `user`  [ RunTime:0.0002s ]
INFO: [ app_end ] --START--
INFO: Run Behavior\ShowPageTraceBehavior [ RunTime:0.001144s ]
INFO: [ app_end ] --END-- [ RunTime:0.001181s ]

[ 2018-03-21T12:17:50+08:00 ] ::1 /myCode/poneBack3/
INFO: [ app_init ] --START--
INFO: Run Behavior\BuildLiteBehavior [ RunTime:0.000009s ]
INFO: [ app_init ] --END-- [ RunTime:0.000617s ]
INFO: [ app_begin ] --START--
INFO: Run Behavior\ReadHtmlCacheBehavior [ RunTime:0.001083s ]
INFO: [ app_begin ] --END-- [ RunTime:0.001133s ]
INFO: [ view_parse ] --START--
INFO: Run Behavior\ParseTemplateBehavior [ RunTime:0.001257s ]
INFO: [ view_parse ] --END-- [ RunTime:0.001296s ]
INFO: [ view_filter ] --START--
INFO: Run Behavior\WriteHtmlCacheBehavior [ RunTime:0.000977s ]
INFO: [ view_filter ] --END-- [ RunTime:0.001005s ]
SQL: SHOW COLUMNS FROM `user` [ RunTime:0.0081s ]
SQL: SELECT * FROM `user`  [ RunTime:0.0003s ]
INFO: [ app_end ] --START--
INFO: Run Behavior\ShowPageTraceBehavior [ RunTime:0.001212s ]
INFO: [ app_end ] --END-- [ RunTime:0.001247s ]

[ 2018-03-21T12:17:50+08:00 ] ::1 /myCode/poneBack3/
INFO: [ app_init ] --START--
INFO: Run Behavior\BuildLiteBehavior [ RunTime:0.000010s ]
INFO: [ app_init ] --END-- [ RunTime:0.000648s ]
INFO: [ app_begin ] --START--
INFO: Run Behavior\ReadHtmlCacheBehavior [ RunTime:0.001120s ]
INFO: [ app_begin ] --END-- [ RunTime:0.001167s ]
INFO: [ view_parse ] --START--
INFO: Run Behavior\ParseTemplateBehavior [ RunTime:0.001254s ]
INFO: [ view_parse ] --END-- [ RunTime:0.001292s ]
INFO: [ view_filter ] --START--
INFO: Run Behavior\WriteHtmlCacheBehavior [ RunTime:0.000972s ]
INFO: [ view_filter ] --END-- [ RunTime:0.001001s ]
SQL: SHOW COLUMNS FROM `user` [ RunTime:0.0121s ]
SQL: SELECT * FROM `user`  [ RunTime:0.0003s ]
INFO: [ app_end ] --START--
INFO: Run Behavior\ShowPageTraceBehavior [ RunTime:0.001654s ]
INFO: [ app_end ] --END-- [ RunTime:0.001703s ]

[ 2018-03-21T12:17:50+08:00 ] ::1 /myCode/poneBack3/
INFO: [ app_init ] --START--
INFO: Run Behavior\BuildLiteBehavior [ RunTime:0.000010s ]
INFO: [ app_init ] --END-- [ RunTime:0.000615s ]
INFO: [ app_begin ] --START--
INFO: Run Behavior\ReadHtmlCacheBehavior [ RunTime:0.001240s ]
INFO: [ app_begin ] --END-- [ RunTime:0.001295s ]
INFO: [ view_parse ] --START--
INFO: Run Behavior\ParseTemplateBehavior [ RunTime:0.001250s ]
INFO: [ view_parse ] --END-- [ RunTime:0.001289s ]
INFO: [ view_filter ] --START--
INFO: Run Behavior\WriteHtmlCacheBehavior [ RunTime:0.000951s ]
INFO: [ view_filter ] --END-- [ RunTime:0.000979s ]
SQL: SHOW COLUMNS FROM `user` [ RunTime:0.0087s ]
SQL: SELECT * FROM `user`  [ RunTime:0.0003s ]
INFO: [ app_end ] --START--
INFO: Run Behavior\ShowPageTraceBehavior [ RunTime:0.001217s ]
INFO: [ app_end ] --END-- [ RunTime:0.001250s ]

[ 2018-03-21T12:17:50+08:00 ] ::1 /myCode/poneBack3/
INFO: [ app_init ] --START--
INFO: Run Behavior\BuildLiteBehavior [ RunTime:0.000009s ]
INFO: [ app_init ] --END-- [ RunTime:0.000605s ]
INFO: [ app_begin ] --START--
INFO: Run Behavior\ReadHtmlCacheBehavior [ RunTime:0.001061s ]
INFO: [ app_begin ] --END-- [ RunTime:0.001102s ]
INFO: [ view_parse ] --START--
INFO: Run Behavior\ParseTemplateBehavior [ RunTime:0.001251s ]
INFO: [ view_parse ] --END-- [ RunTime:0.001290s ]
INFO: [ view_filter ] --START--
INFO: Run Behavior\WriteHtmlCacheBehavior [ RunTime:0.001032s ]
INFO: [ view_filter ] --END-- [ RunTime:0.001060s ]
SQL: SHOW COLUMNS FROM `user` [ RunTime:0.0076s ]
SQL: SELECT * FROM `user`  [ RunTime:0.0003s ]
INFO: [ app_end ] --START--
INFO: Run Behavior\ShowPageTraceBehavior [ RunTime:0.001179s ]
INFO: [ app_end ] --END-- [ RunTime:0.001212s ]

[ 2018-03-21T12:20:56+08:00 ] ::1 /myCode/poneBack3/
INFO: [ app_init ] --START--
INFO: Run Behavior\BuildLiteBehavior [ RunTime:0.000011s ]
INFO: [ app_init ] --END-- [ RunTime:0.000751s ]
INFO: [ app_begin ] --START--
INFO: Run Behavior\ReadHtmlCacheBehavior [ RunTime:0.001516s ]
INFO: [ app_begin ] --END-- [ RunTime:0.001571s ]
INFO: [ view_parse ] --START--
INFO: Run Behavior\ParseTemplateBehavior [ RunTime:0.001111s ]
INFO: [ view_parse ] --END-- [ RunTime:0.001150s ]
INFO: [ view_filter ] --START--
INFO: Run Behavior\WriteHtmlCacheBehavior [ RunTime:0.001322s ]
INFO: [ view_filter ] --END-- [ RunTime:0.001349s ]
SQL: SHOW COLUMNS FROM `user` [ RunTime:0.0080s ]
SQL: SELECT * FROM `user`  [ RunTime:0.0003s ]
INFO: [ app_end ] --START--
INFO: Run Behavior\ShowPageTraceBehavior [ RunTime:0.001520s ]
INFO: [ app_end ] --END-- [ RunTime:0.001555s ]

[ 2018-03-21T12:22:13+08:00 ] ::1 /myCode/poneBack3/
INFO: [ app_init ] --START--
INFO: Run Behavior\BuildLiteBehavior [ RunTime:0.000010s ]
INFO: [ app_init ] --END-- [ RunTime:0.001159s ]
INFO: [ app_begin ] --START--
INFO: Run Behavior\ReadHtmlCacheBehavior [ RunTime:0.001658s ]
INFO: [ app_begin ] --END-- [ RunTime:0.001702s ]
INFO: [ view_parse ] --START--
INFO: [ template_filter ] --START--
INFO: Run Behavior\ContentReplaceBehavior [ RunTime:0.000044s ]
INFO: [ template_filter ] --END-- [ RunTime:0.000086s ]
INFO: Run Behavior\ParseTemplateBehavior [ RunTime:0.010370s ]
INFO: [ view_parse ] --END-- [ RunTime:0.010416s ]
INFO: [ view_filter ] --START--
INFO: Run Behavior\WriteHtmlCacheBehavior [ RunTime:0.001375s ]
INFO: [ view_filter ] --END-- [ RunTime:0.001403s ]
INFO: [ app_end ] --START--
INFO: Run Behavior\ShowPageTraceBehavior [ RunTime:0.001522s ]
INFO: [ app_end ] --END-- [ RunTime:0.001554s ]

