[ 2018-06-04T13:42:14+08:00 ] ::1 /myCode/poneBack/admin/index/index
INFO: [ app_init ] --START--
INFO: Run Behavior\BuildLiteBehavior [ RunTime:0.000047s ]
INFO: [ app_init ] --END-- [ RunTime:0.009826s ]
INFO: [ app_begin ] --START--
INFO: Run Behavior\ReadHtmlCacheBehavior [ RunTime:0.002735s ]
INFO: [ app_begin ] --END-- [ RunTime:0.002877s ]
SQL: SHOW COLUMNS FROM `nav` [ RunTime:0.0626s ]
SQL: SELECT * FROM `nav` WHERE `parent` = 0  [ RunTime:0.0115s ]
SQL: SELECT * FROM `nav` WHERE `parent` = 1  [ RunTime:0.0008s ]
SQL: SELECT * FROM `nav` WHERE `parent` = 2  [ RunTime:0.0006s ]
INFO: [ view_parse ] --START--
INFO: [ template_filter ] --START--
INFO: Run Behavior\ContentReplaceBehavior [ RunTime:0.001867s ]
INFO: [ template_filter ] --END-- [ RunTime:0.001944s ]
NOTIC: [8] Undefined variable: nav1 E:\xampp\htdocs\myCode\poneBack\Runtime\Cache\Admin\91413ac82983badb5961b80789771f03.php 第 367 行.
NOTIC: [8] Undefined variable: nav1 E:\xampp\htdocs\myCode\poneBack\Runtime\Cache\Admin\91413ac82983badb5961b80789771f03.php 第 367 行.
INFO: Run Behavior\ParseTemplateBehavior [ RunTime:0.046465s ]
INFO: [ view_parse ] --END-- [ RunTime:0.046624s ]
INFO: [ view_filter ] --START--
INFO: Run Behavior\WriteHtmlCacheBehavior [ RunTime:0.006613s ]
INFO: [ view_filter ] --END-- [ RunTime:0.006647s ]
INFO: [ app_end ] --START--
INFO: Run Behavior\ShowPageTraceBehavior [ RunTime:0.004251s ]
INFO: [ app_end ] --END-- [ RunTime:0.004292s ]

[ 2018-06-04T13:43:03+08:00 ] 192.168.1.113 /myCode/poneBack/admin/index/index
INFO: [ app_init ] --START--
INFO: Run Behavior\BuildLiteBehavior [ RunTime:0.000014s ]
INFO: [ app_init ] --END-- [ RunTime:0.000727s ]
INFO: [ app_begin ] --START--
INFO: Run Behavior\ReadHtmlCacheBehavior [ RunTime:0.000951s ]
INFO: [ app_begin ] --END-- [ RunTime:0.001009s ]
SQL: SHOW COLUMNS FROM `nav` [ RunTime:0.0039s ]
SQL: SELECT * FROM `nav` WHERE `parent` = 0  [ RunTime:0.0003s ]
SQL: SELECT * FROM `nav` WHERE `parent` = 1  [ RunTime:0.0003s ]
SQL: SELECT * FROM `nav` WHERE `parent` = 2  [ RunTime:0.0002s ]
INFO: [ view_parse ] --START--
INFO: [ template_filter ] --START--
INFO: Run Behavior\ContentReplaceBehavior [ RunTime:0.000080s ]
INFO: [ template_filter ] --END-- [ RunTime:0.000113s ]
NOTIC: [8] Undefined variable: nav1 E:\xampp\htdocs\myCode\poneBack\Runtime\Cache\Admin\91413ac82983badb5961b80789771f03.php 第 367 行.
NOTIC: [8] Undefined variable: nav1 E:\xampp\htdocs\myCode\poneBack\Runtime\Cache\Admin\91413ac82983badb5961b80789771f03.php 第 367 行.
INFO: Run Behavior\ParseTemplateBehavior [ RunTime:0.008900s ]
INFO: [ view_parse ] --END-- [ RunTime:0.008945s ]
INFO: [ view_filter ] --START--
INFO: Run Behavior\WriteHtmlCacheBehavior [ RunTime:0.000474s ]
INFO: [ view_filter ] --END-- [ RunTime:0.000500s ]
INFO: [ app_end ] --START--
INFO: Run Behavior\ShowPageTraceBehavior [ RunTime:0.000637s ]
INFO: [ app_end ] --END-- [ RunTime:0.000669s ]

