[ 2018-04-04T09:15:49+08:00 ] ::1 /myCode/poneBack/admin/index/index
INFO: [ app_init ] --START--
INFO: Run Behavior\BuildLiteBehavior [ RunTime:0.000016s ]
INFO: [ app_init ] --END-- [ RunTime:0.012658s ]
INFO: [ app_begin ] --START--
INFO: Run Behavior\ReadHtmlCacheBehavior [ RunTime:0.011759s ]
INFO: [ app_begin ] --END-- [ RunTime:0.011835s ]
INFO: [ view_parse ] --START--
INFO: [ template_filter ] --START--
INFO: Run Behavior\ContentReplaceBehavior [ RunTime:0.001474s ]
INFO: [ template_filter ] --END-- [ RunTime:0.001521s ]
NOTIC: [8] Undefined variable: message E:\xampp\htdocs\myCode\poneBack\Runtime\Cache\Admin\b5097f7e5c02a371951016f8209663ce.php 第 93 行.
INFO: Run Behavior\ParseTemplateBehavior [ RunTime:0.052819s ]
INFO: [ view_parse ] --END-- [ RunTime:0.052865s ]
INFO: [ view_filter ] --START--
INFO: Run Behavior\WriteHtmlCacheBehavior [ RunTime:0.011070s ]
INFO: [ view_filter ] --END-- [ RunTime:0.011110s ]
INFO: [ app_end ] --START--
INFO: Run Behavior\ShowPageTraceBehavior [ RunTime:0.004568s ]
INFO: [ app_end ] --END-- [ RunTime:0.004621s ]

[ 2018-04-04T09:15:50+08:00 ] ::1 /myCode/poneBack/admin/assets/js/jquery-2.0.3.min.js
INFO: [ app_init ] --START--
INFO: Run Behavior\BuildLiteBehavior [ RunTime:0.000020s ]
INFO: [ app_init ] --END-- [ RunTime:0.000703s ]
INFO: [ app_begin ] --START--
INFO: Run Behavior\ReadHtmlCacheBehavior [ RunTime:0.001143s ]
INFO: [ app_begin ] --END-- [ RunTime:0.001186s ]
ERR: 无法加载控制器:Assets

