[ 2018-07-04T10:29:35+08:00 ] ::1 /myCode/poneBack/admin/index/index
INFO: [ app_init ] --START--
INFO: Run Behavior\BuildLiteBehavior [ RunTime:0.000010s ]
INFO: [ app_init ] --END-- [ RunTime:0.000456s ]
INFO: [ app_begin ] --START--
INFO: Run Behavior\ReadHtmlCacheBehavior [ RunTime:0.032638s ]
INFO: [ app_begin ] --END-- [ RunTime:0.032830s ]
SQL: SHOW COLUMNS FROM `nav` [ RunTime:0.0783s ]
SQL: SELECT * FROM `nav` WHERE `parent` = 0  [ RunTime:0.0178s ]
SQL: SELECT * FROM `nav` WHERE `parent` = 1  [ RunTime:0.0010s ]
SQL: SELECT * FROM `nav` WHERE `parent` = 2  [ RunTime:0.0009s ]
INFO: [ view_parse ] --START--
INFO: [ template_filter ] --START--
INFO: Run Behavior\ContentReplaceBehavior [ RunTime:0.003221s ]
INFO: [ template_filter ] --END-- [ RunTime:0.003286s ]
NOTIC: [8] Use of undefined constant name - assumed 'name' E:\xampp\htdocs\myCode\poneBack\Runtime\Cache\Admin\91413ac82983badb5961b80789771f03.php 第 367 行.
NOTIC: [8] Undefined variable: name E:\xampp\htdocs\myCode\poneBack\Runtime\Cache\Admin\91413ac82983badb5961b80789771f03.php 第 367 行.
NOTIC: [8] Use of undefined constant name - assumed 'name' E:\xampp\htdocs\myCode\poneBack\Runtime\Cache\Admin\91413ac82983badb5961b80789771f03.php 第 367 行.
NOTIC: [8] Undefined variable: name E:\xampp\htdocs\myCode\poneBack\Runtime\Cache\Admin\91413ac82983badb5961b80789771f03.php 第 367 行.
INFO: Run Behavior\ParseTemplateBehavior [ RunTime:0.052326s ]
INFO: [ view_parse ] --END-- [ RunTime:0.052474s ]
INFO: [ view_filter ] --START--
INFO: Run Behavior\WriteHtmlCacheBehavior [ RunTime:0.002112s ]
INFO: [ view_filter ] --END-- [ RunTime:0.002162s ]
INFO: [ app_end ] --START--
INFO: Run Behavior\ShowPageTraceBehavior [ RunTime:0.001636s ]
INFO: [ app_end ] --END-- [ RunTime:0.001700s ]

[ 2018-07-04T10:29:57+08:00 ] ::1 /myCode/poneBack/index.php/Admin/person/add.html
INFO: [ app_init ] --START--
INFO: Run Behavior\BuildLiteBehavior [ RunTime:0.000009s ]
INFO: [ app_init ] --END-- [ RunTime:0.000478s ]
INFO: [ app_begin ] --START--
INFO: Run Behavior\ReadHtmlCacheBehavior [ RunTime:0.000575s ]
INFO: [ app_begin ] --END-- [ RunTime:0.000643s ]
NOTIC: [2048] Declaration of Admin\Controller\PersonController::show() should be compatible with Think\Controller::show($content, $charset = '', $contentType = '', $prefix = '') E:\xampp\htdocs\myCode\poneBack\Application\Admin\Controller\PersonController.class.php 第 40 行.
INFO: [ view_parse ] --START--
INFO: [ template_filter ] --START--
INFO: Run Behavior\ContentReplaceBehavior [ RunTime:0.000764s ]
INFO: [ template_filter ] --END-- [ RunTime:0.000838s ]
NOTIC: [8] Use of undefined constant name - assumed 'name' E:\xampp\htdocs\myCode\poneBack\Runtime\Cache\Admin\4736d8ade4296904c445fa52469a5771.php 第 367 行.
NOTIC: [8] Use of undefined constant name - assumed 'name' E:\xampp\htdocs\myCode\poneBack\Runtime\Cache\Admin\4736d8ade4296904c445fa52469a5771.php 第 367 行.
INFO: Run Behavior\ParseTemplateBehavior [ RunTime:0.087403s ]
INFO: [ view_parse ] --END-- [ RunTime:0.087718s ]
INFO: [ view_filter ] --START--
INFO: Run Behavior\WriteHtmlCacheBehavior [ RunTime:0.000466s ]
INFO: [ view_filter ] --END-- [ RunTime:0.000498s ]
INFO: [ app_end ] --START--
INFO: Run Behavior\ShowPageTraceBehavior [ RunTime:0.000586s ]
INFO: [ app_end ] --END-- [ RunTime:0.000622s ]

[ 2018-07-04T10:29:59+08:00 ] ::1 /myCode/poneBack/index.php/Admin/person/show.html
INFO: [ app_init ] --START--
INFO: Run Behavior\BuildLiteBehavior [ RunTime:0.000009s ]
INFO: [ app_init ] --END-- [ RunTime:0.000473s ]
INFO: [ app_begin ] --START--
INFO: Run Behavior\ReadHtmlCacheBehavior [ RunTime:0.000519s ]
INFO: [ app_begin ] --END-- [ RunTime:0.000557s ]
NOTIC: [2048] Declaration of Admin\Controller\PersonController::show() should be compatible with Think\Controller::show($content, $charset = '', $contentType = '', $prefix = '') E:\xampp\htdocs\myCode\poneBack\Application\Admin\Controller\PersonController.class.php 第 40 行.
INFO: [ view_parse ] --START--
INFO: [ template_filter ] --START--
INFO: Run Behavior\ContentReplaceBehavior [ RunTime:0.000303s ]
INFO: [ template_filter ] --END-- [ RunTime:0.000355s ]
NOTIC: [8] Use of undefined constant name - assumed 'name' E:\xampp\htdocs\myCode\poneBack\Runtime\Cache\Admin\4c171811e83291070d7db75cfe88aff0.php 第 367 行.
NOTIC: [8] Use of undefined constant name - assumed 'name' E:\xampp\htdocs\myCode\poneBack\Runtime\Cache\Admin\4c171811e83291070d7db75cfe88aff0.php 第 367 行.
NOTIC: [8] Undefined variable: person E:\xampp\htdocs\myCode\poneBack\Runtime\Cache\Admin\4c171811e83291070d7db75cfe88aff0.php 第 485 行.
INFO: Run Behavior\ParseTemplateBehavior [ RunTime:0.237376s ]
INFO: [ view_parse ] --END-- [ RunTime:0.237469s ]
INFO: [ view_filter ] --START--
INFO: Run Behavior\WriteHtmlCacheBehavior [ RunTime:0.000508s ]
INFO: [ view_filter ] --END-- [ RunTime:0.000545s ]
INFO: [ app_end ] --START--
INFO: Run Behavior\ShowPageTraceBehavior [ RunTime:0.000790s ]
INFO: [ app_end ] --END-- [ RunTime:0.000829s ]

[ 2018-07-04T10:30:02+08:00 ] ::1 /myCode/poneBack/index.php/Admin/person/add.html
INFO: [ app_init ] --START--
INFO: Run Behavior\BuildLiteBehavior [ RunTime:0.000011s ]
INFO: [ app_init ] --END-- [ RunTime:0.000628s ]
INFO: [ app_begin ] --START--
INFO: Run Behavior\ReadHtmlCacheBehavior [ RunTime:0.000604s ]
INFO: [ app_begin ] --END-- [ RunTime:0.000650s ]
NOTIC: [2048] Declaration of Admin\Controller\PersonController::show() should be compatible with Think\Controller::show($content, $charset = '', $contentType = '', $prefix = '') E:\xampp\htdocs\myCode\poneBack\Application\Admin\Controller\PersonController.class.php 第 40 行.
INFO: [ view_parse ] --START--
INFO: [ template_filter ] --START--
INFO: Run Behavior\ContentReplaceBehavior [ RunTime:0.000495s ]
INFO: [ template_filter ] --END-- [ RunTime:0.000651s ]
NOTIC: [8] Use of undefined constant name - assumed 'name' E:\xampp\htdocs\myCode\poneBack\Runtime\Cache\Admin\4736d8ade4296904c445fa52469a5771.php 第 367 行.
NOTIC: [8] Use of undefined constant name - assumed 'name' E:\xampp\htdocs\myCode\poneBack\Runtime\Cache\Admin\4736d8ade4296904c445fa52469a5771.php 第 367 行.
INFO: Run Behavior\ParseTemplateBehavior [ RunTime:0.026764s ]
INFO: [ view_parse ] --END-- [ RunTime:0.026809s ]
INFO: [ view_filter ] --START--
INFO: Run Behavior\WriteHtmlCacheBehavior [ RunTime:0.000466s ]
INFO: [ view_filter ] --END-- [ RunTime:0.000496s ]
INFO: [ app_end ] --START--
INFO: Run Behavior\ShowPageTraceBehavior [ RunTime:0.000759s ]
INFO: [ app_end ] --END-- [ RunTime:0.000895s ]

[ 2018-07-04T10:30:04+08:00 ] ::1 /myCode/poneBack/index.php/Admin/message/show.html
INFO: [ app_init ] --START--
INFO: Run Behavior\BuildLiteBehavior [ RunTime:0.000010s ]
INFO: [ app_init ] --END-- [ RunTime:0.000656s ]
INFO: [ app_begin ] --START--
INFO: Run Behavior\ReadHtmlCacheBehavior [ RunTime:0.000549s ]
INFO: [ app_begin ] --END-- [ RunTime:0.000588s ]
NOTIC: [2048] Declaration of Admin\Controller\MessageController::show() should be compatible with Think\Controller::show($content, $charset = '', $contentType = '', $prefix = '') E:\xampp\htdocs\myCode\poneBack\Application\Admin\Controller\MessageController.class.php 第 23 行.
INFO: [ view_parse ] --START--
INFO: [ template_filter ] --START--
INFO: Run Behavior\ContentReplaceBehavior [ RunTime:0.000085s ]
INFO: [ template_filter ] --END-- [ RunTime:0.000119s ]
NOTIC: [8] Use of undefined constant name - assumed 'name' E:\xampp\htdocs\myCode\poneBack\Runtime\Cache\Admin\ed7b30dbae9d587938fb8b74a7124ba2.php 第 367 行.
NOTIC: [8] Use of undefined constant name - assumed 'name' E:\xampp\htdocs\myCode\poneBack\Runtime\Cache\Admin\ed7b30dbae9d587938fb8b74a7124ba2.php 第 367 行.
INFO: Run Behavior\ParseTemplateBehavior [ RunTime:0.011847s ]
INFO: [ view_parse ] --END-- [ RunTime:0.011892s ]
INFO: [ view_filter ] --START--
INFO: Run Behavior\WriteHtmlCacheBehavior [ RunTime:0.000510s ]
INFO: [ view_filter ] --END-- [ RunTime:0.000537s ]
INFO: [ app_end ] --START--
INFO: Run Behavior\ShowPageTraceBehavior [ RunTime:0.000584s ]
INFO: [ app_end ] --END-- [ RunTime:0.000616s ]

[ 2018-07-04T10:30:06+08:00 ] ::1 /myCode/poneBack/index.php/Admin/person/add.html
INFO: [ app_init ] --START--
INFO: Run Behavior\BuildLiteBehavior [ RunTime:0.000009s ]
INFO: [ app_init ] --END-- [ RunTime:0.000397s ]
INFO: [ app_begin ] --START--
INFO: Run Behavior\ReadHtmlCacheBehavior [ RunTime:0.000706s ]
INFO: [ app_begin ] --END-- [ RunTime:0.000744s ]
NOTIC: [2048] Declaration of Admin\Controller\PersonController::show() should be compatible with Think\Controller::show($content, $charset = '', $contentType = '', $prefix = '') E:\xampp\htdocs\myCode\poneBack\Application\Admin\Controller\PersonController.class.php 第 40 行.
INFO: [ view_parse ] --START--
INFO: [ template_filter ] --START--
INFO: Run Behavior\ContentReplaceBehavior [ RunTime:0.000428s ]
INFO: [ template_filter ] --END-- [ RunTime:0.000474s ]
NOTIC: [8] Use of undefined constant name - assumed 'name' E:\xampp\htdocs\myCode\poneBack\Runtime\Cache\Admin\4736d8ade4296904c445fa52469a5771.php 第 367 行.
NOTIC: [8] Use of undefined constant name - assumed 'name' E:\xampp\htdocs\myCode\poneBack\Runtime\Cache\Admin\4736d8ade4296904c445fa52469a5771.php 第 367 行.
INFO: Run Behavior\ParseTemplateBehavior [ RunTime:0.025409s ]
INFO: [ view_parse ] --END-- [ RunTime:0.025442s ]
INFO: [ view_filter ] --START--
INFO: Run Behavior\WriteHtmlCacheBehavior [ RunTime:0.000420s ]
INFO: [ view_filter ] --END-- [ RunTime:0.000448s ]
INFO: [ app_end ] --START--
INFO: Run Behavior\ShowPageTraceBehavior [ RunTime:0.000549s ]
INFO: [ app_end ] --END-- [ RunTime:0.000583s ]

[ 2018-07-04T10:32:58+08:00 ] ::1 /myCode/poneBack/index.php/Admin/person/add.html
INFO: [ app_init ] --START--
INFO: Run Behavior\BuildLiteBehavior [ RunTime:0.000009s ]
INFO: [ app_init ] --END-- [ RunTime:0.000475s ]
INFO: [ app_begin ] --START--
INFO: Run Behavior\ReadHtmlCacheBehavior [ RunTime:0.000800s ]
INFO: [ app_begin ] --END-- [ RunTime:0.000837s ]
NOTIC: [2048] Declaration of Admin\Controller\PersonController::show() should be compatible with Think\Controller::show($content, $charset = '', $contentType = '', $prefix = '') E:\xampp\htdocs\myCode\poneBack\Application\Admin\Controller\PersonController.class.php 第 40 行.
INFO: [ view_parse ] --START--
INFO: [ template_filter ] --START--
INFO: Run Behavior\ContentReplaceBehavior [ RunTime:0.000489s ]
INFO: [ template_filter ] --END-- [ RunTime:0.000533s ]
NOTIC: [8] Use of undefined constant name - assumed 'name' E:\xampp\htdocs\myCode\poneBack\Runtime\Cache\Admin\4736d8ade4296904c445fa52469a5771.php 第 367 行.
NOTIC: [8] Use of undefined constant name - assumed 'name' E:\xampp\htdocs\myCode\poneBack\Runtime\Cache\Admin\4736d8ade4296904c445fa52469a5771.php 第 367 行.
INFO: Run Behavior\ParseTemplateBehavior [ RunTime:0.027239s ]
INFO: [ view_parse ] --END-- [ RunTime:0.027272s ]
INFO: [ view_filter ] --START--
INFO: Run Behavior\WriteHtmlCacheBehavior [ RunTime:0.000518s ]
INFO: [ view_filter ] --END-- [ RunTime:0.000548s ]
INFO: [ app_end ] --START--
INFO: Run Behavior\ShowPageTraceBehavior [ RunTime:0.000722s ]
INFO: [ app_end ] --END-- [ RunTime:0.000756s ]

[ 2018-07-04T10:33:04+08:00 ] ::1 /myCode/poneBack/index.php/Admin/person/show.html
INFO: [ app_init ] --START--
INFO: Run Behavior\BuildLiteBehavior [ RunTime:0.000048s ]
INFO: [ app_init ] --END-- [ RunTime:0.001040s ]
INFO: [ app_begin ] --START--
INFO: Run Behavior\ReadHtmlCacheBehavior [ RunTime:0.000663s ]
INFO: [ app_begin ] --END-- [ RunTime:0.000705s ]
NOTIC: [2048] Declaration of Admin\Controller\PersonController::show() should be compatible with Think\Controller::show($content, $charset = '', $contentType = '', $prefix = '') E:\xampp\htdocs\myCode\poneBack\Application\Admin\Controller\PersonController.class.php 第 40 行.
INFO: [ view_parse ] --START--
INFO: [ template_filter ] --START--
INFO: Run Behavior\ContentReplaceBehavior [ RunTime:0.000311s ]
INFO: [ template_filter ] --END-- [ RunTime:0.000350s ]
NOTIC: [8] Use of undefined constant name - assumed 'name' E:\xampp\htdocs\myCode\poneBack\Runtime\Cache\Admin\4c171811e83291070d7db75cfe88aff0.php 第 367 行.
NOTIC: [8] Use of undefined constant name - assumed 'name' E:\xampp\htdocs\myCode\poneBack\Runtime\Cache\Admin\4c171811e83291070d7db75cfe88aff0.php 第 367 行.
NOTIC: [8] Undefined variable: person E:\xampp\htdocs\myCode\poneBack\Runtime\Cache\Admin\4c171811e83291070d7db75cfe88aff0.php 第 485 行.
INFO: Run Behavior\ParseTemplateBehavior [ RunTime:0.021930s ]
INFO: [ view_parse ] --END-- [ RunTime:0.021963s ]
INFO: [ view_filter ] --START--
INFO: Run Behavior\WriteHtmlCacheBehavior [ RunTime:0.000424s ]
INFO: [ view_filter ] --END-- [ RunTime:0.000452s ]
INFO: [ app_end ] --START--
INFO: Run Behavior\ShowPageTraceBehavior [ RunTime:0.000554s ]
INFO: [ app_end ] --END-- [ RunTime:0.000586s ]

[ 2018-07-04T10:33:06+08:00 ] ::1 /myCode/poneBack/index.php/Admin/person/add.html
INFO: [ app_init ] --START--
INFO: Run Behavior\BuildLiteBehavior [ RunTime:0.000010s ]
INFO: [ app_init ] --END-- [ RunTime:0.000425s ]
INFO: [ app_begin ] --START--
INFO: Run Behavior\ReadHtmlCacheBehavior [ RunTime:0.000555s ]
INFO: [ app_begin ] --END-- [ RunTime:0.000593s ]
NOTIC: [2048] Declaration of Admin\Controller\PersonController::show() should be compatible with Think\Controller::show($content, $charset = '', $contentType = '', $prefix = '') E:\xampp\htdocs\myCode\poneBack\Application\Admin\Controller\PersonController.class.php 第 40 行.
INFO: [ view_parse ] --START--
INFO: [ template_filter ] --START--
INFO: Run Behavior\ContentReplaceBehavior [ RunTime:0.000498s ]
INFO: [ template_filter ] --END-- [ RunTime:0.000546s ]
NOTIC: [8] Use of undefined constant name - assumed 'name' E:\xampp\htdocs\myCode\poneBack\Runtime\Cache\Admin\4736d8ade4296904c445fa52469a5771.php 第 367 行.
NOTIC: [8] Use of undefined constant name - assumed 'name' E:\xampp\htdocs\myCode\poneBack\Runtime\Cache\Admin\4736d8ade4296904c445fa52469a5771.php 第 367 行.
INFO: Run Behavior\ParseTemplateBehavior [ RunTime:0.028005s ]
INFO: [ view_parse ] --END-- [ RunTime:0.028041s ]
INFO: [ view_filter ] --START--
INFO: Run Behavior\WriteHtmlCacheBehavior [ RunTime:0.000415s ]
INFO: [ view_filter ] --END-- [ RunTime:0.000441s ]
INFO: [ app_end ] --START--
INFO: Run Behavior\ShowPageTraceBehavior [ RunTime:0.000625s ]
INFO: [ app_end ] --END-- [ RunTime:0.000657s ]

[ 2018-07-04T10:33:20+08:00 ] ::1 /myCode/poneBack/index.php/Admin/person/show.html
INFO: [ app_init ] --START--
INFO: Run Behavior\BuildLiteBehavior [ RunTime:0.000039s ]
INFO: [ app_init ] --END-- [ RunTime:0.000944s ]
INFO: [ app_begin ] --START--
INFO: Run Behavior\ReadHtmlCacheBehavior [ RunTime:0.000679s ]
INFO: [ app_begin ] --END-- [ RunTime:0.000742s ]
NOTIC: [2048] Declaration of Admin\Controller\PersonController::show() should be compatible with Think\Controller::show($content, $charset = '', $contentType = '', $prefix = '') E:\xampp\htdocs\myCode\poneBack\Application\Admin\Controller\PersonController.class.php 第 40 行.
INFO: [ view_parse ] --START--
INFO: [ template_filter ] --START--
INFO: Run Behavior\ContentReplaceBehavior [ RunTime:0.000344s ]
INFO: [ template_filter ] --END-- [ RunTime:0.000397s ]
NOTIC: [8] Use of undefined constant name - assumed 'name' E:\xampp\htdocs\myCode\poneBack\Runtime\Cache\Admin\4c171811e83291070d7db75cfe88aff0.php 第 367 行.
NOTIC: [8] Use of undefined constant name - assumed 'name' E:\xampp\htdocs\myCode\poneBack\Runtime\Cache\Admin\4c171811e83291070d7db75cfe88aff0.php 第 367 行.
NOTIC: [8] Undefined variable: person E:\xampp\htdocs\myCode\poneBack\Runtime\Cache\Admin\4c171811e83291070d7db75cfe88aff0.php 第 485 行.
INFO: Run Behavior\ParseTemplateBehavior [ RunTime:0.022702s ]
INFO: [ view_parse ] --END-- [ RunTime:0.022736s ]
INFO: [ view_filter ] --START--
INFO: Run Behavior\WriteHtmlCacheBehavior [ RunTime:0.000427s ]
INFO: [ view_filter ] --END-- [ RunTime:0.000455s ]
INFO: [ app_end ] --START--
INFO: Run Behavior\ShowPageTraceBehavior [ RunTime:0.000576s ]
INFO: [ app_end ] --END-- [ RunTime:0.000608s ]

