[ 2018-08-15T10:44:41+08:00 ] ::1 /myCode/poneBack/api/PersonType/type
INFO: [ app_init ] --START--
INFO: Run Behavior\BuildLiteBehavior [ RunTime:0.000037s ]
INFO: [ app_init ] --END-- [ RunTime:0.016165s ]
INFO: [ app_begin ] --START--
INFO: Run Behavior\ReadHtmlCacheBehavior [ RunTime:0.004017s ]
INFO: [ app_begin ] --END-- [ RunTime:0.004193s ]
SQL: SHOW COLUMNS FROM `person` [ RunTime:0.0757s ]
SQL: SELECT * FROM person as a INNER JOIN person_type as b ON b.id = a.type_id  WHERE ( type_id=1 )  [ RunTime:0.0609s ]
SQL: SELECT * FROM person as a INNER JOIN person_type as b ON b.id = a.type_id  WHERE ( type_id=2 )  [ RunTime:0.0012s ]
SQL: SELECT `type` FROM person as a INNER JOIN person_type as b ON b.id = a.type_id  WHERE ( type_id=1 ) LIMIT 1   [ RunTime:0.0009s ]
SQL: SELECT `type` FROM person as a INNER JOIN person_type as b ON b.id = a.type_id  WHERE ( type_id=2 ) LIMIT 1   [ RunTime:0.0008s ]

[ 2018-08-15T10:44:41+08:00 ] ::1 /myCode/poneBack/api/person/index
INFO: [ app_init ] --START--
INFO: Run Behavior\BuildLiteBehavior [ RunTime:0.000038s ]
INFO: [ app_init ] --END-- [ RunTime:0.016121s ]
INFO: [ app_begin ] --START--
INFO: Run Behavior\ReadHtmlCacheBehavior [ RunTime:0.003918s ]
INFO: [ app_begin ] --END-- [ RunTime:0.004124s ]
SQL: SHOW COLUMNS FROM `person` [ RunTime:0.0762s ]
SQL: SELECT a.*,b.name as user_name,b.head as user_head FROM person as a INNER JOIN user as b ON b.id = a.user_id   [ RunTime:0.0344s ]
SQL: SHOW COLUMNS FROM `user_person` [ RunTime:0.0523s ]
SQL: SELECT * FROM `user_person` WHERE `person_id` = 1 AND `user_id` = 58  [ RunTime:0.0009s ]
SQL: SELECT * FROM `user_person` WHERE `person_id` = 2 AND `user_id` = 58  [ RunTime:0.0009s ]
SQL: SELECT * FROM `user_person` WHERE `person_id` = 3 AND `user_id` = 58  [ RunTime:0.0008s ]
INFO: [ app_end ] --START--
INFO: Run Behavior\ShowPageTraceBehavior [ RunTime:0.018191s ]
INFO: [ app_end ] --END-- [ RunTime:0.018369s ]

[ 2018-08-15T10:44:43+08:00 ] ::1 /myCode/poneBack/api/person/index
INFO: [ app_init ] --START--
INFO: Run Behavior\BuildLiteBehavior [ RunTime:0.000015s ]
INFO: [ app_init ] --END-- [ RunTime:0.000531s ]
INFO: [ app_begin ] --START--
INFO: Run Behavior\ReadHtmlCacheBehavior [ RunTime:0.000581s ]
INFO: [ app_begin ] --END-- [ RunTime:0.000636s ]
SQL: SHOW COLUMNS FROM `person` [ RunTime:0.0102s ]
SQL: SELECT a.*,b.name as user_name,b.head as user_head FROM person as a INNER JOIN user as b ON b.id = a.user_id   [ RunTime:0.0003s ]
SQL: SHOW COLUMNS FROM `user_person` [ RunTime:0.0469s ]
SQL: SELECT * FROM `user_person` WHERE `person_id` = 1 AND `user_id` = 58  [ RunTime:0.0004s ]
SQL: SELECT * FROM `user_person` WHERE `person_id` = 2 AND `user_id` = 58  [ RunTime:0.0002s ]
SQL: SELECT * FROM `user_person` WHERE `person_id` = 3 AND `user_id` = 58  [ RunTime:0.0003s ]
INFO: [ app_end ] --START--
INFO: Run Behavior\ShowPageTraceBehavior [ RunTime:0.001506s ]
INFO: [ app_end ] --END-- [ RunTime:0.001568s ]

[ 2018-08-15T10:44:43+08:00 ] ::1 /myCode/poneBack/api/PersonType/type
INFO: [ app_init ] --START--
INFO: Run Behavior\BuildLiteBehavior [ RunTime:0.000015s ]
INFO: [ app_init ] --END-- [ RunTime:0.000578s ]
INFO: [ app_begin ] --START--
INFO: Run Behavior\ReadHtmlCacheBehavior [ RunTime:0.002062s ]
INFO: [ app_begin ] --END-- [ RunTime:0.002181s ]
SQL: SHOW COLUMNS FROM `person` [ RunTime:0.0472s ]
SQL: SELECT * FROM person as a INNER JOIN person_type as b ON b.id = a.type_id  WHERE ( type_id=1 )  [ RunTime:0.0003s ]
SQL: SELECT * FROM person as a INNER JOIN person_type as b ON b.id = a.type_id  WHERE ( type_id=2 )  [ RunTime:0.0005s ]
SQL: SELECT `type` FROM person as a INNER JOIN person_type as b ON b.id = a.type_id  WHERE ( type_id=1 ) LIMIT 1   [ RunTime:0.0002s ]
SQL: SELECT `type` FROM person as a INNER JOIN person_type as b ON b.id = a.type_id  WHERE ( type_id=2 ) LIMIT 1   [ RunTime:0.0002s ]

[ 2018-08-15T10:49:31+08:00 ] ::1 /myCode/poneBack/api/PersonType/type
INFO: [ app_init ] --START--
INFO: Run Behavior\BuildLiteBehavior [ RunTime:0.000009s ]
INFO: [ app_init ] --END-- [ RunTime:0.000443s ]
INFO: [ app_begin ] --START--
INFO: Run Behavior\ReadHtmlCacheBehavior [ RunTime:0.000663s ]
INFO: [ app_begin ] --END-- [ RunTime:0.000701s ]
SQL: SHOW COLUMNS FROM `person` [ RunTime:0.0463s ]
SQL: SELECT * FROM person as a INNER JOIN person_type as b ON b.id = a.type_id  WHERE ( type_id=1 )  [ RunTime:0.0003s ]
SQL: SELECT * FROM person as a INNER JOIN person_type as b ON b.id = a.type_id  WHERE ( type_id=2 )  [ RunTime:0.0003s ]
SQL: SELECT `type` FROM person as a INNER JOIN person_type as b ON b.id = a.type_id  WHERE ( type_id=1 ) LIMIT 1   [ RunTime:0.0002s ]
SQL: SELECT `type` FROM person as a INNER JOIN person_type as b ON b.id = a.type_id  WHERE ( type_id=2 ) LIMIT 1   [ RunTime:0.0002s ]

[ 2018-08-15T10:49:31+08:00 ] ::1 /myCode/poneBack/api/person/index
INFO: [ app_init ] --START--
INFO: Run Behavior\BuildLiteBehavior [ RunTime:0.000010s ]
INFO: [ app_init ] --END-- [ RunTime:0.000502s ]
INFO: [ app_begin ] --START--
INFO: Run Behavior\ReadHtmlCacheBehavior [ RunTime:0.000765s ]
INFO: [ app_begin ] --END-- [ RunTime:0.000806s ]
SQL: SHOW COLUMNS FROM `person` [ RunTime:0.0467s ]
SQL: SELECT a.*,b.name as user_name,b.head as user_head FROM person as a INNER JOIN user as b ON b.id = a.user_id   [ RunTime:0.0003s ]
SQL: SHOW COLUMNS FROM `user_person` [ RunTime:0.0078s ]
SQL: SELECT * FROM `user_person` WHERE `person_id` = 1 AND `user_id` = 58  [ RunTime:0.0004s ]
SQL: SELECT * FROM `user_person` WHERE `person_id` = 2 AND `user_id` = 58  [ RunTime:0.0002s ]
SQL: SELECT * FROM `user_person` WHERE `person_id` = 3 AND `user_id` = 58  [ RunTime:0.0002s ]
INFO: [ app_end ] --START--
INFO: Run Behavior\ShowPageTraceBehavior [ RunTime:0.000696s ]
INFO: [ app_end ] --END-- [ RunTime:0.000727s ]

[ 2018-08-15T10:52:28+08:00 ] ::1 /myCode/poneBack/api/person/index
INFO: [ app_init ] --START--
INFO: Run Behavior\BuildLiteBehavior [ RunTime:0.000020s ]
INFO: [ app_init ] --END-- [ RunTime:0.001602s ]
INFO: [ app_begin ] --START--
INFO: Run Behavior\ReadHtmlCacheBehavior [ RunTime:0.001218s ]
INFO: [ app_begin ] --END-- [ RunTime:0.001303s ]
SQL: SHOW COLUMNS FROM `person` [ RunTime:0.0248s ]
SQL: SELECT a.*,b.name as user_name,b.head as user_head FROM person as a INNER JOIN user as b ON b.id = a.user_id   [ RunTime:0.0007s ]
SQL: SHOW COLUMNS FROM `user_person` [ RunTime:0.0093s ]
SQL: SELECT * FROM `user_person` WHERE `person_id` = 1 AND `user_id` = 58  [ RunTime:0.0026s ]
SQL: SELECT * FROM `user_person` WHERE `person_id` = 2 AND `user_id` = 58  [ RunTime:0.0004s ]
SQL: SELECT * FROM `user_person` WHERE `person_id` = 3 AND `user_id` = 58  [ RunTime:0.0004s ]
INFO: [ app_end ] --START--
INFO: Run Behavior\ShowPageTraceBehavior [ RunTime:0.001311s ]
INFO: [ app_end ] --END-- [ RunTime:0.001397s ]

[ 2018-08-15T10:52:28+08:00 ] ::1 /myCode/poneBack/api/PersonType/type
INFO: [ app_init ] --START--
INFO: Run Behavior\BuildLiteBehavior [ RunTime:0.000038s ]
INFO: [ app_init ] --END-- [ RunTime:0.001056s ]
INFO: [ app_begin ] --START--
INFO: Run Behavior\ReadHtmlCacheBehavior [ RunTime:0.002853s ]
INFO: [ app_begin ] --END-- [ RunTime:0.002973s ]
SQL: SHOW COLUMNS FROM `person` [ RunTime:0.0387s ]
SQL: SELECT * FROM person as a INNER JOIN person_type as b ON b.id = a.type_id  WHERE ( type_id=1 )  [ RunTime:0.0088s ]
SQL: SELECT * FROM person as a INNER JOIN person_type as b ON b.id = a.type_id  WHERE ( type_id=2 )  [ RunTime:0.0008s ]
SQL: SELECT `type` FROM person as a INNER JOIN person_type as b ON b.id = a.type_id  WHERE ( type_id=1 ) LIMIT 1   [ RunTime:0.0031s ]
SQL: SELECT `type` FROM person as a INNER JOIN person_type as b ON b.id = a.type_id  WHERE ( type_id=2 ) LIMIT 1   [ RunTime:0.0101s ]

[ 2018-08-15T10:53:16+08:00 ] ::1 /myCode/poneBack/api/person/index
INFO: [ app_init ] --START--
INFO: Run Behavior\BuildLiteBehavior [ RunTime:0.000271s ]
INFO: [ app_init ] --END-- [ RunTime:0.004244s ]
INFO: [ app_begin ] --START--
INFO: Run Behavior\ReadHtmlCacheBehavior [ RunTime:0.001107s ]
INFO: [ app_begin ] --END-- [ RunTime:0.001206s ]
SQL: SHOW COLUMNS FROM `person` [ RunTime:1.1218s ]
SQL: SELECT a.*,b.name as user_name,b.head as user_head FROM person as a INNER JOIN user as b ON b.id = a.user_id   [ RunTime:0.0007s ]
SQL: SHOW COLUMNS FROM `user_person` [ RunTime:0.0112s ]
SQL: SELECT * FROM `user_person` WHERE `person_id` = 1 AND `user_id` = 58  [ RunTime:0.0027s ]
SQL: SELECT * FROM `user_person` WHERE `person_id` = 2 AND `user_id` = 58  [ RunTime:0.0008s ]
SQL: SELECT * FROM `user_person` WHERE `person_id` = 3 AND `user_id` = 58  [ RunTime:0.0006s ]
INFO: [ app_end ] --START--
INFO: Run Behavior\ShowPageTraceBehavior [ RunTime:0.003647s ]
INFO: [ app_end ] --END-- [ RunTime:0.004245s ]

[ 2018-08-15T10:53:16+08:00 ] ::1 /myCode/poneBack/api/PersonType/type
INFO: [ app_init ] --START--
INFO: Run Behavior\BuildLiteBehavior [ RunTime:0.000027s ]
INFO: [ app_init ] --END-- [ RunTime:0.001080s ]
INFO: [ app_begin ] --START--
INFO: Run Behavior\ReadHtmlCacheBehavior [ RunTime:0.001193s ]
INFO: [ app_begin ] --END-- [ RunTime:0.001290s ]
SQL: SHOW COLUMNS FROM `person` [ RunTime:1.1134s ]
SQL: SELECT * FROM person as a INNER JOIN person_type as b ON b.id = a.type_id  WHERE ( type_id=1 )  [ RunTime:0.0008s ]
SQL: SELECT * FROM person as a INNER JOIN person_type as b ON b.id = a.type_id  WHERE ( type_id=2 )  [ RunTime:0.0007s ]
SQL: SELECT `type` FROM person as a INNER JOIN person_type as b ON b.id = a.type_id  WHERE ( type_id=1 ) LIMIT 1   [ RunTime:0.0004s ]
SQL: SELECT `type` FROM person as a INNER JOIN person_type as b ON b.id = a.type_id  WHERE ( type_id=2 ) LIMIT 1   [ RunTime:0.0162s ]

[ 2018-08-15T10:53:17+08:00 ] ::1 /myCode/poneBack/api/person/index
INFO: [ app_init ] --START--
INFO: Run Behavior\BuildLiteBehavior [ RunTime:0.000019s ]
INFO: [ app_init ] --END-- [ RunTime:0.000902s ]
INFO: [ app_begin ] --START--
INFO: Run Behavior\ReadHtmlCacheBehavior [ RunTime:0.002428s ]
INFO: [ app_begin ] --END-- [ RunTime:0.002533s ]
SQL: SHOW COLUMNS FROM `person` [ RunTime:0.0130s ]
SQL: SELECT a.*,b.name as user_name,b.head as user_head FROM person as a INNER JOIN user as b ON b.id = a.user_id   [ RunTime:0.0006s ]
SQL: SHOW COLUMNS FROM `user_person` [ RunTime:0.0127s ]
SQL: SELECT * FROM `user_person` WHERE `person_id` = 1 AND `user_id` = 58  [ RunTime:0.0007s ]
SQL: SELECT * FROM `user_person` WHERE `person_id` = 2 AND `user_id` = 58  [ RunTime:0.0005s ]
SQL: SELECT * FROM `user_person` WHERE `person_id` = 3 AND `user_id` = 58  [ RunTime:0.0004s ]
INFO: [ app_end ] --START--
INFO: Run Behavior\ShowPageTraceBehavior [ RunTime:0.001387s ]
INFO: [ app_end ] --END-- [ RunTime:0.001468s ]

[ 2018-08-15T10:53:17+08:00 ] ::1 /myCode/poneBack/api/PersonType/type
INFO: [ app_init ] --START--
INFO: Run Behavior\BuildLiteBehavior [ RunTime:0.000018s ]
INFO: [ app_init ] --END-- [ RunTime:0.000671s ]
INFO: [ app_begin ] --START--
INFO: Run Behavior\ReadHtmlCacheBehavior [ RunTime:0.001319s ]
INFO: [ app_begin ] --END-- [ RunTime:0.001404s ]
SQL: SHOW COLUMNS FROM `person` [ RunTime:0.0181s ]
SQL: SELECT * FROM person as a INNER JOIN person_type as b ON b.id = a.type_id  WHERE ( type_id=1 )  [ RunTime:0.0014s ]
SQL: SELECT * FROM person as a INNER JOIN person_type as b ON b.id = a.type_id  WHERE ( type_id=2 )  [ RunTime:0.0007s ]
SQL: SELECT `type` FROM person as a INNER JOIN person_type as b ON b.id = a.type_id  WHERE ( type_id=1 ) LIMIT 1   [ RunTime:0.0002s ]
SQL: SELECT `type` FROM person as a INNER JOIN person_type as b ON b.id = a.type_id  WHERE ( type_id=2 ) LIMIT 1   [ RunTime:0.0002s ]

[ 2018-08-15T10:53:26+08:00 ] ::1 /myCode/poneBack/api/PersonType/type
INFO: [ app_init ] --START--
INFO: Run Behavior\BuildLiteBehavior [ RunTime:0.000022s ]
INFO: [ app_init ] --END-- [ RunTime:0.000853s ]
INFO: [ app_begin ] --START--
INFO: Run Behavior\ReadHtmlCacheBehavior [ RunTime:0.001193s ]
INFO: [ app_begin ] --END-- [ RunTime:0.001291s ]
SQL: SHOW COLUMNS FROM `person` [ RunTime:0.0521s ]
SQL: SELECT * FROM person as a INNER JOIN person_type as b ON b.id = a.type_id  WHERE ( type_id=1 )  [ RunTime:0.0005s ]
SQL: SELECT * FROM person as a INNER JOIN person_type as b ON b.id = a.type_id  WHERE ( type_id=2 )  [ RunTime:0.0003s ]
SQL: SELECT `type` FROM person as a INNER JOIN person_type as b ON b.id = a.type_id  WHERE ( type_id=1 ) LIMIT 1   [ RunTime:0.0003s ]
SQL: SELECT `type` FROM person as a INNER JOIN person_type as b ON b.id = a.type_id  WHERE ( type_id=2 ) LIMIT 1   [ RunTime:0.0002s ]

[ 2018-08-15T10:53:26+08:00 ] ::1 /myCode/poneBack/api/person/index
INFO: [ app_init ] --START--
INFO: Run Behavior\BuildLiteBehavior [ RunTime:0.000020s ]
INFO: [ app_init ] --END-- [ RunTime:0.000758s ]
INFO: [ app_begin ] --START--
INFO: Run Behavior\ReadHtmlCacheBehavior [ RunTime:0.001488s ]
INFO: [ app_begin ] --END-- [ RunTime:0.001966s ]
SQL: SHOW COLUMNS FROM `person` [ RunTime:0.0502s ]
SQL: SELECT a.*,b.name as user_name,b.head as user_head FROM person as a INNER JOIN user as b ON b.id = a.user_id   [ RunTime:0.0007s ]
SQL: SHOW COLUMNS FROM `user_person` [ RunTime:0.0104s ]
SQL: SELECT * FROM `user_person` WHERE `person_id` = 1 AND `user_id` = 58  [ RunTime:0.0006s ]
SQL: SELECT * FROM `user_person` WHERE `person_id` = 2 AND `user_id` = 58  [ RunTime:0.0064s ]
SQL: SELECT * FROM `user_person` WHERE `person_id` = 3 AND `user_id` = 58  [ RunTime:0.0003s ]
INFO: [ app_end ] --START--
INFO: Run Behavior\ShowPageTraceBehavior [ RunTime:0.000824s ]
INFO: [ app_end ] --END-- [ RunTime:0.000872s ]

[ 2018-08-15T10:53:39+08:00 ] ::1 /myCode/poneBack/api/PersonType/type
INFO: [ app_init ] --START--
INFO: Run Behavior\BuildLiteBehavior [ RunTime:0.000021s ]
INFO: [ app_init ] --END-- [ RunTime:0.000816s ]
INFO: [ app_begin ] --START--
INFO: Run Behavior\ReadHtmlCacheBehavior [ RunTime:0.001030s ]
INFO: [ app_begin ] --END-- [ RunTime:0.001114s ]
SQL: SHOW COLUMNS FROM `person` [ RunTime:0.1526s ]
SQL: SELECT * FROM person as a INNER JOIN person_type as b ON b.id = a.type_id  WHERE ( type_id=1 )  [ RunTime:0.0007s ]
SQL: SELECT * FROM person as a INNER JOIN person_type as b ON b.id = a.type_id  WHERE ( type_id=2 )  [ RunTime:0.0012s ]
SQL: SELECT `type` FROM person as a INNER JOIN person_type as b ON b.id = a.type_id  WHERE ( type_id=1 ) LIMIT 1   [ RunTime:0.0006s ]
SQL: SELECT `type` FROM person as a INNER JOIN person_type as b ON b.id = a.type_id  WHERE ( type_id=2 ) LIMIT 1   [ RunTime:0.0007s ]

[ 2018-08-15T10:53:39+08:00 ] ::1 /myCode/poneBack/api/person/index
INFO: [ app_init ] --START--
INFO: Run Behavior\BuildLiteBehavior [ RunTime:0.000044s ]
INFO: [ app_init ] --END-- [ RunTime:0.001316s ]
INFO: [ app_begin ] --START--
INFO: Run Behavior\ReadHtmlCacheBehavior [ RunTime:0.001054s ]
INFO: [ app_begin ] --END-- [ RunTime:0.001149s ]
SQL: SHOW COLUMNS FROM `person` [ RunTime:0.1322s ]
SQL: SELECT a.*,b.name as user_name,b.head as user_head FROM person as a INNER JOIN user as b ON b.id = a.user_id   [ RunTime:0.0009s ]
SQL: SHOW COLUMNS FROM `user_person` [ RunTime:0.0305s ]
SQL: SELECT * FROM `user_person` WHERE `person_id` = 1 AND `user_id` = 58  [ RunTime:0.0005s ]
SQL: SELECT * FROM `user_person` WHERE `person_id` = 2 AND `user_id` = 58  [ RunTime:0.0003s ]
SQL: SELECT * FROM `user_person` WHERE `person_id` = 3 AND `user_id` = 58  [ RunTime:0.0003s ]
INFO: [ app_end ] --START--
INFO: Run Behavior\ShowPageTraceBehavior [ RunTime:0.003455s ]
INFO: [ app_end ] --END-- [ RunTime:0.003727s ]

[ 2018-08-15T10:53:58+08:00 ] ::1 /myCode/poneBack/api/PersonType/type
INFO: [ app_init ] --START--
INFO: Run Behavior\BuildLiteBehavior [ RunTime:0.000013s ]
INFO: [ app_init ] --END-- [ RunTime:0.000576s ]
INFO: [ app_begin ] --START--
INFO: Run Behavior\ReadHtmlCacheBehavior [ RunTime:0.000768s ]
INFO: [ app_begin ] --END-- [ RunTime:0.000824s ]
SQL: SHOW COLUMNS FROM `person` [ RunTime:0.0172s ]
SQL: SELECT * FROM person as a INNER JOIN person_type as b ON b.id = a.type_id  WHERE ( type_id=1 )  [ RunTime:0.0014s ]
SQL: SELECT * FROM person as a INNER JOIN person_type as b ON b.id = a.type_id  WHERE ( type_id=2 )  [ RunTime:0.0005s ]
SQL: SELECT `type` FROM person as a INNER JOIN person_type as b ON b.id = a.type_id  WHERE ( type_id=1 ) LIMIT 1   [ RunTime:0.0004s ]
SQL: SELECT `type` FROM person as a INNER JOIN person_type as b ON b.id = a.type_id  WHERE ( type_id=2 ) LIMIT 1   [ RunTime:0.0005s ]

[ 2018-08-15T10:53:58+08:00 ] ::1 /myCode/poneBack/api/person/index
INFO: [ app_init ] --START--
INFO: Run Behavior\BuildLiteBehavior [ RunTime:0.000020s ]
INFO: [ app_init ] --END-- [ RunTime:0.000816s ]
INFO: [ app_begin ] --START--
INFO: Run Behavior\ReadHtmlCacheBehavior [ RunTime:0.001085s ]
INFO: [ app_begin ] --END-- [ RunTime:0.001188s ]
SQL: SHOW COLUMNS FROM `person` [ RunTime:0.0192s ]
SQL: SELECT a.*,b.name as user_name,b.head as user_head FROM person as a INNER JOIN user as b ON b.id = a.user_id   [ RunTime:0.0010s ]
SQL: SHOW COLUMNS FROM `user_person` [ RunTime:0.0556s ]
SQL: SELECT * FROM `user_person` WHERE `person_id` = 1 AND `user_id` = 58  [ RunTime:0.0005s ]
SQL: SELECT * FROM `user_person` WHERE `person_id` = 2 AND `user_id` = 58  [ RunTime:0.0004s ]
SQL: SELECT * FROM `user_person` WHERE `person_id` = 3 AND `user_id` = 58  [ RunTime:0.0003s ]
INFO: [ app_end ] --START--
INFO: Run Behavior\ShowPageTraceBehavior [ RunTime:0.001037s ]
INFO: [ app_end ] --END-- [ RunTime:0.001113s ]

[ 2018-08-15T10:54:42+08:00 ] ::1 /myCode/poneBack/api/PersonType/type
INFO: [ app_init ] --START--
INFO: Run Behavior\BuildLiteBehavior [ RunTime:0.000026s ]
INFO: [ app_init ] --END-- [ RunTime:0.001582s ]
INFO: [ app_begin ] --START--
INFO: Run Behavior\ReadHtmlCacheBehavior [ RunTime:0.001814s ]
INFO: [ app_begin ] --END-- [ RunTime:0.001914s ]
SQL: SHOW COLUMNS FROM `person` [ RunTime:0.1472s ]
SQL: SELECT * FROM person as a INNER JOIN person_type as b ON b.id = a.type_id  WHERE ( type_id=1 )  [ RunTime:0.0006s ]
SQL: SELECT * FROM person as a INNER JOIN person_type as b ON b.id = a.type_id  WHERE ( type_id=2 )  [ RunTime:0.0004s ]
SQL: SELECT `type` FROM person as a INNER JOIN person_type as b ON b.id = a.type_id  WHERE ( type_id=1 ) LIMIT 1   [ RunTime:0.0003s ]
SQL: SELECT `type` FROM person as a INNER JOIN person_type as b ON b.id = a.type_id  WHERE ( type_id=2 ) LIMIT 1   [ RunTime:0.0003s ]

[ 2018-08-15T10:54:42+08:00 ] ::1 /myCode/poneBack/api/person/index
INFO: [ app_init ] --START--
INFO: Run Behavior\BuildLiteBehavior [ RunTime:0.000022s ]
INFO: [ app_init ] --END-- [ RunTime:0.000675s ]
INFO: [ app_begin ] --START--
INFO: Run Behavior\ReadHtmlCacheBehavior [ RunTime:0.001027s ]
INFO: [ app_begin ] --END-- [ RunTime:0.001122s ]
SQL: SHOW COLUMNS FROM `person` [ RunTime:0.1472s ]
SQL: SELECT a.*,b.name as user_name,b.head as user_head FROM person as a INNER JOIN user as b ON b.id = a.user_id   [ RunTime:0.0006s ]
SQL: SHOW COLUMNS FROM `user_person` [ RunTime:0.0235s ]
SQL: SELECT * FROM `user_person` WHERE `person_id` = 1 AND `user_id` = 58  [ RunTime:0.0004s ]
SQL: SELECT * FROM `user_person` WHERE `person_id` = 2 AND `user_id` = 58  [ RunTime:0.0006s ]
SQL: SELECT * FROM `user_person` WHERE `person_id` = 3 AND `user_id` = 58  [ RunTime:0.0004s ]
INFO: [ app_end ] --START--
INFO: Run Behavior\ShowPageTraceBehavior [ RunTime:0.001397s ]
INFO: [ app_end ] --END-- [ RunTime:0.001496s ]

[ 2018-08-15T10:54:46+08:00 ] ::1 /myCode/poneBack/api/PersonType/type
INFO: [ app_init ] --START--
INFO: Run Behavior\BuildLiteBehavior [ RunTime:0.000013s ]
INFO: [ app_init ] --END-- [ RunTime:0.000553s ]
INFO: [ app_begin ] --START--
INFO: Run Behavior\ReadHtmlCacheBehavior [ RunTime:0.000780s ]
INFO: [ app_begin ] --END-- [ RunTime:0.000852s ]
SQL: SHOW COLUMNS FROM `person` [ RunTime:0.0437s ]
SQL: SELECT * FROM person as a INNER JOIN person_type as b ON b.id = a.type_id  WHERE ( type_id=1 )  [ RunTime:0.0003s ]
SQL: SELECT * FROM person as a INNER JOIN person_type as b ON b.id = a.type_id  WHERE ( type_id=2 )  [ RunTime:0.0003s ]
SQL: SELECT `type` FROM person as a INNER JOIN person_type as b ON b.id = a.type_id  WHERE ( type_id=1 ) LIMIT 1   [ RunTime:0.0003s ]
SQL: SELECT `type` FROM person as a INNER JOIN person_type as b ON b.id = a.type_id  WHERE ( type_id=2 ) LIMIT 1   [ RunTime:0.0002s ]

[ 2018-08-15T10:54:46+08:00 ] ::1 /myCode/poneBack/api/person/index
INFO: [ app_init ] --START--
INFO: Run Behavior\BuildLiteBehavior [ RunTime:0.000015s ]
INFO: [ app_init ] --END-- [ RunTime:0.000874s ]
INFO: [ app_begin ] --START--
INFO: Run Behavior\ReadHtmlCacheBehavior [ RunTime:0.001571s ]
INFO: [ app_begin ] --END-- [ RunTime:0.001711s ]
SQL: SHOW COLUMNS FROM `person` [ RunTime:0.0088s ]
SQL: SELECT a.*,b.name as user_name,b.head as user_head FROM person as a INNER JOIN user as b ON b.id = a.user_id   [ RunTime:0.0007s ]
SQL: SHOW COLUMNS FROM `user_person` [ RunTime:0.0409s ]
SQL: SELECT * FROM `user_person` WHERE `person_id` = 1 AND `user_id` = 58  [ RunTime:0.0003s ]
SQL: SELECT * FROM `user_person` WHERE `person_id` = 2 AND `user_id` = 58  [ RunTime:0.0002s ]
SQL: SELECT * FROM `user_person` WHERE `person_id` = 3 AND `user_id` = 58  [ RunTime:0.0002s ]
INFO: [ app_end ] --START--
INFO: Run Behavior\ShowPageTraceBehavior [ RunTime:0.000681s ]
INFO: [ app_end ] --END-- [ RunTime:0.000718s ]

[ 2018-08-15T10:54:48+08:00 ] ::1 /myCode/poneBack/api/PersonType/type
INFO: [ app_init ] --START--
INFO: Run Behavior\BuildLiteBehavior [ RunTime:0.000010s ]
INFO: [ app_init ] --END-- [ RunTime:0.000504s ]
INFO: [ app_begin ] --START--
INFO: Run Behavior\ReadHtmlCacheBehavior [ RunTime:0.000584s ]
INFO: [ app_begin ] --END-- [ RunTime:0.000622s ]
SQL: SHOW COLUMNS FROM `person` [ RunTime:0.0190s ]
SQL: SELECT * FROM person as a INNER JOIN person_type as b ON b.id = a.type_id  WHERE ( type_id=1 )  [ RunTime:0.0018s ]
SQL: SELECT * FROM person as a INNER JOIN person_type as b ON b.id = a.type_id  WHERE ( type_id=2 )  [ RunTime:0.0012s ]
SQL: SELECT `type` FROM person as a INNER JOIN person_type as b ON b.id = a.type_id  WHERE ( type_id=1 ) LIMIT 1   [ RunTime:0.0008s ]
SQL: SELECT `type` FROM person as a INNER JOIN person_type as b ON b.id = a.type_id  WHERE ( type_id=2 ) LIMIT 1   [ RunTime:0.0007s ]

[ 2018-08-15T10:54:48+08:00 ] ::1 /myCode/poneBack/api/person/index
INFO: [ app_init ] --START--
INFO: Run Behavior\BuildLiteBehavior [ RunTime:0.000010s ]
INFO: [ app_init ] --END-- [ RunTime:0.000427s ]
INFO: [ app_begin ] --START--
INFO: Run Behavior\ReadHtmlCacheBehavior [ RunTime:0.000594s ]
INFO: [ app_begin ] --END-- [ RunTime:0.000647s ]
SQL: SHOW COLUMNS FROM `person` [ RunTime:0.0217s ]
SQL: SELECT a.*,b.name as user_name,b.head as user_head FROM person as a INNER JOIN user as b ON b.id = a.user_id   [ RunTime:0.0005s ]
SQL: SHOW COLUMNS FROM `user_person` [ RunTime:0.0148s ]
SQL: SELECT * FROM `user_person` WHERE `person_id` = 1 AND `user_id` = 58  [ RunTime:0.0005s ]
SQL: SELECT * FROM `user_person` WHERE `person_id` = 2 AND `user_id` = 58  [ RunTime:0.0004s ]
SQL: SELECT * FROM `user_person` WHERE `person_id` = 3 AND `user_id` = 58  [ RunTime:0.0003s ]
INFO: [ app_end ] --START--
INFO: Run Behavior\ShowPageTraceBehavior [ RunTime:0.001065s ]
INFO: [ app_end ] --END-- [ RunTime:0.001133s ]

[ 2018-08-15T10:54:51+08:00 ] ::1 /myCode/poneBack/api/PersonType/type
INFO: [ app_init ] --START--
INFO: Run Behavior\BuildLiteBehavior [ RunTime:0.000019s ]
INFO: [ app_init ] --END-- [ RunTime:0.000721s ]
INFO: [ app_begin ] --START--
INFO: Run Behavior\ReadHtmlCacheBehavior [ RunTime:0.001372s ]
INFO: [ app_begin ] --END-- [ RunTime:0.001582s ]
SQL: SHOW COLUMNS FROM `person` [ RunTime:0.0401s ]
SQL: SELECT * FROM person as a INNER JOIN person_type as b ON b.id = a.type_id  WHERE ( type_id=1 )  [ RunTime:0.0005s ]
SQL: SELECT * FROM person as a INNER JOIN person_type as b ON b.id = a.type_id  WHERE ( type_id=2 )  [ RunTime:0.0004s ]
SQL: SELECT `type` FROM person as a INNER JOIN person_type as b ON b.id = a.type_id  WHERE ( type_id=1 ) LIMIT 1   [ RunTime:0.0002s ]
SQL: SELECT `type` FROM person as a INNER JOIN person_type as b ON b.id = a.type_id  WHERE ( type_id=2 ) LIMIT 1   [ RunTime:0.0003s ]

[ 2018-08-15T10:54:51+08:00 ] ::1 /myCode/poneBack/api/person/index
INFO: [ app_init ] --START--
INFO: Run Behavior\BuildLiteBehavior [ RunTime:0.000020s ]
INFO: [ app_init ] --END-- [ RunTime:0.000790s ]
INFO: [ app_begin ] --START--
INFO: Run Behavior\ReadHtmlCacheBehavior [ RunTime:0.001437s ]
INFO: [ app_begin ] --END-- [ RunTime:0.001559s ]
SQL: SHOW COLUMNS FROM `person` [ RunTime:0.0351s ]
SQL: SELECT a.*,b.name as user_name,b.head as user_head FROM person as a INNER JOIN user as b ON b.id = a.user_id   [ RunTime:0.0004s ]
SQL: SHOW COLUMNS FROM `user_person` [ RunTime:0.0131s ]
SQL: SELECT * FROM `user_person` WHERE `person_id` = 1 AND `user_id` = 58  [ RunTime:0.0004s ]
SQL: SELECT * FROM `user_person` WHERE `person_id` = 2 AND `user_id` = 58  [ RunTime:0.0003s ]
SQL: SELECT * FROM `user_person` WHERE `person_id` = 3 AND `user_id` = 58  [ RunTime:0.0002s ]
INFO: [ app_end ] --START--
INFO: Run Behavior\ShowPageTraceBehavior [ RunTime:0.001084s ]
INFO: [ app_end ] --END-- [ RunTime:0.001165s ]

[ 2018-08-15T10:54:54+08:00 ] ::1 /myCode/poneBack/api/PersonType/type
INFO: [ app_init ] --START--
INFO: Run Behavior\BuildLiteBehavior [ RunTime:0.000016s ]
INFO: [ app_init ] --END-- [ RunTime:0.000676s ]
INFO: [ app_begin ] --START--
INFO: Run Behavior\ReadHtmlCacheBehavior [ RunTime:0.001436s ]
INFO: [ app_begin ] --END-- [ RunTime:0.001570s ]
SQL: SHOW COLUMNS FROM `person` [ RunTime:0.0214s ]
SQL: SELECT * FROM person as a INNER JOIN person_type as b ON b.id = a.type_id  WHERE ( type_id=1 )  [ RunTime:0.0004s ]
SQL: SELECT * FROM person as a INNER JOIN person_type as b ON b.id = a.type_id  WHERE ( type_id=2 )  [ RunTime:0.0003s ]
SQL: SELECT `type` FROM person as a INNER JOIN person_type as b ON b.id = a.type_id  WHERE ( type_id=1 ) LIMIT 1   [ RunTime:0.0003s ]
SQL: SELECT `type` FROM person as a INNER JOIN person_type as b ON b.id = a.type_id  WHERE ( type_id=2 ) LIMIT 1   [ RunTime:0.0003s ]

[ 2018-08-15T10:54:54+08:00 ] ::1 /myCode/poneBack/api/person/index
INFO: [ app_init ] --START--
INFO: Run Behavior\BuildLiteBehavior [ RunTime:0.000017s ]
INFO: [ app_init ] --END-- [ RunTime:0.001061s ]
INFO: [ app_begin ] --START--
INFO: Run Behavior\ReadHtmlCacheBehavior [ RunTime:0.033012s ]
INFO: [ app_begin ] --END-- [ RunTime:0.033121s ]
SQL: SHOW COLUMNS FROM `person` [ RunTime:0.0135s ]
SQL: SELECT a.*,b.name as user_name,b.head as user_head FROM person as a INNER JOIN user as b ON b.id = a.user_id   [ RunTime:0.0007s ]
SQL: SHOW COLUMNS FROM `user_person` [ RunTime:0.0213s ]
SQL: SELECT * FROM `user_person` WHERE `person_id` = 1 AND `user_id` = 58  [ RunTime:0.0008s ]
SQL: SELECT * FROM `user_person` WHERE `person_id` = 2 AND `user_id` = 58  [ RunTime:0.0009s ]
SQL: SELECT * FROM `user_person` WHERE `person_id` = 3 AND `user_id` = 58  [ RunTime:0.0003s ]
INFO: [ app_end ] --START--
INFO: Run Behavior\ShowPageTraceBehavior [ RunTime:0.001261s ]
INFO: [ app_end ] --END-- [ RunTime:0.001360s ]

[ 2018-08-15T10:56:26+08:00 ] ::1 /myCode/poneBack/api/PersonType/type
INFO: [ app_init ] --START--
INFO: Run Behavior\BuildLiteBehavior [ RunTime:0.000082s ]
INFO: [ app_init ] --END-- [ RunTime:0.001152s ]
INFO: [ app_begin ] --START--
INFO: Run Behavior\ReadHtmlCacheBehavior [ RunTime:0.000809s ]
INFO: [ app_begin ] --END-- [ RunTime:0.000874s ]
SQL: SHOW COLUMNS FROM `person` [ RunTime:0.0161s ]
SQL: SELECT * FROM person as a INNER JOIN person_type as b ON b.id = a.type_id  WHERE ( type_id=1 )  [ RunTime:0.0003s ]
SQL: SELECT * FROM person as a INNER JOIN person_type as b ON b.id = a.type_id  WHERE ( type_id=2 )  [ RunTime:0.0003s ]
SQL: SELECT `type` FROM person as a INNER JOIN person_type as b ON b.id = a.type_id  WHERE ( type_id=1 ) LIMIT 1   [ RunTime:0.0003s ]
SQL: SELECT `type` FROM person as a INNER JOIN person_type as b ON b.id = a.type_id  WHERE ( type_id=2 ) LIMIT 1   [ RunTime:0.0003s ]

[ 2018-08-15T10:56:26+08:00 ] ::1 /myCode/poneBack/api/person/index
INFO: [ app_init ] --START--
INFO: Run Behavior\BuildLiteBehavior [ RunTime:0.000010s ]
INFO: [ app_init ] --END-- [ RunTime:0.000482s ]
INFO: [ app_begin ] --START--
INFO: Run Behavior\ReadHtmlCacheBehavior [ RunTime:0.000744s ]
INFO: [ app_begin ] --END-- [ RunTime:0.000796s ]
SQL: SHOW COLUMNS FROM `person` [ RunTime:0.0346s ]
SQL: SELECT a.*,b.name as user_name,b.head as user_head FROM person as a INNER JOIN user as b ON b.id = a.user_id   [ RunTime:0.0005s ]
SQL: SHOW COLUMNS FROM `user_person` [ RunTime:0.0099s ]
SQL: SELECT * FROM `user_person` WHERE `person_id` = 1 AND `user_id` = 58  [ RunTime:0.0004s ]
SQL: SELECT * FROM `user_person` WHERE `person_id` = 2 AND `user_id` = 58  [ RunTime:0.0002s ]
SQL: SELECT * FROM `user_person` WHERE `person_id` = 3 AND `user_id` = 58  [ RunTime:0.0002s ]
INFO: [ app_end ] --START--
INFO: Run Behavior\ShowPageTraceBehavior [ RunTime:0.001213s ]
INFO: [ app_end ] --END-- [ RunTime:0.001258s ]

[ 2018-08-15T10:56:27+08:00 ] ::1 /myCode/poneBack/api/PersonType/type
INFO: [ app_init ] --START--
INFO: Run Behavior\BuildLiteBehavior [ RunTime:0.000017s ]
INFO: [ app_init ] --END-- [ RunTime:0.001878s ]
INFO: [ app_begin ] --START--
INFO: Run Behavior\ReadHtmlCacheBehavior [ RunTime:0.001199s ]
INFO: [ app_begin ] --END-- [ RunTime:0.001296s ]
SQL: SHOW COLUMNS FROM `person` [ RunTime:0.0986s ]
SQL: SELECT * FROM person as a INNER JOIN person_type as b ON b.id = a.type_id  WHERE ( type_id=1 )  [ RunTime:0.0009s ]
SQL: SELECT * FROM person as a INNER JOIN person_type as b ON b.id = a.type_id  WHERE ( type_id=2 )  [ RunTime:0.0005s ]
SQL: SELECT `type` FROM person as a INNER JOIN person_type as b ON b.id = a.type_id  WHERE ( type_id=1 ) LIMIT 1   [ RunTime:0.0003s ]
SQL: SELECT `type` FROM person as a INNER JOIN person_type as b ON b.id = a.type_id  WHERE ( type_id=2 ) LIMIT 1   [ RunTime:0.0003s ]

[ 2018-08-15T10:56:27+08:00 ] ::1 /myCode/poneBack/api/person/index
INFO: [ app_init ] --START--
INFO: Run Behavior\BuildLiteBehavior [ RunTime:0.000042s ]
INFO: [ app_init ] --END-- [ RunTime:0.002167s ]
INFO: [ app_begin ] --START--
INFO: Run Behavior\ReadHtmlCacheBehavior [ RunTime:0.001205s ]
INFO: [ app_begin ] --END-- [ RunTime:0.001298s ]
SQL: SHOW COLUMNS FROM `person` [ RunTime:0.1054s ]
SQL: SELECT a.*,b.name as user_name,b.head as user_head FROM person as a INNER JOIN user as b ON b.id = a.user_id   [ RunTime:0.0005s ]
SQL: SHOW COLUMNS FROM `user_person` [ RunTime:0.0157s ]
SQL: SELECT * FROM `user_person` WHERE `person_id` = 1 AND `user_id` = 58  [ RunTime:0.0005s ]
SQL: SELECT * FROM `user_person` WHERE `person_id` = 2 AND `user_id` = 58  [ RunTime:0.0003s ]
SQL: SELECT * FROM `user_person` WHERE `person_id` = 3 AND `user_id` = 58  [ RunTime:0.0003s ]
INFO: [ app_end ] --START--
INFO: Run Behavior\ShowPageTraceBehavior [ RunTime:0.001646s ]
INFO: [ app_end ] --END-- [ RunTime:0.001724s ]

[ 2018-08-15T10:56:37+08:00 ] ::1 /myCode/poneBack/api/PersonType/type
INFO: [ app_init ] --START--
INFO: Run Behavior\BuildLiteBehavior [ RunTime:0.000017s ]
INFO: [ app_init ] --END-- [ RunTime:0.000680s ]
INFO: [ app_begin ] --START--
INFO: Run Behavior\ReadHtmlCacheBehavior [ RunTime:0.001411s ]
INFO: [ app_begin ] --END-- [ RunTime:0.001501s ]
SQL: SHOW COLUMNS FROM `person` [ RunTime:0.1189s ]
SQL: SELECT * FROM person as a INNER JOIN person_type as b ON b.id = a.type_id  WHERE ( type_id=1 )  [ RunTime:0.0007s ]
SQL: SELECT * FROM person as a INNER JOIN person_type as b ON b.id = a.type_id  WHERE ( type_id=2 )  [ RunTime:0.0005s ]
SQL: SELECT `type` FROM person as a INNER JOIN person_type as b ON b.id = a.type_id  WHERE ( type_id=1 ) LIMIT 1   [ RunTime:0.0003s ]
SQL: SELECT `type` FROM person as a INNER JOIN person_type as b ON b.id = a.type_id  WHERE ( type_id=2 ) LIMIT 1   [ RunTime:0.0002s ]

[ 2018-08-15T10:56:37+08:00 ] ::1 /myCode/poneBack/api/person/index
INFO: [ app_init ] --START--
INFO: Run Behavior\BuildLiteBehavior [ RunTime:0.000027s ]
INFO: [ app_init ] --END-- [ RunTime:0.002048s ]
INFO: [ app_begin ] --START--
INFO: Run Behavior\ReadHtmlCacheBehavior [ RunTime:0.001672s ]
INFO: [ app_begin ] --END-- [ RunTime:0.001903s ]
SQL: SHOW COLUMNS FROM `person` [ RunTime:0.0928s ]
SQL: SELECT a.*,b.name as user_name,b.head as user_head FROM person as a INNER JOIN user as b ON b.id = a.user_id   [ RunTime:0.0005s ]
SQL: SHOW COLUMNS FROM `user_person` [ RunTime:0.0318s ]
SQL: SELECT * FROM `user_person` WHERE `person_id` = 1 AND `user_id` = 58  [ RunTime:0.0005s ]
SQL: SELECT * FROM `user_person` WHERE `person_id` = 2 AND `user_id` = 58  [ RunTime:0.0003s ]
SQL: SELECT * FROM `user_person` WHERE `person_id` = 3 AND `user_id` = 58  [ RunTime:0.0003s ]
INFO: [ app_end ] --START--
INFO: Run Behavior\ShowPageTraceBehavior [ RunTime:0.001208s ]
INFO: [ app_end ] --END-- [ RunTime:0.001274s ]

[ 2018-08-15T11:02:04+08:00 ] ::1 /myCode/poneBack/api/PersonType/type
INFO: [ app_init ] --START--
INFO: Run Behavior\BuildLiteBehavior [ RunTime:0.000018s ]
INFO: [ app_init ] --END-- [ RunTime:0.000834s ]
INFO: [ app_begin ] --START--
INFO: Run Behavior\ReadHtmlCacheBehavior [ RunTime:0.001640s ]
INFO: [ app_begin ] --END-- [ RunTime:0.001738s ]
SQL: SHOW COLUMNS FROM `person` [ RunTime:0.0393s ]
SQL: SELECT * FROM person as a INNER JOIN person_type as b ON b.id = a.type_id  WHERE ( type_id=1 )  [ RunTime:0.0006s ]
SQL: SELECT * FROM person as a INNER JOIN person_type as b ON b.id = a.type_id  WHERE ( type_id=2 )  [ RunTime:0.0005s ]
SQL: SELECT `type` FROM person as a INNER JOIN person_type as b ON b.id = a.type_id  WHERE ( type_id=1 ) LIMIT 1   [ RunTime:0.0004s ]
SQL: SELECT `type` FROM person as a INNER JOIN person_type as b ON b.id = a.type_id  WHERE ( type_id=2 ) LIMIT 1   [ RunTime:0.0012s ]

[ 2018-08-15T11:02:04+08:00 ] ::1 /myCode/poneBack/api/person/index
INFO: [ app_init ] --START--
INFO: Run Behavior\BuildLiteBehavior [ RunTime:0.000077s ]
INFO: [ app_init ] --END-- [ RunTime:0.002375s ]
INFO: [ app_begin ] --START--
INFO: Run Behavior\ReadHtmlCacheBehavior [ RunTime:0.001369s ]
INFO: [ app_begin ] --END-- [ RunTime:0.001476s ]
SQL: SHOW COLUMNS FROM `person` [ RunTime:0.0522s ]
SQL: SELECT a.*,b.name as user_name,b.head as user_head FROM person as a INNER JOIN user as b ON b.id = a.user_id   [ RunTime:0.0010s ]
SQL: SHOW COLUMNS FROM `user_person` [ RunTime:0.0141s ]
SQL: SELECT * FROM `user_person` WHERE `person_id` = 1 AND `user_id` = 58  [ RunTime:0.0005s ]
SQL: SELECT * FROM `user_person` WHERE `person_id` = 2 AND `user_id` = 58  [ RunTime:0.0003s ]
SQL: SELECT * FROM `user_person` WHERE `person_id` = 3 AND `user_id` = 58  [ RunTime:0.0004s ]
INFO: [ app_end ] --START--
INFO: Run Behavior\ShowPageTraceBehavior [ RunTime:0.001478s ]
INFO: [ app_end ] --END-- [ RunTime:0.001549s ]

[ 2018-08-15T11:02:16+08:00 ] ::1 /myCode/poneBack/api/PersonType/type
INFO: [ app_init ] --START--
INFO: Run Behavior\BuildLiteBehavior [ RunTime:0.000010s ]
INFO: [ app_init ] --END-- [ RunTime:0.000857s ]
INFO: [ app_begin ] --START--
INFO: Run Behavior\ReadHtmlCacheBehavior [ RunTime:0.000596s ]
INFO: [ app_begin ] --END-- [ RunTime:0.000631s ]
SQL: SHOW COLUMNS FROM `person` [ RunTime:0.0151s ]
SQL: SELECT * FROM person as a INNER JOIN person_type as b ON b.id = a.type_id  WHERE ( type_id=1 )  [ RunTime:0.0003s ]
SQL: SELECT * FROM person as a INNER JOIN person_type as b ON b.id = a.type_id  WHERE ( type_id=2 )  [ RunTime:0.0002s ]
SQL: SELECT `type` FROM person as a INNER JOIN person_type as b ON b.id = a.type_id  WHERE ( type_id=1 ) LIMIT 1   [ RunTime:0.0002s ]
SQL: SELECT `type` FROM person as a INNER JOIN person_type as b ON b.id = a.type_id  WHERE ( type_id=2 ) LIMIT 1   [ RunTime:0.0002s ]

[ 2018-08-15T11:02:16+08:00 ] ::1 /myCode/poneBack/api/person/index
INFO: [ app_init ] --START--
INFO: Run Behavior\BuildLiteBehavior [ RunTime:0.000010s ]
INFO: [ app_init ] --END-- [ RunTime:0.000497s ]
INFO: [ app_begin ] --START--
INFO: Run Behavior\ReadHtmlCacheBehavior [ RunTime:0.000836s ]
INFO: [ app_begin ] --END-- [ RunTime:0.000886s ]
SQL: SHOW COLUMNS FROM `person` [ RunTime:0.0176s ]
SQL: SELECT a.*,b.name as user_name,b.head as user_head FROM person as a INNER JOIN user as b ON b.id = a.user_id   [ RunTime:0.0004s ]
SQL: SHOW COLUMNS FROM `user_person` [ RunTime:0.0070s ]
SQL: SELECT * FROM `user_person` WHERE `person_id` = 1 AND `user_id` = 58  [ RunTime:0.0003s ]
SQL: SELECT * FROM `user_person` WHERE `person_id` = 2 AND `user_id` = 58  [ RunTime:0.0002s ]
SQL: SELECT * FROM `user_person` WHERE `person_id` = 3 AND `user_id` = 58  [ RunTime:0.0002s ]
INFO: [ app_end ] --START--
INFO: Run Behavior\ShowPageTraceBehavior [ RunTime:0.000745s ]
INFO: [ app_end ] --END-- [ RunTime:0.000779s ]

[ 2018-08-15T11:02:18+08:00 ] ::1 /myCode/poneBack/api/PersonType/type
INFO: [ app_init ] --START--
INFO: Run Behavior\BuildLiteBehavior [ RunTime:0.000019s ]
INFO: [ app_init ] --END-- [ RunTime:0.000696s ]
INFO: [ app_begin ] --START--
INFO: Run Behavior\ReadHtmlCacheBehavior [ RunTime:0.002262s ]
INFO: [ app_begin ] --END-- [ RunTime:0.002398s ]
SQL: SHOW COLUMNS FROM `person` [ RunTime:0.0199s ]
SQL: SELECT * FROM person as a INNER JOIN person_type as b ON b.id = a.type_id  WHERE ( type_id=1 )  [ RunTime:0.0045s ]
SQL: SELECT * FROM person as a INNER JOIN person_type as b ON b.id = a.type_id  WHERE ( type_id=2 )  [ RunTime:0.0006s ]
SQL: SELECT `type` FROM person as a INNER JOIN person_type as b ON b.id = a.type_id  WHERE ( type_id=1 ) LIMIT 1   [ RunTime:0.0003s ]
SQL: SELECT `type` FROM person as a INNER JOIN person_type as b ON b.id = a.type_id  WHERE ( type_id=2 ) LIMIT 1   [ RunTime:0.0004s ]

[ 2018-08-15T11:02:18+08:00 ] ::1 /myCode/poneBack/api/person/index
INFO: [ app_init ] --START--
INFO: Run Behavior\BuildLiteBehavior [ RunTime:0.000021s ]
INFO: [ app_init ] --END-- [ RunTime:0.001244s ]
INFO: [ app_begin ] --START--
INFO: Run Behavior\ReadHtmlCacheBehavior [ RunTime:0.001043s ]
INFO: [ app_begin ] --END-- [ RunTime:0.001153s ]
SQL: SHOW COLUMNS FROM `person` [ RunTime:0.0166s ]
SQL: SELECT a.*,b.name as user_name,b.head as user_head FROM person as a INNER JOIN user as b ON b.id = a.user_id   [ RunTime:0.0006s ]
SQL: SHOW COLUMNS FROM `user_person` [ RunTime:0.0163s ]
SQL: SELECT * FROM `user_person` WHERE `person_id` = 1 AND `user_id` = 58  [ RunTime:0.0003s ]
SQL: SELECT * FROM `user_person` WHERE `person_id` = 2 AND `user_id` = 58  [ RunTime:0.0003s ]
SQL: SELECT * FROM `user_person` WHERE `person_id` = 3 AND `user_id` = 58  [ RunTime:0.0003s ]
INFO: [ app_end ] --START--
INFO: Run Behavior\ShowPageTraceBehavior [ RunTime:0.000892s ]
INFO: [ app_end ] --END-- [ RunTime:0.000949s ]

[ 2018-08-15T11:10:35+08:00 ] ::1 /myCode/poneBack/api/PersonType/type
INFO: [ app_init ] --START--
INFO: Run Behavior\BuildLiteBehavior [ RunTime:0.000037s ]
INFO: [ app_init ] --END-- [ RunTime:0.001269s ]
INFO: [ app_begin ] --START--
INFO: Run Behavior\ReadHtmlCacheBehavior [ RunTime:0.000740s ]
INFO: [ app_begin ] --END-- [ RunTime:0.000810s ]
SQL: SHOW COLUMNS FROM `person` [ RunTime:0.0092s ]
SQL: SELECT * FROM person as a INNER JOIN person_type as b ON b.id = a.type_id  WHERE ( type_id=1 )  [ RunTime:0.0003s ]
SQL: SELECT * FROM person as a INNER JOIN person_type as b ON b.id = a.type_id  WHERE ( type_id=2 )  [ RunTime:0.0002s ]
SQL: SELECT `type` FROM person as a INNER JOIN person_type as b ON b.id = a.type_id  WHERE ( type_id=1 ) LIMIT 1   [ RunTime:0.0002s ]
SQL: SELECT `type` FROM person as a INNER JOIN person_type as b ON b.id = a.type_id  WHERE ( type_id=2 ) LIMIT 1   [ RunTime:0.0002s ]

[ 2018-08-15T11:10:35+08:00 ] ::1 /myCode/poneBack/api/person/index
INFO: [ app_init ] --START--
INFO: Run Behavior\BuildLiteBehavior [ RunTime:0.000025s ]
INFO: [ app_init ] --END-- [ RunTime:0.000665s ]
INFO: [ app_begin ] --START--
INFO: Run Behavior\ReadHtmlCacheBehavior [ RunTime:0.000743s ]
INFO: [ app_begin ] --END-- [ RunTime:0.000799s ]
SQL: SHOW COLUMNS FROM `person` [ RunTime:0.0153s ]
SQL: SELECT a.*,b.name as user_name,b.head as user_head FROM person as a INNER JOIN user as b ON b.id = a.user_id   [ RunTime:0.0005s ]
SQL: SHOW COLUMNS FROM `user_person` [ RunTime:0.0090s ]
SQL: SELECT * FROM `user_person` WHERE `person_id` = 1 AND `user_id` = 58  [ RunTime:0.0009s ]
SQL: SELECT * FROM `user_person` WHERE `person_id` = 2 AND `user_id` = 58  [ RunTime:0.0007s ]
SQL: SELECT * FROM `user_person` WHERE `person_id` = 3 AND `user_id` = 58  [ RunTime:0.0002s ]
INFO: [ app_end ] --START--
INFO: Run Behavior\ShowPageTraceBehavior [ RunTime:0.000713s ]
INFO: [ app_end ] --END-- [ RunTime:0.000753s ]

[ 2018-08-15T11:14:10+08:00 ] ::1 /myCode/poneBack/api/PersonType/type
INFO: [ app_init ] --START--
INFO: Run Behavior\BuildLiteBehavior [ RunTime:0.000018s ]
INFO: [ app_init ] --END-- [ RunTime:0.000845s ]
INFO: [ app_begin ] --START--
INFO: Run Behavior\ReadHtmlCacheBehavior [ RunTime:0.001066s ]
INFO: [ app_begin ] --END-- [ RunTime:0.001144s ]
SQL: SHOW COLUMNS FROM `person` [ RunTime:0.1140s ]
SQL: SELECT * FROM person as a INNER JOIN person_type as b ON b.id = a.type_id  WHERE ( type_id=1 )  [ RunTime:0.0005s ]
SQL: SELECT * FROM person as a INNER JOIN person_type as b ON b.id = a.type_id  WHERE ( type_id=2 )  [ RunTime:0.0002s ]
SQL: SELECT `type` FROM person as a INNER JOIN person_type as b ON b.id = a.type_id  WHERE ( type_id=1 ) LIMIT 1   [ RunTime:0.0002s ]
SQL: SELECT `type` FROM person as a INNER JOIN person_type as b ON b.id = a.type_id  WHERE ( type_id=2 ) LIMIT 1   [ RunTime:0.0003s ]

[ 2018-08-15T11:14:10+08:00 ] ::1 /myCode/poneBack/api/person/index
INFO: [ app_init ] --START--
INFO: Run Behavior\BuildLiteBehavior [ RunTime:0.000017s ]
INFO: [ app_init ] --END-- [ RunTime:0.000765s ]
INFO: [ app_begin ] --START--
INFO: Run Behavior\ReadHtmlCacheBehavior [ RunTime:0.001320s ]
INFO: [ app_begin ] --END-- [ RunTime:0.001405s ]
SQL: SHOW COLUMNS FROM `person` [ RunTime:0.1213s ]
SQL: SELECT a.*,b.name as user_name,b.head as user_head FROM person as a INNER JOIN user as b ON b.id = a.user_id   [ RunTime:0.0003s ]
SQL: SHOW COLUMNS FROM `user_person` [ RunTime:0.0095s ]
SQL: SELECT * FROM `user_person` WHERE `person_id` = 1 AND `user_id` = 58  [ RunTime:0.0004s ]
SQL: SELECT * FROM `user_person` WHERE `person_id` = 2 AND `user_id` = 58  [ RunTime:0.0002s ]
SQL: SELECT * FROM `user_person` WHERE `person_id` = 3 AND `user_id` = 58  [ RunTime:0.0002s ]
INFO: [ app_end ] --START--
INFO: Run Behavior\ShowPageTraceBehavior [ RunTime:0.000851s ]
INFO: [ app_end ] --END-- [ RunTime:0.000891s ]

[ 2018-08-15T11:14:19+08:00 ] ::1 /myCode/poneBack/api/PersonType/type
INFO: [ app_init ] --START--
INFO: Run Behavior\BuildLiteBehavior [ RunTime:0.000017s ]
INFO: [ app_init ] --END-- [ RunTime:0.000688s ]
INFO: [ app_begin ] --START--
INFO: Run Behavior\ReadHtmlCacheBehavior [ RunTime:0.001004s ]
INFO: [ app_begin ] --END-- [ RunTime:0.001084s ]
SQL: SHOW COLUMNS FROM `person` [ RunTime:0.0108s ]
SQL: SELECT * FROM person as a INNER JOIN person_type as b ON b.id = a.type_id  WHERE ( type_id=1 )  [ RunTime:0.0005s ]
SQL: SELECT * FROM person as a INNER JOIN person_type as b ON b.id = a.type_id  WHERE ( type_id=2 )  [ RunTime:0.0003s ]
SQL: SELECT `type` FROM person as a INNER JOIN person_type as b ON b.id = a.type_id  WHERE ( type_id=1 ) LIMIT 1   [ RunTime:0.0003s ]
SQL: SELECT `type` FROM person as a INNER JOIN person_type as b ON b.id = a.type_id  WHERE ( type_id=2 ) LIMIT 1   [ RunTime:0.0002s ]

[ 2018-08-15T11:14:19+08:00 ] ::1 /myCode/poneBack/api/person/index
INFO: [ app_init ] --START--
INFO: Run Behavior\BuildLiteBehavior [ RunTime:0.000018s ]
INFO: [ app_init ] --END-- [ RunTime:0.000782s ]
INFO: [ app_begin ] --START--
INFO: Run Behavior\ReadHtmlCacheBehavior [ RunTime:0.001044s ]
INFO: [ app_begin ] --END-- [ RunTime:0.001150s ]
SQL: SHOW COLUMNS FROM `person` [ RunTime:0.0104s ]
SQL: SELECT a.*,b.name as user_name,b.head as user_head FROM person as a INNER JOIN user as b ON b.id = a.user_id   [ RunTime:0.0005s ]
SQL: SHOW COLUMNS FROM `user_person` [ RunTime:0.0229s ]
SQL: SELECT * FROM `user_person` WHERE `person_id` = 1 AND `user_id` = 58  [ RunTime:0.0002s ]
SQL: SELECT * FROM `user_person` WHERE `person_id` = 2 AND `user_id` = 58  [ RunTime:0.0002s ]
SQL: SELECT * FROM `user_person` WHERE `person_id` = 3 AND `user_id` = 58  [ RunTime:0.0002s ]
INFO: [ app_end ] --START--
INFO: Run Behavior\ShowPageTraceBehavior [ RunTime:0.000827s ]
INFO: [ app_end ] --END-- [ RunTime:0.000871s ]

[ 2018-08-15T11:20:30+08:00 ] ::1 /myCode/poneBack/api/PersonType/type
INFO: [ app_init ] --START--
INFO: Run Behavior\BuildLiteBehavior [ RunTime:0.000017s ]
INFO: [ app_init ] --END-- [ RunTime:0.000663s ]
INFO: [ app_begin ] --START--
INFO: Run Behavior\ReadHtmlCacheBehavior [ RunTime:0.000940s ]
INFO: [ app_begin ] --END-- [ RunTime:0.001010s ]
SQL: SHOW COLUMNS FROM `person` [ RunTime:0.0416s ]
SQL: SELECT * FROM person as a INNER JOIN person_type as b ON b.id = a.type_id  WHERE ( type_id=1 )  [ RunTime:0.0003s ]
SQL: SELECT * FROM person as a INNER JOIN person_type as b ON b.id = a.type_id  WHERE ( type_id=2 )  [ RunTime:0.0002s ]
SQL: SELECT `type` FROM person as a INNER JOIN person_type as b ON b.id = a.type_id  WHERE ( type_id=1 ) LIMIT 1   [ RunTime:0.0002s ]
SQL: SELECT `type` FROM person as a INNER JOIN person_type as b ON b.id = a.type_id  WHERE ( type_id=2 ) LIMIT 1   [ RunTime:0.0003s ]

 Behavior\ShowPageTraceBehavior [ RunTime:0.000836s ]
INFO: [ app_end ] --END-- [ RunTime:0.000875s ]

[ 2018-08-15T11:20:36+08:00 ] ::1 /myCode/poneBack/api/person/index
INFO: [ app_init ] --START--
INFO: Run Behavior\BuildLiteBehavior [ RunTime:0.000018s ]
INFO: [ app_init ] --END-- [ RunTime:0.000403s ]
INFO: [ app_begin ] --START--
INFO: Run Behavior\ReadHtmlCacheBehavior [ RunTime:0.001336s ]
INFO: [ app_begin ] --END-- [ RunTime:0.001397s ]
SQL: SHOW COLUMNS FROM `person` [ RunTime:0.0107s ]
SQL: SELECT a.*,b.name as user_name,b.head as user_head FROM person as a INNER JOIN user as b ON b.id = a.user_id   [ RunTime:0.0003s ]
SQL: SHOW COLUMNS FROM `user_person` [ RunTime:0.0186s ]
SQL: SELECT * FROM `user_person` WHERE `person_id` = 1 AND `user_id` = 58  [ RunTime:0.0002s ]
SQL: SELECT * FROM `user_person` WHERE `person_id` = 2 AND `user_id` = 58  [ RunTime:0.0002s ]
SQL: SELECT * FROM `user_person` WHERE `person_id` = 3 AND `user_id` = 58  [ RunTime:0.0002s ]
INFO: [ app_end ] --START--
INFO: Run Behavior\ShowPageTraceBehavior [ RunTime:0.000769s ]
INFO: [ app_end ] --END-- [ RunTime:0.000810s ]

[ 2018-08-15T11:20:36+08:00 ] ::1 /myCode/poneBack/api/PersonType/type
INFO: [ app_init ] --START--
INFO: Run Behavior\BuildLiteBehavior [ RunTime:0.000011s ]
INFO: [ app_init ] --END-- [ RunTime:0.000430s ]
INFO: [ app_begin ] --START--
INFO: Run Behavior\ReadHtmlCacheBehavior [ RunTime:0.001242s ]
INFO: [ app_begin ] --END-- [ RunTime:0.001297s ]
SQL: SHOW COLUMNS FROM `person` [ RunTime:0.0080s ]
SQL: SELECT * FROM person as a INNER JOIN person_type as b ON b.id = a.type_id  WHERE ( type_id=1 )  [ RunTime:0.0014s ]
SQL: SELECT * FROM person as a INNER JOIN person_type as b ON b.id = a.type_id  WHERE ( type_id=2 )  [ RunTime:0.0019s ]
SQL: SELECT `type` FROM person as a INNER JOIN person_type as b ON b.id = a.type_id  WHERE ( type_id=1 ) LIMIT 1   [ RunTime:0.0003s ]
SQL: SELECT `type` FROM person as a INNER JOIN person_type as b ON b.id = a.type_id  WHERE ( type_id=2 ) LIMIT 1   [ RunTime:0.0002s ]

[ 2018-08-15T11:31:08+08:00 ] ::1 /myCode/poneBack/api/PersonType/type
INFO: [ app_init ] --START--
INFO: Run Behavior\BuildLiteBehavior [ RunTime:0.000011s ]
INFO: [ app_init ] --END-- [ RunTime:0.000532s ]
INFO: [ app_begin ] --START--
INFO: Run Behavior\ReadHtmlCacheBehavior [ RunTime:0.000904s ]
INFO: [ app_begin ] --END-- [ RunTime:0.000996s ]
SQL: SHOW COLUMNS FROM `person` [ RunTime:0.1510s ]
SQL: SELECT * FROM person as a INNER JOIN person_type as b ON b.id = a.type_id  WHERE ( type_id=1 )  [ RunTime:0.0012s ]
SQL: SELECT * FROM person as a INNER JOIN person_type as b ON b.id = a.type_id  WHERE ( type_id=2 )  [ RunTime:0.0010s ]
SQL: SELECT `type` FROM person as a INNER JOIN person_type as b ON b.id = a.type_id  WHERE ( type_id=1 ) LIMIT 1   [ RunTime:0.0009s ]
SQL: SELECT `type` FROM person as a INNER JOIN person_type as b ON b.id = a.type_id  WHERE ( type_id=2 ) LIMIT 1   [ RunTime:0.0009s ]

[ 2018-08-15T11:31:08+08:00 ] ::1 /myCode/poneBack/api/person/index
INFO: [ app_init ] --START--
INFO: Run Behavior\BuildLiteBehavior [ RunTime:0.000021s ]
INFO: [ app_init ] --END-- [ RunTime:0.000727s ]
INFO: [ app_begin ] --START--
INFO: Run Behavior\ReadHtmlCacheBehavior [ RunTime:0.001134s ]
INFO: [ app_begin ] --END-- [ RunTime:0.001223s ]
SQL: SHOW COLUMNS FROM `person` [ RunTime:0.0137s ]
SQL: SELECT a.*,b.name as user_name,b.head as user_head FROM person as a INNER JOIN user as b ON b.id = a.user_id   [ RunTime:0.0005s ]
SQL: SHOW COLUMNS FROM `user_person` [ RunTime:0.1508s ]
SQL: SELECT * FROM `user_person` WHERE `person_id` = 1 AND `user_id` = 58  [ RunTime:0.0008s ]
SQL: SELECT * FROM `user_person` WHERE `person_id` = 2 AND `user_id` = 58  [ RunTime:0.0009s ]
SQL: SELECT * FROM `user_person` WHERE `person_id` = 3 AND `user_id` = 58  [ RunTime:0.0009s ]
INFO: [ app_end ] --START--
INFO: Run Behavior\ShowPageTraceBehavior [ RunTime:0.003233s ]
INFO: [ app_end ] --END-- [ RunTime:0.003405s ]

[ 2018-08-15T11:34:03+08:00 ] ::1 /myCode/poneBack/api/person/index
INFO: [ app_init ] --START--
INFO: Run Behavior\BuildLiteBehavior [ RunTime:0.000023s ]
INFO: [ app_init ] --END-- [ RunTime:0.000502s ]
INFO: [ app_begin ] --START--
INFO: Run Behavior\ReadHtmlCacheBehavior [ RunTime:0.000666s ]
INFO: [ app_begin ] --END-- [ RunTime:0.000710s ]
SQL: SHOW COLUMNS FROM `person` [ RunTime:0.0087s ]
SQL: SELECT a.*,b.name as user_name,b.head as user_head FROM person as a INNER JOIN user as b ON b.id = a.user_id   [ RunTime:0.0005s ]
SQL: SHOW COLUMNS FROM `user_person` [ RunTime:0.0088s ]
SQL: SELECT * FROM `user_person` WHERE `person_id` = 1 AND `user_id` = 58  [ RunTime:0.0003s ]
SQL: SELECT * FROM `user_person` WHERE `person_id` = 2 AND `user_id` = 58  [ RunTime:0.0025s ]
SQL: SELECT * FROM `user_person` WHERE `person_id` = 3 AND `user_id` = 58  [ RunTime:0.0002s ]
INFO: [ app_end ] --START--
INFO: Run Behavior\ShowPageTraceBehavior [ RunTime:0.001319s ]
INFO: [ app_end ] --END-- [ RunTime:0.001370s ]

[ 2018-08-15T11:34:56+08:00 ] ::1 /myCode/poneBack/api/PersonType/type
INFO: [ app_init ] --START--
INFO: Run Behavior\BuildLiteBehavior [ RunTime:0.000012s ]
INFO: [ app_init ] --END-- [ RunTime:0.000518s ]
INFO: [ app_begin ] --START--
INFO: Run Behavior\ReadHtmlCacheBehavior [ RunTime:0.000726s ]
INFO: [ app_begin ] --END-- [ RunTime:0.000769s ]
SQL: SHOW COLUMNS FROM `person` [ RunTime:0.0404s ]
SQL: SELECT * FROM person as a INNER JOIN person_type as b ON b.id = a.type_id  WHERE ( type_id=1 )  [ RunTime:0.0014s ]
SQL: SELECT * FROM person as a INNER JOIN person_type as b ON b.id = a.type_id  WHERE ( type_id=2 )  [ RunTime:0.0006s ]
SQL: SELECT `type` FROM person as a INNER JOIN person_type as b ON b.id = a.type_id  WHERE ( type_id=1 ) LIMIT 1   [ RunTime:0.0002s ]
SQL: SELECT `type` FROM person as a INNER JOIN person_type as b ON b.id = a.type_id  WHERE ( type_id=2 ) LIMIT 1   [ RunTime:0.0002s ]

[ 2018-08-15T11:34:56+08:00 ] ::1 /myCode/poneBack/api/person/index
INFO: [ app_init ] --START--
INFO: Run Behavior\BuildLiteBehavior [ RunTime:0.000011s ]
INFO: [ app_init ] --END-- [ RunTime:0.000400s ]
INFO: [ app_begin ] --START--
INFO: Run Behavior\ReadHtmlCacheBehavior [ RunTime:0.002385s ]
INFO: [ app_begin ] --END-- [ RunTime:0.002480s ]
SQL: SHOW COLUMNS FROM `person` [ RunTime:0.0111s ]
SQL: SELECT a.*,b.name as user_name,b.head as user_head FROM person as a INNER JOIN user as b ON b.id = a.user_id   [ RunTime:0.0005s ]
SQL: SHOW COLUMNS FROM `user_person` [ RunTime:0.0405s ]
SQL: SELECT * FROM `user_person` WHERE `person_id` = 1 AND `user_id` = 58  [ RunTime:0.0005s ]
SQL: SELECT * FROM `user_person` WHERE `person_id` = 2 AND `user_id` = 58  [ RunTime:0.0002s ]
SQL: SELECT * FROM `user_person` WHERE `person_id` = 3 AND `user_id` = 58  [ RunTime:0.0001s ]
INFO: [ app_end ] --START--
INFO: Run Behavior\ShowPageTraceBehavior [ RunTime:0.000652s ]
INFO: [ app_end ] --END-- [ RunTime:0.000683s ]

[ 2018-08-15T11:35:07+08:00 ] ::1 /myCode/poneBack/api/person/index
INFO: [ app_init ] --START--
INFO: Run Behavior\BuildLiteBehavior [ RunTime:0.000062s ]
INFO: [ app_init ] --END-- [ RunTime:0.001128s ]
INFO: [ app_begin ] --START--
INFO: Run Behavior\ReadHtmlCacheBehavior [ RunTime:0.000931s ]
INFO: [ app_begin ] --END-- [ RunTime:0.000998s ]
SQL: SHOW COLUMNS FROM `person` [ RunTime:0.0094s ]
SQL: SELECT a.*,b.name as user_name,b.head as user_head FROM person as a INNER JOIN user as b ON b.id = a.user_id   [ RunTime:0.0004s ]
SQL: SHOW COLUMNS FROM `user_person` [ RunTime:0.0138s ]
SQL: SELECT * FROM `user_person` WHERE `person_id` = 1 AND `user_id` = 58  [ RunTime:0.0003s ]
SQL: SELECT * FROM `user_person` WHERE `person_id` = 2 AND `user_id` = 58  [ RunTime:0.0002s ]
SQL: SELECT * FROM `user_person` WHERE `person_id` = 3 AND `user_id` = 58  [ RunTime:0.0002s ]
INFO: [ app_end ] --START--
INFO: Run Behavior\ShowPageTraceBehavior [ RunTime:0.001661s ]
INFO: [ app_end ] --END-- [ RunTime:0.001707s ]

[ 2018-08-15T11:35:07+08:00 ] ::1 /myCode/poneBack/api/PersonType/type
INFO: [ app_init ] --START--
INFO: Run Behavior\BuildLiteBehavior [ RunTime:0.000014s ]
INFO: [ app_init ] --END-- [ RunTime:0.000573s ]
INFO: [ app_begin ] --START--
INFO: Run Behavior\ReadHtmlCacheBehavior [ RunTime:0.000611s ]
INFO: [ app_begin ] --END-- [ RunTime:0.000652s ]
SQL: SHOW COLUMNS FROM `person` [ RunTime:0.0100s ]
SQL: SELECT * FROM person as a INNER JOIN person_type as b ON b.id = a.type_id  WHERE ( type_id=1 )  [ RunTime:0.0003s ]
SQL: SELECT * FROM person as a INNER JOIN person_type as b ON b.id = a.type_id  WHERE ( type_id=2 )  [ RunTime:0.0002s ]
SQL: SELECT `type` FROM person as a INNER JOIN person_type as b ON b.id = a.type_id  WHERE ( type_id=1 ) LIMIT 1   [ RunTime:0.0002s ]
SQL: SELECT `type` FROM person as a INNER JOIN person_type as b ON b.id = a.type_id  WHERE ( type_id=2 ) LIMIT 1   [ RunTime:0.0002s ]

