[ 2018-03-23T16:59:09+08:00 ] ::1 /myCode/poneBack/api/homePage/index
INFO: [ app_init ] --START--
INFO: Run Behavior\BuildLiteBehavior [ RunTime:0.000020s ]
INFO: [ app_init ] --END-- [ RunTime:0.000956s ]
INFO: [ app_begin ] --START--
INFO: Run Behavior\ReadHtmlCacheBehavior [ RunTime:0.001803s ]
INFO: [ app_begin ] --END-- [ RunTime:0.001879s ]
SQL: SHOW COLUMNS FROM `hp_lbt` [ RunTime:0.0093s ]
SQL: SELECT * FROM `hp_lbt` LIMIT 2   [ RunTime:0.0147s ]

[ 2018-03-23T16:59:13+08:00 ] ::1 /myCode/poneBack/api/login/index
INFO: [ app_init ] --START--
INFO: Run Behavior\BuildLiteBehavior [ RunTime:0.000009s ]
INFO: [ app_init ] --END-- [ RunTime:0.000629s ]
INFO: [ app_begin ] --START--
INFO: Run Behavior\ReadHtmlCacheBehavior [ RunTime:0.000770s ]
INFO: [ app_begin ] --END-- [ RunTime:0.000812s ]
SQL: SHOW COLUMNS FROM `user` [ RunTime:0.0085s ]
SQL: SELECT * FROM `user` WHERE `name` = '1' AND `password` = '1'  [ RunTime:0.0004s ]

[ 2018-03-23T16:59:56+08:00 ] ::1 /myCode/poneBack/api/login/index
INFO: [ app_init ] --START--
INFO: Run Behavior\BuildLiteBehavior [ RunTime:0.000011s ]
INFO: [ app_init ] --END-- [ RunTime:0.000784s ]
INFO: [ app_begin ] --START--
INFO: Run Behavior\ReadHtmlCacheBehavior [ RunTime:0.000961s ]
INFO: [ app_begin ] --END-- [ RunTime:0.001028s ]
SQL: SHOW COLUMNS FROM `user` [ RunTime:0.0076s ]
SQL: SELECT * FROM `user` WHERE `name` = '1' AND `password` = '1'  [ RunTime:0.0003s ]

[ 2018-03-23T17:00:18+08:00 ] ::1 /myCode/poneBack/api/login/index
INFO: [ app_init ] --START--
INFO: Run Behavior\BuildLiteBehavior [ RunTime:0.000011s ]
INFO: [ app_init ] --END-- [ RunTime:0.000748s ]
INFO: [ app_begin ] --START--
INFO: Run Behavior\ReadHtmlCacheBehavior [ RunTime:0.000830s ]
INFO: [ app_begin ] --END-- [ RunTime:0.000898s ]
SQL: SHOW COLUMNS FROM `user` [ RunTime:0.0121s ]
SQL: SELECT * FROM `user` WHERE `name` = '123' AND `password` = '123'  [ RunTime:0.0003s ]

[ 2018-03-23T17:02:52+08:00 ] ::1 /myCode/poneBack/api/login/index
INFO: [ app_init ] --START--
INFO: Run Behavior\BuildLiteBehavior [ RunTime:0.000035s ]
INFO: [ app_init ] --END-- [ RunTime:0.001170s ]
INFO: [ app_begin ] --START--
INFO: Run Behavior\ReadHtmlCacheBehavior [ RunTime:0.001304s ]
INFO: [ app_begin ] --END-- [ RunTime:0.001378s ]
SQL: SHOW COLUMNS FROM `user` [ RunTime:0.0081s ]
SQL: SELECT * FROM `user` WHERE `name` = '' AND `password` = ''  [ RunTime:0.0003s ]

[ 2018-03-23T17:03:08+08:00 ] ::1 /myCode/poneBack/api/login/index
INFO: [ app_init ] --START--
INFO: Run Behavior\BuildLiteBehavior [ RunTime:0.000010s ]
INFO: [ app_init ] --END-- [ RunTime:0.000669s ]
INFO: [ app_begin ] --START--
INFO: Run Behavior\ReadHtmlCacheBehavior [ RunTime:0.002181s ]
INFO: [ app_begin ] --END-- [ RunTime:0.002352s ]
SQL: SHOW COLUMNS FROM `user` [ RunTime:0.0079s ]
SQL: SELECT * FROM `user` WHERE `name` = '' AND `password` = ''  [ RunTime:0.0003s ]

[ 2018-03-23T17:05:11+08:00 ] ::1 /myCode/poneBack/api/login/index
INFO: [ app_init ] --START--
INFO: Run Behavior\BuildLiteBehavior [ RunTime:0.000026s ]
INFO: [ app_init ] --END-- [ RunTime:0.054358s ]
INFO: [ app_begin ] --START--
INFO: Run Behavior\ReadHtmlCacheBehavior [ RunTime:0.002981s ]
INFO: [ app_begin ] --END-- [ RunTime:0.003107s ]
SQL: SHOW COLUMNS FROM `user` [ RunTime:0.0180s ]
SQL: SELECT * FROM `user` WHERE `name` = '' AND `password` = ''  [ RunTime:0.0033s ]

[ 2018-03-23T17:05:12+08:00 ] ::1 /myCode/poneBack/api/homePage/index
INFO: [ app_init ] --START--
INFO: Run Behavior\BuildLiteBehavior [ RunTime:0.000025s ]
INFO: [ app_init ] --END-- [ RunTime:0.001272s ]
INFO: [ app_begin ] --START--
INFO: Run Behavior\ReadHtmlCacheBehavior [ RunTime:0.001638s ]
INFO: [ app_begin ] --END-- [ RunTime:0.001746s ]
SQL: SHOW COLUMNS FROM `hp_lbt` [ RunTime:0.0944s ]
SQL: SELECT * FROM `hp_lbt` LIMIT 2   [ RunTime:0.0007s ]

[ 2018-03-23T17:07:44+08:00 ] ::1 /myCode/poneBack/api/login/index
INFO: [ app_init ] --START--
INFO: Run Behavior\BuildLiteBehavior [ RunTime:0.000015s ]
INFO: [ app_init ] --END-- [ RunTime:0.000887s ]
INFO: [ app_begin ] --START--
INFO: Run Behavior\ReadHtmlCacheBehavior [ RunTime:0.001079s ]
INFO: [ app_begin ] --END-- [ RunTime:0.001129s ]
SQL: SHOW COLUMNS FROM `user` [ RunTime:0.0096s ]
SQL: SELECT * FROM `user` WHERE `name` = '' AND `password` = ''  [ RunTime:0.0007s ]

[ 2018-03-23T17:07:45+08:00 ] ::1 /myCode/poneBack/api/homePage/index
INFO: [ app_init ] --START--
INFO: Run Behavior\BuildLiteBehavior [ RunTime:0.000020s ]
INFO: [ app_init ] --END-- [ RunTime:0.000855s ]
INFO: [ app_begin ] --START--
INFO: Run Behavior\ReadHtmlCacheBehavior [ RunTime:0.000995s ]
INFO: [ app_begin ] --END-- [ RunTime:0.001066s ]
SQL: SHOW COLUMNS FROM `hp_lbt` [ RunTime:0.0797s ]
SQL: SELECT * FROM `hp_lbt` LIMIT 2   [ RunTime:0.0005s ]

[ 2018-03-23T17:07:58+08:00 ] ::1 /myCode/poneBack/api/login/index
INFO: [ app_init ] --START--
INFO: Run Behavior\BuildLiteBehavior [ RunTime:0.000014s ]
INFO: [ app_init ] --END-- [ RunTime:0.001076s ]
INFO: [ app_begin ] --START--
INFO: Run Behavior\ReadHtmlCacheBehavior [ RunTime:0.001049s ]
INFO: [ app_begin ] --END-- [ RunTime:0.001098s ]
SQL: SHOW COLUMNS FROM `user` [ RunTime:0.0084s ]
SQL: SELECT * FROM `user` WHERE `name` = '' AND `password` = ''  [ RunTime:0.0003s ]

[ 2018-03-23T17:08:03+08:00 ] ::1 /myCode/poneBack/api/login/index
INFO: [ app_init ] --START--
INFO: Run Behavior\BuildLiteBehavior [ RunTime:0.000012s ]
INFO: [ app_init ] --END-- [ RunTime:0.000761s ]
INFO: [ app_begin ] --START--
INFO: Run Behavior\ReadHtmlCacheBehavior [ RunTime:0.000763s ]
INFO: [ app_begin ] --END-- [ RunTime:0.000809s ]
SQL: SHOW COLUMNS FROM `user` [ RunTime:0.0086s ]
SQL: SELECT * FROM `user` WHERE `name` = '123' AND `password` = '123'  [ RunTime:0.0003s ]

[ 2018-03-23T17:08:03+08:00 ] ::1 /myCode/poneBack/api/homePage/index
INFO: [ app_init ] --START--
INFO: Run Behavior\BuildLiteBehavior [ RunTime:0.000009s ]
INFO: [ app_init ] --END-- [ RunTime:0.000662s ]
INFO: [ app_begin ] --START--
INFO: Run Behavior\ReadHtmlCacheBehavior [ RunTime:0.000826s ]
INFO: [ app_begin ] --END-- [ RunTime:0.000871s ]
SQL: SHOW COLUMNS FROM `hp_lbt` [ RunTime:0.0085s ]
SQL: SELECT * FROM `hp_lbt` LIMIT 2   [ RunTime:0.0002s ]

[ 2018-03-23T17:14:16+08:00 ] ::1 /myCode/poneBack/api/homePage/index
INFO: [ app_init ] --START--
INFO: Run Behavior\BuildLiteBehavior [ RunTime:0.000010s ]
INFO: [ app_init ] --END-- [ RunTime:0.000739s ]
INFO: [ app_begin ] --START--
INFO: Run Behavior\ReadHtmlCacheBehavior [ RunTime:0.001040s ]
INFO: [ app_begin ] --END-- [ RunTime:0.001109s ]
SQL: SHOW COLUMNS FROM `hp_lbt` [ RunTime:0.0108s ]
SQL: SELECT * FROM `hp_lbt` LIMIT 2   [ RunTime:0.0003s ]

[ 2018-03-23T17:14:23+08:00 ] ::1 /myCode/poneBack/api/homePage/index
INFO: [ app_init ] --START--
INFO: Run Behavior\BuildLiteBehavior [ RunTime:0.000019s ]
INFO: [ app_init ] --END-- [ RunTime:0.001233s ]
INFO: [ app_begin ] --START--
INFO: Run Behavior\ReadHtmlCacheBehavior [ RunTime:0.001907s ]
INFO: [ app_begin ] --END-- [ RunTime:0.002004s ]
SQL: SHOW COLUMNS FROM `hp_lbt` [ RunTime:0.0151s ]
SQL: SELECT * FROM `hp_lbt` LIMIT 2   [ RunTime:0.0002s ]

[ 2018-03-23T17:16:40+08:00 ] ::1 /myCode/poneBack/api/homePage/index
INFO: [ app_init ] --START--
INFO: Run Behavior\BuildLiteBehavior [ RunTime:0.000014s ]
INFO: [ app_init ] --END-- [ RunTime:0.000922s ]
INFO: [ app_begin ] --START--
INFO: Run Behavior\ReadHtmlCacheBehavior [ RunTime:0.001053s ]
INFO: [ app_begin ] --END-- [ RunTime:0.001093s ]
SQL: SHOW COLUMNS FROM `hp_lbt` [ RunTime:0.0081s ]
SQL: SELECT * FROM `hp_lbt` LIMIT 2   [ RunTime:0.0003s ]

[ 2018-03-23T17:16:40+08:00 ] ::1 /myCode/poneBack/api/homePage/index
INFO: [ app_init ] --START--
INFO: Run Behavior\BuildLiteBehavior [ RunTime:0.000010s ]
INFO: [ app_init ] --END-- [ RunTime:0.000922s ]
INFO: [ app_begin ] --START--
INFO: Run Behavior\ReadHtmlCacheBehavior [ RunTime:0.001056s ]
INFO: [ app_begin ] --END-- [ RunTime:0.001101s ]
SQL: SHOW COLUMNS FROM `hp_lbt` [ RunTime:0.0083s ]
SQL: SELECT * FROM `hp_lbt` LIMIT 2   [ RunTime:0.0004s ]

[ 2018-03-23T17:18:12+08:00 ] ::1 /myCode/poneBack/api/homePage/index
INFO: [ app_init ] --START--
INFO: Run Behavior\BuildLiteBehavior [ RunTime:0.000012s ]
INFO: [ app_init ] --END-- [ RunTime:0.000846s ]
INFO: [ app_begin ] --START--
INFO: Run Behavior\ReadHtmlCacheBehavior [ RunTime:0.001515s ]
INFO: [ app_begin ] --END-- [ RunTime:0.001627s ]
SQL: SHOW COLUMNS FROM `hp_lbt` [ RunTime:0.0233s ]
SQL: SELECT * FROM `hp_lbt` LIMIT 2   [ RunTime:0.0003s ]

[ 2018-03-23T17:18:12+08:00 ] ::1 /myCode/poneBack/api/homePage/index
INFO: [ app_init ] --START--
INFO: Run Behavior\BuildLiteBehavior [ RunTime:0.000027s ]
INFO: [ app_init ] --END-- [ RunTime:0.001531s ]
INFO: [ app_begin ] --START--
INFO: Run Behavior\ReadHtmlCacheBehavior [ RunTime:0.001323s ]
INFO: [ app_begin ] --END-- [ RunTime:0.001416s ]
SQL: SHOW COLUMNS FROM `hp_lbt` [ RunTime:0.0175s ]
SQL: SELECT * FROM `hp_lbt` LIMIT 2   [ RunTime:0.0003s ]

[ 2018-03-23T17:18:12+08:00 ] ::1 /myCode/poneBack/api/homePage/index
INFO: [ app_init ] --START--
INFO: Run Behavior\BuildLiteBehavior [ RunTime:0.000012s ]
INFO: [ app_init ] --END-- [ RunTime:0.000860s ]
INFO: [ app_begin ] --START--
INFO: Run Behavior\ReadHtmlCacheBehavior [ RunTime:0.001364s ]
INFO: [ app_begin ] --END-- [ RunTime:0.001446s ]
SQL: SHOW COLUMNS FROM `hp_lbt` [ RunTime:0.0091s ]
SQL: SELECT * FROM `hp_lbt` LIMIT 2   [ RunTime:0.0003s ]

[ 2018-03-23T17:18:12+08:00 ] ::1 /myCode/poneBack/api/homePage/index
INFO: [ app_init ] --START--
INFO: Run Behavior\BuildLiteBehavior [ RunTime:0.000012s ]
INFO: [ app_init ] --END-- [ RunTime:0.000654s ]
INFO: [ app_begin ] --START--
INFO: Run Behavior\ReadHtmlCacheBehavior [ RunTime:0.001007s ]
INFO: [ app_begin ] --END-- [ RunTime:0.001084s ]
SQL: SHOW COLUMNS FROM `hp_lbt` [ RunTime:0.0108s ]
SQL: SELECT * FROM `hp_lbt` LIMIT 2   [ RunTime:0.0004s ]

[ 2018-03-23T17:23:20+08:00 ] ::1 /myCode/poneBack/api/homePage/index
INFO: [ app_init ] --START--
INFO: Run Behavior\BuildLiteBehavior [ RunTime:0.000020s ]
INFO: [ app_init ] --END-- [ RunTime:0.000977s ]
INFO: [ app_begin ] --START--
INFO: Run Behavior\ReadHtmlCacheBehavior [ RunTime:0.002416s ]
INFO: [ app_begin ] --END-- [ RunTime:0.002908s ]
SQL: SHOW COLUMNS FROM `hp_lbt` [ RunTime:0.0159s ]
SQL: SELECT * FROM `hp_lbt` LIMIT 2   [ RunTime:0.0012s ]

[ 2018-03-23T17:23:20+08:00 ] ::1 /myCode/poneBack/api/homePage/index
INFO: [ app_init ] --START--
INFO: Run Behavior\BuildLiteBehavior [ RunTime:0.000016s ]
INFO: [ app_init ] --END-- [ RunTime:0.001209s ]
INFO: [ app_begin ] --START--
INFO: Run Behavior\ReadHtmlCacheBehavior [ RunTime:0.003216s ]
INFO: [ app_begin ] --END-- [ RunTime:0.003329s ]
SQL: SHOW COLUMNS FROM `hp_lbt` [ RunTime:0.0198s ]
SQL: SELECT * FROM `hp_lbt` LIMIT 2   [ RunTime:0.0005s ]

[ 2018-03-23T17:23:22+08:00 ] ::1 /myCode/poneBack/api/homePage/index
INFO: [ app_init ] --START--
INFO: Run Behavior\BuildLiteBehavior [ RunTime:0.000013s ]
INFO: [ app_init ] --END-- [ RunTime:0.000737s ]
INFO: [ app_begin ] --START--
INFO: Run Behavior\ReadHtmlCacheBehavior [ RunTime:0.000759s ]
INFO: [ app_begin ] --END-- [ RunTime:0.000811s ]
SQL: SHOW COLUMNS FROM `hp_lbt` [ RunTime:0.0129s ]
SQL: SELECT * FROM `hp_lbt` LIMIT 2   [ RunTime:0.0003s ]

[ 2018-03-23T17:23:22+08:00 ] ::1 /myCode/poneBack/api/homePage/index
INFO: [ app_init ] --START--
INFO: Run Behavior\BuildLiteBehavior [ RunTime:0.000017s ]
INFO: [ app_init ] --END-- [ RunTime:0.000850s ]
INFO: [ app_begin ] --START--
INFO: Run Behavior\ReadHtmlCacheBehavior [ RunTime:0.001432s ]
INFO: [ app_begin ] --END-- [ RunTime:0.001519s ]
SQL: SHOW COLUMNS FROM `hp_lbt` [ RunTime:0.0077s ]
SQL: SELECT * FROM `hp_lbt` LIMIT 2   [ RunTime:0.0002s ]

[ 2018-03-23T17:24:53+08:00 ] ::1 /myCode/poneBack/api/homePage/index
INFO: [ app_init ] --START--
INFO: Run Behavior\BuildLiteBehavior [ RunTime:0.000012s ]
INFO: [ app_init ] --END-- [ RunTime:0.000894s ]
INFO: [ app_begin ] --START--
INFO: Run Behavior\ReadHtmlCacheBehavior [ RunTime:0.001813s ]
INFO: [ app_begin ] --END-- [ RunTime:0.002029s ]
SQL: SHOW COLUMNS FROM `hp_lbt` [ RunTime:0.0122s ]
SQL: SELECT * FROM `hp_lbt` LIMIT 2   [ RunTime:0.0003s ]

[ 2018-03-23T17:24:54+08:00 ] ::1 /myCode/poneBack/api/homePage/index
INFO: [ app_init ] --START--
INFO: Run Behavior\BuildLiteBehavior [ RunTime:0.000022s ]
INFO: [ app_init ] --END-- [ RunTime:0.000930s ]
INFO: [ app_begin ] --START--
INFO: Run Behavior\ReadHtmlCacheBehavior [ RunTime:0.000867s ]
INFO: [ app_begin ] --END-- [ RunTime:0.000918s ]
SQL: SHOW COLUMNS FROM `hp_lbt` [ RunTime:0.0082s ]
SQL: SELECT * FROM `hp_lbt` LIMIT 2   [ RunTime:0.0002s ]

[ 2018-03-23T17:24:55+08:00 ] ::1 /myCode/poneBack/api/homePage/index
INFO: [ app_init ] --START--
INFO: Run Behavior\BuildLiteBehavior [ RunTime:0.000032s ]
INFO: [ app_init ] --END-- [ RunTime:0.003110s ]
INFO: [ app_begin ] --START--
INFO: Run Behavior\ReadHtmlCacheBehavior [ RunTime:0.001487s ]
INFO: [ app_begin ] --END-- [ RunTime:0.001601s ]
SQL: SHOW COLUMNS FROM `hp_lbt` [ RunTime:0.0148s ]
SQL: SELECT * FROM `hp_lbt` LIMIT 2   [ RunTime:0.0003s ]

[ 2018-03-23T17:24:55+08:00 ] ::1 /myCode/poneBack/api/homePage/index
INFO: [ app_init ] --START--
INFO: Run Behavior\BuildLiteBehavior [ RunTime:0.000026s ]
INFO: [ app_init ] --END-- [ RunTime:0.001237s ]
INFO: [ app_begin ] --START--
INFO: Run Behavior\ReadHtmlCacheBehavior [ RunTime:0.001159s ]
INFO: [ app_begin ] --END-- [ RunTime:0.001240s ]
SQL: SHOW COLUMNS FROM `hp_lbt` [ RunTime:0.0096s ]
SQL: SELECT * FROM `hp_lbt` LIMIT 2   [ RunTime:0.0002s ]

[ 2018-03-23T17:26:35+08:00 ] ::1 /myCode/poneBack/api/homePage/index
INFO: [ app_init ] --START--
INFO: Run Behavior\BuildLiteBehavior [ RunTime:0.000013s ]
INFO: [ app_init ] --END-- [ RunTime:0.000896s ]
INFO: [ app_begin ] --START--
INFO: Run Behavior\ReadHtmlCacheBehavior [ RunTime:0.002614s ]
INFO: [ app_begin ] --END-- [ RunTime:0.002942s ]
SQL: SHOW COLUMNS FROM `hp_lbt` [ RunTime:0.0103s ]
SQL: SELECT * FROM `hp_lbt` LIMIT 2   [ RunTime:0.0003s ]

[ 2018-03-23T17:26:35+08:00 ] ::1 /myCode/poneBack/api/homePage/index
INFO: [ app_init ] --START--
INFO: Run Behavior\BuildLiteBehavior [ RunTime:0.000024s ]
INFO: [ app_init ] --END-- [ RunTime:0.001100s ]
INFO: [ app_begin ] --START--
INFO: Run Behavior\ReadHtmlCacheBehavior [ RunTime:0.001131s ]
INFO: [ app_begin ] --END-- [ RunTime:0.001290s ]
SQL: SHOW COLUMNS FROM `hp_lbt` [ RunTime:0.0102s ]
SQL: SELECT * FROM `hp_lbt` LIMIT 2   [ RunTime:0.0007s ]

[ 2018-03-23T17:28:48+08:00 ] ::1 /myCode/poneBack/api/homePage/index
INFO: [ app_init ] --START--
INFO: Run Behavior\BuildLiteBehavior [ RunTime:0.000010s ]
INFO: [ app_init ] --END-- [ RunTime:0.000692s ]
INFO: [ app_begin ] --START--
INFO: Run Behavior\ReadHtmlCacheBehavior [ RunTime:0.001001s ]
INFO: [ app_begin ] --END-- [ RunTime:0.001039s ]
SQL: SHOW COLUMNS FROM `hp_lbt` [ RunTime:0.0076s ]
SQL: SELECT * FROM `hp_lbt` LIMIT 2   [ RunTime:0.0003s ]

[ 2018-03-23T17:28:48+08:00 ] ::1 /myCode/poneBack/api/homePage/index
INFO: [ app_init ] --START--
INFO: Run Behavior\BuildLiteBehavior [ RunTime:0.000009s ]
INFO: [ app_init ] --END-- [ RunTime:0.000612s ]
INFO: [ app_begin ] --START--
INFO: Run Behavior\ReadHtmlCacheBehavior [ RunTime:0.001024s ]
INFO: [ app_begin ] --END-- [ RunTime:0.001080s ]
SQL: SHOW COLUMNS FROM `hp_lbt` [ RunTime:0.0074s ]
SQL: SELECT * FROM `hp_lbt` LIMIT 2   [ RunTime:0.0002s ]

[ 2018-03-23T17:29:36+08:00 ] ::1 /myCode/poneBack/api/homePage/index
INFO: [ app_init ] --START--
INFO: Run Behavior\BuildLiteBehavior [ RunTime:0.000018s ]
INFO: [ app_init ] --END-- [ RunTime:0.001188s ]
INFO: [ app_begin ] --START--
INFO: Run Behavior\ReadHtmlCacheBehavior [ RunTime:0.001715s ]
INFO: [ app_begin ] --END-- [ RunTime:0.001788s ]
SQL: SHOW COLUMNS FROM `hp_lbt` [ RunTime:0.0118s ]
SQL: SELECT * FROM `hp_lbt` LIMIT 2   [ RunTime:0.0005s ]

[ 2018-03-23T17:29:36+08:00 ] ::1 /myCode/poneBack/api/homePage/index
INFO: [ app_init ] --START--
INFO: Run Behavior\BuildLiteBehavior [ RunTime:0.000016s ]
INFO: [ app_init ] --END-- [ RunTime:0.000713s ]
INFO: [ app_begin ] --START--
INFO: Run Behavior\ReadHtmlCacheBehavior [ RunTime:0.001129s ]
INFO: [ app_begin ] --END-- [ RunTime:0.001191s ]
SQL: SHOW COLUMNS FROM `hp_lbt` [ RunTime:0.0100s ]
SQL: SELECT * FROM `hp_lbt` LIMIT 2   [ RunTime:0.0003s ]

[ 2018-03-23T17:31:12+08:00 ] ::1 /myCode/poneBack/api/homePage/index
INFO: [ app_init ] --START--
INFO: Run Behavior\BuildLiteBehavior [ RunTime:0.000025s ]
INFO: [ app_init ] --END-- [ RunTime:0.001375s ]
INFO: [ app_begin ] --START--
INFO: Run Behavior\ReadHtmlCacheBehavior [ RunTime:0.003438s ]
INFO: [ app_begin ] --END-- [ RunTime:0.003552s ]
SQL: SHOW COLUMNS FROM `hp_lbt` [ RunTime:0.0174s ]
SQL: SELECT * FROM `hp_lbt` LIMIT 2   [ RunTime:0.0003s ]

[ 2018-03-23T17:31:12+08:00 ] ::1 /myCode/poneBack/api/homePage/index
INFO: [ app_init ] --START--
INFO: Run Behavior\BuildLiteBehavior [ RunTime:0.000012s ]
INFO: [ app_init ] --END-- [ RunTime:0.000758s ]
INFO: [ app_begin ] --START--
INFO: Run Behavior\ReadHtmlCacheBehavior [ RunTime:0.001429s ]
INFO: [ app_begin ] --END-- [ RunTime:0.001521s ]
SQL: SHOW COLUMNS FROM `hp_lbt` [ RunTime:0.0115s ]
SQL: SELECT * FROM `hp_lbt` LIMIT 2   [ RunTime:0.0002s ]

[ 2018-03-23T17:31:12+08:00 ] ::1 /myCode/poneBack/api/homePage/index
INFO: [ app_init ] --START--
INFO: Run Behavior\BuildLiteBehavior [ RunTime:0.000020s ]
INFO: [ app_init ] --END-- [ RunTime:0.001039s ]
INFO: [ app_begin ] --START--
INFO: Run Behavior\ReadHtmlCacheBehavior [ RunTime:0.000826s ]
INFO: [ app_begin ] --END-- [ RunTime:0.000878s ]
SQL: SHOW COLUMNS FROM `hp_lbt` [ RunTime:0.0161s ]
SQL: SELECT * FROM `hp_lbt` LIMIT 2   [ RunTime:0.0004s ]

[ 2018-03-23T17:31:40+08:00 ] ::1 /myCode/poneBack/api/homePage/index
INFO: [ app_init ] --START--
INFO: Run Behavior\BuildLiteBehavior [ RunTime:0.000019s ]
INFO: [ app_init ] --END-- [ RunTime:0.001045s ]
INFO: [ app_begin ] --START--
INFO: Run Behavior\ReadHtmlCacheBehavior [ RunTime:0.001981s ]
INFO: [ app_begin ] --END-- [ RunTime:0.002119s ]
SQL: SHOW COLUMNS FROM `hp_lbt` [ RunTime:0.0085s ]
SQL: SELECT * FROM `hp_lbt` LIMIT 2   [ RunTime:0.0003s ]

[ 2018-03-23T17:31:40+08:00 ] ::1 /myCode/poneBack/api/homePage/index
INFO: [ app_init ] --START--
INFO: Run Behavior\BuildLiteBehavior [ RunTime:0.000015s ]
INFO: [ app_init ] --END-- [ RunTime:0.000868s ]
INFO: [ app_begin ] --START--
INFO: Run Behavior\ReadHtmlCacheBehavior [ RunTime:0.001154s ]
INFO: [ app_begin ] --END-- [ RunTime:0.001240s ]
SQL: SHOW COLUMNS FROM `hp_lbt` [ RunTime:0.0090s ]
SQL: SELECT * FROM `hp_lbt` LIMIT 2   [ RunTime:0.0003s ]

[ 2018-03-23T17:31:42+08:00 ] ::1 /myCode/poneBack/api/homePage/index
INFO: [ app_init ] --START--
INFO: Run Behavior\BuildLiteBehavior [ RunTime:0.000015s ]
INFO: [ app_init ] --END-- [ RunTime:0.000771s ]
INFO: [ app_begin ] --START--
INFO: Run Behavior\ReadHtmlCacheBehavior [ RunTime:0.001132s ]
INFO: [ app_begin ] --END-- [ RunTime:0.001225s ]
SQL: SHOW COLUMNS FROM `hp_lbt` [ RunTime:0.0153s ]
SQL: SELECT * FROM `hp_lbt` LIMIT 2   [ RunTime:0.0004s ]

[ 2018-03-23T17:31:42+08:00 ] ::1 /myCode/poneBack/api/homePage/index
INFO: [ app_init ] --START--
INFO: Run Behavior\BuildLiteBehavior [ RunTime:0.000015s ]
INFO: [ app_init ] --END-- [ RunTime:0.001313s ]
INFO: [ app_begin ] --START--
INFO: Run Behavior\ReadHtmlCacheBehavior [ RunTime:0.000827s ]
INFO: [ app_begin ] --END-- [ RunTime:0.000878s ]
SQL: SHOW COLUMNS FROM `hp_lbt` [ RunTime:0.0097s ]
SQL: SELECT * FROM `hp_lbt` LIMIT 2   [ RunTime:0.0002s ]

[ 2018-03-23T17:31:51+08:00 ] ::1 /myCode/poneBack/api/homePage/index
INFO: [ app_init ] --START--
INFO: Run Behavior\BuildLiteBehavior [ RunTime:0.000025s ]
INFO: [ app_init ] --END-- [ RunTime:0.001053s ]
INFO: [ app_begin ] --START--
INFO: Run Behavior\ReadHtmlCacheBehavior [ RunTime:0.001042s ]
INFO: [ app_begin ] --END-- [ RunTime:0.001110s ]
SQL: SHOW COLUMNS FROM `hp_lbt` [ RunTime:0.0137s ]
SQL: SELECT * FROM `hp_lbt` LIMIT 2   [ RunTime:0.0008s ]

[ 2018-03-23T17:31:51+08:00 ] ::1 /myCode/poneBack/api/homePage/index
INFO: [ app_init ] --START--
INFO: Run Behavior\BuildLiteBehavior [ RunTime:0.000027s ]
INFO: [ app_init ] --END-- [ RunTime:0.000756s ]
INFO: [ app_begin ] --START--
INFO: Run Behavior\ReadHtmlCacheBehavior [ RunTime:0.001772s ]
INFO: [ app_begin ] --END-- [ RunTime:0.001984s ]
SQL: SHOW COLUMNS FROM `hp_lbt` [ RunTime:0.0143s ]
SQL: SELECT * FROM `hp_lbt` LIMIT 2   [ RunTime:0.0008s ]

[ 2018-03-23T17:32:28+08:00 ] ::1 /myCode/poneBack/api/homePage/index
INFO: [ app_init ] --START--
INFO: Run Behavior\BuildLiteBehavior [ RunTime:0.000024s ]
INFO: [ app_init ] --END-- [ RunTime:0.001285s ]
INFO: [ app_begin ] --START--
INFO: Run Behavior\ReadHtmlCacheBehavior [ RunTime:0.003347s ]
INFO: [ app_begin ] --END-- [ RunTime:0.003439s ]
SQL: SHOW COLUMNS FROM `hp_lbt` [ RunTime:0.0092s ]
SQL: SELECT * FROM `hp_lbt` LIMIT 2   [ RunTime:0.0002s ]

[ 2018-03-23T17:32:28+08:00 ] ::1 /myCode/poneBack/api/homePage/index
INFO: [ app_init ] --START--
INFO: Run Behavior\BuildLiteBehavior [ RunTime:0.000015s ]
INFO: [ app_init ] --END-- [ RunTime:0.000965s ]
INFO: [ app_begin ] --START--
INFO: Run Behavior\ReadHtmlCacheBehavior [ RunTime:0.001344s ]
INFO: [ app_begin ] --END-- [ RunTime:0.001458s ]
SQL: SHOW COLUMNS FROM `hp_lbt` [ RunTime:0.0142s ]
SQL: SELECT * FROM `hp_lbt` LIMIT 2   [ RunTime:0.0004s ]

[ 2018-03-23T17:32:45+08:00 ] ::1 /myCode/poneBack/api/homePage/index
INFO: [ app_init ] --START--
INFO: Run Behavior\BuildLiteBehavior [ RunTime:0.000013s ]
INFO: [ app_init ] --END-- [ RunTime:0.000718s ]
INFO: [ app_begin ] --START--
INFO: Run Behavior\ReadHtmlCacheBehavior [ RunTime:0.000975s ]
INFO: [ app_begin ] --END-- [ RunTime:0.001045s ]
SQL: SHOW COLUMNS FROM `hp_lbt` [ RunTime:0.0127s ]
SQL: SELECT * FROM `hp_lbt` LIMIT 2   [ RunTime:0.0009s ]

[ 2018-03-23T17:32:45+08:00 ] ::1 /myCode/poneBack/api/homePage/index
INFO: [ app_init ] --START--
INFO: Run Behavior\BuildLiteBehavior [ RunTime:0.000021s ]
INFO: [ app_init ] --END-- [ RunTime:0.001108s ]
INFO: [ app_begin ] --START--
INFO: Run Behavior\ReadHtmlCacheBehavior [ RunTime:0.000823s ]
INFO: [ app_begin ] --END-- [ RunTime:0.000878s ]
SQL: SHOW COLUMNS FROM `hp_lbt` [ RunTime:0.0128s ]
SQL: SELECT * FROM `hp_lbt` LIMIT 2   [ RunTime:0.0002s ]

[ 2018-03-23T17:32:54+08:00 ] ::1 /myCode/poneBack/api/homePage/index
INFO: [ app_init ] --START--
INFO: Run Behavior\BuildLiteBehavior [ RunTime:0.000018s ]
INFO: [ app_init ] --END-- [ RunTime:0.000999s ]
INFO: [ app_begin ] --START--
INFO: Run Behavior\ReadHtmlCacheBehavior [ RunTime:0.002942s ]
INFO: [ app_begin ] --END-- [ RunTime:0.003063s ]
SQL: SHOW COLUMNS FROM `hp_lbt` [ RunTime:0.0152s ]
SQL: SELECT * FROM `hp_lbt` LIMIT 2   [ RunTime:0.0004s ]

[ 2018-03-23T17:32:54+08:00 ] ::1 /myCode/poneBack/api/homePage/index
INFO: [ app_init ] --START--
INFO: Run Behavior\BuildLiteBehavior [ RunTime:0.000013s ]
INFO: [ app_init ] --END-- [ RunTime:0.001256s ]
INFO: [ app_begin ] --START--
INFO: Run Behavior\ReadHtmlCacheBehavior [ RunTime:0.001189s ]
INFO: [ app_begin ] --END-- [ RunTime:0.001310s ]
SQL: SHOW COLUMNS FROM `hp_lbt` [ RunTime:0.0138s ]
SQL: SELECT * FROM `hp_lbt` LIMIT 2   [ RunTime:0.0003s ]

[ 2018-03-23T17:42:07+08:00 ] ::1 /myCode/poneBack/api/homePage/index
INFO: [ app_init ] --START--
INFO: Run Behavior\BuildLiteBehavior [ RunTime:0.000010s ]
INFO: [ app_init ] --END-- [ RunTime:0.000740s ]
INFO: [ app_begin ] --START--
INFO: Run Behavior\ReadHtmlCacheBehavior [ RunTime:0.001258s ]
INFO: [ app_begin ] --END-- [ RunTime:0.001332s ]
SQL: SHOW COLUMNS FROM `hp_lbt` [ RunTime:0.0085s ]
SQL: SELECT * FROM `hp_lbt` LIMIT 2   [ RunTime:0.0003s ]

[ 2018-03-23T17:42:07+08:00 ] ::1 /myCode/poneBack/api/homePage/index
INFO: [ app_init ] --START--
INFO: Run Behavior\BuildLiteBehavior [ RunTime:0.000009s ]
INFO: [ app_init ] --END-- [ RunTime:0.000602s ]
INFO: [ app_begin ] --START--
INFO: Run Behavior\ReadHtmlCacheBehavior [ RunTime:0.000752s ]
INFO: [ app_begin ] --END-- [ RunTime:0.000791s ]
SQL: SHOW COLUMNS FROM `hp_lbt` [ RunTime:0.0085s ]
SQL: SELECT * FROM `hp_lbt` LIMIT 2   [ RunTime:0.0002s ]

[ 2018-03-23T17:42:31+08:00 ] ::1 /myCode/poneBack/api/homePage/index
INFO: [ app_init ] --START--
INFO: Run Behavior\BuildLiteBehavior [ RunTime:0.000012s ]
INFO: [ app_init ] --END-- [ RunTime:0.000823s ]
INFO: [ app_begin ] --START--
INFO: Run Behavior\ReadHtmlCacheBehavior [ RunTime:0.001144s ]
INFO: [ app_begin ] --END-- [ RunTime:0.001192s ]
SQL: SHOW COLUMNS FROM `hp_lbt` [ RunTime:0.0144s ]
SQL: SELECT * FROM `hp_lbt` LIMIT 2   [ RunTime:0.0004s ]

[ 2018-03-23T17:42:31+08:00 ] ::1 /myCode/poneBack/api/homePage/index
INFO: [ app_init ] --START--
INFO: Run Behavior\BuildLiteBehavior [ RunTime:0.000015s ]
INFO: [ app_init ] --END-- [ RunTime:0.000777s ]
INFO: [ app_begin ] --START--
INFO: Run Behavior\ReadHtmlCacheBehavior [ RunTime:0.000856s ]
INFO: [ app_begin ] --END-- [ RunTime:0.000910s ]
SQL: SHOW COLUMNS FROM `hp_lbt` [ RunTime:0.0109s ]
SQL: SELECT * FROM `hp_lbt` LIMIT 2   [ RunTime:0.0002s ]

[ 2018-03-23T17:43:21+08:00 ] ::1 /myCode/poneBack/api/homePage/index
INFO: [ app_init ] --START--
INFO: Run Behavior\BuildLiteBehavior [ RunTime:0.000016s ]
INFO: [ app_init ] --END-- [ RunTime:0.000949s ]
INFO: [ app_begin ] --START--
INFO: Run Behavior\ReadHtmlCacheBehavior [ RunTime:0.001943s ]
INFO: [ app_begin ] --END-- [ RunTime:0.002042s ]
SQL: SHOW COLUMNS FROM `hp_lbt` [ RunTime:0.0153s ]
SQL: SELECT * FROM `hp_lbt` LIMIT 2   [ RunTime:0.0005s ]

[ 2018-03-23T17:43:21+08:00 ] ::1 /myCode/poneBack/api/homePage/index
INFO: [ app_init ] --START--
INFO: Run Behavior\BuildLiteBehavior [ RunTime:0.000016s ]
INFO: [ app_init ] --END-- [ RunTime:0.000881s ]
INFO: [ app_begin ] --START--
INFO: Run Behavior\ReadHtmlCacheBehavior [ RunTime:0.001532s ]
INFO: [ app_begin ] --END-- [ RunTime:0.001614s ]
SQL: SHOW COLUMNS FROM `hp_lbt` [ RunTime:0.0139s ]
SQL: SELECT * FROM `hp_lbt` LIMIT 2   [ RunTime:0.0003s ]

[ 2018-03-23T17:43:44+08:00 ] ::1 /myCode/poneBack/api/homePage/index
INFO: [ app_init ] --START--
INFO: Run Behavior\BuildLiteBehavior [ RunTime:0.000018s ]
INFO: [ app_init ] --END-- [ RunTime:0.001099s ]
INFO: [ app_begin ] --START--
INFO: Run Behavior\ReadHtmlCacheBehavior [ RunTime:0.001460s ]
INFO: [ app_begin ] --END-- [ RunTime:0.001568s ]
SQL: SHOW COLUMNS FROM `hp_lbt` [ RunTime:0.0105s ]
SQL: SELECT * FROM `hp_lbt` LIMIT 2   [ RunTime:0.0003s ]

[ 2018-03-23T17:43:44+08:00 ] ::1 /myCode/poneBack/api/homePage/index
INFO: [ app_init ] --START--
INFO: Run Behavior\BuildLiteBehavior [ RunTime:0.000011s ]
INFO: [ app_init ] --END-- [ RunTime:0.000752s ]
INFO: [ app_begin ] --START--
INFO: Run Behavior\ReadHtmlCacheBehavior [ RunTime:0.000808s ]
INFO: [ app_begin ] --END-- [ RunTime:0.000859s ]
SQL: SHOW COLUMNS FROM `hp_lbt` [ RunTime:0.0280s ]
SQL: SELECT * FROM `hp_lbt` LIMIT 2   [ RunTime:0.0003s ]

[ 2018-03-23T17:44:28+08:00 ] ::1 /myCode/poneBack/api/homePage/index
INFO: [ app_init ] --START--
INFO: Run Behavior\BuildLiteBehavior [ RunTime:0.000011s ]
INFO: [ app_init ] --END-- [ RunTime:0.000625s ]
INFO: [ app_begin ] --START--
INFO: Run Behavior\ReadHtmlCacheBehavior [ RunTime:0.001426s ]
INFO: [ app_begin ] --END-- [ RunTime:0.001530s ]
SQL: SHOW COLUMNS FROM `hp_lbt` [ RunTime:0.0155s ]
SQL: SELECT * FROM `hp_lbt` LIMIT 2   [ RunTime:0.0003s ]

[ 2018-03-23T17:44:28+08:00 ] ::1 /myCode/poneBack/api/homePage/index
INFO: [ app_init ] --START--
INFO: Run Behavior\BuildLiteBehavior [ RunTime:0.000016s ]
INFO: [ app_init ] --END-- [ RunTime:0.000698s ]
INFO: [ app_begin ] --START--
INFO: Run Behavior\ReadHtmlCacheBehavior [ RunTime:0.001070s ]
INFO: [ app_begin ] --END-- [ RunTime:0.001128s ]
SQL: SHOW COLUMNS FROM `hp_lbt` [ RunTime:0.0140s ]
SQL: SELECT * FROM `hp_lbt` LIMIT 2   [ RunTime:0.0002s ]

[ 2018-03-23T17:46:41+08:00 ] ::1 /myCode/poneBack/api/homePage/index
INFO: [ app_init ] --START--
INFO: Run Behavior\BuildLiteBehavior [ RunTime:0.000016s ]
INFO: [ app_init ] --END-- [ RunTime:0.001136s ]
INFO: [ app_begin ] --START--
INFO: Run Behavior\ReadHtmlCacheBehavior [ RunTime:0.006189s ]
INFO: [ app_begin ] --END-- [ RunTime:0.006328s ]
SQL: SHOW COLUMNS FROM `hp_lbt` [ RunTime:0.0083s ]
SQL: SELECT * FROM `hp_lbt` LIMIT 2   [ RunTime:0.0003s ]

[ 2018-03-23T17:46:41+08:00 ] ::1 /myCode/poneBack/api/homePage/index
INFO: [ app_init ] --START--
INFO: Run Behavior\BuildLiteBehavior [ RunTime:0.000014s ]
INFO: [ app_init ] --END-- [ RunTime:0.000998s ]
INFO: [ app_begin ] --START--
INFO: Run Behavior\ReadHtmlCacheBehavior [ RunTime:0.001166s ]
INFO: [ app_begin ] --END-- [ RunTime:0.001246s ]
SQL: SHOW COLUMNS FROM `hp_lbt` [ RunTime:0.0074s ]
SQL: SELECT * FROM `hp_lbt` LIMIT 2   [ RunTime:0.0002s ]

[ 2018-03-23T17:47:13+08:00 ] ::1 /myCode/poneBack/api/homePage/index
INFO: [ app_init ] --START--
INFO: Run Behavior\BuildLiteBehavior [ RunTime:0.000019s ]
INFO: [ app_init ] --END-- [ RunTime:0.001353s ]
INFO: [ app_begin ] --START--
INFO: Run Behavior\ReadHtmlCacheBehavior [ RunTime:0.000844s ]
INFO: [ app_begin ] --END-- [ RunTime:0.000893s ]
SQL: SHOW COLUMNS FROM `hp_lbt` [ RunTime:0.0125s ]
SQL: SELECT * FROM `hp_lbt` LIMIT 2   [ RunTime:0.0003s ]

[ 2018-03-23T17:47:13+08:00 ] ::1 /myCode/poneBack/api/homePage/index
INFO: [ app_init ] --START--
INFO: Run Behavior\BuildLiteBehavior [ RunTime:0.000017s ]
INFO: [ app_init ] --END-- [ RunTime:0.000744s ]
INFO: [ app_begin ] --START--
INFO: Run Behavior\ReadHtmlCacheBehavior [ RunTime:0.000805s ]
INFO: [ app_begin ] --END-- [ RunTime:0.000852s ]
SQL: SHOW COLUMNS FROM `hp_lbt` [ RunTime:0.0122s ]
SQL: SELECT * FROM `hp_lbt` LIMIT 2   [ RunTime:0.0002s ]

[ 2018-03-23T17:47:28+08:00 ] ::1 /myCode/poneBack/api/homePage/index
INFO: [ app_init ] --START--
INFO: Run Behavior\BuildLiteBehavior [ RunTime:0.000012s ]
INFO: [ app_init ] --END-- [ RunTime:0.000628s ]
INFO: [ app_begin ] --START--
INFO: Run Behavior\ReadHtmlCacheBehavior [ RunTime:0.001553s ]
INFO: [ app_begin ] --END-- [ RunTime:0.001653s ]
SQL: SHOW COLUMNS FROM `hp_lbt` [ RunTime:0.0140s ]
SQL: SELECT * FROM `hp_lbt` LIMIT 2   [ RunTime:0.0003s ]

[ 2018-03-23T17:47:28+08:00 ] ::1 /myCode/poneBack/api/homePage/index
INFO: [ app_init ] --START--
INFO: Run Behavior\BuildLiteBehavior [ RunTime:0.000046s ]
INFO: [ app_init ] --END-- [ RunTime:0.001708s ]
INFO: [ app_begin ] --START--
INFO: Run Behavior\ReadHtmlCacheBehavior [ RunTime:0.000766s ]
INFO: [ app_begin ] --END-- [ RunTime:0.000814s ]
SQL: SHOW COLUMNS FROM `hp_lbt` [ RunTime:0.0077s ]
SQL: SELECT * FROM `hp_lbt` LIMIT 2   [ RunTime:0.0002s ]

[ 2018-03-23T17:54:52+08:00 ] ::1 /myCode/poneBack/api/homePage/index
INFO: [ app_init ] --START--
INFO: Run Behavior\BuildLiteBehavior [ RunTime:0.000011s ]
INFO: [ app_init ] --END-- [ RunTime:0.000853s ]
INFO: [ app_begin ] --START--
INFO: Run Behavior\ReadHtmlCacheBehavior [ RunTime:0.001196s ]
INFO: [ app_begin ] --END-- [ RunTime:0.001256s ]
SQL: SHOW COLUMNS FROM `hp_lbt` [ RunTime:0.0127s ]
SQL: SELECT * FROM `hp_lbt` LIMIT 2   [ RunTime:0.0003s ]

[ 2018-03-23T17:54:52+08:00 ] ::1 /myCode/poneBack/api/homePage/index
INFO: [ app_init ] --START--
INFO: Run Behavior\BuildLiteBehavior [ RunTime:0.000011s ]
INFO: [ app_init ] --END-- [ RunTime:0.002521s ]
INFO: [ app_begin ] --START--
INFO: Run Behavior\ReadHtmlCacheBehavior [ RunTime:0.000833s ]
INFO: [ app_begin ] --END-- [ RunTime:0.000878s ]
SQL: SHOW COLUMNS FROM `hp_lbt` [ RunTime:0.0090s ]
SQL: SELECT * FROM `hp_lbt` LIMIT 2   [ RunTime:0.0003s ]

[ 2018-03-23T17:56:19+08:00 ] ::1 /myCode/poneBack/api/homePage/index
INFO: [ app_init ] --START--
INFO: Run Behavior\BuildLiteBehavior [ RunTime:0.000010s ]
INFO: [ app_init ] --END-- [ RunTime:0.000813s ]
INFO: [ app_begin ] --START--
INFO: Run Behavior\ReadHtmlCacheBehavior [ RunTime:0.001233s ]
INFO: [ app_begin ] --END-- [ RunTime:0.001328s ]
SQL: SHOW COLUMNS FROM `hp_lbt` [ RunTime:0.0105s ]
SQL: SELECT * FROM `hp_lbt` LIMIT 2   [ RunTime:0.0003s ]

[ 2018-03-23T17:56:19+08:00 ] ::1 /myCode/poneBack/api/person/index
INFO: [ app_init ] --START--
INFO: Run Behavior\BuildLiteBehavior [ RunTime:0.000011s ]
INFO: [ app_init ] --END-- [ RunTime:0.000946s ]
INFO: [ app_begin ] --START--
INFO: Run Behavior\ReadHtmlCacheBehavior [ RunTime:0.001052s ]
INFO: [ app_begin ] --END-- [ RunTime:0.001096s ]
SQL: SHOW COLUMNS FROM `person` [ RunTime:0.0134s ]
SQL: SELECT * FROM `person`  [ RunTime:0.0003s ]
INFO: [ app_end ] --START--
INFO: Run Behavior\ShowPageTraceBehavior [ RunTime:0.001044s ]
INFO: [ app_end ] --END-- [ RunTime:0.001077s ]

[ 2018-03-23T17:57:31+08:00 ] ::1 /myCode/poneBack/api/homePage/index
INFO: [ app_init ] --START--
INFO: Run Behavior\BuildLiteBehavior [ RunTime:0.000025s ]
INFO: [ app_init ] --END-- [ RunTime:0.001178s ]
INFO: [ app_begin ] --START--
INFO: Run Behavior\ReadHtmlCacheBehavior [ RunTime:0.001379s ]
INFO: [ app_begin ] --END-- [ RunTime:0.001455s ]
SQL: SHOW COLUMNS FROM `hp_lbt` [ RunTime:0.0095s ]
SQL: SELECT * FROM `hp_lbt` LIMIT 2   [ RunTime:0.0003s ]

[ 2018-03-23T17:57:31+08:00 ] ::1 /myCode/poneBack/api/person/index
INFO: [ app_init ] --START--
INFO: Run Behavior\BuildLiteBehavior [ RunTime:0.000010s ]
INFO: [ app_init ] --END-- [ RunTime:0.000709s ]
INFO: [ app_begin ] --START--
INFO: Run Behavior\ReadHtmlCacheBehavior [ RunTime:0.001037s ]
INFO: [ app_begin ] --END-- [ RunTime:0.001080s ]
SQL: SHOW COLUMNS FROM `person` [ RunTime:0.0091s ]
SQL: SELECT * FROM `person`  [ RunTime:0.0003s ]
INFO: [ app_end ] --START--
INFO: Run Behavior\ShowPageTraceBehavior [ RunTime:0.001035s ]
INFO: [ app_end ] --END-- [ RunTime:0.001070s ]

[ 2018-03-23T18:00:24+08:00 ] ::1 /myCode/poneBack/api/homePage/index
INFO: [ app_init ] --START--
INFO: Run Behavior\BuildLiteBehavior [ RunTime:0.000024s ]
INFO: [ app_init ] --END-- [ RunTime:0.001389s ]
INFO: [ app_begin ] --START--
INFO: Run Behavior\ReadHtmlCacheBehavior [ RunTime:0.004541s ]
INFO: [ app_begin ] --END-- [ RunTime:0.004829s ]
SQL: SHOW COLUMNS FROM `hp_lbt` [ RunTime:0.0442s ]
SQL: SELECT * FROM `hp_lbt` LIMIT 2   [ RunTime:0.0003s ]

[ 2018-03-23T18:00:24+08:00 ] ::1 /myCode/poneBack/api/person/index
INFO: [ app_init ] --START--
INFO: Run Behavior\BuildLiteBehavior [ RunTime:0.000020s ]
INFO: [ app_init ] --END-- [ RunTime:0.001294s ]
INFO: [ app_begin ] --START--
INFO: Run Behavior\ReadHtmlCacheBehavior [ RunTime:0.004270s ]
INFO: [ app_begin ] --END-- [ RunTime:0.004386s ]
SQL: SHOW COLUMNS FROM `person` [ RunTime:0.0538s ]
SQL: SELECT * FROM `person`  [ RunTime:0.0002s ]
INFO: [ app_end ] --START--
INFO: Run Behavior\ShowPageTraceBehavior [ RunTime:0.000997s ]
INFO: [ app_end ] --END-- [ RunTime:0.001030s ]

[ 2018-03-23T18:06:15+08:00 ] ::1 /myCode/poneBack/api/person/index
INFO: [ app_init ] --START--
INFO: Run Behavior\BuildLiteBehavior [ RunTime:0.000027s ]
INFO: [ app_init ] --END-- [ RunTime:0.008270s ]
INFO: [ app_begin ] --START--
INFO: Run Behavior\ReadHtmlCacheBehavior [ RunTime:0.002145s ]
INFO: [ app_begin ] --END-- [ RunTime:0.002253s ]
SQL: SHOW COLUMNS FROM `person` [ RunTime:0.0130s ]
SQL: SELECT * FROM `person`  [ RunTime:0.0021s ]
INFO: [ app_end ] --START--
INFO: Run Behavior\ShowPageTraceBehavior [ RunTime:0.002937s ]
INFO: [ app_end ] --END-- [ RunTime:0.003032s ]

[ 2018-03-23T18:06:15+08:00 ] ::1 /myCode/poneBack/api/homePage/index
INFO: [ app_init ] --START--
INFO: Run Behavior\BuildLiteBehavior [ RunTime:0.000023s ]
INFO: [ app_init ] --END-- [ RunTime:0.001564s ]
INFO: [ app_begin ] --START--
INFO: Run Behavior\ReadHtmlCacheBehavior [ RunTime:0.002722s ]
INFO: [ app_begin ] --END-- [ RunTime:0.002850s ]
SQL: SHOW COLUMNS FROM `hp_lbt` [ RunTime:0.0128s ]
SQL: SELECT * FROM `hp_lbt` LIMIT 2   [ RunTime:0.0008s ]

