[ 2018-08-31T14:35:52+08:00 ] ::1 /myCode/poneBack/api/person/index?ID=12345
INFO: [ app_init ] --START--
INFO: Run Behavior\BuildLiteBehavior [ RunTime:0.000009s ]
INFO: [ app_init ] --END-- [ RunTime:0.000488s ]
INFO: [ app_begin ] --START--
INFO: Run Behavior\ReadHtmlCacheBehavior [ RunTime:0.000683s ]
INFO: [ app_begin ] --END-- [ RunTime:0.000726s ]
SQL: SHOW COLUMNS FROM `person` [ RunTime:0.0175s ]
SQL: SELECT a.*,b.name as user_name,b.head as user_head FROM person as a INNER JOIN user as b ON b.id = a.user_id   [ RunTime:0.0085s ]
SQL: SHOW COLUMNS FROM `user_person` [ RunTime:0.0219s ]
SQL: SELECT * FROM `user_person` WHERE `person_id` = 1 AND `user_id` = 0  [ RunTime:0.0003s ]
SQL: SELECT * FROM `user_person` WHERE `person_id` = 2 AND `user_id` = 0  [ RunTime:0.0002s ]
SQL: SELECT * FROM `user_person` WHERE `person_id` = 3 AND `user_id` = 0  [ RunTime:0.0002s ]
INFO: [ app_end ] --START--
INFO: Run Behavior\ShowPageTraceBehavior [ RunTime:0.000701s ]
INFO: [ app_end ] --END-- [ RunTime:0.000731s ]

[ 2018-08-31T14:37:31+08:00 ] ::1 /myCode/poneBack/api/person/index?ID=12345
INFO: [ app_init ] --START--
INFO: Run Behavior\BuildLiteBehavior [ RunTime:0.000009s ]
INFO: [ app_init ] --END-- [ RunTime:0.000456s ]
INFO: [ app_begin ] --START--
INFO: Run Behavior\ReadHtmlCacheBehavior [ RunTime:0.000623s ]
INFO: [ app_begin ] --END-- [ RunTime:0.000660s ]
SQL: SHOW COLUMNS FROM `person` [ RunTime:0.0075s ]
SQL: SELECT a.*,b.name as user_name,b.head as user_head FROM person as a INNER JOIN user as b ON b.id = a.user_id   [ RunTime:0.0003s ]
SQL: SHOW COLUMNS FROM `user_person` [ RunTime:0.0076s ]
SQL: SELECT * FROM `user_person` WHERE `person_id` = 1 AND `user_id` = 0  [ RunTime:0.0002s ]
SQL: SELECT * FROM `user_person` WHERE `person_id` = 2 AND `user_id` = 0  [ RunTime:0.0002s ]
SQL: SELECT * FROM `user_person` WHERE `person_id` = 3 AND `user_id` = 0  [ RunTime:0.0001s ]
INFO: [ app_end ] --START--
INFO: Run Behavior\ShowPageTraceBehavior [ RunTime:0.000744s ]
INFO: [ app_end ] --END-- [ RunTime:0.000779s ]

[ 2018-08-31T14:38:31+08:00 ] ::1 /myCode/poneBack/api/person/index?ID=12345
INFO: [ app_init ] --START--
INFO: Run Behavior\BuildLiteBehavior [ RunTime:0.000019s ]
INFO: [ app_init ] --END-- [ RunTime:0.000826s ]
INFO: [ app_begin ] --START--
INFO: Run Behavior\ReadHtmlCacheBehavior [ RunTime:0.000880s ]
INFO: [ app_begin ] --END-- [ RunTime:0.000979s ]
SQL: SHOW COLUMNS FROM `person` [ RunTime:0.0269s ]
SQL: SELECT a.*,b.name as user_name,b.head as user_head FROM person as a INNER JOIN user as b ON b.id = a.user_id   [ RunTime:0.0004s ]
SQL: SHOW COLUMNS FROM `user_person` [ RunTime:0.0225s ]
SQL: SELECT * FROM `user_person` WHERE `person_id` = 1 AND `user_id` = 0  [ RunTime:0.0004s ]
SQL: SELECT * FROM `user_person` WHERE `person_id` = 2 AND `user_id` = 0  [ RunTime:0.0003s ]
SQL: SELECT * FROM `user_person` WHERE `person_id` = 3 AND `user_id` = 0  [ RunTime:0.0003s ]
INFO: [ app_end ] --START--
INFO: Run Behavior\ShowPageTraceBehavior [ RunTime:0.000667s ]
INFO: [ app_end ] --END-- [ RunTime:0.000701s ]

[ 2018-08-31T14:38:32+08:00 ] ::1 /myCode/poneBack/api/person/index?ID=12345
INFO: [ app_init ] --START--
INFO: Run Behavior\BuildLiteBehavior [ RunTime:0.000019s ]
INFO: [ app_init ] --END-- [ RunTime:0.000640s ]
INFO: [ app_begin ] --START--
INFO: Run Behavior\ReadHtmlCacheBehavior [ RunTime:0.000828s ]
INFO: [ app_begin ] --END-- [ RunTime:0.000920s ]
SQL: SHOW COLUMNS FROM `person` [ RunTime:0.0079s ]
SQL: SELECT a.*,b.name as user_name,b.head as user_head FROM person as a INNER JOIN user as b ON b.id = a.user_id   [ RunTime:0.0003s ]
SQL: SHOW COLUMNS FROM `user_person` [ RunTime:0.0087s ]
SQL: SELECT * FROM `user_person` WHERE `person_id` = 1 AND `user_id` = 0  [ RunTime:0.0003s ]
SQL: SELECT * FROM `user_person` WHERE `person_id` = 2 AND `user_id` = 0  [ RunTime:0.0002s ]
SQL: SELECT * FROM `user_person` WHERE `person_id` = 3 AND `user_id` = 0  [ RunTime:0.0002s ]
INFO: [ app_end ] --START--
INFO: Run Behavior\ShowPageTraceBehavior [ RunTime:0.000678s ]
INFO: [ app_end ] --END-- [ RunTime:0.000713s ]

[ 2018-08-31T14:43:46+08:00 ] ::1 /myCode/poneBack/api/person/index?ID=12345
INFO: [ app_init ] --START--
INFO: Run Behavior\BuildLiteBehavior [ RunTime:0.000009s ]
INFO: [ app_init ] --END-- [ RunTime:0.000499s ]
INFO: [ app_begin ] --START--
INFO: Run Behavior\ReadHtmlCacheBehavior [ RunTime:0.001091s ]
INFO: [ app_begin ] --END-- [ RunTime:0.001181s ]
SQL: SHOW COLUMNS FROM `person` [ RunTime:0.0084s ]
SQL: SELECT a.*,b.name as user_name,b.head as user_head FROM person as a INNER JOIN user as b ON b.id = a.user_id   [ RunTime:0.0004s ]
SQL: SHOW COLUMNS FROM `user_person` [ RunTime:0.0065s ]
SQL: SELECT * FROM `user_person` WHERE `person_id` = 1 AND `user_id` = 0  [ RunTime:0.0003s ]
SQL: SELECT * FROM `user_person` WHERE `person_id` = 2 AND `user_id` = 0  [ RunTime:0.0002s ]
SQL: SELECT * FROM `user_person` WHERE `person_id` = 3 AND `user_id` = 0  [ RunTime:0.0002s ]
INFO: [ app_end ] --START--
INFO: Run Behavior\ShowPageTraceBehavior [ RunTime:0.000698s ]
INFO: [ app_end ] --END-- [ RunTime:0.000730s ]

[ 2018-08-31T14:49:36+08:00 ] ::1 /myCode/poneBack/api/person/index?ID=12345
INFO: [ app_init ] --START--
INFO: Run Behavior\BuildLiteBehavior [ RunTime:0.000032s ]
INFO: [ app_init ] --END-- [ RunTime:0.001028s ]
INFO: [ app_begin ] --START--
INFO: Run Behavior\ReadHtmlCacheBehavior [ RunTime:0.000849s ]
INFO: [ app_begin ] --END-- [ RunTime:0.000897s ]
SQL: SHOW COLUMNS FROM `person` [ RunTime:0.0084s ]
SQL: SELECT a.*,b.name as user_name,b.head as user_head FROM person as a INNER JOIN user as b ON b.id = a.user_id   [ RunTime:0.0003s ]
SQL: SHOW COLUMNS FROM `user_person` [ RunTime:0.0101s ]
SQL: SELECT * FROM `user_person` WHERE `person_id` = 1 AND `user_id` = 0  [ RunTime:0.0002s ]
SQL: SELECT * FROM `user_person` WHERE `person_id` = 2 AND `user_id` = 0  [ RunTime:0.0002s ]
SQL: SELECT * FROM `user_person` WHERE `person_id` = 3 AND `user_id` = 0  [ RunTime:0.0002s ]
INFO: [ app_end ] --START--
INFO: Run Behavior\ShowPageTraceBehavior [ RunTime:0.000871s ]
INFO: [ app_end ] --END-- [ RunTime:0.000903s ]

[ 2018-08-31T14:49:36+08:00 ] ::1 /myCode/poneBack/api/person/index?ID=12345
INFO: [ app_init ] --START--
INFO: Run Behavior\BuildLiteBehavior [ RunTime:0.000011s ]
INFO: [ app_init ] --END-- [ RunTime:0.000547s ]
INFO: [ app_begin ] --START--
INFO: Run Behavior\ReadHtmlCacheBehavior [ RunTime:0.000818s ]
INFO: [ app_begin ] --END-- [ RunTime:0.000860s ]
SQL: SHOW COLUMNS FROM `person` [ RunTime:0.0082s ]
SQL: SELECT a.*,b.name as user_name,b.head as user_head FROM person as a INNER JOIN user as b ON b.id = a.user_id   [ RunTime:0.0003s ]
SQL: SHOW COLUMNS FROM `user_person` [ RunTime:0.0082s ]
SQL: SELECT * FROM `user_person` WHERE `person_id` = 1 AND `user_id` = 0  [ RunTime:0.0003s ]
SQL: SELECT * FROM `user_person` WHERE `person_id` = 2 AND `user_id` = 0  [ RunTime:0.0002s ]
SQL: SELECT * FROM `user_person` WHERE `person_id` = 3 AND `user_id` = 0  [ RunTime:0.0002s ]
INFO: [ app_end ] --START--
INFO: Run Behavior\ShowPageTraceBehavior [ RunTime:0.000950s ]
INFO: [ app_end ] --END-- [ RunTime:0.000989s ]

