[ 2018-04-10T13:42:58+08:00 ] ::1 /myCode/poneBack/api/PersonType/type
INFO: [ app_init ] --START--
INFO: Run Behavior\BuildLiteBehavior [ RunTime:0.000026s ]
INFO: [ app_init ] --END-- [ RunTime:0.002744s ]
INFO: [ app_begin ] --START--
INFO: Run Behavior\ReadHtmlCacheBehavior [ RunTime:0.003950s ]
INFO: [ app_begin ] --END-- [ RunTime:0.004055s ]
SQL: SHOW COLUMNS FROM `person` [ RunTime:0.0527s ]
SQL: SELECT * FROM person as a INNER JOIN person_type as b ON b.id = a.type_id  WHERE ( type_id=1 )  [ RunTime:0.1019s ]
SQL: SELECT * FROM person as a INNER JOIN person_type as b ON b.id = a.type_id  WHERE ( type_id=2 )  [ RunTime:0.0025s ]
SQL: SELECT `type` FROM person as a INNER JOIN person_type as b ON b.id = a.type_id  WHERE ( type_id=1 ) LIMIT 1   [ RunTime:0.0008s ]
SQL: SELECT `type` FROM person as a INNER JOIN person_type as b ON b.id = a.type_id  WHERE ( type_id=2 ) LIMIT 1   [ RunTime:0.0005s ]

[ 2018-04-10T13:42:58+08:00 ] ::1 /myCode/poneBack/api/person/index
INFO: [ app_init ] --START--
INFO: Run Behavior\BuildLiteBehavior [ RunTime:0.000024s ]
INFO: [ app_init ] --END-- [ RunTime:0.002819s ]
INFO: [ app_begin ] --START--
INFO: Run Behavior\ReadHtmlCacheBehavior [ RunTime:0.004044s ]
INFO: [ app_begin ] --END-- [ RunTime:0.004162s ]
SQL: SHOW COLUMNS FROM `person` [ RunTime:0.1194s ]
SQL: SELECT a.*,b.name as user_name,b.head as user_head FROM person as a INNER JOIN user as b ON b.id = a.user_id   [ RunTime:0.0349s ]
SQL: SHOW COLUMNS FROM `user_person` [ RunTime:0.0582s ]
SQL: SELECT * FROM `user_person` WHERE `person_id` = 1 AND `user_id` = 60  [ RunTime:0.0006s ]
SQL: SELECT * FROM `user_person` WHERE `person_id` = 2 AND `user_id` = 60  [ RunTime:0.0005s ]
SQL: SELECT * FROM `user_person` WHERE `person_id` = 3 AND `user_id` = 60  [ RunTime:0.0005s ]
INFO: [ app_end ] --START--
INFO: Run Behavior\ShowPageTraceBehavior [ RunTime:0.005057s ]
INFO: [ app_end ] --END-- [ RunTime:0.005173s ]

[ 2018-04-10T14:02:43+08:00 ] ::1 /myCode/poneBack/api/board/index
INFO: [ app_init ] --START--
INFO: Run Behavior\BuildLiteBehavior [ RunTime:0.000009s ]
INFO: [ app_init ] --END-- [ RunTime:0.000792s ]
INFO: [ app_begin ] --START--
INFO: Run Behavior\ReadHtmlCacheBehavior [ RunTime:0.001249s ]
INFO: [ app_begin ] --END-- [ RunTime:0.001291s ]
SQL: SHOW COLUMNS FROM `person_msg` [ RunTime:0.0490s ]
SQL: SELECT * FROM person_msg as a INNER JOIN user as b ON b.id = a.user_id  WHERE `person_id` = '1'  [ RunTime:0.0171s ]
INFO: [ app_end ] --START--
INFO: Run Behavior\ShowPageTraceBehavior [ RunTime:0.003892s ]
INFO: [ app_end ] --END-- [ RunTime:0.004010s ]

[ 2018-04-10T14:02:47+08:00 ] ::1 /myCode/poneBack/Api/board/msg
INFO: [ app_init ] --START--
INFO: Run Behavior\BuildLiteBehavior [ RunTime:0.000011s ]
INFO: [ app_init ] --END-- [ RunTime:0.000702s ]
INFO: [ app_begin ] --START--
INFO: Run Behavior\ReadHtmlCacheBehavior [ RunTime:0.000801s ]
INFO: [ app_begin ] --END-- [ RunTime:0.000845s ]
SQL: SHOW COLUMNS FROM `person_msg` [ RunTime:0.0106s ]
SQL: INSERT INTO `person_msg` (`person_id`,`user_id`,`content`,`time`) VALUES ('1','60','1111','2018-04-10 14:02:46') [ RunTime:0.3042s ]
INFO: [ app_end ] --START--
INFO: Run Behavior\ShowPageTraceBehavior [ RunTime:0.003537s ]
INFO: [ app_end ] --END-- [ RunTime:0.003715s ]

[ 2018-04-10T14:02:47+08:00 ] ::1 /myCode/poneBack/api/board/index
INFO: [ app_init ] --START--
INFO: Run Behavior\BuildLiteBehavior [ RunTime:0.000013s ]
INFO: [ app_init ] --END-- [ RunTime:0.000730s ]
INFO: [ app_begin ] --START--
INFO: Run Behavior\ReadHtmlCacheBehavior [ RunTime:0.000853s ]
INFO: [ app_begin ] --END-- [ RunTime:0.000905s ]
SQL: SHOW COLUMNS FROM `person_msg` [ RunTime:0.0215s ]
SQL: SELECT * FROM person_msg as a INNER JOIN user as b ON b.id = a.user_id  WHERE `person_id` = '1'  [ RunTime:0.0004s ]
INFO: [ app_end ] --START--
INFO: Run Behavior\ShowPageTraceBehavior [ RunTime:0.000793s ]
INFO: [ app_end ] --END-- [ RunTime:0.000825s ]

[ 2018-04-10T14:04:26+08:00 ] ::1 /myCode/poneBack/api/board/index
INFO: [ app_init ] --START--
INFO: Run Behavior\BuildLiteBehavior [ RunTime:0.000085s ]
INFO: [ app_init ] --END-- [ RunTime:0.004506s ]
INFO: [ app_begin ] --START--
INFO: Run Behavior\ReadHtmlCacheBehavior [ RunTime:0.009130s ]
INFO: [ app_begin ] --END-- [ RunTime:0.009234s ]
SQL: SHOW COLUMNS FROM `person_msg` [ RunTime:0.0463s ]
SQL: SELECT * FROM person_msg as a INNER JOIN user as b ON b.id = a.user_id  WHERE `person_id` = '1'  [ RunTime:0.0005s ]
INFO: [ app_end ] --START--
INFO: Run Behavior\ShowPageTraceBehavior [ RunTime:0.000999s ]
INFO: [ app_end ] --END-- [ RunTime:0.014897s ]

[ 2018-04-10T14:04:52+08:00 ] ::1 /myCode/poneBack/api/PersonType/type
INFO: [ app_init ] --START--
INFO: Run Behavior\BuildLiteBehavior [ RunTime:0.000009s ]
INFO: [ app_init ] --END-- [ RunTime:0.000842s ]
INFO: [ app_begin ] --START--
INFO: Run Behavior\ReadHtmlCacheBehavior [ RunTime:0.002249s ]
INFO: [ app_begin ] --END-- [ RunTime:0.002369s ]
SQL: SHOW COLUMNS FROM `person` [ RunTime:0.0149s ]
SQL: SELECT * FROM person as a INNER JOIN person_type as b ON b.id = a.type_id  WHERE ( type_id=1 )  [ RunTime:0.0005s ]
SQL: SELECT * FROM person as a INNER JOIN person_type as b ON b.id = a.type_id  WHERE ( type_id=2 )  [ RunTime:0.0005s ]
SQL: SELECT `type` FROM person as a INNER JOIN person_type as b ON b.id = a.type_id  WHERE ( type_id=1 ) LIMIT 1   [ RunTime:0.0024s ]
SQL: SELECT `type` FROM person as a INNER JOIN person_type as b ON b.id = a.type_id  WHERE ( type_id=2 ) LIMIT 1   [ RunTime:0.0008s ]

[ 2018-04-10T14:04:52+08:00 ] ::1 /myCode/poneBack/api/person/index
INFO: [ app_init ] --START--
INFO: Run Behavior\BuildLiteBehavior [ RunTime:0.000011s ]
INFO: [ app_init ] --END-- [ RunTime:0.000953s ]
INFO: [ app_begin ] --START--
INFO: Run Behavior\ReadHtmlCacheBehavior [ RunTime:0.002470s ]
INFO: [ app_begin ] --END-- [ RunTime:0.002616s ]
SQL: SHOW COLUMNS FROM `person` [ RunTime:0.0153s ]
SQL: SELECT a.*,b.name as user_name,b.head as user_head FROM person as a INNER JOIN user as b ON b.id = a.user_id   [ RunTime:0.0005s ]
SQL: SHOW COLUMNS FROM `user_person` [ RunTime:0.0166s ]
SQL: SELECT * FROM `user_person` WHERE `person_id` = 1 AND `user_id` = 60  [ RunTime:0.0003s ]
SQL: SELECT * FROM `user_person` WHERE `person_id` = 2 AND `user_id` = 60  [ RunTime:0.0002s ]
SQL: SELECT * FROM `user_person` WHERE `person_id` = 3 AND `user_id` = 60  [ RunTime:0.0003s ]
INFO: [ app_end ] --START--
INFO: Run Behavior\ShowPageTraceBehavior [ RunTime:0.001159s ]
INFO: [ app_end ] --END-- [ RunTime:0.001193s ]

[ 2018-04-10T14:09:29+08:00 ] ::1 /myCode/poneBack/api/person/like
INFO: [ app_init ] --START--
INFO: Run Behavior\BuildLiteBehavior [ RunTime:0.000010s ]
INFO: [ app_init ] --END-- [ RunTime:0.000682s ]
INFO: [ app_begin ] --START--
INFO: Run Behavior\ReadHtmlCacheBehavior [ RunTime:0.001167s ]
INFO: [ app_begin ] --END-- [ RunTime:0.001240s ]
SQL: SHOW COLUMNS FROM `user_person` [ RunTime:0.0141s ]
SQL: SELECT `zan_status` FROM `user_person` WHERE `user_id` = 60 AND `person_id` = 2 LIMIT 1   [ RunTime:0.0003s ]
INFO: [ app_end ] --START--
INFO: Run Behavior\ShowPageTraceBehavior [ RunTime:0.001140s ]
INFO: [ app_end ] --END-- [ RunTime:0.001173s ]

[ 2018-04-10T14:09:33+08:00 ] ::1 /myCode/poneBack/api/PersonType/type
INFO: [ app_init ] --START--
INFO: Run Behavior\BuildLiteBehavior [ RunTime:0.000013s ]
INFO: [ app_init ] --END-- [ RunTime:0.001134s ]
INFO: [ app_begin ] --START--
INFO: Run Behavior\ReadHtmlCacheBehavior [ RunTime:0.001170s ]
INFO: [ app_begin ] --END-- [ RunTime:0.001219s ]
SQL: SHOW COLUMNS FROM `person` [ RunTime:0.0366s ]
SQL: SELECT * FROM person as a INNER JOIN person_type as b ON b.id = a.type_id  WHERE ( type_id=1 )  [ RunTime:0.0005s ]
SQL: SELECT * FROM person as a INNER JOIN person_type as b ON b.id = a.type_id  WHERE ( type_id=2 )  [ RunTime:0.0003s ]
SQL: SELECT `type` FROM person as a INNER JOIN person_type as b ON b.id = a.type_id  WHERE ( type_id=1 ) LIMIT 1   [ RunTime:0.0003s ]
SQL: SELECT `type` FROM person as a INNER JOIN person_type as b ON b.id = a.type_id  WHERE ( type_id=2 ) LIMIT 1   [ RunTime:0.0002s ]

[ 2018-04-10T14:09:33+08:00 ] ::1 /myCode/poneBack/api/person/index
INFO: [ app_init ] --START--
INFO: Run Behavior\BuildLiteBehavior [ RunTime:0.000011s ]
INFO: [ app_init ] --END-- [ RunTime:0.000667s ]
INFO: [ app_begin ] --START--
INFO: Run Behavior\ReadHtmlCacheBehavior [ RunTime:0.000971s ]
INFO: [ app_begin ] --END-- [ RunTime:0.001077s ]
SQL: SHOW COLUMNS FROM `person` [ RunTime:0.0537s ]
SQL: SELECT a.*,b.name as user_name,b.head as user_head FROM person as a INNER JOIN user as b ON b.id = a.user_id   [ RunTime:0.0006s ]
SQL: SHOW COLUMNS FROM `user_person` [ RunTime:0.0143s ]
SQL: SELECT * FROM `user_person` WHERE `person_id` = 1 AND `user_id` = 60  [ RunTime:0.0003s ]
SQL: SELECT * FROM `user_person` WHERE `person_id` = 2 AND `user_id` = 60  [ RunTime:0.0002s ]
SQL: SELECT * FROM `user_person` WHERE `person_id` = 3 AND `user_id` = 60  [ RunTime:0.0003s ]
INFO: [ app_end ] --START--
INFO: Run Behavior\ShowPageTraceBehavior [ RunTime:0.000998s ]
INFO: [ app_end ] --END-- [ RunTime:0.001039s ]

[ 2018-04-10T14:36:27+08:00 ] ::1 /myCode/poneBack/api/PersonType/type
INFO: [ app_init ] --START--
INFO: Run Behavior\BuildLiteBehavior [ RunTime:0.000023s ]
INFO: [ app_init ] --END-- [ RunTime:0.001551s ]
INFO: [ app_begin ] --START--
INFO: Run Behavior\ReadHtmlCacheBehavior [ RunTime:0.001608s ]
INFO: [ app_begin ] --END-- [ RunTime:0.001687s ]
SQL: SHOW COLUMNS FROM `person` [ RunTime:0.1638s ]
SQL: SELECT * FROM person as a INNER JOIN person_type as b ON b.id = a.type_id  WHERE ( type_id=1 )  [ RunTime:0.0010s ]
SQL: SELECT * FROM person as a INNER JOIN person_type as b ON b.id = a.type_id  WHERE ( type_id=2 )  [ RunTime:0.0008s ]
SQL: SELECT `type` FROM person as a INNER JOIN person_type as b ON b.id = a.type_id  WHERE ( type_id=1 ) LIMIT 1   [ RunTime:0.0015s ]
SQL: SELECT `type` FROM person as a INNER JOIN person_type as b ON b.id = a.type_id  WHERE ( type_id=2 ) LIMIT 1   [ RunTime:0.0021s ]

[ 2018-04-10T14:36:27+08:00 ] ::1 /myCode/poneBack/api/person/index
INFO: [ app_init ] --START--
INFO: Run Behavior\BuildLiteBehavior [ RunTime:0.000089s ]
INFO: [ app_init ] --END-- [ RunTime:0.004062s ]
INFO: [ app_begin ] --START--
INFO: Run Behavior\ReadHtmlCacheBehavior [ RunTime:0.001204s ]
INFO: [ app_begin ] --END-- [ RunTime:0.001267s ]
SQL: SHOW COLUMNS FROM `person` [ RunTime:0.1496s ]
SQL: SELECT a.*,b.name as user_name,b.head as user_head FROM person as a INNER JOIN user as b ON b.id = a.user_id   [ RunTime:0.0009s ]
SQL: SHOW COLUMNS FROM `user_person` [ RunTime:0.0294s ]
SQL: SELECT * FROM `user_person` WHERE `person_id` = 1 AND `user_id` = 60  [ RunTime:0.0005s ]
SQL: SELECT * FROM `user_person` WHERE `person_id` = 2 AND `user_id` = 60  [ RunTime:0.0005s ]
SQL: SELECT * FROM `user_person` WHERE `person_id` = 3 AND `user_id` = 60  [ RunTime:0.0007s ]
INFO: [ app_end ] --START--
INFO: Run Behavior\ShowPageTraceBehavior [ RunTime:0.002238s ]
INFO: [ app_end ] --END-- [ RunTime:0.002303s ]

[ 2018-04-10T14:39:30+08:00 ] ::1 /myCode/poneBack/api/search/search
INFO: [ app_init ] --START--
INFO: Run Behavior\BuildLiteBehavior [ RunTime:0.000019s ]
INFO: [ app_init ] --END-- [ RunTime:0.001306s ]
INFO: [ app_begin ] --START--
INFO: Run Behavior\ReadHtmlCacheBehavior [ RunTime:0.001847s ]
INFO: [ app_begin ] --END-- [ RunTime:0.001959s ]
SQL: SHOW COLUMNS FROM `person` [ RunTime:0.0109s ]
SQL: SELECT * FROM `person`  [ RunTime:0.0003s ]
INFO: [ app_end ] --START--
INFO: Run Behavior\ShowPageTraceBehavior [ RunTime:0.001237s ]
INFO: [ app_end ] --END-- [ RunTime:0.001276s ]

[ 2018-04-10T15:08:58+08:00 ] ::1 /myCode/poneBack/api/search/search
INFO: [ app_init ] --START--
INFO: Run Behavior\BuildLiteBehavior [ RunTime:0.000035s ]
INFO: [ app_init ] --END-- [ RunTime:0.001657s ]
INFO: [ app_begin ] --START--
INFO: Run Behavior\ReadHtmlCacheBehavior [ RunTime:0.001250s ]
INFO: [ app_begin ] --END-- [ RunTime:0.001306s ]
SQL: SHOW COLUMNS FROM `person` [ RunTime:0.0145s ]
SQL: SELECT * FROM `person`  [ RunTime:0.0004s ]
INFO: [ app_end ] --START--
INFO: Run Behavior\ShowPageTraceBehavior [ RunTime:0.001172s ]
INFO: [ app_end ] --END-- [ RunTime:0.001207s ]

[ 2018-04-10T15:11:13+08:00 ] ::1 /myCode/poneBack/api/search/search
INFO: [ app_init ] --START--
INFO: Run Behavior\BuildLiteBehavior [ RunTime:0.000014s ]
INFO: [ app_init ] --END-- [ RunTime:0.000803s ]
INFO: [ app_begin ] --START--
INFO: Run Behavior\ReadHtmlCacheBehavior [ RunTime:0.001653s ]
INFO: [ app_begin ] --END-- [ RunTime:0.001738s ]
SQL: SHOW COLUMNS FROM `person` [ RunTime:0.0105s ]
SQL: SELECT * FROM `person`  [ RunTime:0.0004s ]
INFO: [ app_end ] --START--
INFO: Run Behavior\ShowPageTraceBehavior [ RunTime:0.003030s ]
INFO: [ app_end ] --END-- [ RunTime:0.003081s ]

[ 2018-04-10T15:12:10+08:00 ] ::1 /myCode/poneBack/api/search/search
INFO: [ app_init ] --START--
INFO: Run Behavior\BuildLiteBehavior [ RunTime:0.000010s ]
INFO: [ app_init ] --END-- [ RunTime:0.000754s ]
INFO: [ app_begin ] --START--
INFO: Run Behavior\ReadHtmlCacheBehavior [ RunTime:0.000897s ]
INFO: [ app_begin ] --END-- [ RunTime:0.000938s ]
SQL: SHOW COLUMNS FROM `person` [ RunTime:0.0103s ]
SQL: SELECT * FROM `person`  [ RunTime:0.0004s ]
INFO: [ app_end ] --START--
INFO: Run Behavior\ShowPageTraceBehavior [ RunTime:0.001953s ]
INFO: [ app_end ] --END-- [ RunTime:0.002051s ]

[ 2018-04-10T15:12:18+08:00 ] ::1 /myCode/poneBack/api/search/search
INFO: [ app_init ] --START--
INFO: Run Behavior\BuildLiteBehavior [ RunTime:0.000012s ]
INFO: [ app_init ] --END-- [ RunTime:0.000785s ]
INFO: [ app_begin ] --START--
INFO: Run Behavior\ReadHtmlCacheBehavior [ RunTime:0.001084s ]
INFO: [ app_begin ] --END-- [ RunTime:0.001128s ]
SQL: SHOW COLUMNS FROM `person` [ RunTime:0.0150s ]
SQL: SELECT * FROM `person`  [ RunTime:0.0002s ]
INFO: [ app_end ] --START--
INFO: Run Behavior\ShowPageTraceBehavior [ RunTime:0.001138s ]
INFO: [ app_end ] --END-- [ RunTime:0.001171s ]

[ 2018-04-10T15:12:46+08:00 ] ::1 /myCode/poneBack/api/search/search
INFO: [ app_init ] --START--
INFO: Run Behavior\BuildLiteBehavior [ RunTime:0.000014s ]
INFO: [ app_init ] --END-- [ RunTime:0.001718s ]
INFO: [ app_begin ] --START--
INFO: Run Behavior\ReadHtmlCacheBehavior [ RunTime:0.001409s ]
INFO: [ app_begin ] --END-- [ RunTime:0.001555s ]
SQL: SHOW COLUMNS FROM `person` [ RunTime:0.0409s ]
SQL: SELECT * FROM `person`  [ RunTime:0.0003s ]
INFO: [ app_end ] --START--
INFO: Run Behavior\ShowPageTraceBehavior [ RunTime:0.000889s ]
INFO: [ app_end ] --END-- [ RunTime:0.000928s ]

[ 2018-04-10T15:13:27+08:00 ] ::1 /myCode/poneBack/api/search/search
INFO: [ app_init ] --START--
INFO: Run Behavior\BuildLiteBehavior [ RunTime:0.000010s ]
INFO: [ app_init ] --END-- [ RunTime:0.000694s ]
INFO: [ app_begin ] --START--
INFO: Run Behavior\ReadHtmlCacheBehavior [ RunTime:0.001174s ]
INFO: [ app_begin ] --END-- [ RunTime:0.001264s ]
SQL: SHOW COLUMNS FROM `person` [ RunTime:0.0539s ]
SQL: SELECT * FROM `person`  [ RunTime:0.0003s ]
INFO: [ app_end ] --START--
INFO: Run Behavior\ShowPageTraceBehavior [ RunTime:0.001050s ]
INFO: [ app_end ] --END-- [ RunTime:0.001081s ]

[ 2018-04-10T15:13:31+08:00 ] ::1 /myCode/poneBack/api/search/search
INFO: [ app_init ] --START--
INFO: Run Behavior\BuildLiteBehavior [ RunTime:0.000092s ]
INFO: [ app_init ] --END-- [ RunTime:0.004118s ]
INFO: [ app_begin ] --START--
INFO: Run Behavior\ReadHtmlCacheBehavior [ RunTime:0.001196s ]
INFO: [ app_begin ] --END-- [ RunTime:0.001262s ]
SQL: SHOW COLUMNS FROM `person` [ RunTime:0.0140s ]
SQL: SELECT * FROM `person`  [ RunTime:0.0003s ]
INFO: [ app_end ] --START--
INFO: Run Behavior\ShowPageTraceBehavior [ RunTime:0.000881s ]
INFO: [ app_end ] --END-- [ RunTime:0.000921s ]

[ 2018-04-10T15:14:46+08:00 ] ::1 /myCode/poneBack/api/search/search
INFO: [ app_init ] --START--
INFO: Run Behavior\BuildLiteBehavior [ RunTime:0.000018s ]
INFO: [ app_init ] --END-- [ RunTime:0.000885s ]
INFO: [ app_begin ] --START--
INFO: Run Behavior\ReadHtmlCacheBehavior [ RunTime:0.001439s ]
INFO: [ app_begin ] --END-- [ RunTime:0.001534s ]
SQL: SHOW COLUMNS FROM `person` [ RunTime:0.1354s ]
SQL: SELECT * FROM `person`  [ RunTime:0.0006s ]
INFO: [ app_end ] --START--
INFO: Run Behavior\ShowPageTraceBehavior [ RunTime:0.001943s ]
INFO: [ app_end ] --END-- [ RunTime:0.002044s ]

[ 2018-04-10T15:16:38+08:00 ] ::1 /myCode/poneBack/api/search/search
INFO: [ app_init ] --START--
INFO: Run Behavior\BuildLiteBehavior [ RunTime:0.000011s ]
INFO: [ app_init ] --END-- [ RunTime:0.001005s ]
INFO: [ app_begin ] --START--
INFO: Run Behavior\ReadHtmlCacheBehavior [ RunTime:0.001113s ]
INFO: [ app_begin ] --END-- [ RunTime:0.001162s ]
SQL: SHOW COLUMNS FROM `person` [ RunTime:0.0429s ]
SQL: SELECT * FROM `person`  [ RunTime:0.0012s ]
INFO: [ app_end ] --START--
INFO: Run Behavior\ShowPageTraceBehavior [ RunTime:0.001694s ]
INFO: [ app_end ] --END-- [ RunTime:0.001763s ]

[ 2018-04-10T15:17:25+08:00 ] ::1 /myCode/poneBack/api/search/search
INFO: [ app_init ] --START--
INFO: Run Behavior\BuildLiteBehavior [ RunTime:0.000031s ]
INFO: [ app_init ] --END-- [ RunTime:0.001178s ]
INFO: [ app_begin ] --START--
INFO: Run Behavior\ReadHtmlCacheBehavior [ RunTime:0.003110s ]
INFO: [ app_begin ] --END-- [ RunTime:0.003225s ]
SQL: SHOW COLUMNS FROM `person` [ RunTime:0.0455s ]
SQL: SELECT * FROM `person`  [ RunTime:0.0011s ]
INFO: [ app_end ] --START--
INFO: Run Behavior\ShowPageTraceBehavior [ RunTime:0.001501s ]
INFO: [ app_end ] --END-- [ RunTime:0.001609s ]

[ 2018-04-10T15:17:58+08:00 ] ::1 /myCode/poneBack/api/search/search
INFO: [ app_init ] --START--
INFO: Run Behavior\BuildLiteBehavior [ RunTime:0.000020s ]
INFO: [ app_init ] --END-- [ RunTime:0.000955s ]
INFO: [ app_begin ] --START--
INFO: Run Behavior\ReadHtmlCacheBehavior [ RunTime:0.001396s ]
INFO: [ app_begin ] --END-- [ RunTime:0.001502s ]
SQL: SHOW COLUMNS FROM `person` [ RunTime:0.0139s ]
SQL: SELECT * FROM `person`  [ RunTime:0.0008s ]
INFO: [ app_end ] --START--
INFO: Run Behavior\ShowPageTraceBehavior [ RunTime:0.003013s ]
INFO: [ app_end ] --END-- [ RunTime:0.003119s ]

[ 2018-04-10T15:19:16+08:00 ] ::1 /myCode/poneBack/api/search/search
INFO: [ app_init ] --START--
INFO: Run Behavior\BuildLiteBehavior [ RunTime:0.000012s ]
INFO: [ app_init ] --END-- [ RunTime:0.000891s ]
INFO: [ app_begin ] --START--
INFO: Run Behavior\ReadHtmlCacheBehavior [ RunTime:0.003218s ]
INFO: [ app_begin ] --END-- [ RunTime:0.003366s ]
SQL: SHOW COLUMNS FROM `person` [ RunTime:0.0104s ]
SQL: SELECT * FROM `person`  [ RunTime:0.0003s ]
INFO: [ app_end ] --START--
INFO: Run Behavior\ShowPageTraceBehavior [ RunTime:0.001051s ]
INFO: [ app_end ] --END-- [ RunTime:0.001307s ]

[ 2018-04-10T15:20:13+08:00 ] ::1 /myCode/poneBack/api/search/search
INFO: [ app_init ] --START--
INFO: Run Behavior\BuildLiteBehavior [ RunTime:0.000014s ]
INFO: [ app_init ] --END-- [ RunTime:0.000871s ]
INFO: [ app_begin ] --START--
INFO: Run Behavior\ReadHtmlCacheBehavior [ RunTime:0.002254s ]
INFO: [ app_begin ] --END-- [ RunTime:0.002360s ]
SQL: SHOW COLUMNS FROM `person` [ RunTime:0.0172s ]
SQL: SELECT * FROM `person`  [ RunTime:0.0003s ]
INFO: [ app_end ] --START--
INFO: Run Behavior\ShowPageTraceBehavior [ RunTime:0.000914s ]
INFO: [ app_end ] --END-- [ RunTime:0.001029s ]

[ 2018-04-10T15:21:35+08:00 ] ::1 /myCode/poneBack/api/PersonType/type
INFO: [ app_init ] --START--
INFO: Run Behavior\BuildLiteBehavior [ RunTime:0.000037s ]
INFO: [ app_init ] --END-- [ RunTime:0.002445s ]
INFO: [ app_begin ] --START--
INFO: Run Behavior\ReadHtmlCacheBehavior [ RunTime:0.001326s ]
INFO: [ app_begin ] --END-- [ RunTime:0.001383s ]
SQL: SHOW COLUMNS FROM `person` [ RunTime:0.1295s ]
SQL: SELECT * FROM person as a INNER JOIN person_type as b ON b.id = a.type_id  WHERE ( type_id=1 )  [ RunTime:0.0009s ]
SQL: SELECT * FROM person as a INNER JOIN person_type as b ON b.id = a.type_id  WHERE ( type_id=2 )  [ RunTime:0.0006s ]
SQL: SELECT `type` FROM person as a INNER JOIN person_type as b ON b.id = a.type_id  WHERE ( type_id=1 ) LIMIT 1   [ RunTime:0.0006s ]
SQL: SELECT `type` FROM person as a INNER JOIN person_type as b ON b.id = a.type_id  WHERE ( type_id=2 ) LIMIT 1   [ RunTime:0.0006s ]

[ 2018-04-10T15:21:35+08:00 ] ::1 /myCode/poneBack/api/person/index
INFO: [ app_init ] --START--
INFO: Run Behavior\BuildLiteBehavior [ RunTime:0.000013s ]
INFO: [ app_init ] --END-- [ RunTime:0.001017s ]
INFO: [ app_begin ] --START--
INFO: Run Behavior\ReadHtmlCacheBehavior [ RunTime:0.002498s ]
INFO: [ app_begin ] --END-- [ RunTime:0.002584s ]
SQL: SHOW COLUMNS FROM `person` [ RunTime:0.1242s ]
SQL: SELECT a.*,b.name as user_name,b.head as user_head FROM person as a INNER JOIN user as b ON b.id = a.user_id   [ RunTime:0.0008s ]
SQL: SHOW COLUMNS FROM `user_person` [ RunTime:0.0295s ]
SQL: SELECT * FROM `user_person` WHERE `person_id` = 1 AND `user_id` = 60  [ RunTime:0.0007s ]
SQL: SELECT * FROM `user_person` WHERE `person_id` = 2 AND `user_id` = 60  [ RunTime:0.0006s ]
SQL: SELECT * FROM `user_person` WHERE `person_id` = 3 AND `user_id` = 60  [ RunTime:0.0005s ]
INFO: [ app_end ] --START--
INFO: Run Behavior\ShowPageTraceBehavior [ RunTime:0.002558s ]
INFO: [ app_end ] --END-- [ RunTime:0.002634s ]

[ 2018-04-10T15:22:31+08:00 ] ::1 /myCode/poneBack/api/search/search
INFO: [ app_init ] --START--
INFO: Run Behavior\BuildLiteBehavior [ RunTime:0.000013s ]
INFO: [ app_init ] --END-- [ RunTime:0.001283s ]
INFO: [ app_begin ] --START--
INFO: Run Behavior\ReadHtmlCacheBehavior [ RunTime:0.000884s ]
INFO: [ app_begin ] --END-- [ RunTime:0.000935s ]
SQL: SHOW COLUMNS FROM `person` [ RunTime:0.0157s ]
SQL: SELECT * FROM `person`  [ RunTime:0.0003s ]
INFO: [ app_end ] --START--
INFO: Run Behavior\ShowPageTraceBehavior [ RunTime:0.000830s ]
INFO: [ app_end ] --END-- [ RunTime:0.000862s ]

[ 2018-04-10T15:22:49+08:00 ] ::1 /myCode/poneBack/api/PersonType/type
INFO: [ app_init ] --START--
INFO: Run Behavior\BuildLiteBehavior [ RunTime:0.000011s ]
INFO: [ app_init ] --END-- [ RunTime:0.000983s ]
INFO: [ app_begin ] --START--
INFO: Run Behavior\ReadHtmlCacheBehavior [ RunTime:0.001776s ]
INFO: [ app_begin ] --END-- [ RunTime:0.001855s ]
SQL: SHOW COLUMNS FROM `person` [ RunTime:0.0158s ]
SQL: SELECT * FROM person as a INNER JOIN person_type as b ON b.id = a.type_id  WHERE ( type_id=1 )  [ RunTime:0.0005s ]
SQL: SELECT * FROM person as a INNER JOIN person_type as b ON b.id = a.type_id  WHERE ( type_id=2 )  [ RunTime:0.0004s ]
SQL: SELECT `type` FROM person as a INNER JOIN person_type as b ON b.id = a.type_id  WHERE ( type_id=1 ) LIMIT 1   [ RunTime:0.0002s ]
SQL: SELECT `type` FROM person as a INNER JOIN person_type as b ON b.id = a.type_id  WHERE ( type_id=2 ) LIMIT 1   [ RunTime:0.0002s ]

[ 2018-04-10T15:22:49+08:00 ] ::1 /myCode/poneBack/api/person/index
INFO: [ app_init ] --START--
INFO: Run Behavior\BuildLiteBehavior [ RunTime:0.000108s ]
INFO: [ app_init ] --END-- [ RunTime:0.002104s ]
INFO: [ app_begin ] --START--
INFO: Run Behavior\ReadHtmlCacheBehavior [ RunTime:0.000978s ]
INFO: [ app_begin ] --END-- [ RunTime:0.001039s ]
SQL: SHOW COLUMNS FROM `person` [ RunTime:0.0153s ]
SQL: SELECT a.*,b.name as user_name,b.head as user_head FROM person as a INNER JOIN user as b ON b.id = a.user_id   [ RunTime:0.0002s ]
SQL: SHOW COLUMNS FROM `user_person` [ RunTime:0.0105s ]
SQL: SELECT * FROM `user_person` WHERE `person_id` = 1 AND `user_id` = 60  [ RunTime:0.0011s ]
SQL: SELECT * FROM `user_person` WHERE `person_id` = 2 AND `user_id` = 60  [ RunTime:0.0002s ]
SQL: SELECT * FROM `user_person` WHERE `person_id` = 3 AND `user_id` = 60  [ RunTime:0.0002s ]
INFO: [ app_end ] --START--
INFO: Run Behavior\ShowPageTraceBehavior [ RunTime:0.000928s ]
INFO: [ app_end ] --END-- [ RunTime:0.000961s ]

[ 2018-04-10T15:28:35+08:00 ] ::1 /myCode/poneBack/api/PersonType/type
INFO: [ app_init ] --START--
INFO: Run Behavior\BuildLiteBehavior [ RunTime:0.000013s ]
INFO: [ app_init ] --END-- [ RunTime:0.001236s ]
INFO: [ app_begin ] --START--
INFO: Run Behavior\ReadHtmlCacheBehavior [ RunTime:0.002833s ]
INFO: [ app_begin ] --END-- [ RunTime:0.002965s ]
SQL: SHOW COLUMNS FROM `person` [ RunTime:0.1264s ]
SQL: SELECT * FROM person as a INNER JOIN person_type as b ON b.id = a.type_id  WHERE ( type_id=1 )  [ RunTime:0.0004s ]
SQL: SELECT * FROM person as a INNER JOIN person_type as b ON b.id = a.type_id  WHERE ( type_id=2 )  [ RunTime:0.0003s ]
SQL: SELECT `type` FROM person as a INNER JOIN person_type as b ON b.id = a.type_id  WHERE ( type_id=1 ) LIMIT 1   [ RunTime:0.0002s ]
SQL: SELECT `type` FROM person as a INNER JOIN person_type as b ON b.id = a.type_id  WHERE ( type_id=2 ) LIMIT 1   [ RunTime:0.0003s ]

[ 2018-04-10T15:28:35+08:00 ] ::1 /myCode/poneBack/api/person/index
INFO: [ app_init ] --START--
INFO: Run Behavior\BuildLiteBehavior [ RunTime:0.000080s ]
INFO: [ app_init ] --END-- [ RunTime:0.003779s ]
INFO: [ app_begin ] --START--
INFO: Run Behavior\ReadHtmlCacheBehavior [ RunTime:0.001441s ]
INFO: [ app_begin ] --END-- [ RunTime:0.001524s ]
SQL: SHOW COLUMNS FROM `person` [ RunTime:0.1301s ]
SQL: SELECT a.*,b.name as user_name,b.head as user_head FROM person as a INNER JOIN user as b ON b.id = a.user_id   [ RunTime:0.0004s ]
SQL: SHOW COLUMNS FROM `user_person` [ RunTime:0.0167s ]
SQL: SELECT * FROM `user_person` WHERE `person_id` = 1 AND `user_id` = 60  [ RunTime:0.0003s ]
SQL: SELECT * FROM `user_person` WHERE `person_id` = 2 AND `user_id` = 60  [ RunTime:0.0003s ]
SQL: SELECT * FROM `user_person` WHERE `person_id` = 3 AND `user_id` = 60  [ RunTime:0.0003s ]
INFO: [ app_end ] --START--
INFO: Run Behavior\ShowPageTraceBehavior [ RunTime:0.001366s ]
INFO: [ app_end ] --END-- [ RunTime:0.001406s ]

[ 2018-04-10T15:28:40+08:00 ] ::1 /myCode/poneBack/api/PersonType/type
INFO: [ app_init ] --START--
INFO: Run Behavior\BuildLiteBehavior [ RunTime:0.000059s ]
INFO: [ app_init ] --END-- [ RunTime:0.001279s ]
INFO: [ app_begin ] --START--
INFO: Run Behavior\ReadHtmlCacheBehavior [ RunTime:0.001279s ]
INFO: [ app_begin ] --END-- [ RunTime:0.001339s ]
SQL: SHOW COLUMNS FROM `person` [ RunTime:0.0218s ]
SQL: SELECT * FROM person as a INNER JOIN person_type as b ON b.id = a.type_id  WHERE ( type_id=1 )  [ RunTime:0.0003s ]
SQL: SELECT * FROM person as a INNER JOIN person_type as b ON b.id = a.type_id  WHERE ( type_id=2 )  [ RunTime:0.0003s ]
SQL: SELECT `type` FROM person as a INNER JOIN person_type as b ON b.id = a.type_id  WHERE ( type_id=1 ) LIMIT 1   [ RunTime:0.0002s ]
SQL: SELECT `type` FROM person as a INNER JOIN person_type as b ON b.id = a.type_id  WHERE ( type_id=2 ) LIMIT 1   [ RunTime:0.0003s ]

[ 2018-04-10T15:28:40+08:00 ] ::1 /myCode/poneBack/api/person/index
INFO: [ app_init ] --START--
INFO: Run Behavior\BuildLiteBehavior [ RunTime:0.000012s ]
INFO: [ app_init ] --END-- [ RunTime:0.000777s ]
INFO: [ app_begin ] --START--
INFO: Run Behavior\ReadHtmlCacheBehavior [ RunTime:0.001028s ]
INFO: [ app_begin ] --END-- [ RunTime:0.001091s ]
SQL: SHOW COLUMNS FROM `person` [ RunTime:0.0216s ]
SQL: SELECT a.*,b.name as user_name,b.head as user_head FROM person as a INNER JOIN user as b ON b.id = a.user_id   [ RunTime:0.0004s ]
SQL: SHOW COLUMNS FROM `user_person` [ RunTime:0.0133s ]
SQL: SELECT * FROM `user_person` WHERE `person_id` = 1 AND `user_id` = 60  [ RunTime:0.0004s ]
SQL: SELECT * FROM `user_person` WHERE `person_id` = 2 AND `user_id` = 60  [ RunTime:0.0003s ]
SQL: SELECT * FROM `user_person` WHERE `person_id` = 3 AND `user_id` = 60  [ RunTime:0.0002s ]
INFO: [ app_end ] --START--
INFO: Run Behavior\ShowPageTraceBehavior [ RunTime:0.000977s ]
INFO: [ app_end ] --END-- [ RunTime:0.001012s ]

[ 2018-04-10T15:29:01+08:00 ] ::1 /myCode/poneBack/api/PersonType/type
INFO: [ app_init ] --START--
INFO: Run Behavior\BuildLiteBehavior [ RunTime:0.000036s ]
INFO: [ app_init ] --END-- [ RunTime:0.001525s ]
INFO: [ app_begin ] --START--
INFO: Run Behavior\ReadHtmlCacheBehavior [ RunTime:0.001159s ]
INFO: [ app_begin ] --END-- [ RunTime:0.001229s ]
SQL: SHOW COLUMNS FROM `person` [ RunTime:0.0209s ]
SQL: SELECT * FROM person as a INNER JOIN person_type as b ON b.id = a.type_id  WHERE ( type_id=1 )  [ RunTime:0.0003s ]
SQL: SELECT * FROM person as a INNER JOIN person_type as b ON b.id = a.type_id  WHERE ( type_id=2 )  [ RunTime:0.0003s ]
SQL: SELECT `type` FROM person as a INNER JOIN person_type as b ON b.id = a.type_id  WHERE ( type_id=1 ) LIMIT 1   [ RunTime:0.0002s ]
SQL: SELECT `type` FROM person as a INNER JOIN person_type as b ON b.id = a.type_id  WHERE ( type_id=2 ) LIMIT 1   [ RunTime:0.0002s ]

 Behavior\ShowPageTraceBehavior [ RunTime:0.001148s ]
INFO: [ app_end ] --END-- [ RunTime:0.001183s ]

[ 2018-04-10T15:29:14+08:00 ] ::1 /myCode/poneBack/api/person/index
INFO: [ app_init ] --START--
INFO: Run Behavior\BuildLiteBehavior [ RunTime:0.000023s ]
INFO: [ app_init ] --END-- [ RunTime:0.000926s ]
INFO: [ app_begin ] --START--
INFO: Run Behavior\ReadHtmlCacheBehavior [ RunTime:0.001441s ]
INFO: [ app_begin ] --END-- [ RunTime:0.001581s ]
SQL: SHOW COLUMNS FROM `person` [ RunTime:0.0099s ]
SQL: SELECT a.*,b.name as user_name,b.head as user_head FROM person as a INNER JOIN user as b ON b.id = a.user_id   [ RunTime:0.0004s ]
SQL: SHOW COLUMNS FROM `user_person` [ RunTime:0.0151s ]
SQL: SELECT * FROM `user_person` WHERE `person_id` = 1 AND `user_id` = 60  [ RunTime:0.0003s ]
SQL: SELECT * FROM `user_person` WHERE `person_id` = 2 AND `user_id` = 60  [ RunTime:0.0003s ]
SQL: SELECT * FROM `user_person` WHERE `person_id` = 3 AND `user_id` = 60  [ RunTime:0.0002s ]
INFO: [ app_end ] --START--
INFO: Run Behavior\ShowPageTraceBehavior [ RunTime:0.003002s ]
INFO: [ app_end ] --END-- [ RunTime:0.003191s ]

[ 2018-04-10T15:29:14+08:00 ] ::1 /myCode/poneBack/api/PersonType/type
INFO: [ app_init ] --START--
INFO: Run Behavior\BuildLiteBehavior [ RunTime:0.000017s ]
INFO: [ app_init ] --END-- [ RunTime:0.000890s ]
INFO: [ app_begin ] --START--
INFO: Run Behavior\ReadHtmlCacheBehavior [ RunTime:0.001220s ]
INFO: [ app_begin ] --END-- [ RunTime:0.001265s ]
SQL: SHOW COLUMNS FROM `person` [ RunTime:0.0186s ]
SQL: SELECT * FROM person as a INNER JOIN person_type as b ON b.id = a.type_id  WHERE ( type_id=1 )  [ RunTime:0.0006s ]
SQL: SELECT * FROM person as a INNER JOIN person_type as b ON b.id = a.type_id  WHERE ( type_id=2 )  [ RunTime:0.0003s ]
SQL: SELECT `type` FROM person as a INNER JOIN person_type as b ON b.id = a.type_id  WHERE ( type_id=1 ) LIMIT 1   [ RunTime:0.0005s ]
SQL: SELECT `type` FROM person as a INNER JOIN person_type as b ON b.id = a.type_id  WHERE ( type_id=2 ) LIMIT 1   [ RunTime:0.0003s ]

[ 2018-04-10T15:31:37+08:00 ] ::1 /myCode/poneBack/api/PersonType/type
INFO: [ app_init ] --START--
INFO: Run Behavior\BuildLiteBehavior [ RunTime:0.000014s ]
INFO: [ app_init ] --END-- [ RunTime:0.001079s ]
INFO: [ app_begin ] --START--
INFO: Run Behavior\ReadHtmlCacheBehavior [ RunTime:0.001465s ]
INFO: [ app_begin ] --END-- [ RunTime:0.001518s ]
SQL: SHOW COLUMNS FROM `person` [ RunTime:0.0441s ]
SQL: SELECT * FROM person as a INNER JOIN person_type as b ON b.id = a.type_id  WHERE ( type_id=1 )  [ RunTime:0.0004s ]
SQL: SELECT * FROM person as a INNER JOIN person_type as b ON b.id = a.type_id  WHERE ( type_id=2 )  [ RunTime:0.0007s ]
SQL: SELECT `type` FROM person as a INNER JOIN person_type as b ON b.id = a.type_id  WHERE ( type_id=1 ) LIMIT 1   [ RunTime:0.0012s ]
SQL: SELECT `type` FROM person as a INNER JOIN person_type as b ON b.id = a.type_id  WHERE ( type_id=2 ) LIMIT 1   [ RunTime:0.0015s ]

[ 2018-04-10T15:31:37+08:00 ] ::1 /myCode/poneBack/api/person/index
INFO: [ app_init ] --START--
INFO: Run Behavior\BuildLiteBehavior [ RunTime:0.000013s ]
INFO: [ app_init ] --END-- [ RunTime:0.001073s ]
INFO: [ app_begin ] --START--
INFO: Run Behavior\ReadHtmlCacheBehavior [ RunTime:0.001458s ]
INFO: [ app_begin ] --END-- [ RunTime:0.001535s ]
SQL: SHOW COLUMNS FROM `person` [ RunTime:0.0430s ]
SQL: SELECT a.*,b.name as user_name,b.head as user_head FROM person as a INNER JOIN user as b ON b.id = a.user_id   [ RunTime:0.0007s ]
SQL: SHOW COLUMNS FROM `user_person` [ RunTime:0.0167s ]
SQL: SELECT * FROM `user_person` WHERE `person_id` = 1 AND `user_id` = 60  [ RunTime:0.0003s ]
SQL: SELECT * FROM `user_person` WHERE `person_id` = 2 AND `user_id` = 60  [ RunTime:0.0002s ]
SQL: SELECT * FROM `user_person` WHERE `person_id` = 3 AND `user_id` = 60  [ RunTime:0.0002s ]
INFO: [ app_end ] --START--
INFO: Run Behavior\ShowPageTraceBehavior [ RunTime:0.001110s ]
INFO: [ app_end ] --END-- [ RunTime:0.001144s ]

[ 2018-04-10T15:31:41+08:00 ] ::1 /myCode/poneBack/api/PersonType/type
INFO: [ app_init ] --START--
INFO: Run Behavior\BuildLiteBehavior [ RunTime:0.000050s ]
INFO: [ app_init ] --END-- [ RunTime:0.001821s ]
INFO: [ app_begin ] --START--
INFO: Run Behavior\ReadHtmlCacheBehavior [ RunTime:0.001202s ]
INFO: [ app_begin ] --END-- [ RunTime:0.001293s ]
SQL: SHOW COLUMNS FROM `person` [ RunTime:0.0161s ]
SQL: SELECT * FROM person as a INNER JOIN person_type as b ON b.id = a.type_id  WHERE ( type_id=1 )  [ RunTime:0.0005s ]
SQL: SELECT * FROM person as a INNER JOIN person_type as b ON b.id = a.type_id  WHERE ( type_id=2 )  [ RunTime:0.0003s ]
SQL: SELECT `type` FROM person as a INNER JOIN person_type as b ON b.id = a.type_id  WHERE ( type_id=1 ) LIMIT 1   [ RunTime:0.0003s ]
SQL: SELECT `type` FROM person as a INNER JOIN person_type as b ON b.id = a.type_id  WHERE ( type_id=2 ) LIMIT 1   [ RunTime:0.0003s ]

[ 2018-04-10T15:31:41+08:00 ] ::1 /myCode/poneBack/api/person/index
INFO: [ app_init ] --START--
INFO: Run Behavior\BuildLiteBehavior [ RunTime:0.000024s ]
INFO: [ app_init ] --END-- [ RunTime:0.000920s ]
INFO: [ app_begin ] --START--
INFO: Run Behavior\ReadHtmlCacheBehavior [ RunTime:0.001646s ]
INFO: [ app_begin ] --END-- [ RunTime:0.001916s ]
SQL: SHOW COLUMNS FROM `person` [ RunTime:0.0213s ]
SQL: SELECT a.*,b.name as user_name,b.head as user_head FROM person as a INNER JOIN user as b ON b.id = a.user_id   [ RunTime:0.0004s ]
SQL: SHOW COLUMNS FROM `user_person` [ RunTime:0.0188s ]
SQL: SELECT * FROM `user_person` WHERE `person_id` = 1 AND `user_id` = 60  [ RunTime:0.0013s ]
SQL: SELECT * FROM `user_person` WHERE `person_id` = 2 AND `user_id` = 60  [ RunTime:0.0013s ]
SQL: SELECT * FROM `user_person` WHERE `person_id` = 3 AND `user_id` = 60  [ RunTime:0.0004s ]
INFO: [ app_end ] --START--
INFO: Run Behavior\ShowPageTraceBehavior [ RunTime:0.001034s ]
INFO: [ app_end ] --END-- [ RunTime:0.001073s ]

[ 2018-04-10T15:57:35+08:00 ] ::1 /myCode/poneBack/api/search/search
INFO: [ app_init ] --START--
INFO: Run Behavior\BuildLiteBehavior [ RunTime:0.000010s ]
INFO: [ app_init ] --END-- [ RunTime:0.000733s ]
INFO: [ app_begin ] --START--
INFO: Run Behavior\ReadHtmlCacheBehavior [ RunTime:0.001250s ]
INFO: [ app_begin ] --END-- [ RunTime:0.001307s ]
SQL: SHOW COLUMNS FROM `person` [ RunTime:0.0213s ]
SQL: SELECT * FROM `person`  [ RunTime:0.0006s ]
INFO: [ app_end ] --START--
INFO: Run Behavior\ShowPageTraceBehavior [ RunTime:0.001694s ]
INFO: [ app_end ] --END-- [ RunTime:0.001781s ]

[ 2018-04-10T16:28:55+08:00 ] ::1 /myCode/poneBack/api/search/search
INFO: [ app_init ] --START--
INFO: Run Behavior\BuildLiteBehavior [ RunTime:0.000012s ]
INFO: [ app_init ] --END-- [ RunTime:0.000882s ]
INFO: [ app_begin ] --START--
INFO: Run Behavior\ReadHtmlCacheBehavior [ RunTime:0.001078s ]
INFO: [ app_begin ] --END-- [ RunTime:0.001121s ]
SQL: SHOW COLUMNS FROM `person` [ RunTime:0.0411s ]
SQL: SELECT * FROM `person`  [ RunTime:0.0004s ]
INFO: [ app_end ] --START--
INFO: Run Behavior\ShowPageTraceBehavior [ RunTime:0.001183s ]
INFO: [ app_end ] --END-- [ RunTime:0.001229s ]

[ 2018-04-10T16:29:09+08:00 ] ::1 /myCode/poneBack/api/search/search
INFO: [ app_init ] --START--
INFO: Run Behavior\BuildLiteBehavior [ RunTime:0.000018s ]
INFO: [ app_init ] --END-- [ RunTime:0.001008s ]
INFO: [ app_begin ] --START--
INFO: Run Behavior\ReadHtmlCacheBehavior [ RunTime:0.000849s ]
INFO: [ app_begin ] --END-- [ RunTime:0.000898s ]
SQL: SHOW COLUMNS FROM `person` [ RunTime:0.0099s ]
SQL: SELECT * FROM `person`  [ RunTime:0.0003s ]
INFO: [ app_end ] --START--
INFO: Run Behavior\ShowPageTraceBehavior [ RunTime:0.000908s ]
INFO: [ app_end ] --END-- [ RunTime:0.000939s ]

[ 2018-04-10T16:30:22+08:00 ] ::1 /myCode/poneBack/api/search/search
INFO: [ app_init ] --START--
INFO: Run Behavior\BuildLiteBehavior [ RunTime:0.000017s ]
INFO: [ app_init ] --END-- [ RunTime:0.000747s ]
INFO: [ app_begin ] --START--
INFO: Run Behavior\ReadHtmlCacheBehavior [ RunTime:0.002618s ]
INFO: [ app_begin ] --END-- [ RunTime:0.003019s ]
SQL: SHOW COLUMNS FROM `person` [ RunTime:0.0238s ]
SQL: SELECT * FROM `person`  [ RunTime:0.0006s ]
INFO: [ app_end ] --START--
INFO: Run Behavior\ShowPageTraceBehavior [ RunTime:0.005204s ]
INFO: [ app_end ] --END-- [ RunTime:0.005448s ]

[ 2018-04-10T16:30:24+08:00 ] ::1 /myCode/poneBack/api/search/search
INFO: [ app_init ] --START--
INFO: Run Behavior\BuildLiteBehavior [ RunTime:0.000041s ]
INFO: [ app_init ] --END-- [ RunTime:0.001019s ]
INFO: [ app_begin ] --START--
INFO: Run Behavior\ReadHtmlCacheBehavior [ RunTime:0.000888s ]
INFO: [ app_begin ] --END-- [ RunTime:0.000946s ]
SQL: SHOW COLUMNS FROM `person` [ RunTime:0.0196s ]
SQL: SELECT * FROM `person`  [ RunTime:0.0005s ]
INFO: [ app_end ] --START--
INFO: Run Behavior\ShowPageTraceBehavior [ RunTime:0.001354s ]
INFO: [ app_end ] --END-- [ RunTime:0.001424s ]

[ 2018-04-10T16:31:07+08:00 ] ::1 /myCode/poneBack/api/search/search
INFO: [ app_init ] --START--
INFO: Run Behavior\BuildLiteBehavior [ RunTime:0.000022s ]
INFO: [ app_init ] --END-- [ RunTime:0.002350s ]
INFO: [ app_begin ] --START--
INFO: Run Behavior\ReadHtmlCacheBehavior [ RunTime:0.004689s ]
INFO: [ app_begin ] --END-- [ RunTime:0.004990s ]
SQL: SHOW COLUMNS FROM `person` [ RunTime:0.0176s ]
SQL: SELECT * FROM `person`  [ RunTime:0.0004s ]
INFO: [ app_end ] --START--
INFO: Run Behavior\ShowPageTraceBehavior [ RunTime:0.001381s ]
INFO: [ app_end ] --END-- [ RunTime:0.001430s ]

[ 2018-04-10T16:31:17+08:00 ] ::1 /myCode/poneBack/api/search/search
INFO: [ app_init ] --START--
INFO: Run Behavior\BuildLiteBehavior [ RunTime:0.000019s ]
INFO: [ app_init ] --END-- [ RunTime:0.001407s ]
INFO: [ app_begin ] --START--
INFO: Run Behavior\ReadHtmlCacheBehavior [ RunTime:0.001329s ]
INFO: [ app_begin ] --END-- [ RunTime:0.001419s ]
SQL: SHOW COLUMNS FROM `person` [ RunTime:0.0117s ]
SQL: SELECT * FROM `person`  [ RunTime:0.0004s ]
INFO: [ app_end ] --START--
INFO: Run Behavior\ShowPageTraceBehavior [ RunTime:0.001450s ]
INFO: [ app_end ] --END-- [ RunTime:0.001508s ]

[ 2018-04-10T16:31:42+08:00 ] ::1 /myCode/poneBack/api/search/search
INFO: [ app_init ] --START--
INFO: Run Behavior\BuildLiteBehavior [ RunTime:0.000020s ]
INFO: [ app_init ] --END-- [ RunTime:0.001247s ]
INFO: [ app_begin ] --START--
INFO: Run Behavior\ReadHtmlCacheBehavior [ RunTime:0.001093s ]
INFO: [ app_begin ] --END-- [ RunTime:0.001241s ]
SQL: SHOW COLUMNS FROM `person` [ RunTime:0.0189s ]
SQL: SELECT * FROM `person`  [ RunTime:0.0003s ]
INFO: [ app_end ] --START--
INFO: Run Behavior\ShowPageTraceBehavior [ RunTime:0.003081s ]
INFO: [ app_end ] --END-- [ RunTime:0.003208s ]

[ 2018-04-10T16:34:32+08:00 ] ::1 /myCode/poneBack/api/search/search
INFO: [ app_init ] --START--
INFO: Run Behavior\BuildLiteBehavior [ RunTime:0.000179s ]
INFO: [ app_init ] --END-- [ RunTime:0.002388s ]
INFO: [ app_begin ] --START--
INFO: Run Behavior\ReadHtmlCacheBehavior [ RunTime:0.001392s ]
INFO: [ app_begin ] --END-- [ RunTime:0.001492s ]
SQL: SHOW COLUMNS FROM `person` [ RunTime:0.0159s ]
SQL: SELECT * FROM `person`  [ RunTime:0.0004s ]
INFO: [ app_end ] --START--
INFO: Run Behavior\ShowPageTraceBehavior [ RunTime:0.001476s ]
INFO: [ app_end ] --END-- [ RunTime:0.001543s ]

[ 2018-04-10T16:34:50+08:00 ] ::1 /myCode/poneBack/api/search/search
INFO: [ app_init ] --START--
INFO: Run Behavior\BuildLiteBehavior [ RunTime:0.000058s ]
INFO: [ app_init ] --END-- [ RunTime:0.001610s ]
INFO: [ app_begin ] --START--
INFO: Run Behavior\ReadHtmlCacheBehavior [ RunTime:0.001004s ]
INFO: [ app_begin ] --END-- [ RunTime:0.001067s ]
SQL: SHOW COLUMNS FROM `person` [ RunTime:0.0123s ]
SQL: SELECT * FROM `person`  [ RunTime:0.0003s ]
INFO: [ app_end ] --START--
INFO: Run Behavior\ShowPageTraceBehavior [ RunTime:0.000837s ]
INFO: [ app_end ] --END-- [ RunTime:0.000871s ]

[ 2018-04-10T16:36:24+08:00 ] ::1 /myCode/poneBack/api/search/search
INFO: [ app_init ] --START--
INFO: Run Behavior\BuildLiteBehavior [ RunTime:0.000019s ]
INFO: [ app_init ] --END-- [ RunTime:0.003130s ]
INFO: [ app_begin ] --START--
INFO: Run Behavior\ReadHtmlCacheBehavior [ RunTime:0.001097s ]
INFO: [ app_begin ] --END-- [ RunTime:0.001174s ]
SQL: SHOW COLUMNS FROM `person` [ RunTime:0.0192s ]
SQL: SELECT * FROM `person`  [ RunTime:0.0003s ]
INFO: [ app_end ] --START--
INFO: Run Behavior\ShowPageTraceBehavior [ RunTime:0.001346s ]
INFO: [ app_end ] --END-- [ RunTime:0.001403s ]

[ 2018-04-10T16:39:38+08:00 ] ::1 /myCode/poneBack/api/search/search
INFO: [ app_init ] --START--
INFO: Run Behavior\BuildLiteBehavior [ RunTime:0.000009s ]
INFO: [ app_init ] --END-- [ RunTime:0.000740s ]
INFO: [ app_begin ] --START--
INFO: Run Behavior\ReadHtmlCacheBehavior [ RunTime:0.002136s ]
INFO: [ app_begin ] --END-- [ RunTime:0.002272s ]
SQL: SHOW COLUMNS FROM `person` [ RunTime:0.0503s ]
SQL: SELECT * FROM `person`  [ RunTime:0.0007s ]
INFO: [ app_end ] --START--
INFO: Run Behavior\ShowPageTraceBehavior [ RunTime:0.003421s ]
INFO: [ app_end ] --END-- [ RunTime:0.003542s ]

[ 2018-04-10T16:47:35+08:00 ] ::1 /myCode/poneBack/api/PersonType/type
INFO: [ app_init ] --START--
INFO: Run Behavior\BuildLiteBehavior [ RunTime:0.000026s ]
INFO: [ app_init ] --END-- [ RunTime:0.003641s ]
INFO: [ app_begin ] --START--
INFO: Run Behavior\ReadHtmlCacheBehavior [ RunTime:0.001235s ]
INFO: [ app_begin ] --END-- [ RunTime:0.001284s ]
SQL: SHOW COLUMNS FROM `person` [ RunTime:0.0447s ]
SQL: SELECT * FROM person as a INNER JOIN person_type as b ON b.id = a.type_id  WHERE ( type_id=1 )  [ RunTime:0.0006s ]
SQL: SELECT * FROM person as a INNER JOIN person_type as b ON b.id = a.type_id  WHERE ( type_id=2 )  [ RunTime:0.0003s ]
SQL: SELECT `type` FROM person as a INNER JOIN person_type as b ON b.id = a.type_id  WHERE ( type_id=1 ) LIMIT 1   [ RunTime:0.0003s ]
SQL: SELECT `type` FROM person as a INNER JOIN person_type as b ON b.id = a.type_id  WHERE ( type_id=2 ) LIMIT 1   [ RunTime:0.0003s ]

[ 2018-04-10T16:47:35+08:00 ] ::1 /myCode/poneBack/api/person/index
INFO: [ app_init ] --START--
INFO: Run Behavior\BuildLiteBehavior [ RunTime:0.000012s ]
INFO: [ app_init ] --END-- [ RunTime:0.001342s ]
INFO: [ app_begin ] --START--
INFO: Run Behavior\ReadHtmlCacheBehavior [ RunTime:0.003269s ]
INFO: [ app_begin ] --END-- [ RunTime:0.003463s ]
SQL: SHOW COLUMNS FROM `person` [ RunTime:0.0412s ]
SQL: SELECT a.*,b.name as user_name,b.head as user_head FROM person as a INNER JOIN user as b ON b.id = a.user_id   [ RunTime:0.0006s ]
SQL: SHOW COLUMNS FROM `user_person` [ RunTime:0.0140s ]
SQL: SELECT * FROM `user_person` WHERE `person_id` = 1 AND `user_id` = 60  [ RunTime:0.0004s ]
SQL: SELECT * FROM `user_person` WHERE `person_id` = 2 AND `user_id` = 60  [ RunTime:0.0002s ]
SQL: SELECT * FROM `user_person` WHERE `person_id` = 3 AND `user_id` = 60  [ RunTime:0.0002s ]
INFO: [ app_end ] --START--
INFO: Run Behavior\ShowPageTraceBehavior [ RunTime:0.001256s ]
INFO: [ app_end ] --END-- [ RunTime:0.001287s ]

[ 2018-04-10T17:17:33+08:00 ] ::1 /myCode/poneBack/api/PersonType/type
INFO: [ app_init ] --START--
INFO: Run Behavior\BuildLiteBehavior [ RunTime:0.000019s ]
INFO: [ app_init ] --END-- [ RunTime:0.001579s ]
INFO: [ app_begin ] --START--
INFO: Run Behavior\ReadHtmlCacheBehavior [ RunTime:0.001139s ]
INFO: [ app_begin ] --END-- [ RunTime:0.001195s ]
SQL: SHOW COLUMNS FROM `person` [ RunTime:0.0169s ]
SQL: SELECT * FROM person as a INNER JOIN person_type as b ON b.id = a.type_id  WHERE ( type_id=1 )  [ RunTime:0.0006s ]
SQL: SELECT * FROM person as a INNER JOIN person_type as b ON b.id = a.type_id  WHERE ( type_id=2 )  [ RunTime:0.0003s ]
SQL: SELECT `type` FROM person as a INNER JOIN person_type as b ON b.id = a.type_id  WHERE ( type_id=1 ) LIMIT 1   [ RunTime:0.0002s ]
SQL: SELECT `type` FROM person as a INNER JOIN person_type as b ON b.id = a.type_id  WHERE ( type_id=2 ) LIMIT 1   [ RunTime:0.0002s ]

[ 2018-04-10T17:17:33+08:00 ] ::1 /myCode/poneBack/api/person/index
INFO: [ app_init ] --START--
INFO: Run Behavior\BuildLiteBehavior [ RunTime:0.000014s ]
INFO: [ app_init ] --END-- [ RunTime:0.001134s ]
INFO: [ app_begin ] --START--
INFO: Run Behavior\ReadHtmlCacheBehavior [ RunTime:0.001313s ]
INFO: [ app_begin ] --END-- [ RunTime:0.001368s ]
SQL: SHOW COLUMNS FROM `person` [ RunTime:0.0181s ]
SQL: SELECT a.*,b.name as user_name,b.head as user_head FROM person as a INNER JOIN user as b ON b.id = a.user_id   [ RunTime:0.0004s ]
SQL: SHOW COLUMNS FROM `user_person` [ RunTime:0.0196s ]
SQL: SELECT * FROM `user_person` WHERE `person_id` = 1 AND `user_id` = 60  [ RunTime:0.0002s ]
SQL: SELECT * FROM `user_person` WHERE `person_id` = 2 AND `user_id` = 60  [ RunTime:0.0001s ]
SQL: SELECT * FROM `user_person` WHERE `person_id` = 3 AND `user_id` = 60  [ RunTime:0.0001s ]
INFO: [ app_end ] --START--
INFO: Run Behavior\ShowPageTraceBehavior [ RunTime:0.001259s ]
INFO: [ app_end ] --END-- [ RunTime:0.001294s ]

