[ 2018-05-29T10:27:50+08:00 ] ::1 /myCode/poneBack/api/person/index
INFO: [ app_init ] --START--
INFO: Run Behavior\BuildLiteBehavior [ RunTime:0.000038s ]
INFO: [ app_init ] --END-- [ RunTime:0.002937s ]
INFO: [ app_begin ] --START--
INFO: Run Behavior\ReadHtmlCacheBehavior [ RunTime:0.016470s ]
INFO: [ app_begin ] --END-- [ RunTime:0.016702s ]
SQL: SHOW COLUMNS FROM `person` [ RunTime:0.0956s ]
SQL: SELECT a.*,b.name as user_name,b.head as user_head FROM person as a INNER JOIN user as b ON b.id = a.user_id   [ RunTime:0.0865s ]
SQL: SHOW COLUMNS FROM `user_person` [ RunTime:0.0587s ]
SQL: SELECT * FROM `user_person` WHERE `person_id` = 1 AND `user_id` = 58  [ RunTime:0.0009s ]
SQL: SELECT * FROM `user_person` WHERE `person_id` = 2 AND `user_id` = 58  [ RunTime:0.0007s ]
SQL: SELECT * FROM `user_person` WHERE `person_id` = 3 AND `user_id` = 58  [ RunTime:0.0008s ]
INFO: [ app_end ] --START--
INFO: Run Behavior\ShowPageTraceBehavior [ RunTime:0.010577s ]
INFO: [ app_end ] --END-- [ RunTime:0.010772s ]

[ 2018-05-29T10:27:50+08:00 ] ::1 /myCode/poneBack/api/PersonType/type
INFO: [ app_init ] --START--
INFO: Run Behavior\BuildLiteBehavior [ RunTime:0.000038s ]
INFO: [ app_init ] --END-- [ RunTime:0.002902s ]
INFO: [ app_begin ] --START--
INFO: Run Behavior\ReadHtmlCacheBehavior [ RunTime:0.016667s ]
INFO: [ app_begin ] --END-- [ RunTime:0.016866s ]
SQL: SHOW COLUMNS FROM `person` [ RunTime:0.0956s ]
SQL: SELECT * FROM person as a INNER JOIN person_type as b ON b.id = a.type_id  WHERE ( type_id=1 )  [ RunTime:0.1289s ]
SQL: SELECT * FROM person as a INNER JOIN person_type as b ON b.id = a.type_id  WHERE ( type_id=2 )  [ RunTime:0.0011s ]
SQL: SELECT `type` FROM person as a INNER JOIN person_type as b ON b.id = a.type_id  WHERE ( type_id=1 ) LIMIT 1   [ RunTime:0.0085s ]
SQL: SELECT `type` FROM person as a INNER JOIN person_type as b ON b.id = a.type_id  WHERE ( type_id=2 ) LIMIT 1   [ RunTime:0.0009s ]

[ 2018-05-29T10:34:34+08:00 ] ::1 /myCode/poneBack/api/PersonType/type
INFO: [ app_init ] --START--
INFO: Run Behavior\BuildLiteBehavior [ RunTime:0.000010s ]
INFO: [ app_init ] --END-- [ RunTime:0.000409s ]
INFO: [ app_begin ] --START--
INFO: Run Behavior\ReadHtmlCacheBehavior [ RunTime:0.000692s ]
INFO: [ app_begin ] --END-- [ RunTime:0.000737s ]
SQL: SHOW COLUMNS FROM `person` [ RunTime:0.0477s ]
SQL: SELECT * FROM person as a INNER JOIN person_type as b ON b.id = a.type_id  WHERE ( type_id=1 )  [ RunTime:0.0005s ]
SQL: SELECT * FROM person as a INNER JOIN person_type as b ON b.id = a.type_id  WHERE ( type_id=2 )  [ RunTime:0.0003s ]
SQL: SELECT `type` FROM person as a INNER JOIN person_type as b ON b.id = a.type_id  WHERE ( type_id=1 ) LIMIT 1   [ RunTime:0.0003s ]
SQL: SELECT `type` FROM person as a INNER JOIN person_type as b ON b.id = a.type_id  WHERE ( type_id=2 ) LIMIT 1   [ RunTime:0.0002s ]

[ 2018-05-29T10:34:34+08:00 ] ::1 /myCode/poneBack/api/person/index
INFO: [ app_init ] --START--
INFO: Run Behavior\BuildLiteBehavior [ RunTime:0.000013s ]
INFO: [ app_init ] --END-- [ RunTime:0.000757s ]
INFO: [ app_begin ] --START--
INFO: Run Behavior\ReadHtmlCacheBehavior [ RunTime:0.000880s ]
INFO: [ app_begin ] --END-- [ RunTime:0.000945s ]
SQL: SHOW COLUMNS FROM `person` [ RunTime:0.0483s ]
SQL: SELECT a.*,b.name as user_name,b.head as user_head FROM person as a INNER JOIN user as b ON b.id = a.user_id   [ RunTime:0.0003s ]

[ 2018-05-29T10:54:08+08:00 ] ::1 /myCode/poneBack/api/PersonType/type
INFO: [ app_init ] --START--
INFO: Run Behavior\BuildLiteBehavior [ RunTime:0.000017s ]
INFO: [ app_init ] --END-- [ RunTime:0.000720s ]
INFO: [ app_begin ] --START--
INFO: Run Behavior\ReadHtmlCacheBehavior [ RunTime:0.001052s ]
INFO: [ app_begin ] --END-- [ RunTime:0.001118s ]
SQL: SHOW COLUMNS FROM `person` [ RunTime:0.0402s ]
SQL: SELECT * FROM person as a INNER JOIN person_type as b ON b.id = a.type_id  WHERE ( type_id=1 )  [ RunTime:0.0004s ]
SQL: SELECT * FROM person as a INNER JOIN person_type as b ON b.id = a.type_id  WHERE ( type_id=2 )  [ RunTime:0.0003s ]
SQL: SELECT `type` FROM person as a INNER JOIN person_type as b ON b.id = a.type_id  WHERE ( type_id=1 ) LIMIT 1   [ RunTime:0.0002s ]
SQL: SELECT `type` FROM person as a INNER JOIN person_type as b ON b.id = a.type_id  WHERE ( type_id=2 ) LIMIT 1   [ RunTime:0.0002s ]

[ 2018-05-29T10:54:08+08:00 ] ::1 /myCode/poneBack/api/person/index
INFO: [ app_init ] --START--
INFO: Run Behavior\BuildLiteBehavior [ RunTime:0.000011s ]
INFO: [ app_init ] --END-- [ RunTime:0.000801s ]
INFO: [ app_begin ] --START--
INFO: Run Behavior\ReadHtmlCacheBehavior [ RunTime:0.001670s ]
INFO: [ app_begin ] --END-- [ RunTime:0.001785s ]
SQL: SHOW COLUMNS FROM `person` [ RunTime:0.0406s ]
SQL: SELECT a.*,b.name as user_name,b.head as user_head FROM person as a INNER JOIN user as b ON b.id = a.user_id   [ RunTime:0.0005s ]
NOTIC: [8] Undefined index: addtime E:\xampp\htdocs\myCode\poneBack\Application\Api\Controller\PersonController.class.php 第 14 行.
SQL: SHOW COLUMNS FROM `user_person` [ RunTime:0.0171s ]
SQL: SELECT * FROM `user_person` WHERE `person_id` = 1 AND `user_id` = 58  [ RunTime:0.0003s ]
NOTIC: [8] Undefined index: addtime E:\xampp\htdocs\myCode\poneBack\Application\Api\Controller\PersonController.class.php 第 14 行.
SQL: SELECT * FROM `user_person` WHERE `person_id` = 2 AND `user_id` = 58  [ RunTime:0.0002s ]
NOTIC: [8] Undefined index: addtime E:\xampp\htdocs\myCode\poneBack\Application\Api\Controller\PersonController.class.php 第 14 行.
SQL: SELECT * FROM `user_person` WHERE `person_id` = 3 AND `user_id` = 58  [ RunTime:0.0015s ]
INFO: [ app_end ] --START--
INFO: Run Behavior\ShowPageTraceBehavior [ RunTime:0.001735s ]
INFO: [ app_end ] --END-- [ RunTime:0.002030s ]

[ 2018-05-29T10:55:04+08:00 ] ::1 /myCode/poneBack/api/PersonType/type
INFO: [ app_init ] --START--
INFO: Run Behavior\BuildLiteBehavior [ RunTime:0.000015s ]
INFO: [ app_init ] --END-- [ RunTime:0.000626s ]
INFO: [ app_begin ] --START--
INFO: Run Behavior\ReadHtmlCacheBehavior [ RunTime:0.000970s ]
INFO: [ app_begin ] --END-- [ RunTime:0.001081s ]
SQL: SHOW COLUMNS FROM `person` [ RunTime:0.0161s ]
SQL: SELECT * FROM person as a INNER JOIN person_type as b ON b.id = a.type_id  WHERE ( type_id=1 )  [ RunTime:0.0005s ]
SQL: SELECT * FROM person as a INNER JOIN person_type as b ON b.id = a.type_id  WHERE ( type_id=2 )  [ RunTime:0.0003s ]
SQL: SELECT `type` FROM person as a INNER JOIN person_type as b ON b.id = a.type_id  WHERE ( type_id=1 ) LIMIT 1   [ RunTime:0.0003s ]
SQL: SELECT `type` FROM person as a INNER JOIN person_type as b ON b.id = a.type_id  WHERE ( type_id=2 ) LIMIT 1   [ RunTime:0.0004s ]

[ 2018-05-29T10:55:04+08:00 ] ::1 /myCode/poneBack/api/person/index
INFO: [ app_init ] --START--
INFO: Run Behavior\BuildLiteBehavior [ RunTime:0.000013s ]
INFO: [ app_init ] --END-- [ RunTime:0.000582s ]
INFO: [ app_begin ] --START--
INFO: Run Behavior\ReadHtmlCacheBehavior [ RunTime:0.000956s ]
INFO: [ app_begin ] --END-- [ RunTime:0.001024s ]
SQL: SHOW COLUMNS FROM `person` [ RunTime:0.0166s ]
SQL: SELECT a.*,b.name as user_name,b.head as user_head FROM person as a INNER JOIN user as b ON b.id = a.user_id   [ RunTime:0.0004s ]
NOTIC: [8] Undefined index: addtime E:\xampp\htdocs\myCode\poneBack\Application\Api\Controller\PersonController.class.php 第 14 行.
SQL: SHOW COLUMNS FROM `user_person` [ RunTime:0.0127s ]
SQL: SELECT * FROM `user_person` WHERE `person_id` = 1 AND `user_id` = 58  [ RunTime:0.0003s ]
NOTIC: [8] Undefined index: addtime E:\xampp\htdocs\myCode\poneBack\Application\Api\Controller\PersonController.class.php 第 14 行.
SQL: SELECT * FROM `user_person` WHERE `person_id` = 2 AND `user_id` = 58  [ RunTime:0.0002s ]
NOTIC: [8] Undefined index: addtime E:\xampp\htdocs\myCode\poneBack\Application\Api\Controller\PersonController.class.php 第 14 行.
SQL: SELECT * FROM `user_person` WHERE `person_id` = 3 AND `user_id` = 58  [ RunTime:0.0002s ]
INFO: [ app_end ] --START--
INFO: Run Behavior\ShowPageTraceBehavior [ RunTime:0.000690s ]
INFO: [ app_end ] --END-- [ RunTime:0.000726s ]

[ 2018-05-29T10:59:32+08:00 ] ::1 /myCode/poneBack/api/PersonType/type
INFO: [ app_init ] --START--
INFO: Run Behavior\BuildLiteBehavior [ RunTime:0.000021s ]
INFO: [ app_init ] --END-- [ RunTime:0.000825s ]
INFO: [ app_begin ] --START--
INFO: Run Behavior\ReadHtmlCacheBehavior [ RunTime:0.002262s ]
INFO: [ app_begin ] --END-- [ RunTime:0.002358s ]
SQL: SHOW COLUMNS FROM `person` [ RunTime:0.0527s ]
SQL: SELECT * FROM person as a INNER JOIN person_type as b ON b.id = a.type_id  WHERE ( type_id=1 )  [ RunTime:0.0008s ]
SQL: SELECT * FROM person as a INNER JOIN person_type as b ON b.id = a.type_id  WHERE ( type_id=2 )  [ RunTime:0.0007s ]
SQL: SELECT `type` FROM person as a INNER JOIN person_type as b ON b.id = a.type_id  WHERE ( type_id=1 ) LIMIT 1   [ RunTime:0.0002s ]
SQL: SELECT `type` FROM person as a INNER JOIN person_type as b ON b.id = a.type_id  WHERE ( type_id=2 ) LIMIT 1   [ RunTime:0.0002s ]

[ 2018-05-29T10:59:32+08:00 ] ::1 /myCode/poneBack/api/person/index
INFO: [ app_init ] --START--
INFO: Run Behavior\BuildLiteBehavior [ RunTime:0.000021s ]
INFO: [ app_init ] --END-- [ RunTime:0.000739s ]
INFO: [ app_begin ] --START--
INFO: Run Behavior\ReadHtmlCacheBehavior [ RunTime:0.001274s ]
INFO: [ app_begin ] --END-- [ RunTime:0.001406s ]
SQL: SHOW COLUMNS FROM `person` [ RunTime:0.0525s ]
SQL: SELECT a.*,b.name as user_name,b.head as user_head FROM person as a INNER JOIN user as b ON b.id = a.user_id   [ RunTime:0.0005s ]
SQL: SHOW COLUMNS FROM `user_person` [ RunTime:0.0119s ]
SQL: SELECT * FROM `user_person` WHERE `person_id` = 1 AND `user_id` = 58  [ RunTime:0.0014s ]
SQL: SELECT * FROM `user_person` WHERE `person_id` = 2 AND `user_id` = 58  [ RunTime:0.0011s ]
SQL: SELECT * FROM `user_person` WHERE `person_id` = 3 AND `user_id` = 58  [ RunTime:0.0013s ]
INFO: [ app_end ] --START--
INFO: Run Behavior\ShowPageTraceBehavior [ RunTime:0.001038s ]
INFO: [ app_end ] --END-- [ RunTime:0.001129s ]

[ 2018-05-29T11:04:27+08:00 ] ::1 /myCode/poneBack/api/person/index
INFO: [ app_init ] --START--
INFO: Run Behavior\BuildLiteBehavior [ RunTime:0.000016s ]
INFO: [ app_init ] --END-- [ RunTime:0.000667s ]
INFO: [ app_begin ] --START--
INFO: Run Behavior\ReadHtmlCacheBehavior [ RunTime:0.000706s ]
INFO: [ app_begin ] --END-- [ RunTime:0.000765s ]
SQL: SHOW COLUMNS FROM `person` [ RunTime:0.0481s ]
SQL: SELECT a.*,b.name as user_name,b.head as user_head FROM person as a INNER JOIN user as b ON b.id = a.user_id   [ RunTime:0.0004s ]

[ 2018-05-29T11:04:27+08:00 ] ::1 /myCode/poneBack/api/PersonType/type
INFO: [ app_init ] --START--
INFO: Run Behavior\BuildLiteBehavior [ RunTime:0.000011s ]
INFO: [ app_init ] --END-- [ RunTime:0.000472s ]
INFO: [ app_begin ] --START--
INFO: Run Behavior\ReadHtmlCacheBehavior [ RunTime:0.000794s ]
INFO: [ app_begin ] --END-- [ RunTime:0.000863s ]
SQL: SHOW COLUMNS FROM `person` [ RunTime:0.0483s ]
SQL: SELECT * FROM person as a INNER JOIN person_type as b ON b.id = a.type_id  WHERE ( type_id=1 )  [ RunTime:0.0003s ]
SQL: SELECT * FROM person as a INNER JOIN person_type as b ON b.id = a.type_id  WHERE ( type_id=2 )  [ RunTime:0.0003s ]
SQL: SELECT `type` FROM person as a INNER JOIN person_type as b ON b.id = a.type_id  WHERE ( type_id=1 ) LIMIT 1   [ RunTime:0.0002s ]
SQL: SELECT `type` FROM person as a INNER JOIN person_type as b ON b.id = a.type_id  WHERE ( type_id=2 ) LIMIT 1   [ RunTime:0.0002s ]

[ 2018-05-29T11:04:56+08:00 ] ::1 /myCode/poneBack/api/person/index
INFO: [ app_init ] --START--
INFO: Run Behavior\BuildLiteBehavior [ RunTime:0.000011s ]
INFO: [ app_init ] --END-- [ RunTime:0.000477s ]
INFO: [ app_begin ] --START--
INFO: Run Behavior\ReadHtmlCacheBehavior [ RunTime:0.001175s ]
INFO: [ app_begin ] --END-- [ RunTime:0.001261s ]
SQL: SHOW COLUMNS FROM `person` [ RunTime:0.0134s ]
SQL: SELECT a.*,b.name as user_name,b.head as user_head FROM person as a INNER JOIN user as b ON b.id = a.user_id   [ RunTime:0.0011s ]

[ 2018-05-29T11:04:56+08:00 ] ::1 /myCode/poneBack/api/PersonType/type
INFO: [ app_init ] --START--
INFO: Run Behavior\BuildLiteBehavior [ RunTime:0.000015s ]
INFO: [ app_init ] --END-- [ RunTime:0.000407s ]
INFO: [ app_begin ] --START--
INFO: Run Behavior\ReadHtmlCacheBehavior [ RunTime:0.000836s ]
INFO: [ app_begin ] --END-- [ RunTime:0.000903s ]
SQL: SHOW COLUMNS FROM `person` [ RunTime:0.0179s ]
SQL: SELECT * FROM person as a INNER JOIN person_type as b ON b.id = a.type_id  WHERE ( type_id=1 )  [ RunTime:0.0005s ]
SQL: SELECT * FROM person as a INNER JOIN person_type as b ON b.id = a.type_id  WHERE ( type_id=2 )  [ RunTime:0.0007s ]
SQL: SELECT `type` FROM person as a INNER JOIN person_type as b ON b.id = a.type_id  WHERE ( type_id=1 ) LIMIT 1   [ RunTime:0.0004s ]
SQL: SELECT `type` FROM person as a INNER JOIN person_type as b ON b.id = a.type_id  WHERE ( type_id=2 ) LIMIT 1   [ RunTime:0.0005s ]

[ 2018-05-29T11:04:59+08:00 ] ::1 /myCode/poneBack/api/PersonType/type
INFO: [ app_init ] --START--
INFO: Run Behavior\BuildLiteBehavior [ RunTime:0.000036s ]
INFO: [ app_init ] --END-- [ RunTime:0.000615s ]
INFO: [ app_begin ] --START--
INFO: Run Behavior\ReadHtmlCacheBehavior [ RunTime:0.001843s ]
INFO: [ app_begin ] --END-- [ RunTime:0.001992s ]
SQL: SHOW COLUMNS FROM `person` [ RunTime:0.0088s ]
SQL: SELECT * FROM person as a INNER JOIN person_type as b ON b.id = a.type_id  WHERE ( type_id=1 )  [ RunTime:0.0004s ]
SQL: SELECT * FROM person as a INNER JOIN person_type as b ON b.id = a.type_id  WHERE ( type_id=2 )  [ RunTime:0.0011s ]
SQL: SELECT `type` FROM person as a INNER JOIN person_type as b ON b.id = a.type_id  WHERE ( type_id=1 ) LIMIT 1   [ RunTime:0.0009s ]
SQL: SELECT `type` FROM person as a INNER JOIN person_type as b ON b.id = a.type_id  WHERE ( type_id=2 ) LIMIT 1   [ RunTime:0.0007s ]

[ 2018-05-29T11:04:59+08:00 ] ::1 /myCode/poneBack/api/person/index
INFO: [ app_init ] --START--
INFO: Run Behavior\BuildLiteBehavior [ RunTime:0.000019s ]
INFO: [ app_init ] --END-- [ RunTime:0.000589s ]
INFO: [ app_begin ] --START--
INFO: Run Behavior\ReadHtmlCacheBehavior [ RunTime:0.001535s ]
INFO: [ app_begin ] --END-- [ RunTime:0.001699s ]
SQL: SHOW COLUMNS FROM `person` [ RunTime:0.0124s ]
SQL: SELECT a.*,b.name as user_name,b.head as user_head FROM person as a INNER JOIN user as b ON b.id = a.user_id   [ RunTime:0.0003s ]

[ 2018-05-29T11:10:18+08:00 ] ::1 /myCode/poneBack/api/person/index
INFO: [ app_init ] --START--
INFO: Run Behavior\BuildLiteBehavior [ RunTime:0.000025s ]
INFO: [ app_init ] --END-- [ RunTime:0.000707s ]
INFO: [ app_begin ] --START--
INFO: Run Behavior\ReadHtmlCacheBehavior [ RunTime:0.001192s ]
INFO: [ app_begin ] --END-- [ RunTime:0.001283s ]
SQL: SHOW COLUMNS FROM `person` [ RunTime:0.0363s ]
SQL: SELECT a.*,b.name as user_name,b.head as user_head FROM person as a INNER JOIN user as b ON b.id = a.user_id   [ RunTime:0.0007s ]

[ 2018-05-29T11:10:18+08:00 ] ::1 /myCode/poneBack/api/PersonType/type
INFO: [ app_init ] --START--
INFO: Run Behavior\BuildLiteBehavior [ RunTime:0.000023s ]
INFO: [ app_init ] --END-- [ RunTime:0.000711s ]
INFO: [ app_begin ] --START--
INFO: Run Behavior\ReadHtmlCacheBehavior [ RunTime:0.001071s ]
INFO: [ app_begin ] --END-- [ RunTime:0.001160s ]
SQL: SHOW COLUMNS FROM `person` [ RunTime:0.0355s ]
SQL: SELECT * FROM person as a INNER JOIN person_type as b ON b.id = a.type_id  WHERE ( type_id=1 )  [ RunTime:0.0004s ]
SQL: SELECT * FROM person as a INNER JOIN person_type as b ON b.id = a.type_id  WHERE ( type_id=2 )  [ RunTime:0.0011s ]
SQL: SELECT `type` FROM person as a INNER JOIN person_type as b ON b.id = a.type_id  WHERE ( type_id=1 ) LIMIT 1   [ RunTime:0.0003s ]
SQL: SELECT `type` FROM person as a INNER JOIN person_type as b ON b.id = a.type_id  WHERE ( type_id=2 ) LIMIT 1   [ RunTime:0.0003s ]

[ 2018-05-29T11:11:05+08:00 ] ::1 /myCode/poneBack/api/person/index
INFO: [ app_init ] --START--
INFO: Run Behavior\BuildLiteBehavior [ RunTime:0.000054s ]
INFO: [ app_init ] --END-- [ RunTime:0.000792s ]
INFO: [ app_begin ] --START--
INFO: Run Behavior\ReadHtmlCacheBehavior [ RunTime:0.000799s ]
INFO: [ app_begin ] --END-- [ RunTime:0.000868s ]
SQL: SHOW COLUMNS FROM `person` [ RunTime:0.0142s ]
SQL: SELECT a.*,b.name as user_name,b.head as user_head FROM person as a INNER JOIN user as b ON b.id = a.user_id   [ RunTime:0.0008s ]

[ 2018-05-29T11:11:05+08:00 ] ::1 /myCode/poneBack/api/PersonType/type
INFO: [ app_init ] --START--
INFO: Run Behavior\BuildLiteBehavior [ RunTime:0.000022s ]
INFO: [ app_init ] --END-- [ RunTime:0.000800s ]
INFO: [ app_begin ] --START--
INFO: Run Behavior\ReadHtmlCacheBehavior [ RunTime:0.000931s ]
INFO: [ app_begin ] --END-- [ RunTime:0.001034s ]
SQL: SHOW COLUMNS FROM `person` [ RunTime:0.0136s ]
SQL: SELECT * FROM person as a INNER JOIN person_type as b ON b.id = a.type_id  WHERE ( type_id=1 )  [ RunTime:0.0005s ]
SQL: SELECT * FROM person as a INNER JOIN person_type as b ON b.id = a.type_id  WHERE ( type_id=2 )  [ RunTime:0.0003s ]
SQL: SELECT `type` FROM person as a INNER JOIN person_type as b ON b.id = a.type_id  WHERE ( type_id=1 ) LIMIT 1   [ RunTime:0.0002s ]
SQL: SELECT `type` FROM person as a INNER JOIN person_type as b ON b.id = a.type_id  WHERE ( type_id=2 ) LIMIT 1   [ RunTime:0.0002s ]

[ 2018-05-29T11:20:24+08:00 ] ::1 /myCode/poneBack/api/PersonType/type
INFO: [ app_init ] --START--
INFO: Run Behavior\BuildLiteBehavior [ RunTime:0.000018s ]
INFO: [ app_init ] --END-- [ RunTime:0.000660s ]
INFO: [ app_begin ] --START--
INFO: Run Behavior\ReadHtmlCacheBehavior [ RunTime:0.000925s ]
INFO: [ app_begin ] --END-- [ RunTime:0.001007s ]
SQL: SHOW COLUMNS FROM `person` [ RunTime:0.0553s ]
SQL: SELECT * FROM person as a INNER JOIN person_type as b ON b.id = a.type_id  WHERE ( type_id=1 )  [ RunTime:0.0006s ]
SQL: SELECT * FROM person as a INNER JOIN person_type as b ON b.id = a.type_id  WHERE ( type_id=2 )  [ RunTime:0.0004s ]
SQL: SELECT `type` FROM person as a INNER JOIN person_type as b ON b.id = a.type_id  WHERE ( type_id=1 ) LIMIT 1   [ RunTime:0.0003s ]
SQL: SELECT `type` FROM person as a INNER JOIN person_type as b ON b.id = a.type_id  WHERE ( type_id=2 ) LIMIT 1   [ RunTime:0.0003s ]

[ 2018-05-29T11:20:24+08:00 ] ::1 /myCode/poneBack/api/person/index
INFO: [ app_init ] --START--
INFO: Run Behavior\BuildLiteBehavior [ RunTime:0.000045s ]
INFO: [ app_init ] --END-- [ RunTime:0.001160s ]
INFO: [ app_begin ] --START--
INFO: Run Behavior\ReadHtmlCacheBehavior [ RunTime:0.000740s ]
INFO: [ app_begin ] --END-- [ RunTime:0.000815s ]
SQL: SHOW COLUMNS FROM `person` [ RunTime:0.0579s ]
SQL: SELECT a.*,b.name as user_name,b.head as user_head FROM person as a INNER JOIN user as b ON b.id = a.user_id   [ RunTime:0.0003s ]

[ 2018-05-29T11:22:52+08:00 ] ::1 /myCode/poneBack/api/person/index
INFO: [ app_init ] --START--
INFO: Run Behavior\BuildLiteBehavior [ RunTime:0.000018s ]
INFO: [ app_init ] --END-- [ RunTime:0.001343s ]
INFO: [ app_begin ] --START--
INFO: Run Behavior\ReadHtmlCacheBehavior [ RunTime:0.000766s ]
INFO: [ app_begin ] --END-- [ RunTime:0.000818s ]
SQL: SHOW COLUMNS FROM `person` [ RunTime:0.0117s ]
SQL: SELECT a.*,b.name as user_name,b.head as user_head FROM person as a INNER JOIN user as b ON b.id = a.user_id   [ RunTime:0.0003s ]

[ 2018-05-29T11:22:52+08:00 ] ::1 /myCode/poneBack/api/PersonType/type
INFO: [ app_init ] --START--
INFO: Run Behavior\BuildLiteBehavior [ RunTime:0.000013s ]
INFO: [ app_init ] --END-- [ RunTime:0.000560s ]
INFO: [ app_begin ] --START--
INFO: Run Behavior\ReadHtmlCacheBehavior [ RunTime:0.000856s ]
INFO: [ app_begin ] --END-- [ RunTime:0.000933s ]
SQL: SHOW COLUMNS FROM `person` [ RunTime:0.0112s ]
SQL: SELECT * FROM person as a INNER JOIN person_type as b ON b.id = a.type_id  WHERE ( type_id=1 )  [ RunTime:0.0005s ]
SQL: SELECT * FROM person as a INNER JOIN person_type as b ON b.id = a.type_id  WHERE ( type_id=2 )  [ RunTime:0.0003s ]
SQL: SELECT `type` FROM person as a INNER JOIN person_type as b ON b.id = a.type_id  WHERE ( type_id=1 ) LIMIT 1   [ RunTime:0.0003s ]
SQL: SELECT `type` FROM person as a INNER JOIN person_type as b ON b.id = a.type_id  WHERE ( type_id=2 ) LIMIT 1   [ RunTime:0.0003s ]

[ 2018-05-29T11:24:51+08:00 ] ::1 /myCode/poneBack/api/PersonType/type
INFO: [ app_init ] --START--
INFO: Run Behavior\BuildLiteBehavior [ RunTime:0.000019s ]
INFO: [ app_init ] --END-- [ RunTime:0.000702s ]
INFO: [ app_begin ] --START--
INFO: Run Behavior\ReadHtmlCacheBehavior [ RunTime:0.000901s ]
INFO: [ app_begin ] --END-- [ RunTime:0.000991s ]
SQL: SHOW COLUMNS FROM `person` [ RunTime:0.0082s ]
SQL: SELECT * FROM person as a INNER JOIN person_type as b ON b.id = a.type_id  WHERE ( type_id=1 )  [ RunTime:0.0006s ]
SQL: SELECT * FROM person as a INNER JOIN person_type as b ON b.id = a.type_id  WHERE ( type_id=2 )  [ RunTime:0.0005s ]
SQL: SELECT `type` FROM person as a INNER JOIN person_type as b ON b.id = a.type_id  WHERE ( type_id=1 ) LIMIT 1   [ RunTime:0.0004s ]
SQL: SELECT `type` FROM person as a INNER JOIN person_type as b ON b.id = a.type_id  WHERE ( type_id=2 ) LIMIT 1   [ RunTime:0.0003s ]

[ 2018-05-29T11:24:51+08:00 ] ::1 /myCode/poneBack/api/person/index
INFO: [ app_init ] --START--
INFO: Run Behavior\BuildLiteBehavior [ RunTime:0.000018s ]
INFO: [ app_init ] --END-- [ RunTime:0.000650s ]
INFO: [ app_begin ] --START--
INFO: Run Behavior\ReadHtmlCacheBehavior [ RunTime:0.001476s ]
INFO: [ app_begin ] --END-- [ RunTime:0.001623s ]
SQL: SHOW COLUMNS FROM `person` [ RunTime:0.0120s ]
SQL: SELECT a.*,b.name as user_name,b.head as user_head FROM person as a INNER JOIN user as b ON b.id = a.user_id   [ RunTime:0.0004s ]
SQL: SHOW COLUMNS FROM `user_person` [ RunTime:0.0122s ]
SQL: SELECT * FROM `user_person` WHERE `person_id` = 1 AND `user_id` = 58  [ RunTime:0.0004s ]
SQL: SELECT * FROM `user_person` WHERE `person_id` = 2 AND `user_id` = 58  [ RunTime:0.0004s ]
SQL: SELECT * FROM `user_person` WHERE `person_id` = 3 AND `user_id` = 58  [ RunTime:0.0003s ]
INFO: [ app_end ] --START--
INFO: Run Behavior\ShowPageTraceBehavior [ RunTime:0.001841s ]
INFO: [ app_end ] --END-- [ RunTime:0.001923s ]

[ 2018-05-29T11:25:54+08:00 ] ::1 /myCode/poneBack/api/person/index
INFO: [ app_init ] --START--
INFO: Run Behavior\BuildLiteBehavior [ RunTime:0.000044s ]
INFO: [ app_init ] --END-- [ RunTime:0.000856s ]
INFO: [ app_begin ] --START--
INFO: Run Behavior\ReadHtmlCacheBehavior [ RunTime:0.001059s ]
INFO: [ app_begin ] --END-- [ RunTime:0.001183s ]
SQL: SHOW COLUMNS FROM `person` [ RunTime:0.1573s ]
SQL: SELECT a.*,b.name as user_name,b.head as user_head FROM person as a INNER JOIN user as b ON b.id = a.user_id   [ RunTime:0.0004s ]

[ 2018-05-29T11:25:54+08:00 ] ::1 /myCode/poneBack/api/PersonType/type
INFO: [ app_init ] --START--
INFO: Run Behavior\BuildLiteBehavior [ RunTime:0.000020s ]
INFO: [ app_init ] --END-- [ RunTime:0.000722s ]
INFO: [ app_begin ] --START--
INFO: Run Behavior\ReadHtmlCacheBehavior [ RunTime:0.001163s ]
INFO: [ app_begin ] --END-- [ RunTime:0.001298s ]
SQL: SHOW COLUMNS FROM `person` [ RunTime:0.1649s ]
SQL: SELECT * FROM person as a INNER JOIN person_type as b ON b.id = a.type_id  WHERE ( type_id=1 )  [ RunTime:0.0006s ]
SQL: SELECT * FROM person as a INNER JOIN person_type as b ON b.id = a.type_id  WHERE ( type_id=2 )  [ RunTime:0.0004s ]
SQL: SELECT `type` FROM person as a INNER JOIN person_type as b ON b.id = a.type_id  WHERE ( type_id=1 ) LIMIT 1   [ RunTime:0.0004s ]
SQL: SELECT `type` FROM person as a INNER JOIN person_type as b ON b.id = a.type_id  WHERE ( type_id=2 ) LIMIT 1   [ RunTime:0.0004s ]

[ 2018-05-29T11:27:18+08:00 ] ::1 /myCode/poneBack/api/person/index
INFO: [ app_init ] --START--
INFO: Run Behavior\BuildLiteBehavior [ RunTime:0.000023s ]
INFO: [ app_init ] --END-- [ RunTime:0.000851s ]
INFO: [ app_begin ] --START--
INFO: Run Behavior\ReadHtmlCacheBehavior [ RunTime:0.001430s ]
INFO: [ app_begin ] --END-- [ RunTime:0.001502s ]

[ 2018-05-29T11:27:18+08:00 ] ::1 /myCode/poneBack/api/PersonType/type
INFO: [ app_init ] --START--
INFO: Run Behavior\BuildLiteBehavior [ RunTime:0.000016s ]
INFO: [ app_init ] --END-- [ RunTime:0.000766s ]
INFO: [ app_begin ] --START--
INFO: Run Behavior\ReadHtmlCacheBehavior [ RunTime:0.000979s ]
INFO: [ app_begin ] --END-- [ RunTime:0.001068s ]
SQL: SHOW COLUMNS FROM `person` [ RunTime:0.0120s ]
SQL: SELECT * FROM person as a INNER JOIN person_type as b ON b.id = a.type_id  WHERE ( type_id=1 )  [ RunTime:0.0015s ]
SQL: SELECT * FROM person as a INNER JOIN person_type as b ON b.id = a.type_id  WHERE ( type_id=2 )  [ RunTime:0.0006s ]
SQL: SELECT `type` FROM person as a INNER JOIN person_type as b ON b.id = a.type_id  WHERE ( type_id=1 ) LIMIT 1   [ RunTime:0.0004s ]
SQL: SELECT `type` FROM person as a INNER JOIN person_type as b ON b.id = a.type_id  WHERE ( type_id=2 ) LIMIT 1   [ RunTime:0.0004s ]

[ 2018-05-29T11:27:53+08:00 ] ::1 /myCode/poneBack/api/person/index
INFO: [ app_init ] --START--
INFO: Run Behavior\BuildLiteBehavior [ RunTime:0.000015s ]
INFO: [ app_init ] --END-- [ RunTime:0.000607s ]
INFO: [ app_begin ] --START--
INFO: Run Behavior\ReadHtmlCacheBehavior [ RunTime:0.001203s ]
INFO: [ app_begin ] --END-- [ RunTime:0.001310s ]

[ 2018-05-29T11:27:53+08:00 ] ::1 /myCode/poneBack/api/PersonType/type
INFO: [ app_init ] --START--
INFO: Run Behavior\BuildLiteBehavior [ RunTime:0.000067s ]
INFO: [ app_init ] --END-- [ RunTime:0.001535s ]
INFO: [ app_begin ] --START--
INFO: Run Behavior\ReadHtmlCacheBehavior [ RunTime:0.000841s ]
INFO: [ app_begin ] --END-- [ RunTime:0.000893s ]
SQL: SHOW COLUMNS FROM `person` [ RunTime:0.1048s ]
SQL: SELECT * FROM person as a INNER JOIN person_type as b ON b.id = a.type_id  WHERE ( type_id=1 )  [ RunTime:0.0004s ]
SQL: SELECT * FROM person as a INNER JOIN person_type as b ON b.id = a.type_id  WHERE ( type_id=2 )  [ RunTime:0.0003s ]
SQL: SELECT `type` FROM person as a INNER JOIN person_type as b ON b.id = a.type_id  WHERE ( type_id=1 ) LIMIT 1   [ RunTime:0.0002s ]
SQL: SELECT `type` FROM person as a INNER JOIN person_type as b ON b.id = a.type_id  WHERE ( type_id=2 ) LIMIT 1   [ RunTime:0.0002s ]

[ 2018-05-29T11:28:03+08:00 ] ::1 /myCode/poneBack/api/person/index
INFO: [ app_init ] --START--
INFO: Run Behavior\BuildLiteBehavior [ RunTime:0.000012s ]
INFO: [ app_init ] --END-- [ RunTime:0.000661s ]
INFO: [ app_begin ] --START--
INFO: Run Behavior\ReadHtmlCacheBehavior [ RunTime:0.000694s ]
INFO: [ app_begin ] --END-- [ RunTime:0.000744s ]

[ 2018-05-29T11:28:03+08:00 ] ::1 /myCode/poneBack/api/PersonType/type
INFO: [ app_init ] --START--
INFO: Run Behavior\BuildLiteBehavior [ RunTime:0.000014s ]
INFO: [ app_init ] --END-- [ RunTime:0.000559s ]
INFO: [ app_begin ] --START--
INFO: Run Behavior\ReadHtmlCacheBehavior [ RunTime:0.000809s ]
INFO: [ app_begin ] --END-- [ RunTime:0.000862s ]
SQL: SHOW COLUMNS FROM `person` [ RunTime:0.1107s ]
SQL: SELECT * FROM person as a INNER JOIN person_type as b ON b.id = a.type_id  WHERE ( type_id=1 )  [ RunTime:0.0015s ]
SQL: SELECT * FROM person as a INNER JOIN person_type as b ON b.id = a.type_id  WHERE ( type_id=2 )  [ RunTime:0.0009s ]
SQL: SELECT `type` FROM person as a INNER JOIN person_type as b ON b.id = a.type_id  WHERE ( type_id=1 ) LIMIT 1   [ RunTime:0.0005s ]
SQL: SELECT `type` FROM person as a INNER JOIN person_type as b ON b.id = a.type_id  WHERE ( type_id=2 ) LIMIT 1   [ RunTime:0.0005s ]

[ 2018-05-29T11:28:32+08:00 ] ::1 /myCode/poneBack/api/person/index
INFO: [ app_init ] --START--
INFO: Run Behavior\BuildLiteBehavior [ RunTime:0.000016s ]
INFO: [ app_init ] --END-- [ RunTime:0.000641s ]
INFO: [ app_begin ] --START--
INFO: Run Behavior\ReadHtmlCacheBehavior [ RunTime:0.000675s ]
INFO: [ app_begin ] --END-- [ RunTime:0.000734s ]

[ 2018-05-29T11:28:32+08:00 ] ::1 /myCode/poneBack/api/PersonType/type
INFO: [ app_init ] --START--
INFO: Run Behavior\BuildLiteBehavior [ RunTime:0.000015s ]
INFO: [ app_init ] --END-- [ RunTime:0.000547s ]
INFO: [ app_begin ] --START--
INFO: Run Behavior\ReadHtmlCacheBehavior [ RunTime:0.000763s ]
INFO: [ app_begin ] --END-- [ RunTime:0.000824s ]
SQL: SHOW COLUMNS FROM `person` [ RunTime:0.0122s ]
SQL: SELECT * FROM person as a INNER JOIN person_type as b ON b.id = a.type_id  WHERE ( type_id=1 )  [ RunTime:0.0004s ]
SQL: SELECT * FROM person as a INNER JOIN person_type as b ON b.id = a.type_id  WHERE ( type_id=2 )  [ RunTime:0.0003s ]
SQL: SELECT `type` FROM person as a INNER JOIN person_type as b ON b.id = a.type_id  WHERE ( type_id=1 ) LIMIT 1   [ RunTime:0.0003s ]
SQL: SELECT `type` FROM person as a INNER JOIN person_type as b ON b.id = a.type_id  WHERE ( type_id=2 ) LIMIT 1   [ RunTime:0.0002s ]

[ 2018-05-29T11:37:24+08:00 ] ::1 /myCode/poneBack/api/person/index
INFO: [ app_init ] --START--
INFO: Run Behavior\BuildLiteBehavior [ RunTime:0.000012s ]
INFO: [ app_init ] --END-- [ RunTime:0.000499s ]
INFO: [ app_begin ] --START--
INFO: Run Behavior\ReadHtmlCacheBehavior [ RunTime:0.000739s ]
INFO: [ app_begin ] --END-- [ RunTime:0.000787s ]
SQL: SHOW COLUMNS FROM `person` [ RunTime:0.0908s ]
SQL: SELECT a.*,b.name as user_name,b.head as user_head FROM person as a INNER JOIN user as b ON b.id = a.user_id   [ RunTime:0.0007s ]
SQL: SHOW COLUMNS FROM `user_person` [ RunTime:0.0397s ]
SQL: SELECT * FROM `user_person` WHERE `person_id` = 1 AND `user_id` = 58  [ RunTime:0.0005s ]
SQL: SELECT * FROM `user_person` WHERE `person_id` = 2 AND `user_id` = 58  [ RunTime:0.0005s ]
SQL: SELECT * FROM `user_person` WHERE `person_id` = 3 AND `user_id` = 58  [ RunTime:0.0004s ]
INFO: [ app_end ] --START--
INFO: Run Behavior\ShowPageTraceBehavior [ RunTime:0.001445s ]
INFO: [ app_end ] --END-- [ RunTime:0.001513s ]

[ 2018-05-29T11:37:24+08:00 ] ::1 /myCode/poneBack/api/PersonType/type
INFO: [ app_init ] --START--
INFO: Run Behavior\BuildLiteBehavior [ RunTime:0.000016s ]
INFO: [ app_init ] --END-- [ RunTime:0.000681s ]
INFO: [ app_begin ] --START--
INFO: Run Behavior\ReadHtmlCacheBehavior [ RunTime:0.000929s ]
INFO: [ app_begin ] --END-- [ RunTime:0.001009s ]
SQL: SHOW COLUMNS FROM `person` [ RunTime:0.1218s ]
SQL: SELECT * FROM person as a INNER JOIN person_type as b ON b.id = a.type_id  WHERE ( type_id=1 )  [ RunTime:0.0007s ]
SQL: SELECT * FROM person as a INNER JOIN person_type as b ON b.id = a.type_id  WHERE ( type_id=2 )  [ RunTime:0.0007s ]
SQL: SELECT `type` FROM person as a INNER JOIN person_type as b ON b.id = a.type_id  WHERE ( type_id=1 ) LIMIT 1   [ RunTime:0.0005s ]
SQL: SELECT `type` FROM person as a INNER JOIN person_type as b ON b.id = a.type_id  WHERE ( type_id=2 ) LIMIT 1   [ RunTime:0.0006s ]

[ 2018-05-29T11:56:05+08:00 ] ::1 /myCode/poneBack/api/person/index
INFO: [ app_init ] --START--
INFO: Run Behavior\BuildLiteBehavior [ RunTime:0.000012s ]
INFO: [ app_init ] --END-- [ RunTime:0.000525s ]
INFO: [ app_begin ] --START--
INFO: Run Behavior\ReadHtmlCacheBehavior [ RunTime:0.001577s ]
INFO: [ app_begin ] --END-- [ RunTime:0.001655s ]
SQL: SHOW COLUMNS FROM `person` [ RunTime:0.0126s ]
SQL: SELECT a.*,b.name as user_name,b.head as user_head FROM person as a INNER JOIN user as b ON b.id = a.user_id   [ RunTime:0.0004s ]
SQL: SHOW COLUMNS FROM `user_person` [ RunTime:0.0498s ]
SQL: SELECT * FROM `user_person` WHERE `person_id` = 1 AND `user_id` = 58  [ RunTime:0.0004s ]
SQL: SELECT * FROM `user_person` WHERE `person_id` = 2 AND `user_id` = 58  [ RunTime:0.0002s ]
SQL: SELECT * FROM `user_person` WHERE `person_id` = 3 AND `user_id` = 58  [ RunTime:0.0002s ]
INFO: [ app_end ] --START--
INFO: Run Behavior\ShowPageTraceBehavior [ RunTime:0.000747s ]
INFO: [ app_end ] --END-- [ RunTime:0.000783s ]

[ 2018-05-29T11:56:05+08:00 ] ::1 /myCode/poneBack/api/PersonType/type
INFO: [ app_init ] --START--
INFO: Run Behavior\BuildLiteBehavior [ RunTime:0.000021s ]
INFO: [ app_init ] --END-- [ RunTime:0.000708s ]
INFO: [ app_begin ] --START--
INFO: Run Behavior\ReadHtmlCacheBehavior [ RunTime:0.001537s ]
INFO: [ app_begin ] --END-- [ RunTime:0.001624s ]
SQL: SHOW COLUMNS FROM `person` [ RunTime:0.0427s ]
SQL: SELECT * FROM person as a INNER JOIN person_type as b ON b.id = a.type_id  WHERE ( type_id=1 )  [ RunTime:0.0003s ]
SQL: SELECT * FROM person as a INNER JOIN person_type as b ON b.id = a.type_id  WHERE ( type_id=2 )  [ RunTime:0.0002s ]
SQL: SELECT `type` FROM person as a INNER JOIN person_type as b ON b.id = a.type_id  WHERE ( type_id=1 ) LIMIT 1   [ RunTime:0.0002s ]
SQL: SELECT `type` FROM person as a INNER JOIN person_type as b ON b.id = a.type_id  WHERE ( type_id=2 ) LIMIT 1   [ RunTime:0.0002s ]

[ 2018-05-29T11:57:06+08:00 ] ::1 /myCode/poneBack/api/PersonType/type
INFO: [ app_init ] --START--
INFO: Run Behavior\BuildLiteBehavior [ RunTime:0.000015s ]
INFO: [ app_init ] --END-- [ RunTime:0.000433s ]
INFO: [ app_begin ] --START--
INFO: Run Behavior\ReadHtmlCacheBehavior [ RunTime:0.000973s ]
INFO: [ app_begin ] --END-- [ RunTime:0.001047s ]
SQL: SHOW COLUMNS FROM `person` [ RunTime:0.0157s ]
SQL: SELECT * FROM person as a INNER JOIN person_type as b ON b.id = a.type_id  WHERE ( type_id=1 )  [ RunTime:0.0004s ]
SQL: SELECT * FROM person as a INNER JOIN person_type as b ON b.id = a.type_id  WHERE ( type_id=2 )  [ RunTime:0.0006s ]
SQL: SELECT `type` FROM person as a INNER JOIN person_type as b ON b.id = a.type_id  WHERE ( type_id=1 ) LIMIT 1   [ RunTime:0.0011s ]
SQL: SELECT `type` FROM person as a INNER JOIN person_type as b ON b.id = a.type_id  WHERE ( type_id=2 ) LIMIT 1   [ RunTime:0.0016s ]

[ 2018-05-29T11:57:06+08:00 ] ::1 /myCode/poneBack/api/person/index
INFO: [ app_init ] --START--
INFO: Run Behavior\BuildLiteBehavior [ RunTime:0.000016s ]
INFO: [ app_init ] --END-- [ RunTime:0.000648s ]
INFO: [ app_begin ] --START--
INFO: Run Behavior\ReadHtmlCacheBehavior [ RunTime:0.001099s ]
INFO: [ app_begin ] --END-- [ RunTime:0.001214s ]
SQL: SHOW COLUMNS FROM `person` [ RunTime:0.0158s ]
SQL: SELECT a.*,b.name as user_name,b.head as user_head FROM person as a INNER JOIN user as b ON b.id = a.user_id   [ RunTime:0.0004s ]
SQL: SHOW COLUMNS FROM `user_person` [ RunTime:0.0129s ]
SQL: SELECT * FROM `user_person` WHERE `person_id` = 1 AND `user_id` = 58  [ RunTime:0.0003s ]
SQL: SELECT * FROM `user_person` WHERE `person_id` = 2 AND `user_id` = 58  [ RunTime:0.0002s ]
SQL: SELECT * FROM `user_person` WHERE `person_id` = 3 AND `user_id` = 58  [ RunTime:0.0002s ]
INFO: [ app_end ] --START--
INFO: Run Behavior\ShowPageTraceBehavior [ RunTime:0.000944s ]
INFO: [ app_end ] --END-- [ RunTime:0.000979s ]

[ 2018-05-29T11:57:59+08:00 ] ::1 /myCode/poneBack/api/PersonType/type
INFO: [ app_init ] --START--
INFO: Run Behavior\BuildLiteBehavior [ RunTime:0.000051s ]
INFO: [ app_init ] --END-- [ RunTime:0.001336s ]
INFO: [ app_begin ] --START--
INFO: Run Behavior\ReadHtmlCacheBehavior [ RunTime:0.000744s ]
INFO: [ app_begin ] --END-- [ RunTime:0.000800s ]
SQL: SHOW COLUMNS FROM `person` [ RunTime:0.0141s ]
SQL: SELECT * FROM person as a INNER JOIN person_type as b ON b.id = a.type_id  WHERE ( type_id=1 )  [ RunTime:0.0007s ]
SQL: SELECT * FROM person as a INNER JOIN person_type as b ON b.id = a.type_id  WHERE ( type_id=2 )  [ RunTime:0.0004s ]
SQL: SELECT `type` FROM person as a INNER JOIN person_type as b ON b.id = a.type_id  WHERE ( type_id=1 ) LIMIT 1   [ RunTime:0.0002s ]
SQL: SELECT `type` FROM person as a INNER JOIN person_type as b ON b.id = a.type_id  WHERE ( type_id=2 ) LIMIT 1   [ RunTime:0.0003s ]

[ 2018-05-29T11:57:59+08:00 ] ::1 /myCode/poneBack/api/person/index
INFO: [ app_init ] --START--
INFO: Run Behavior\BuildLiteBehavior [ RunTime:0.000024s ]
INFO: [ app_init ] --END-- [ RunTime:0.000904s ]
INFO: [ app_begin ] --START--
INFO: Run Behavior\ReadHtmlCacheBehavior [ RunTime:0.000847s ]
INFO: [ app_begin ] --END-- [ RunTime:0.000936s ]
SQL: SHOW COLUMNS FROM `person` [ RunTime:0.0149s ]
SQL: SELECT a.*,b.name as user_name,b.head as user_head FROM person as a INNER JOIN user as b ON b.id = a.user_id   [ RunTime:0.0004s ]
SQL: SHOW COLUMNS FROM `user_person` [ RunTime:0.0098s ]
SQL: SELECT * FROM `user_person` WHERE `person_id` = 1 AND `user_id` = 58  [ RunTime:0.0003s ]
SQL: SELECT * FROM `user_person` WHERE `person_id` = 2 AND `user_id` = 58  [ RunTime:0.0002s ]
SQL: SELECT * FROM `user_person` WHERE `person_id` = 3 AND `user_id` = 58  [ RunTime:0.0002s ]
INFO: [ app_end ] --START--
INFO: Run Behavior\ShowPageTraceBehavior [ RunTime:0.000768s ]
INFO: [ app_end ] --END-- [ RunTime:0.000806s ]

[ 2018-05-29T12:03:23+08:00 ] ::1 /myCode/poneBack/api/PersonType/type
INFO: [ app_init ] --START--
INFO: Run Behavior\BuildLiteBehavior [ RunTime:0.000010s ]
INFO: [ app_init ] --END-- [ RunTime:0.000489s ]
INFO: [ app_begin ] --START--
INFO: Run Behavior\ReadHtmlCacheBehavior [ RunTime:0.000738s ]
INFO: [ app_begin ] --END-- [ RunTime:0.000790s ]
SQL: SHOW COLUMNS FROM `person` [ RunTime:0.1298s ]
SQL: SELECT * FROM person as a INNER JOIN person_type as b ON b.id = a.type_id  WHERE ( type_id=1 )  [ RunTime:0.0010s ]
SQL: SELECT * FROM person as a INNER JOIN person_type as b ON b.id = a.type_id  WHERE ( type_id=2 )  [ RunTime:0.0009s ]
SQL: SELECT `type` FROM person as a INNER JOIN person_type as b ON b.id = a.type_id  WHERE ( type_id=1 ) LIMIT 1   [ RunTime:0.0010s ]
SQL: SELECT `type` FROM person as a INNER JOIN person_type as b ON b.id = a.type_id  WHERE ( type_id=2 ) LIMIT 1   [ RunTime:0.0011s ]

[ 2018-05-29T12:03:23+08:00 ] ::1 /myCode/poneBack/api/person/index
INFO: [ app_init ] --START--
INFO: Run Behavior\BuildLiteBehavior [ RunTime:0.000014s ]
INFO: [ app_init ] --END-- [ RunTime:0.000544s ]
INFO: [ app_begin ] --START--
INFO: Run Behavior\ReadHtmlCacheBehavior [ RunTime:0.000969s ]
INFO: [ app_begin ] --END-- [ RunTime:0.001055s ]
SQL: SHOW COLUMNS FROM `person` [ RunTime:0.1290s ]
SQL: SELECT a.*,b.name as user_name,b.head as user_head FROM person as a INNER JOIN user as b ON b.id = a.user_id   [ RunTime:0.0013s ]
SQL: SHOW COLUMNS FROM `user_person` [ RunTime:0.0200s ]
SQL: SELECT * FROM `user_person` WHERE `person_id` = 1 AND `user_id` = 58  [ RunTime:0.0004s ]
SQL: SELECT * FROM `user_person` WHERE `person_id` = 2 AND `user_id` = 58  [ RunTime:0.0003s ]
SQL: SELECT * FROM `user_person` WHERE `person_id` = 3 AND `user_id` = 58  [ RunTime:0.0005s ]
INFO: [ app_end ] --START--
INFO: Run Behavior\ShowPageTraceBehavior [ RunTime:0.001310s ]
INFO: [ app_end ] --END-- [ RunTime:0.001374s ]

[ 2018-05-29T12:04:12+08:00 ] ::1 /myCode/poneBack/api/PersonType/type
INFO: [ app_init ] --START--
INFO: Run Behavior\BuildLiteBehavior [ RunTime:0.000022s ]
INFO: [ app_init ] --END-- [ RunTime:0.000535s ]
INFO: [ app_begin ] --START--
INFO: Run Behavior\ReadHtmlCacheBehavior [ RunTime:0.000897s ]
INFO: [ app_begin ] --END-- [ RunTime:0.001244s ]
SQL: SHOW COLUMNS FROM `person` [ RunTime:0.0152s ]
SQL: SELECT * FROM person as a INNER JOIN person_type as b ON b.id = a.type_id  WHERE ( type_id=1 )  [ RunTime:0.0004s ]
SQL: SELECT * FROM person as a INNER JOIN person_type as b ON b.id = a.type_id  WHERE ( type_id=2 )  [ RunTime:0.0003s ]
SQL: SELECT `type` FROM person as a INNER JOIN person_type as b ON b.id = a.type_id  WHERE ( type_id=1 ) LIMIT 1   [ RunTime:0.0002s ]
SQL: SELECT `type` FROM person as a INNER JOIN person_type as b ON b.id = a.type_id  WHERE ( type_id=2 ) LIMIT 1   [ RunTime:0.0003s ]

[ 2018-05-29T12:04:12+08:00 ] ::1 /myCode/poneBack/api/person/index
INFO: [ app_init ] --START--
INFO: Run Behavior\BuildLiteBehavior [ RunTime:0.000016s ]
INFO: [ app_init ] --END-- [ RunTime:0.000533s ]
INFO: [ app_begin ] --START--
INFO: Run Behavior\ReadHtmlCacheBehavior [ RunTime:0.000867s ]
INFO: [ app_begin ] --END-- [ RunTime:0.000942s ]
SQL: SHOW COLUMNS FROM `person` [ RunTime:0.0157s ]
SQL: SELECT a.*,b.name as user_name,b.head as user_head FROM person as a INNER JOIN user as b ON b.id = a.user_id   [ RunTime:0.0004s ]
SQL: SHOW COLUMNS FROM `user_person` [ RunTime:0.0141s ]
SQL: SELECT * FROM `user_person` WHERE `person_id` = 1 AND `user_id` = 58  [ RunTime:0.0003s ]
SQL: SELECT * FROM `user_person` WHERE `person_id` = 2 AND `user_id` = 58  [ RunTime:0.0002s ]
SQL: SELECT * FROM `user_person` WHERE `person_id` = 3 AND `user_id` = 58  [ RunTime:0.0002s ]
INFO: [ app_end ] --START--
INFO: Run Behavior\ShowPageTraceBehavior [ RunTime:0.000714s ]
INFO: [ app_end ] --END-- [ RunTime:0.000750s ]

[ 2018-05-29T12:07:18+08:00 ] ::1 /myCode/poneBack/api/PersonType/type
INFO: [ app_init ] --START--
INFO: Run Behavior\BuildLiteBehavior [ RunTime:0.000011s ]
INFO: [ app_init ] --END-- [ RunTime:0.000435s ]
INFO: [ app_begin ] --START--
INFO: Run Behavior\ReadHtmlCacheBehavior [ RunTime:0.000663s ]
INFO: [ app_begin ] --END-- [ RunTime:0.000709s ]
SQL: SHOW COLUMNS FROM `person` [ RunTime:0.0142s ]
SQL: SELECT * FROM person as a INNER JOIN person_type as b ON b.id = a.type_id  WHERE ( type_id=1 )  [ RunTime:0.0006s ]
SQL: SELECT * FROM person as a INNER JOIN person_type as b ON b.id = a.type_id  WHERE ( type_id=2 )  [ RunTime:0.0002s ]
SQL: SELECT `type` FROM person as a INNER JOIN person_type as b ON b.id = a.type_id  WHERE ( type_id=1 ) LIMIT 1   [ RunTime:0.0003s ]
SQL: SELECT `type` FROM person as a INNER JOIN person_type as b ON b.id = a.type_id  WHERE ( type_id=2 ) LIMIT 1   [ RunTime:0.0002s ]

[ 2018-05-29T12:07:18+08:00 ] ::1 /myCode/poneBack/api/person/index
INFO: [ app_init ] --START--
INFO: Run Behavior\BuildLiteBehavior [ RunTime:0.000010s ]
INFO: [ app_init ] --END-- [ RunTime:0.000491s ]
INFO: [ app_begin ] --START--
INFO: Run Behavior\ReadHtmlCacheBehavior [ RunTime:0.000764s ]
INFO: [ app_begin ] --END-- [ RunTime:0.000833s ]
SQL: SHOW COLUMNS FROM `person` [ RunTime:0.0150s ]
SQL: SELECT a.*,b.name as user_name,b.head as user_head FROM person as a INNER JOIN user as b ON b.id = a.user_id   [ RunTime:0.0003s ]
SQL: SHOW COLUMNS FROM `user_person` [ RunTime:0.0090s ]
SQL: SELECT * FROM `user_person` WHERE `person_id` = 1 AND `user_id` = 58  [ RunTime:0.0003s ]
SQL: SELECT * FROM `user_person` WHERE `person_id` = 2 AND `user_id` = 58  [ RunTime:0.0002s ]
SQL: SELECT * FROM `user_person` WHERE `person_id` = 3 AND `user_id` = 58  [ RunTime:0.0002s ]
INFO: [ app_end ] --START--
INFO: Run Behavior\ShowPageTraceBehavior [ RunTime:0.000691s ]
INFO: [ app_end ] --END-- [ RunTime:0.000722s ]

[ 2018-05-29T12:11:17+08:00 ] ::1 /myCode/poneBack/api/PersonType/type
INFO: [ app_init ] --START--
INFO: Run Behavior\BuildLiteBehavior [ RunTime:0.000051s ]
INFO: [ app_init ] --END-- [ RunTime:0.000654s ]
INFO: [ app_begin ] --START--
INFO: Run Behavior\ReadHtmlCacheBehavior [ RunTime:0.000919s ]
INFO: [ app_begin ] --END-- [ RunTime:0.000987s ]
SQL: SHOW COLUMNS FROM `person` [ RunTime:0.0930s ]
SQL: SELECT * FROM person as a INNER JOIN person_type as b ON b.id = a.type_id  WHERE ( type_id=1 )  [ RunTime:0.0011s ]
SQL: SELECT * FROM person as a INNER JOIN person_type as b ON b.id = a.type_id  WHERE ( type_id=2 )  [ RunTime:0.0011s ]
SQL: SELECT `type` FROM person as a INNER JOIN person_type as b ON b.id = a.type_id  WHERE ( type_id=1 ) LIMIT 1   [ RunTime:0.0010s ]
SQL: SELECT `type` FROM person as a INNER JOIN person_type as b ON b.id = a.type_id  WHERE ( type_id=2 ) LIMIT 1   [ RunTime:0.0009s ]

[ 2018-05-29T12:11:17+08:00 ] ::1 /myCode/poneBack/api/person/index
INFO: [ app_init ] --START--
INFO: Run Behavior\BuildLiteBehavior [ RunTime:0.000013s ]
INFO: [ app_init ] --END-- [ RunTime:0.000641s ]
INFO: [ app_begin ] --START--
INFO: Run Behavior\ReadHtmlCacheBehavior [ RunTime:0.000916s ]
INFO: [ app_begin ] --END-- [ RunTime:0.001001s ]
SQL: SHOW COLUMNS FROM `person` [ RunTime:0.0910s ]
SQL: SELECT a.*,b.name as user_name,b.head as user_head FROM person as a INNER JOIN user as b ON b.id = a.user_id   [ RunTime:0.0014s ]
SQL: SHOW COLUMNS FROM `user_person` [ RunTime:0.0270s ]
SQL: SELECT * FROM `user_person` WHERE `person_id` = 1 AND `user_id` = 58  [ RunTime:0.0004s ]
SQL: SELECT * FROM `user_person` WHERE `person_id` = 2 AND `user_id` = 58  [ RunTime:0.0003s ]
SQL: SELECT * FROM `user_person` WHERE `person_id` = 3 AND `user_id` = 58  [ RunTime:0.0003s ]
INFO: [ app_end ] --START--
INFO: Run Behavior\ShowPageTraceBehavior [ RunTime:0.001091s ]
INFO: [ app_end ] --END-- [ RunTime:0.001150s ]

[ 2018-05-29T12:11:40+08:00 ] ::1 /myCode/poneBack/api/PersonType/type
INFO: [ app_init ] --START--
INFO: Run Behavior\BuildLiteBehavior [ RunTime:0.000119s ]
INFO: [ app_init ] --END-- [ RunTime:0.001318s ]
INFO: [ app_begin ] --START--
INFO: Run Behavior\ReadHtmlCacheBehavior [ RunTime:0.000934s ]
INFO: [ app_begin ] --END-- [ RunTime:0.001075s ]
SQL: SHOW COLUMNS FROM `person` [ RunTime:0.0162s ]
SQL: SELECT * FROM person as a INNER JOIN person_type as b ON b.id = a.type_id  WHERE ( type_id=1 )  [ RunTime:0.0008s ]
SQL: SELECT * FROM person as a INNER JOIN person_type as b ON b.id = a.type_id  WHERE ( type_id=2 )  [ RunTime:0.0006s ]
SQL: SELECT `type` FROM person as a INNER JOIN person_type as b ON b.id = a.type_id  WHERE ( type_id=1 ) LIMIT 1   [ RunTime:0.0002s ]
SQL: SELECT `type` FROM person as a INNER JOIN person_type as b ON b.id = a.type_id  WHERE ( type_id=2 ) LIMIT 1   [ RunTime:0.0002s ]

[ 2018-05-29T12:11:40+08:00 ] ::1 /myCode/poneBack/api/person/index
INFO: [ app_init ] --START--
INFO: Run Behavior\BuildLiteBehavior [ RunTime:0.000075s ]
INFO: [ app_init ] --END-- [ RunTime:0.001148s ]
INFO: [ app_begin ] --START--
INFO: Run Behavior\ReadHtmlCacheBehavior [ RunTime:0.000896s ]
INFO: [ app_begin ] --END-- [ RunTime:0.000994s ]
SQL: SHOW COLUMNS FROM `person` [ RunTime:0.0170s ]
SQL: SELECT a.*,b.name as user_name,b.head as user_head FROM person as a INNER JOIN user as b ON b.id = a.user_id   [ RunTime:0.0004s ]
SQL: SHOW COLUMNS FROM `user_person` [ RunTime:0.0082s ]
SQL: SELECT * FROM `user_person` WHERE `person_id` = 1 AND `user_id` = 58  [ RunTime:0.0003s ]
SQL: SELECT * FROM `user_person` WHERE `person_id` = 2 AND `user_id` = 58  [ RunTime:0.0002s ]
SQL: SELECT * FROM `user_person` WHERE `person_id` = 3 AND `user_id` = 58  [ RunTime:0.0002s ]
INFO: [ app_end ] --START--
INFO: Run Behavior\ShowPageTraceBehavior [ RunTime:0.000722s ]
INFO: [ app_end ] --END-- [ RunTime:0.000788s ]

