[ 2018-09-05T10:38:02+08:00 ] ::1 /myCode/poneBack/theme/person/index?ID=12345
INFO: [ app_init ] --START--
INFO: Run Behavior\BuildLiteBehavior [ RunTime:0.000012s ]
INFO: [ app_init ] --END-- [ RunTime:0.002694s ]
INFO: [ app_begin ] --START--
INFO: Run Behavior\ReadHtmlCacheBehavior [ RunTime:0.013588s ]
INFO: [ app_begin ] --END-- [ RunTime:0.013645s ]
SQL: SHOW COLUMNS FROM `person` [ RunTime:0.1852s ]
SQL: SELECT a.*,b.name as user_name,b.head as user_head FROM person as a INNER JOIN user as b ON b.id = a.user_id   [ RunTime:0.1697s ]
SQL: SHOW COLUMNS FROM `user_person` [ RunTime:0.0243s ]
SQL: SELECT * FROM `user_person` WHERE `person_id` = 1 AND `user_id` = 0  [ RunTime:0.0004s ]
SQL: SELECT * FROM `user_person` WHERE `person_id` = 2 AND `user_id` = 0  [ RunTime:0.0003s ]
SQL: SELECT * FROM `user_person` WHERE `person_id` = 3 AND `user_id` = 0  [ RunTime:0.0003s ]
INFO: [ app_end ] --START--
INFO: Run Behavior\ShowPageTraceBehavior [ RunTime:0.001704s ]
INFO: [ app_end ] --END-- [ RunTime:0.001779s ]

[ 2018-09-05T10:41:10+08:00 ] ::1 /myCode/poneBack/theme/person/index?ID=12345
INFO: [ app_init ] --START--
INFO: Run Behavior\BuildLiteBehavior [ RunTime:0.000011s ]
INFO: [ app_init ] --END-- [ RunTime:0.000541s ]
INFO: [ app_begin ] --START--
INFO: Run Behavior\ReadHtmlCacheBehavior [ RunTime:0.000835s ]
INFO: [ app_begin ] --END-- [ RunTime:0.000904s ]
SQL: SHOW COLUMNS FROM `person` [ RunTime:0.0072s ]
SQL: SELECT a.*,b.name as user_name,b.head as user_head FROM person as a INNER JOIN user as b ON b.id = a.user_id   [ RunTime:0.0033s ]
SQL: SHOW COLUMNS FROM `user_person` [ RunTime:0.0058s ]
SQL: SELECT * FROM `user_person` WHERE `person_id` = 1 AND `user_id` = 0  [ RunTime:0.0002s ]
SQL: SELECT * FROM `user_person` WHERE `person_id` = 2 AND `user_id` = 0  [ RunTime:0.0002s ]
SQL: SELECT * FROM `user_person` WHERE `person_id` = 3 AND `user_id` = 0  [ RunTime:0.0002s ]
INFO: [ app_end ] --START--
INFO: Run Behavior\ShowPageTraceBehavior [ RunTime:0.000691s ]
INFO: [ app_end ] --END-- [ RunTime:0.000719s ]

[ 2018-09-05T10:41:12+08:00 ] ::1 /myCode/poneBack/theme/person/index?ID=12345
INFO: [ app_init ] --START--
INFO: Run Behavior\BuildLiteBehavior [ RunTime:0.000011s ]
INFO: [ app_init ] --END-- [ RunTime:0.000477s ]
INFO: [ app_begin ] --START--
INFO: Run Behavior\ReadHtmlCacheBehavior [ RunTime:0.001427s ]
INFO: [ app_begin ] --END-- [ RunTime:0.001574s ]
SQL: SHOW COLUMNS FROM `person` [ RunTime:0.0113s ]
SQL: SELECT a.*,b.name as user_name,b.head as user_head FROM person as a INNER JOIN user as b ON b.id = a.user_id   [ RunTime:0.0004s ]
SQL: SHOW COLUMNS FROM `user_person` [ RunTime:0.0102s ]
SQL: SELECT * FROM `user_person` WHERE `person_id` = 1 AND `user_id` = 0  [ RunTime:0.0003s ]
SQL: SELECT * FROM `user_person` WHERE `person_id` = 2 AND `user_id` = 0  [ RunTime:0.0002s ]
SQL: SELECT * FROM `user_person` WHERE `person_id` = 3 AND `user_id` = 0  [ RunTime:0.0002s ]
INFO: [ app_end ] --START--
INFO: Run Behavior\ShowPageTraceBehavior [ RunTime:0.000721s ]
INFO: [ app_end ] --END-- [ RunTime:0.000763s ]

[ 2018-09-05T10:44:57+08:00 ] ::1 /myCode/poneBack/theme/person/index?ID=12345
INFO: [ app_init ] --START--
INFO: Run Behavior\BuildLiteBehavior [ RunTime:0.000010s ]
INFO: [ app_init ] --END-- [ RunTime:0.000470s ]
INFO: [ app_begin ] --START--
INFO: Run Behavior\ReadHtmlCacheBehavior [ RunTime:0.000714s ]
INFO: [ app_begin ] --END-- [ RunTime:0.000761s ]
SQL: SHOW COLUMNS FROM `person` [ RunTime:0.0334s ]
SQL: SELECT a.*,b.name as user_name,b.head as user_head FROM person as a INNER JOIN user as b ON b.id = a.user_id   [ RunTime:0.0004s ]
SQL: SHOW COLUMNS FROM `user_person` [ RunTime:0.0061s ]
SQL: SELECT * FROM `user_person` WHERE `person_id` = 1 AND `user_id` = 0  [ RunTime:0.0003s ]
SQL: SELECT * FROM `user_person` WHERE `person_id` = 2 AND `user_id` = 0  [ RunTime:0.0002s ]
SQL: SELECT * FROM `user_person` WHERE `person_id` = 3 AND `user_id` = 0  [ RunTime:0.0002s ]
INFO: [ app_end ] --START--
INFO: Run Behavior\ShowPageTraceBehavior [ RunTime:0.000702s ]
INFO: [ app_end ] --END-- [ RunTime:0.000730s ]

[ 2018-09-05T10:44:57+08:00 ] ::1 /myCode/poneBack/theme/person/index?ID=12345
INFO: [ app_init ] --START--
INFO: Run Behavior\BuildLiteBehavior [ RunTime:0.000010s ]
INFO: [ app_init ] --END-- [ RunTime:0.000408s ]
INFO: [ app_begin ] --START--
INFO: Run Behavior\ReadHtmlCacheBehavior [ RunTime:0.000528s ]
INFO: [ app_begin ] --END-- [ RunTime:0.000570s ]
SQL: SHOW COLUMNS FROM `person` [ RunTime:0.0096s ]
SQL: SELECT a.*,b.name as user_name,b.head as user_head FROM person as a INNER JOIN user as b ON b.id = a.user_id   [ RunTime:0.0011s ]
SQL: SHOW COLUMNS FROM `user_person` [ RunTime:0.0078s ]
SQL: SELECT * FROM `user_person` WHERE `person_id` = 1 AND `user_id` = 0  [ RunTime:0.0003s ]
SQL: SELECT * FROM `user_person` WHERE `person_id` = 2 AND `user_id` = 0  [ RunTime:0.0002s ]
SQL: SELECT * FROM `user_person` WHERE `person_id` = 3 AND `user_id` = 0  [ RunTime:0.0002s ]
INFO: [ app_end ] --START--
INFO: Run Behavior\ShowPageTraceBehavior [ RunTime:0.000742s ]
INFO: [ app_end ] --END-- [ RunTime:0.000779s ]

[ 2018-09-05T10:46:39+08:00 ] ::1 /myCode/poneBack/theme/person/index?ID=12345
INFO: [ app_init ] --START--
INFO: Run Behavior\BuildLiteBehavior [ RunTime:0.000013s ]
INFO: [ app_init ] --END-- [ RunTime:0.001068s ]
INFO: [ app_begin ] --START--
INFO: Run Behavior\ReadHtmlCacheBehavior [ RunTime:0.000667s ]
INFO: [ app_begin ] --END-- [ RunTime:0.000715s ]
SQL: SHOW COLUMNS FROM `person` [ RunTime:0.0205s ]
SQL: SELECT a.*,b.name as user_name,b.head as user_head FROM person as a INNER JOIN user as b ON b.id = a.user_id   [ RunTime:0.0004s ]
SQL: SHOW COLUMNS FROM `user_person` [ RunTime:0.0078s ]
SQL: SELECT * FROM `user_person` WHERE `person_id` = 1 AND `user_id` = 0  [ RunTime:0.0007s ]
SQL: SELECT * FROM `user_person` WHERE `person_id` = 2 AND `user_id` = 0  [ RunTime:0.0006s ]
SQL: SELECT * FROM `user_person` WHERE `person_id` = 3 AND `user_id` = 0  [ RunTime:0.0032s ]
INFO: [ app_end ] --START--
INFO: Run Behavior\ShowPageTraceBehavior [ RunTime:0.000864s ]
INFO: [ app_end ] --END-- [ RunTime:0.000896s ]

[ 2018-09-05T10:46:40+08:00 ] ::1 /myCode/poneBack/theme/person/index?ID=12345
INFO: [ app_init ] --START--
INFO: Run Behavior\BuildLiteBehavior [ RunTime:0.000010s ]
INFO: [ app_init ] --END-- [ RunTime:0.000383s ]
INFO: [ app_begin ] --START--
INFO: Run Behavior\ReadHtmlCacheBehavior [ RunTime:0.000524s ]
INFO: [ app_begin ] --END-- [ RunTime:0.000574s ]
SQL: SHOW COLUMNS FROM `person` [ RunTime:0.0218s ]
SQL: SELECT a.*,b.name as user_name,b.head as user_head FROM person as a INNER JOIN user as b ON b.id = a.user_id   [ RunTime:0.0003s ]
SQL: SHOW COLUMNS FROM `user_person` [ RunTime:0.0066s ]
SQL: SELECT * FROM `user_person` WHERE `person_id` = 1 AND `user_id` = 0  [ RunTime:0.0003s ]
SQL: SELECT * FROM `user_person` WHERE `person_id` = 2 AND `user_id` = 0  [ RunTime:0.0002s ]
SQL: SELECT * FROM `user_person` WHERE `person_id` = 3 AND `user_id` = 0  [ RunTime:0.0002s ]
INFO: [ app_end ] --START--
INFO: Run Behavior\ShowPageTraceBehavior [ RunTime:0.000666s ]
INFO: [ app_end ] --END-- [ RunTime:0.000697s ]

[ 2018-09-05T10:47:09+08:00 ] ::1 /myCode/poneBack/theme/person/index?ID=12345
INFO: [ app_init ] --START--
INFO: Run Behavior\BuildLiteBehavior [ RunTime:0.000011s ]
INFO: [ app_init ] --END-- [ RunTime:0.000649s ]
INFO: [ app_begin ] --START--
INFO: Run Behavior\ReadHtmlCacheBehavior [ RunTime:0.000615s ]
INFO: [ app_begin ] --END-- [ RunTime:0.000658s ]
SQL: SHOW COLUMNS FROM `person` [ RunTime:0.0073s ]
SQL: SELECT a.*,b.name as user_name,b.head as user_head FROM person as a INNER JOIN user as b ON b.id = a.user_id   [ RunTime:0.0004s ]
SQL: SHOW COLUMNS FROM `user_person` [ RunTime:0.0069s ]
SQL: SELECT * FROM `user_person` WHERE `person_id` = 1 AND `user_id` = 0  [ RunTime:0.0004s ]
SQL: SELECT * FROM `user_person` WHERE `person_id` = 2 AND `user_id` = 0  [ RunTime:0.0002s ]
SQL: SELECT * FROM `user_person` WHERE `person_id` = 3 AND `user_id` = 0  [ RunTime:0.0002s ]
INFO: [ app_end ] --START--
INFO: Run Behavior\ShowPageTraceBehavior [ RunTime:0.000836s ]
INFO: [ app_end ] --END-- [ RunTime:0.000872s ]

[ 2018-09-05T10:47:34+08:00 ] ::1 /myCode/poneBack/theme/person/index?ID=12345
INFO: [ app_init ] --START--
INFO: Run Behavior\BuildLiteBehavior [ RunTime:0.000009s ]
INFO: [ app_init ] --END-- [ RunTime:0.000449s ]
INFO: [ app_begin ] --START--
INFO: Run Behavior\ReadHtmlCacheBehavior [ RunTime:0.000652s ]
INFO: [ app_begin ] --END-- [ RunTime:0.000698s ]
SQL: SHOW COLUMNS FROM `person` [ RunTime:0.0146s ]
SQL: SELECT a.*,b.name as user_name,b.head as user_head FROM person as a INNER JOIN user as b ON b.id = a.user_id   [ RunTime:0.0004s ]
SQL: SHOW COLUMNS FROM `user_person` [ RunTime:0.0072s ]
SQL: SELECT * FROM `user_person` WHERE `person_id` = 1 AND `user_id` = 0  [ RunTime:0.0002s ]
SQL: SELECT * FROM `user_person` WHERE `person_id` = 2 AND `user_id` = 0  [ RunTime:0.0002s ]
SQL: SELECT * FROM `user_person` WHERE `person_id` = 3 AND `user_id` = 0  [ RunTime:0.0002s ]
INFO: [ app_end ] --START--
INFO: Run Behavior\ShowPageTraceBehavior [ RunTime:0.000732s ]
INFO: [ app_end ] --END-- [ RunTime:0.000762s ]

[ 2018-09-05T10:49:38+08:00 ] ::1 /myCode/poneBack/theme/person/index?ID=12345
INFO: [ app_init ] --START--
INFO: Run Behavior\BuildLiteBehavior [ RunTime:0.000010s ]
INFO: [ app_init ] --END-- [ RunTime:0.000448s ]
INFO: [ app_begin ] --START--
INFO: Run Behavior\ReadHtmlCacheBehavior [ RunTime:0.000639s ]
INFO: [ app_begin ] --END-- [ RunTime:0.000682s ]
SQL: SHOW COLUMNS FROM `person` [ RunTime:0.0096s ]
SQL: SELECT a.*,b.name as user_name,b.head as user_head FROM person as a INNER JOIN user as b ON b.id = a.user_id   [ RunTime:0.0005s ]
SQL: SHOW COLUMNS FROM `user_person` [ RunTime:0.0091s ]
SQL: SELECT * FROM `user_person` WHERE `person_id` = 1 AND `user_id` = 0  [ RunTime:0.0003s ]
SQL: SELECT * FROM `user_person` WHERE `person_id` = 2 AND `user_id` = 0  [ RunTime:0.0002s ]
SQL: SELECT * FROM `user_person` WHERE `person_id` = 3 AND `user_id` = 0  [ RunTime:0.0001s ]
INFO: [ app_end ] --START--
INFO: Run Behavior\ShowPageTraceBehavior [ RunTime:0.000692s ]
INFO: [ app_end ] --END-- [ RunTime:0.000721s ]

[ 2018-09-05T10:50:54+08:00 ] ::1 /myCode/poneBack/theme/person/index?ID=12345
INFO: [ app_init ] --START--
INFO: Run Behavior\BuildLiteBehavior [ RunTime:0.000016s ]
INFO: [ app_init ] --END-- [ RunTime:0.000566s ]
INFO: [ app_begin ] --START--
INFO: Run Behavior\ReadHtmlCacheBehavior [ RunTime:0.000663s ]
INFO: [ app_begin ] --END-- [ RunTime:0.000727s ]
SQL: SHOW COLUMNS FROM `person` [ RunTime:0.0067s ]
SQL: SELECT a.*,b.name as user_name,b.head as user_head FROM person as a INNER JOIN user as b ON b.id = a.user_id   [ RunTime:0.0005s ]
SQL: SHOW COLUMNS FROM `user_person` [ RunTime:0.0076s ]
SQL: SELECT * FROM `user_person` WHERE `person_id` = 1 AND `user_id` = 0  [ RunTime:0.0003s ]
SQL: SELECT * FROM `user_person` WHERE `person_id` = 2 AND `user_id` = 0  [ RunTime:0.0002s ]
SQL: SELECT * FROM `user_person` WHERE `person_id` = 3 AND `user_id` = 0  [ RunTime:0.0002s ]
INFO: [ app_end ] --START--
INFO: Run Behavior\ShowPageTraceBehavior [ RunTime:0.000773s ]
INFO: [ app_end ] --END-- [ RunTime:0.000811s ]

[ 2018-09-05T10:51:40+08:00 ] ::1 /myCode/poneBack/theme/person/index?ID=12345
INFO: [ app_init ] --START--
INFO: Run Behavior\BuildLiteBehavior [ RunTime:0.000010s ]
INFO: [ app_init ] --END-- [ RunTime:0.000460s ]
INFO: [ app_begin ] --START--
INFO: Run Behavior\ReadHtmlCacheBehavior [ RunTime:0.000850s ]
INFO: [ app_begin ] --END-- [ RunTime:0.000895s ]
SQL: SHOW COLUMNS FROM `person` [ RunTime:0.0068s ]
SQL: SELECT a.*,b.name as user_name,b.head as user_head FROM person as a INNER JOIN user as b ON b.id = a.user_id   [ RunTime:0.0004s ]
SQL: SHOW COLUMNS FROM `user_person` [ RunTime:0.0060s ]
SQL: SELECT * FROM `user_person` WHERE `person_id` = 1 AND `user_id` = 0  [ RunTime:0.0002s ]
SQL: SELECT * FROM `user_person` WHERE `person_id` = 2 AND `user_id` = 0  [ RunTime:0.0001s ]
SQL: SELECT * FROM `user_person` WHERE `person_id` = 3 AND `user_id` = 0  [ RunTime:0.0002s ]
INFO: [ app_end ] --START--
INFO: Run Behavior\ShowPageTraceBehavior [ RunTime:0.000674s ]
INFO: [ app_end ] --END-- [ RunTime:0.000704s ]

[ 2018-09-05T10:52:07+08:00 ] ::1 /myCode/poneBack/theme/person/index?ID=12345
INFO: [ app_init ] --START--
INFO: Run Behavior\BuildLiteBehavior [ RunTime:0.000009s ]
INFO: [ app_init ] --END-- [ RunTime:0.000468s ]
INFO: [ app_begin ] --START--
INFO: Run Behavior\ReadHtmlCacheBehavior [ RunTime:0.000737s ]
INFO: [ app_begin ] --END-- [ RunTime:0.000775s ]
SQL: SHOW COLUMNS FROM `person` [ RunTime:0.0084s ]
SQL: SELECT a.*,b.name as user_name,b.head as user_head FROM person as a INNER JOIN user as b ON b.id = a.user_id   [ RunTime:0.0004s ]
SQL: SHOW COLUMNS FROM `user_person` [ RunTime:0.0081s ]
SQL: SELECT * FROM `user_person` WHERE `person_id` = 1 AND `user_id` = 0  [ RunTime:0.0003s ]
SQL: SELECT * FROM `user_person` WHERE `person_id` = 2 AND `user_id` = 0  [ RunTime:0.0002s ]
SQL: SELECT * FROM `user_person` WHERE `person_id` = 3 AND `user_id` = 0  [ RunTime:0.0002s ]
INFO: [ app_end ] --START--
INFO: Run Behavior\ShowPageTraceBehavior [ RunTime:0.000756s ]
INFO: [ app_end ] --END-- [ RunTime:0.000801s ]

[ 2018-09-05T10:52:43+08:00 ] ::1 /myCode/poneBack/theme/person/index?ID=12345
INFO: [ app_init ] --START--
INFO: Run Behavior\BuildLiteBehavior [ RunTime:0.000009s ]
INFO: [ app_init ] --END-- [ RunTime:0.000449s ]
INFO: [ app_begin ] --START--
INFO: Run Behavior\ReadHtmlCacheBehavior [ RunTime:0.000619s ]
INFO: [ app_begin ] --END-- [ RunTime:0.000670s ]
SQL: SHOW COLUMNS FROM `person` [ RunTime:0.0097s ]
SQL: SELECT a.*,b.name as user_name,b.head as user_head FROM person as a INNER JOIN user as b ON b.id = a.user_id   [ RunTime:0.0006s ]
SQL: SHOW COLUMNS FROM `user_person` [ RunTime:0.0078s ]
SQL: SELECT * FROM `user_person` WHERE `person_id` = 1 AND `user_id` = 0  [ RunTime:0.0003s ]
SQL: SELECT * FROM `user_person` WHERE `person_id` = 2 AND `user_id` = 0  [ RunTime:0.0002s ]
SQL: SELECT * FROM `user_person` WHERE `person_id` = 3 AND `user_id` = 0  [ RunTime:0.0002s ]
INFO: [ app_end ] --START--
INFO: Run Behavior\ShowPageTraceBehavior [ RunTime:0.012487s ]
INFO: [ app_end ] --END-- [ RunTime:0.012532s ]

[ 2018-09-05T10:53:37+08:00 ] ::1 /myCode/poneBack/theme/person/index?ID=12345
INFO: [ app_init ] --START--
INFO: Run Behavior\BuildLiteBehavior [ RunTime:0.000011s ]
INFO: [ app_init ] --END-- [ RunTime:0.000376s ]
INFO: [ app_begin ] --START--
INFO: Run Behavior\ReadHtmlCacheBehavior [ RunTime:0.000655s ]
INFO: [ app_begin ] --END-- [ RunTime:0.000721s ]
SQL: SHOW COLUMNS FROM `person` [ RunTime:0.0083s ]
SQL: SELECT a.*,b.name as user_name,b.head as user_head FROM person as a INNER JOIN user as b ON b.id = a.user_id   [ RunTime:0.0004s ]
SQL: SHOW COLUMNS FROM `user_person` [ RunTime:0.0085s ]
SQL: SELECT * FROM `user_person` WHERE `person_id` = 1 AND `user_id` = 0  [ RunTime:0.0003s ]
SQL: SELECT * FROM `user_person` WHERE `person_id` = 2 AND `user_id` = 0  [ RunTime:0.0003s ]
SQL: SELECT * FROM `user_person` WHERE `person_id` = 3 AND `user_id` = 0  [ RunTime:0.0002s ]
INFO: [ app_end ] --START--
INFO: Run Behavior\ShowPageTraceBehavior [ RunTime:0.000711s ]
INFO: [ app_end ] --END-- [ RunTime:0.000742s ]

[ 2018-09-05T10:56:05+08:00 ] ::1 /myCode/poneBack/theme/person/index?ID=12345
INFO: [ app_init ] --START--
INFO: Run Behavior\BuildLiteBehavior [ RunTime:0.000036s ]
INFO: [ app_init ] --END-- [ RunTime:0.001146s ]
INFO: [ app_begin ] --START--
INFO: Run Behavior\ReadHtmlCacheBehavior [ RunTime:0.001708s ]
INFO: [ app_begin ] --END-- [ RunTime:0.001875s ]
SQL: SHOW COLUMNS FROM `person` [ RunTime:0.0384s ]
SQL: SELECT a.*,b.name as user_name,b.head as user_head FROM person as a INNER JOIN user as b ON b.id = a.user_id   [ RunTime:0.0004s ]
SQL: SHOW COLUMNS FROM `user_person` [ RunTime:0.0068s ]
SQL: SELECT * FROM `user_person` WHERE `person_id` = 1 AND `user_id` = 0  [ RunTime:0.0003s ]
SQL: SELECT * FROM `user_person` WHERE `person_id` = 2 AND `user_id` = 0  [ RunTime:0.0002s ]
SQL: SELECT * FROM `user_person` WHERE `person_id` = 3 AND `user_id` = 0  [ RunTime:0.0002s ]
INFO: [ app_end ] --START--
INFO: Run Behavior\ShowPageTraceBehavior [ RunTime:0.000821s ]
INFO: [ app_end ] --END-- [ RunTime:0.000852s ]

[ 2018-09-05T10:56:50+08:00 ] ::1 /myCode/poneBack/theme/person/index?ID=12345
INFO: [ app_init ] --START--
INFO: Run Behavior\BuildLiteBehavior [ RunTime:0.000009s ]
INFO: [ app_init ] --END-- [ RunTime:0.000428s ]
INFO: [ app_begin ] --START--
INFO: Run Behavior\ReadHtmlCacheBehavior [ RunTime:0.000631s ]
INFO: [ app_begin ] --END-- [ RunTime:0.000676s ]
SQL: SHOW COLUMNS FROM `person` [ RunTime:0.0068s ]
SQL: SELECT a.*,b.name as user_name,b.head as user_head FROM person as a INNER JOIN user as b ON b.id = a.user_id   [ RunTime:0.0004s ]
SQL: SHOW COLUMNS FROM `user_person` [ RunTime:0.0066s ]
SQL: SELECT * FROM `user_person` WHERE `person_id` = 1 AND `user_id` = 0  [ RunTime:0.0003s ]
SQL: SELECT * FROM `user_person` WHERE `person_id` = 2 AND `user_id` = 0  [ RunTime:0.0002s ]
SQL: SELECT * FROM `user_person` WHERE `person_id` = 3 AND `user_id` = 0  [ RunTime:0.0002s ]
INFO: [ app_end ] --START--
INFO: Run Behavior\ShowPageTraceBehavior [ RunTime:0.000699s ]
INFO: [ app_end ] --END-- [ RunTime:0.000729s ]

[ 2018-09-05T10:57:25+08:00 ] ::1 /myCode/poneBack/theme/person/index?ID=12345
INFO: [ app_init ] --START--
INFO: Run Behavior\BuildLiteBehavior [ RunTime:0.000009s ]
INFO: [ app_init ] --END-- [ RunTime:0.000396s ]
INFO: [ app_begin ] --START--
INFO: Run Behavior\ReadHtmlCacheBehavior [ RunTime:0.000961s ]
INFO: [ app_begin ] --END-- [ RunTime:0.030635s ]
SQL: SHOW COLUMNS FROM `person` [ RunTime:0.0079s ]
SQL: SELECT a.*,b.name as user_name,b.head as user_head FROM person as a INNER JOIN user as b ON b.id = a.user_id   [ RunTime:0.0005s ]
SQL: SHOW COLUMNS FROM `user_person` [ RunTime:0.0075s ]
SQL: SELECT * FROM `user_person` WHERE `person_id` = 1 AND `user_id` = 0  [ RunTime:0.0003s ]
SQL: SELECT * FROM `user_person` WHERE `person_id` = 2 AND `user_id` = 0  [ RunTime:0.0002s ]
SQL: SELECT * FROM `user_person` WHERE `person_id` = 3 AND `user_id` = 0  [ RunTime:0.0002s ]
INFO: [ app_end ] --START--
INFO: Run Behavior\ShowPageTraceBehavior [ RunTime:0.000997s ]
INFO: [ app_end ] --END-- [ RunTime:0.001052s ]

[ 2018-09-05T11:02:53+08:00 ] ::1 /myCode/poneBack/theme/person/index?ID=12345
INFO: [ app_init ] --START--
INFO: Run Behavior\BuildLiteBehavior [ RunTime:0.000012s ]
INFO: [ app_init ] --END-- [ RunTime:0.000536s ]
INFO: [ app_begin ] --START--
INFO: Run Behavior\ReadHtmlCacheBehavior [ RunTime:0.000760s ]
INFO: [ app_begin ] --END-- [ RunTime:0.000819s ]
SQL: SHOW COLUMNS FROM `person` [ RunTime:0.0101s ]
SQL: SELECT a.*,b.name as user_name,b.head as user_head FROM person as a INNER JOIN user as b ON b.id = a.user_id   [ RunTime:0.0005s ]
SQL: SHOW COLUMNS FROM `user_person` [ RunTime:0.0106s ]
SQL: SELECT * FROM `user_person` WHERE `person_id` = 1 AND `user_id` = 0  [ RunTime:0.0003s ]
SQL: SELECT * FROM `user_person` WHERE `person_id` = 2 AND `user_id` = 0  [ RunTime:0.0002s ]
SQL: SELECT * FROM `user_person` WHERE `person_id` = 3 AND `user_id` = 0  [ RunTime:0.0001s ]
INFO: [ app_end ] --START--
INFO: Run Behavior\ShowPageTraceBehavior [ RunTime:0.000755s ]
INFO: [ app_end ] --END-- [ RunTime:0.000792s ]

[ 2018-09-05T11:05:03+08:00 ] ::1 /myCode/poneBack/theme/person/index?ID=12345
INFO: [ app_init ] --START--
INFO: Run Behavior\BuildLiteBehavior [ RunTime:0.000019s ]
INFO: [ app_init ] --END-- [ RunTime:0.000629s ]
INFO: [ app_begin ] --START--
INFO: Run Behavior\ReadHtmlCacheBehavior [ RunTime:0.000667s ]
INFO: [ app_begin ] --END-- [ RunTime:0.000721s ]
SQL: SHOW COLUMNS FROM `person` [ RunTime:0.0078s ]
SQL: SELECT a.*,b.name as user_name,b.head as user_head FROM person as a INNER JOIN user as b ON b.id = a.user_id   [ RunTime:0.0004s ]
SQL: SHOW COLUMNS FROM `user_person` [ RunTime:0.0073s ]
SQL: SELECT * FROM `user_person` WHERE `person_id` = 1 AND `user_id` = 0  [ RunTime:0.0003s ]
SQL: SELECT * FROM `user_person` WHERE `person_id` = 2 AND `user_id` = 0  [ RunTime:0.0002s ]
SQL: SELECT * FROM `user_person` WHERE `person_id` = 3 AND `user_id` = 0  [ RunTime:0.0002s ]
INFO: [ app_end ] --START--
INFO: Run Behavior\ShowPageTraceBehavior [ RunTime:0.000884s ]
INFO: [ app_end ] --END-- [ RunTime:0.000920s ]

[ 2018-09-05T11:06:17+08:00 ] ::1 /myCode/poneBack/theme/person/index?ID=12345
INFO: [ app_init ] --START--
INFO: Run Behavior\BuildLiteBehavior [ RunTime:0.000010s ]
INFO: [ app_init ] --END-- [ RunTime:0.000584s ]
INFO: [ app_begin ] --START--
INFO: Run Behavior\ReadHtmlCacheBehavior [ RunTime:0.000649s ]
INFO: [ app_begin ] --END-- [ RunTime:0.000694s ]
SQL: SHOW COLUMNS FROM `person` [ RunTime:0.0078s ]
SQL: SELECT a.*,b.name as user_name,b.head as user_head FROM person as a INNER JOIN user as b ON b.id = a.user_id   [ RunTime:0.0004s ]
SQL: SHOW COLUMNS FROM `user_person` [ RunTime:0.0086s ]
SQL: SELECT * FROM `user_person` WHERE `person_id` = 1 AND `user_id` = 0  [ RunTime:0.0003s ]
SQL: SELECT * FROM `user_person` WHERE `person_id` = 2 AND `user_id` = 0  [ RunTime:0.0002s ]
SQL: SELECT * FROM `user_person` WHERE `person_id` = 3 AND `user_id` = 0  [ RunTime:0.0002s ]
INFO: [ app_end ] --START--
INFO: Run Behavior\ShowPageTraceBehavior [ RunTime:0.000712s ]
INFO: [ app_end ] --END-- [ RunTime:0.000745s ]

[ 2018-09-05T12:50:38+08:00 ] ::1 /myCode/poneBack/theme/person/index?ID=12345
INFO: [ app_init ] --START--
INFO: Run Behavior\BuildLiteBehavior [ RunTime:0.000021s ]
INFO: [ app_init ] --END-- [ RunTime:0.002716s ]
INFO: [ app_begin ] --START--
INFO: Run Behavior\ReadHtmlCacheBehavior [ RunTime:0.015964s ]
INFO: [ app_begin ] --END-- [ RunTime:0.016080s ]
SQL: SHOW COLUMNS FROM `person` [ RunTime:0.0494s ]
SQL: SELECT a.*,b.name as user_name,b.head as user_head FROM person as a INNER JOIN user as b ON b.id = a.user_id   [ RunTime:0.0137s ]
SQL: SHOW COLUMNS FROM `user_person` [ RunTime:0.0116s ]
SQL: SELECT * FROM `user_person` WHERE `person_id` = 1 AND `user_id` = 0  [ RunTime:0.0011s ]
SQL: SELECT * FROM `user_person` WHERE `person_id` = 2 AND `user_id` = 0  [ RunTime:0.0008s ]
SQL: SELECT * FROM `user_person` WHERE `person_id` = 3 AND `user_id` = 0  [ RunTime:0.0009s ]
INFO: [ app_end ] --START--
INFO: Run Behavior\ShowPageTraceBehavior [ RunTime:0.003992s ]
INFO: [ app_end ] --END-- [ RunTime:0.004152s ]

[ 2018-09-05T12:50:42+08:00 ] ::1 /myCode/poneBack/theme/person/index?ID=12345
INFO: [ app_init ] --START--
INFO: Run Behavior\BuildLiteBehavior [ RunTime:0.000009s ]
INFO: [ app_init ] --END-- [ RunTime:0.000437s ]
INFO: [ app_begin ] --START--
INFO: Run Behavior\ReadHtmlCacheBehavior [ RunTime:0.000547s ]
INFO: [ app_begin ] --END-- [ RunTime:0.000587s ]
SQL: SHOW COLUMNS FROM `person` [ RunTime:0.0042s ]
SQL: SELECT a.*,b.name as user_name,b.head as user_head FROM person as a INNER JOIN user as b ON b.id = a.user_id   [ RunTime:0.0004s ]
SQL: SHOW COLUMNS FROM `user_person` [ RunTime:0.0034s ]
SQL: SELECT * FROM `user_person` WHERE `person_id` = 1 AND `user_id` = 0  [ RunTime:0.0003s ]
SQL: SELECT * FROM `user_person` WHERE `person_id` = 2 AND `user_id` = 0  [ RunTime:0.0003s ]
SQL: SELECT * FROM `user_person` WHERE `person_id` = 3 AND `user_id` = 0  [ RunTime:0.0003s ]
INFO: [ app_end ] --START--
INFO: Run Behavior\ShowPageTraceBehavior [ RunTime:0.000969s ]
INFO: [ app_end ] --END-- [ RunTime:0.026391s ]

[ 2018-09-05T14:22:13+08:00 ] ::1 /myCode/poneBack/theme/person/index?ID=12345
INFO: [ app_init ] --START--
INFO: Run Behavior\BuildLiteBehavior [ RunTime:0.000010s ]
INFO: [ app_init ] --END-- [ RunTime:0.000553s ]
INFO: [ app_begin ] --START--
INFO: Run Behavior\ReadHtmlCacheBehavior [ RunTime:0.000670s ]
INFO: [ app_begin ] --END-- [ RunTime:0.000711s ]
SQL: SHOW COLUMNS FROM `person` [ RunTime:0.0111s ]
SQL: SELECT a.*,b.name as user_name,b.head as user_head FROM person as a INNER JOIN user as b ON b.id = a.user_id   [ RunTime:0.0007s ]
SQL: SHOW COLUMNS FROM `user_person` [ RunTime:0.0087s ]
SQL: SELECT * FROM `user_person` WHERE `person_id` = 1 AND `user_id` = 0  [ RunTime:0.0003s ]
SQL: SELECT * FROM `user_person` WHERE `person_id` = 2 AND `user_id` = 0  [ RunTime:0.0002s ]
SQL: SELECT * FROM `user_person` WHERE `person_id` = 3 AND `user_id` = 0  [ RunTime:0.0002s ]
INFO: [ app_end ] --START--
INFO: Run Behavior\ShowPageTraceBehavior [ RunTime:0.000696s ]
INFO: [ app_end ] --END-- [ RunTime:0.000726s ]

[ 2018-09-05T14:22:15+08:00 ] ::1 /myCode/poneBack/theme/person/index?ID=12345
INFO: [ app_init ] --START--
INFO: Run Behavior\BuildLiteBehavior [ RunTime:0.000011s ]
INFO: [ app_init ] --END-- [ RunTime:0.000415s ]
INFO: [ app_begin ] --START--
INFO: Run Behavior\ReadHtmlCacheBehavior [ RunTime:0.000549s ]
INFO: [ app_begin ] --END-- [ RunTime:0.000594s ]
SQL: SHOW COLUMNS FROM `person` [ RunTime:0.0076s ]
SQL: SELECT a.*,b.name as user_name,b.head as user_head FROM person as a INNER JOIN user as b ON b.id = a.user_id   [ RunTime:0.0004s ]
SQL: SHOW COLUMNS FROM `user_person` [ RunTime:0.0105s ]
SQL: SELECT * FROM `user_person` WHERE `person_id` = 1 AND `user_id` = 0  [ RunTime:0.0002s ]
SQL: SELECT * FROM `user_person` WHERE `person_id` = 2 AND `user_id` = 0  [ RunTime:0.0002s ]
SQL: SELECT * FROM `user_person` WHERE `person_id` = 3 AND `user_id` = 0  [ RunTime:0.0002s ]
INFO: [ app_end ] --START--
INFO: Run Behavior\ShowPageTraceBehavior [ RunTime:0.000675s ]
INFO: [ app_end ] --END-- [ RunTime:0.000708s ]

[ 2018-09-05T14:22:44+08:00 ] ::1 /myCode/poneBack/theme/person/index?ID=12345
INFO: [ app_init ] --START--
INFO: Run Behavior\BuildLiteBehavior [ RunTime:0.000018s ]
INFO: [ app_init ] --END-- [ RunTime:0.000921s ]
INFO: [ app_begin ] --START--
INFO: Run Behavior\ReadHtmlCacheBehavior [ RunTime:0.000761s ]
INFO: [ app_begin ] --END-- [ RunTime:0.000811s ]
SQL: SHOW COLUMNS FROM `person` [ RunTime:0.0158s ]
SQL: SELECT a.*,b.name as user_name,b.head as user_head FROM person as a INNER JOIN user as b ON b.id = a.user_id   [ RunTime:0.0004s ]
SQL: SHOW COLUMNS FROM `user_person` [ RunTime:0.0065s ]
SQL: SELECT * FROM `user_person` WHERE `person_id` = 1 AND `user_id` = 0  [ RunTime:0.0002s ]
SQL: SELECT * FROM `user_person` WHERE `person_id` = 2 AND `user_id` = 0  [ RunTime:0.0002s ]
SQL: SELECT * FROM `user_person` WHERE `person_id` = 3 AND `user_id` = 0  [ RunTime:0.0002s ]
INFO: [ app_end ] --START--
INFO: Run Behavior\ShowPageTraceBehavior [ RunTime:0.000714s ]
INFO: [ app_end ] --END-- [ RunTime:0.000744s ]

[ 2018-09-05T14:22:51+08:00 ] ::1 /myCode/poneBack/theme/person/index?ID=12345
INFO: [ app_init ] --START--
INFO: Run Behavior\BuildLiteBehavior [ RunTime:0.000012s ]
INFO: [ app_init ] --END-- [ RunTime:0.000539s ]
INFO: [ app_begin ] --START--
INFO: Run Behavior\ReadHtmlCacheBehavior [ RunTime:0.000622s ]
INFO: [ app_begin ] --END-- [ RunTime:0.000669s ]
SQL: SHOW COLUMNS FROM `person` [ RunTime:0.0093s ]
SQL: SELECT a.*,b.name as user_name,b.head as user_head FROM person as a INNER JOIN user as b ON b.id = a.user_id   [ RunTime:0.0004s ]
SQL: SHOW COLUMNS FROM `user_person` [ RunTime:0.0073s ]
SQL: SELECT * FROM `user_person` WHERE `person_id` = 1 AND `user_id` = 0  [ RunTime:0.0003s ]
SQL: SELECT * FROM `user_person` WHERE `person_id` = 2 AND `user_id` = 0  [ RunTime:0.0002s ]
SQL: SELECT * FROM `user_person` WHERE `person_id` = 3 AND `user_id` = 0  [ RunTime:0.0002s ]
INFO: [ app_end ] --START--
INFO: Run Behavior\ShowPageTraceBehavior [ RunTime:0.000757s ]
INFO: [ app_end ] --END-- [ RunTime:0.000787s ]

[ 2018-09-05T14:26:13+08:00 ] ::1 /myCode/poneBack/theme/person/index?ID=12345
INFO: [ app_init ] --START--
INFO: Run Behavior\BuildLiteBehavior [ RunTime:0.000009s ]
INFO: [ app_init ] --END-- [ RunTime:0.000445s ]
INFO: [ app_begin ] --START--
INFO: Run Behavior\ReadHtmlCacheBehavior [ RunTime:0.000680s ]
INFO: [ app_begin ] --END-- [ RunTime:0.000721s ]
SQL: SHOW COLUMNS FROM `person` [ RunTime:0.0110s ]
SQL: SELECT a.*,b.name as user_name,b.head as user_head FROM person as a INNER JOIN user as b ON b.id = a.user_id   [ RunTime:0.0017s ]
SQL: SHOW COLUMNS FROM `user_person` [ RunTime:0.0123s ]
SQL: SELECT * FROM `user_person` WHERE `person_id` = 1 AND `user_id` = 0  [ RunTime:0.0004s ]
SQL: SELECT * FROM `user_person` WHERE `person_id` = 2 AND `user_id` = 0  [ RunTime:0.0013s ]
SQL: SELECT * FROM `user_person` WHERE `person_id` = 3 AND `user_id` = 0  [ RunTime:0.0004s ]
INFO: [ app_end ] --START--
INFO: Run Behavior\ShowPageTraceBehavior [ RunTime:0.002833s ]
INFO: [ app_end ] --END-- [ RunTime:0.002965s ]

[ 2018-09-05T14:26:14+08:00 ] ::1 /myCode/poneBack/theme/person/index?ID=12345
INFO: [ app_init ] --START--
INFO: Run Behavior\BuildLiteBehavior [ RunTime:0.000019s ]
INFO: [ app_init ] --END-- [ RunTime:0.001331s ]
INFO: [ app_begin ] --START--
INFO: Run Behavior\ReadHtmlCacheBehavior [ RunTime:0.000585s ]
INFO: [ app_begin ] --END-- [ RunTime:0.000629s ]
SQL: SHOW COLUMNS FROM `person` [ RunTime:0.0100s ]
SQL: SELECT a.*,b.name as user_name,b.head as user_head FROM person as a INNER JOIN user as b ON b.id = a.user_id   [ RunTime:0.0003s ]
SQL: SHOW COLUMNS FROM `user_person` [ RunTime:0.0091s ]
SQL: SELECT * FROM `user_person` WHERE `person_id` = 1 AND `user_id` = 0  [ RunTime:0.0004s ]
SQL: SELECT * FROM `user_person` WHERE `person_id` = 2 AND `user_id` = 0  [ RunTime:0.0004s ]
SQL: SELECT * FROM `user_person` WHERE `person_id` = 3 AND `user_id` = 0  [ RunTime:0.0002s ]
INFO: [ app_end ] --START--
INFO: Run Behavior\ShowPageTraceBehavior [ RunTime:0.000835s ]
INFO: [ app_end ] --END-- [ RunTime:0.000891s ]

[ 2018-09-05T14:26:16+08:00 ] ::1 /myCode/poneBack/theme/person/index?ID=12345
INFO: [ app_init ] --START--
INFO: Run Behavior\BuildLiteBehavior [ RunTime:0.000011s ]
INFO: [ app_init ] --END-- [ RunTime:0.000442s ]
INFO: [ app_begin ] --START--
INFO: Run Behavior\ReadHtmlCacheBehavior [ RunTime:0.000576s ]
INFO: [ app_begin ] --END-- [ RunTime:0.000641s ]
SQL: SHOW COLUMNS FROM `person` [ RunTime:0.0649s ]
SQL: SELECT a.*,b.name as user_name,b.head as user_head FROM person as a INNER JOIN user as b ON b.id = a.user_id   [ RunTime:0.0004s ]
SQL: SHOW COLUMNS FROM `user_person` [ RunTime:0.0084s ]
SQL: SELECT * FROM `user_person` WHERE `person_id` = 1 AND `user_id` = 0  [ RunTime:0.0003s ]
SQL: SELECT * FROM `user_person` WHERE `person_id` = 2 AND `user_id` = 0  [ RunTime:0.0004s ]
SQL: SELECT * FROM `user_person` WHERE `person_id` = 3 AND `user_id` = 0  [ RunTime:0.0002s ]
INFO: [ app_end ] --START--
INFO: Run Behavior\ShowPageTraceBehavior [ RunTime:0.000863s ]
INFO: [ app_end ] --END-- [ RunTime:0.000898s ]

[ 2018-09-05T14:28:39+08:00 ] ::1 /myCode/poneBack/theme/person/index?ID=12345
INFO: [ app_init ] --START--
INFO: Run Behavior\BuildLiteBehavior [ RunTime:0.000011s ]
INFO: [ app_init ] --END-- [ RunTime:0.000445s ]
INFO: [ app_begin ] --START--
INFO: Run Behavior\ReadHtmlCacheBehavior [ RunTime:0.000624s ]
INFO: [ app_begin ] --END-- [ RunTime:0.000662s ]
SQL: SHOW COLUMNS FROM `person` [ RunTime:0.0086s ]
SQL: SELECT a.*,b.name as user_name,b.head as user_head FROM person as a INNER JOIN user as b ON b.id = a.user_id   [ RunTime:0.0004s ]
SQL: SHOW COLUMNS FROM `user_person` [ RunTime:0.0093s ]
SQL: SELECT * FROM `user_person` WHERE `person_id` = 1 AND `user_id` = 0  [ RunTime:0.0003s ]
SQL: SELECT * FROM `user_person` WHERE `person_id` = 2 AND `user_id` = 0  [ RunTime:0.0002s ]
SQL: SELECT * FROM `user_person` WHERE `person_id` = 3 AND `user_id` = 0  [ RunTime:0.0002s ]
INFO: [ app_end ] --START--
INFO: Run Behavior\ShowPageTraceBehavior [ RunTime:0.000741s ]
INFO: [ app_end ] --END-- [ RunTime:0.000775s ]

[ 2018-09-05T14:29:22+08:00 ] ::1 /myCode/poneBack/theme/person/index?ID=12345
INFO: [ app_init ] --START--
INFO: Run Behavior\BuildLiteBehavior [ RunTime:0.000009s ]
INFO: [ app_init ] --END-- [ RunTime:0.000409s ]
INFO: [ app_begin ] --START--
INFO: Run Behavior\ReadHtmlCacheBehavior [ RunTime:0.000755s ]
INFO: [ app_begin ] --END-- [ RunTime:0.000846s ]
SQL: SHOW COLUMNS FROM `person` [ RunTime:0.1215s ]
SQL: SELECT a.*,b.name as user_name,b.head as user_head FROM person as a INNER JOIN user as b ON b.id = a.user_id   [ RunTime:0.0004s ]
SQL: SHOW COLUMNS FROM `user_person` [ RunTime:0.0077s ]
SQL: SELECT * FROM `user_person` WHERE `person_id` = 1 AND `user_id` = 0  [ RunTime:0.0003s ]
SQL: SELECT * FROM `user_person` WHERE `person_id` = 2 AND `user_id` = 0  [ RunTime:0.0002s ]
SQL: SELECT * FROM `user_person` WHERE `person_id` = 3 AND `user_id` = 0  [ RunTime:0.0002s ]
INFO: [ app_end ] --START--
INFO: Run Behavior\ShowPageTraceBehavior [ RunTime:0.000650s ]
INFO: [ app_end ] --END-- [ RunTime:0.000678s ]

[ 2018-09-05T14:30:25+08:00 ] ::1 /myCode/poneBack/theme/person/index?ID=12345
INFO: [ app_init ] --START--
INFO: Run Behavior\BuildLiteBehavior [ RunTime:0.000052s ]
INFO: [ app_init ] --END-- [ RunTime:0.001397s ]
INFO: [ app_begin ] --START--
INFO: Run Behavior\ReadHtmlCacheBehavior [ RunTime:0.001328s ]
INFO: [ app_begin ] --END-- [ RunTime:0.001435s ]
SQL: SHOW COLUMNS FROM `person` [ RunTime:0.0077s ]
SQL: SELECT a.*,b.name as user_name,b.head as user_head FROM person as a INNER JOIN user as b ON b.id = a.user_id   [ RunTime:0.0004s ]
SQL: SHOW COLUMNS FROM `user_person` [ RunTime:0.0077s ]
SQL: SELECT * FROM `user_person` WHERE `person_id` = 1 AND `user_id` = 0  [ RunTime:0.0002s ]
SQL: SELECT * FROM `user_person` WHERE `person_id` = 2 AND `user_id` = 0  [ RunTime:0.0002s ]
SQL: SELECT * FROM `user_person` WHERE `person_id` = 3 AND `user_id` = 0  [ RunTime:0.0002s ]
INFO: [ app_end ] --START--
INFO: Run Behavior\ShowPageTraceBehavior [ RunTime:0.000670s ]
INFO: [ app_end ] --END-- [ RunTime:0.000703s ]

[ 2018-09-05T14:30:34+08:00 ] ::1 /myCode/poneBack/theme/person/index?ID=12345
INFO: [ app_init ] --START--
INFO: Run Behavior\BuildLiteBehavior [ RunTime:0.000009s ]
INFO: [ app_init ] --END-- [ RunTime:0.000431s ]
INFO: [ app_begin ] --START--
INFO: Run Behavior\ReadHtmlCacheBehavior [ RunTime:0.000655s ]
INFO: [ app_begin ] --END-- [ RunTime:0.000697s ]
SQL: SHOW COLUMNS FROM `person` [ RunTime:0.0105s ]
SQL: SELECT a.*,b.name as user_name,b.head as user_head FROM person as a INNER JOIN user as b ON b.id = a.user_id   [ RunTime:0.0004s ]
SQL: SHOW COLUMNS FROM `user_person` [ RunTime:0.0079s ]
SQL: SELECT * FROM `user_person` WHERE `person_id` = 1 AND `user_id` = 0  [ RunTime:0.0003s ]
SQL: SELECT * FROM `user_person` WHERE `person_id` = 2 AND `user_id` = 0  [ RunTime:0.0002s ]
SQL: SELECT * FROM `user_person` WHERE `person_id` = 3 AND `user_id` = 0  [ RunTime:0.0002s ]
INFO: [ app_end ] --START--
INFO: Run Behavior\ShowPageTraceBehavior [ RunTime:0.000635s ]
INFO: [ app_end ] --END-- [ RunTime:0.000665s ]

[ 2018-09-05T14:30:37+08:00 ] ::1 /myCode/poneBack/theme/person/index?ID=12345
INFO: [ app_init ] --START--
INFO: Run Behavior\BuildLiteBehavior [ RunTime:0.000018s ]
INFO: [ app_init ] --END-- [ RunTime:0.000605s ]
INFO: [ app_begin ] --START--
INFO: Run Behavior\ReadHtmlCacheBehavior [ RunTime:0.000975s ]
INFO: [ app_begin ] --END-- [ RunTime:0.001090s ]
SQL: SHOW COLUMNS FROM `person` [ RunTime:0.0098s ]
SQL: SELECT a.*,b.name as user_name,b.head as user_head FROM person as a INNER JOIN user as b ON b.id = a.user_id   [ RunTime:0.0004s ]
SQL: SHOW COLUMNS FROM `user_person` [ RunTime:0.0116s ]
SQL: SELECT * FROM `user_person` WHERE `person_id` = 1 AND `user_id` = 0  [ RunTime:0.0002s ]
SQL: SELECT * FROM `user_person` WHERE `person_id` = 2 AND `user_id` = 0  [ RunTime:0.0002s ]
SQL: SELECT * FROM `user_person` WHERE `person_id` = 3 AND `user_id` = 0  [ RunTime:0.0002s ]
INFO: [ app_end ] --START--
INFO: Run Behavior\ShowPageTraceBehavior [ RunTime:0.000670s ]
INFO: [ app_end ] --END-- [ RunTime:0.000705s ]

[ 2018-09-05T14:32:26+08:00 ] ::1 /myCode/poneBack/theme/person/index?ID=12345
INFO: [ app_init ] --START--
INFO: Run Behavior\BuildLiteBehavior [ RunTime:0.000010s ]
INFO: [ app_init ] --END-- [ RunTime:0.000491s ]
INFO: [ app_begin ] --START--
INFO: Run Behavior\ReadHtmlCacheBehavior [ RunTime:0.002216s ]
INFO: [ app_begin ] --END-- [ RunTime:0.002465s ]
SQL: SHOW COLUMNS FROM `person` [ RunTime:0.0084s ]
SQL: SELECT a.*,b.name as user_name,b.head as user_head FROM person as a INNER JOIN user as b ON b.id = a.user_id   [ RunTime:0.0015s ]
SQL: SHOW COLUMNS FROM `user_person` [ RunTime:0.0071s ]
SQL: SELECT * FROM `user_person` WHERE `person_id` = 1 AND `user_id` = 0  [ RunTime:0.0003s ]
SQL: SELECT * FROM `user_person` WHERE `person_id` = 2 AND `user_id` = 0  [ RunTime:0.0002s ]
SQL: SELECT * FROM `user_person` WHERE `person_id` = 3 AND `user_id` = 0  [ RunTime:0.0002s ]
INFO: [ app_end ] --START--
INFO: Run Behavior\ShowPageTraceBehavior [ RunTime:0.000727s ]
INFO: [ app_end ] --END-- [ RunTime:0.000758s ]

[ 2018-09-05T15:23:49+08:00 ] ::1 /myCode/poneBack/theme/person/index?ID=12345
INFO: [ app_init ] --START--
INFO: Run Behavior\BuildLiteBehavior [ RunTime:0.000011s ]
INFO: [ app_init ] --END-- [ RunTime:0.000546s ]
INFO: [ app_begin ] --START--
INFO: Run Behavior\ReadHtmlCacheBehavior [ RunTime:0.000697s ]
INFO: [ app_begin ] --END-- [ RunTime:0.000741s ]
SQL: SHOW COLUMNS FROM `person` [ RunTime:0.0108s ]
SQL: SELECT a.*,b.name as user_name,b.head as user_head FROM person as a INNER JOIN user as b ON b.id = a.user_id   [ RunTime:0.0014s ]
SQL: SHOW COLUMNS FROM `user_person` [ RunTime:0.0076s ]
SQL: SELECT * FROM `user_person` WHERE `person_id` = 1 AND `user_id` = 0  [ RunTime:0.0003s ]
SQL: SELECT * FROM `user_person` WHERE `person_id` = 2 AND `user_id` = 0  [ RunTime:0.0002s ]
SQL: SELECT * FROM `user_person` WHERE `person_id` = 3 AND `user_id` = 0  [ RunTime:0.0002s ]
INFO: [ app_end ] --START--
INFO: Run Behavior\ShowPageTraceBehavior [ RunTime:0.000711s ]
INFO: [ app_end ] --END-- [ RunTime:0.000746s ]

[ 2018-09-05T15:23:51+08:00 ] ::1 /myCode/poneBack/theme/person/index?ID=12345
INFO: [ app_init ] --START--
INFO: Run Behavior\BuildLiteBehavior [ RunTime:0.000034s ]
INFO: [ app_init ] --END-- [ RunTime:0.000710s ]
INFO: [ app_begin ] --START--
INFO: Run Behavior\ReadHtmlCacheBehavior [ RunTime:0.000661s ]
INFO: [ app_begin ] --END-- [ RunTime:0.000724s ]
SQL: SHOW COLUMNS FROM `person` [ RunTime:0.1134s ]
SQL: SELECT a.*,b.name as user_name,b.head as user_head FROM person as a INNER JOIN user as b ON b.id = a.user_id   [ RunTime:0.0004s ]
SQL: SHOW COLUMNS FROM `user_person` [ RunTime:0.0083s ]
SQL: SELECT * FROM `user_person` WHERE `person_id` = 1 AND `user_id` = 0  [ RunTime:0.0003s ]
SQL: SELECT * FROM `user_person` WHERE `person_id` = 2 AND `user_id` = 0  [ RunTime:0.0003s ]
SQL: SELECT * FROM `user_person` WHERE `person_id` = 3 AND `user_id` = 0  [ RunTime:0.0002s ]
INFO: [ app_end ] --START--
INFO: Run Behavior\ShowPageTraceBehavior [ RunTime:0.000799s ]
INFO: [ app_end ] --END-- [ RunTime:0.000840s ]

[ 2018-09-05T15:26:50+08:00 ] ::1 /myCode/poneBack/theme/person/index?ID=12345
INFO: [ app_init ] --START--
INFO: Run Behavior\BuildLiteBehavior [ RunTime:0.000010s ]
INFO: [ app_init ] --END-- [ RunTime:0.000570s ]
INFO: [ app_begin ] --START--
INFO: Run Behavior\ReadHtmlCacheBehavior [ RunTime:0.000814s ]
INFO: [ app_begin ] --END-- [ RunTime:0.000874s ]
SQL: SHOW COLUMNS FROM `person` [ RunTime:0.0095s ]
SQL: SELECT a.*,b.name as user_name,b.head as user_head FROM person as a INNER JOIN user as b ON b.id = a.user_id   [ RunTime:0.0137s ]
SQL: SHOW COLUMNS FROM `user_person` [ RunTime:0.0079s ]
SQL: SELECT * FROM `user_person` WHERE `person_id` = 1 AND `user_id` = 0  [ RunTime:0.0011s ]
SQL: SELECT * FROM `user_person` WHERE `person_id` = 2 AND `user_id` = 0  [ RunTime:0.0003s ]
SQL: SELECT * FROM `user_person` WHERE `person_id` = 3 AND `user_id` = 0  [ RunTime:0.0003s ]
INFO: [ app_end ] --START--
INFO: Run Behavior\ShowPageTraceBehavior [ RunTime:0.000709s ]
INFO: [ app_end ] --END-- [ RunTime:0.000740s ]

[ 2018-09-05T15:27:29+08:00 ] ::1 /myCode/poneBack/theme/person/index?ID=12345
INFO: [ app_init ] --START--
INFO: Run Behavior\BuildLiteBehavior [ RunTime:0.000012s ]
INFO: [ app_init ] --END-- [ RunTime:0.000358s ]
INFO: [ app_begin ] --START--
INFO: Run Behavior\ReadHtmlCacheBehavior [ RunTime:0.000624s ]
INFO: [ app_begin ] --END-- [ RunTime:0.000673s ]
SQL: SHOW COLUMNS FROM `person` [ RunTime:0.0113s ]
SQL: SELECT a.*,b.name as user_name,b.head as user_head FROM person as a INNER JOIN user as b ON b.id = a.user_id   [ RunTime:0.0005s ]
SQL: SHOW COLUMNS FROM `user_person` [ RunTime:0.0105s ]
SQL: SELECT * FROM `user_person` WHERE `person_id` = 1 AND `user_id` = 0  [ RunTime:0.0003s ]
SQL: SELECT * FROM `user_person` WHERE `person_id` = 2 AND `user_id` = 0  [ RunTime:0.0002s ]
SQL: SELECT * FROM `user_person` WHERE `person_id` = 3 AND `user_id` = 0  [ RunTime:0.0002s ]
INFO: [ app_end ] --START--
INFO: Run Behavior\ShowPageTraceBehavior [ RunTime:0.000686s ]
INFO: [ app_end ] --END-- [ RunTime:0.000719s ]

[ 2018-09-05T15:27:50+08:00 ] ::1 /myCode/poneBack/theme/person/index?ID=12345
INFO: [ app_init ] --START--
INFO: Run Behavior\BuildLiteBehavior [ RunTime:0.000009s ]
INFO: [ app_init ] --END-- [ RunTime:0.000425s ]
INFO: [ app_begin ] --START--
INFO: Run Behavior\ReadHtmlCacheBehavior [ RunTime:0.000547s ]
INFO: [ app_begin ] --END-- [ RunTime:0.000587s ]
SQL: SHOW COLUMNS FROM `person` [ RunTime:0.0110s ]
SQL: SELECT a.*,b.name as user_name,b.head as user_head FROM person as a INNER JOIN user as b ON b.id = a.user_id   [ RunTime:0.0005s ]
SQL: SHOW COLUMNS FROM `user_person` [ RunTime:0.0099s ]
SQL: SELECT * FROM `user_person` WHERE `person_id` = 1 AND `user_id` = 0  [ RunTime:0.1114s ]
SQL: SELECT * FROM `user_person` WHERE `person_id` = 2 AND `user_id` = 0  [ RunTime:0.0008s ]
SQL: SELECT * FROM `user_person` WHERE `person_id` = 3 AND `user_id` = 0  [ RunTime:0.0006s ]
INFO: [ app_end ] --START--
INFO: Run Behavior\ShowPageTraceBehavior [ RunTime:0.001228s ]
INFO: [ app_end ] --END-- [ RunTime:0.001272s ]

[ 2018-09-05T16:01:38+08:00 ] ::1 /myCode/poneBack/theme/person/index?ID=12345
INFO: [ app_init ] --START--
INFO: Run Behavior\BuildLiteBehavior [ RunTime:0.000009s ]
INFO: [ app_init ] --END-- [ RunTime:0.000510s ]
INFO: [ app_begin ] --START--
INFO: Run Behavior\ReadHtmlCacheBehavior [ RunTime:0.000670s ]
INFO: [ app_begin ] --END-- [ RunTime:0.000711s ]
SQL: SHOW COLUMNS FROM `person` [ RunTime:0.0088s ]
SQL: SELECT a.*,b.name as user_name,b.head as user_head FROM person as a INNER JOIN user as b ON b.id = a.user_id   [ RunTime:0.0005s ]
SQL: SHOW COLUMNS FROM `user_person` [ RunTime:0.0082s ]
SQL: SELECT * FROM `user_person` WHERE `person_id` = 1 AND `user_id` = 0  [ RunTime:0.0005s ]
SQL: SELECT * FROM `user_person` WHERE `person_id` = 2 AND `user_id` = 0  [ RunTime:0.0003s ]
SQL: SELECT * FROM `user_person` WHERE `person_id` = 3 AND `user_id` = 0  [ RunTime:0.0003s ]
INFO: [ app_end ] --START--
INFO: Run Behavior\ShowPageTraceBehavior [ RunTime:0.000980s ]
INFO: [ app_end ] --END-- [ RunTime:0.001020s ]

[ 2018-09-05T16:18:01+08:00 ] ::1 /myCode/poneBack/theme/person/index?ID=12345
INFO: [ app_init ] --START--
INFO: Run Behavior\BuildLiteBehavior [ RunTime:0.000034s ]
INFO: [ app_init ] --END-- [ RunTime:0.000606s ]
INFO: [ app_begin ] --START--
INFO: Run Behavior\ReadHtmlCacheBehavior [ RunTime:0.000687s ]
INFO: [ app_begin ] --END-- [ RunTime:0.000733s ]
SQL: SHOW COLUMNS FROM `person` [ RunTime:0.0075s ]
SQL: SELECT a.*,b.name as user_name,b.head as user_head FROM person as a INNER JOIN user as b ON b.id = a.user_id   [ RunTime:0.0012s ]
SQL: SHOW COLUMNS FROM `user_person` [ RunTime:0.0069s ]
SQL: SELECT * FROM `user_person` WHERE `person_id` = 1 AND `user_id` = 0  [ RunTime:0.0002s ]
SQL: SELECT * FROM `user_person` WHERE `person_id` = 2 AND `user_id` = 0  [ RunTime:0.0002s ]
SQL: SELECT * FROM `user_person` WHERE `person_id` = 3 AND `user_id` = 0  [ RunTime:0.0002s ]
INFO: [ app_end ] --START--
INFO: Run Behavior\ShowPageTraceBehavior [ RunTime:0.000690s ]
INFO: [ app_end ] --END-- [ RunTime:0.000718s ]

[ 2018-09-05T16:18:02+08:00 ] ::1 /myCode/poneBack/theme/person/index?ID=12345
INFO: [ app_init ] --START--
INFO: Run Behavior\BuildLiteBehavior [ RunTime:0.000011s ]
INFO: [ app_init ] --END-- [ RunTime:0.000441s ]
INFO: [ app_begin ] --START--
INFO: Run Behavior\ReadHtmlCacheBehavior [ RunTime:0.001732s ]
INFO: [ app_begin ] --END-- [ RunTime:0.001799s ]
SQL: SHOW COLUMNS FROM `person` [ RunTime:0.0388s ]
SQL: SELECT a.*,b.name as user_name,b.head as user_head FROM person as a INNER JOIN user as b ON b.id = a.user_id   [ RunTime:0.0004s ]
SQL: SHOW COLUMNS FROM `user_person` [ RunTime:0.0096s ]
SQL: SELECT * FROM `user_person` WHERE `person_id` = 1 AND `user_id` = 0  [ RunTime:0.0003s ]
SQL: SELECT * FROM `user_person` WHERE `person_id` = 2 AND `user_id` = 0  [ RunTime:0.0002s ]
SQL: SELECT * FROM `user_person` WHERE `person_id` = 3 AND `user_id` = 0  [ RunTime:0.0003s ]
INFO: [ app_end ] --START--
INFO: Run Behavior\ShowPageTraceBehavior [ RunTime:0.000708s ]
INFO: [ app_end ] --END-- [ RunTime:0.000744s ]

[ 2018-09-05T16:20:12+08:00 ] ::1 /myCode/poneBack/theme/person/index?ID=12345
INFO: [ app_init ] --START--
INFO: Run Behavior\BuildLiteBehavior [ RunTime:0.000016s ]
INFO: [ app_init ] --END-- [ RunTime:0.000564s ]
INFO: [ app_begin ] --START--
INFO: Run Behavior\ReadHtmlCacheBehavior [ RunTime:0.000915s ]
INFO: [ app_begin ] --END-- [ RunTime:0.001009s ]
SQL: SHOW COLUMNS FROM `person` [ RunTime:0.0081s ]
SQL: SELECT a.*,b.name as user_name,b.head as user_head FROM person as a INNER JOIN user as b ON b.id = a.user_id   [ RunTime:0.0004s ]
SQL: SHOW COLUMNS FROM `user_person` [ RunTime:0.0090s ]
SQL: SELECT * FROM `user_person` WHERE `person_id` = 1 AND `user_id` = 0  [ RunTime:0.0013s ]
SQL: SELECT * FROM `user_person` WHERE `person_id` = 2 AND `user_id` = 0  [ RunTime:0.0003s ]
SQL: SELECT * FROM `user_person` WHERE `person_id` = 3 AND `user_id` = 0  [ RunTime:0.0003s ]
INFO: [ app_end ] --START--
INFO: Run Behavior\ShowPageTraceBehavior [ RunTime:0.000815s ]
INFO: [ app_end ] --END-- [ RunTime:0.000851s ]

[ 2018-09-05T16:20:15+08:00 ] ::1 /myCode/poneBack/theme/person/index?ID=12345
INFO: [ app_init ] --START--
INFO: Run Behavior\BuildLiteBehavior [ RunTime:0.000009s ]
INFO: [ app_init ] --END-- [ RunTime:0.000414s ]
INFO: [ app_begin ] --START--
INFO: Run Behavior\ReadHtmlCacheBehavior [ RunTime:0.000594s ]
INFO: [ app_begin ] --END-- [ RunTime:0.000635s ]
SQL: SHOW COLUMNS FROM `person` [ RunTime:0.0091s ]
SQL: SELECT a.*,b.name as user_name,b.head as user_head FROM person as a INNER JOIN user as b ON b.id = a.user_id   [ RunTime:0.0003s ]
SQL: SHOW COLUMNS FROM `user_person` [ RunTime:0.0065s ]
SQL: SELECT * FROM `user_person` WHERE `person_id` = 1 AND `user_id` = 0  [ RunTime:0.0003s ]
SQL: SELECT * FROM `user_person` WHERE `person_id` = 2 AND `user_id` = 0  [ RunTime:0.0003s ]
SQL: SELECT * FROM `user_person` WHERE `person_id` = 3 AND `user_id` = 0  [ RunTime:0.0003s ]
INFO: [ app_end ] --START--
INFO: Run Behavior\ShowPageTraceBehavior [ RunTime:0.001416s ]
INFO: [ app_end ] --END-- [ RunTime:0.001461s ]

[ 2018-09-05T16:20:19+08:00 ] ::1 /myCode/poneBack/theme/person/index?ID=12345
INFO: [ app_init ] --START--
INFO: Run Behavior\BuildLiteBehavior [ RunTime:0.000010s ]
INFO: [ app_init ] --END-- [ RunTime:0.000535s ]
INFO: [ app_begin ] --START--
INFO: Run Behavior\ReadHtmlCacheBehavior [ RunTime:0.000568s ]
INFO: [ app_begin ] --END-- [ RunTime:0.000611s ]
SQL: SHOW COLUMNS FROM `person` [ RunTime:0.0245s ]
SQL: SELECT a.*,b.name as user_name,b.head as user_head FROM person as a INNER JOIN user as b ON b.id = a.user_id   [ RunTime:0.0004s ]
SQL: SHOW COLUMNS FROM `user_person` [ RunTime:0.0161s ]
SQL: SELECT * FROM `user_person` WHERE `person_id` = 1 AND `user_id` = 0  [ RunTime:0.0003s ]
SQL: SELECT * FROM `user_person` WHERE `person_id` = 2 AND `user_id` = 0  [ RunTime:0.0002s ]
SQL: SELECT * FROM `user_person` WHERE `person_id` = 3 AND `user_id` = 0  [ RunTime:0.0002s ]
INFO: [ app_end ] --START--
INFO: Run Behavior\ShowPageTraceBehavior [ RunTime:0.000710s ]
INFO: [ app_end ] --END-- [ RunTime:0.000739s ]

[ 2018-09-05T16:20:56+08:00 ] ::1 /myCode/poneBack/theme/person/index?ID=12345
INFO: [ app_init ] --START--
INFO: Run Behavior\BuildLiteBehavior [ RunTime:0.000022s ]
INFO: [ app_init ] --END-- [ RunTime:0.000670s ]
INFO: [ app_begin ] --START--
INFO: Run Behavior\ReadHtmlCacheBehavior [ RunTime:0.000610s ]
INFO: [ app_begin ] --END-- [ RunTime:0.000663s ]
SQL: SHOW COLUMNS FROM `person` [ RunTime:0.0102s ]
SQL: SELECT a.*,b.name as user_name,b.head as user_head FROM person as a INNER JOIN user as b ON b.id = a.user_id   [ RunTime:0.0013s ]
SQL: SHOW COLUMNS FROM `user_person` [ RunTime:0.0067s ]
SQL: SELECT * FROM `user_person` WHERE `person_id` = 1 AND `user_id` = 0  [ RunTime:0.0003s ]
SQL: SELECT * FROM `user_person` WHERE `person_id` = 2 AND `user_id` = 0  [ RunTime:0.0002s ]
SQL: SELECT * FROM `user_person` WHERE `person_id` = 3 AND `user_id` = 0  [ RunTime:0.0002s ]
INFO: [ app_end ] --START--
INFO: Run Behavior\ShowPageTraceBehavior [ RunTime:0.000640s ]
INFO: [ app_end ] --END-- [ RunTime:0.000671s ]

[ 2018-09-05T16:20:58+08:00 ] ::1 /myCode/poneBack/theme/person/index?ID=12345
INFO: [ app_init ] --START--
INFO: Run Behavior\BuildLiteBehavior [ RunTime:0.000011s ]
INFO: [ app_init ] --END-- [ RunTime:0.000490s ]
INFO: [ app_begin ] --START--
INFO: Run Behavior\ReadHtmlCacheBehavior [ RunTime:0.000710s ]
INFO: [ app_begin ] --END-- [ RunTime:0.000759s ]
SQL: SHOW COLUMNS FROM `person` [ RunTime:0.0076s ]
SQL: SELECT a.*,b.name as user_name,b.head as user_head FROM person as a INNER JOIN user as b ON b.id = a.user_id   [ RunTime:0.0004s ]
SQL: SHOW COLUMNS FROM `user_person` [ RunTime:0.0084s ]
SQL: SELECT * FROM `user_person` WHERE `person_id` = 1 AND `user_id` = 0  [ RunTime:0.0051s ]
SQL: SELECT * FROM `user_person` WHERE `person_id` = 2 AND `user_id` = 0  [ RunTime:0.0003s ]
SQL: SELECT * FROM `user_person` WHERE `person_id` = 3 AND `user_id` = 0  [ RunTime:0.0002s ]
INFO: [ app_end ] --START--
INFO: Run Behavior\ShowPageTraceBehavior [ RunTime:0.000850s ]
INFO: [ app_end ] --END-- [ RunTime:0.000894s ]

[ 2018-09-05T16:21:29+08:00 ] ::1 /myCode/poneBack/theme/person/index?ID=12345
INFO: [ app_init ] --START--
INFO: Run Behavior\BuildLiteBehavior [ RunTime:0.000010s ]
INFO: [ app_init ] --END-- [ RunTime:0.000433s ]
INFO: [ app_begin ] --START--
INFO: Run Behavior\ReadHtmlCacheBehavior [ RunTime:0.000619s ]
INFO: [ app_begin ] --END-- [ RunTime:0.000656s ]
SQL: SHOW COLUMNS FROM `person` [ RunTime:0.0726s ]
SQL: SELECT a.*,b.name as user_name,b.head as user_head FROM person as a INNER JOIN user as b ON b.id = a.user_id   [ RunTime:0.0009s ]
SQL: SHOW COLUMNS FROM `user_person` [ RunTime:0.0160s ]
SQL: SELECT * FROM `user_person` WHERE `person_id` = 1 AND `user_id` = 0  [ RunTime:0.0006s ]
SQL: SELECT * FROM `user_person` WHERE `person_id` = 2 AND `user_id` = 0  [ RunTime:0.0005s ]
SQL: SELECT * FROM `user_person` WHERE `person_id` = 3 AND `user_id` = 0  [ RunTime:0.0005s ]
INFO: [ app_end ] --START--
INFO: Run Behavior\ShowPageTraceBehavior [ RunTime:0.001549s ]
INFO: [ app_end ] --END-- [ RunTime:0.001625s ]

[ 2018-09-05T16:22:24+08:00 ] ::1 /myCode/poneBack/theme/person/index?ID=12345
INFO: [ app_init ] --START--
INFO: Run Behavior\BuildLiteBehavior [ RunTime:0.000009s ]
INFO: [ app_init ] --END-- [ RunTime:0.000485s ]
INFO: [ app_begin ] --START--
INFO: Run Behavior\ReadHtmlCacheBehavior [ RunTime:0.000684s ]
INFO: [ app_begin ] --END-- [ RunTime:0.000733s ]
SQL: SHOW COLUMNS FROM `person` [ RunTime:0.0093s ]
SQL: SELECT a.*,b.name as user_name,b.head as user_head FROM person as a INNER JOIN user as b ON b.id = a.user_id   [ RunTime:0.0042s ]
SQL: SHOW COLUMNS FROM `user_person` [ RunTime:0.0077s ]
SQL: SELECT * FROM `user_person` WHERE `person_id` = 1 AND `user_id` = 0  [ RunTime:0.0003s ]
SQL: SELECT * FROM `user_person` WHERE `person_id` = 2 AND `user_id` = 0  [ RunTime:0.0002s ]
SQL: SELECT * FROM `user_person` WHERE `person_id` = 3 AND `user_id` = 0  [ RunTime:0.0002s ]
INFO: [ app_end ] --START--
INFO: Run Behavior\ShowPageTraceBehavior [ RunTime:0.000835s ]
INFO: [ app_end ] --END-- [ RunTime:0.000870s ]

[ 2018-09-05T16:23:00+08:00 ] ::1 /myCode/poneBack/theme/person/index?ID=12345
INFO: [ app_init ] --START--
INFO: Run Behavior\BuildLiteBehavior [ RunTime:0.000010s ]
INFO: [ app_init ] --END-- [ RunTime:0.000462s ]
INFO: [ app_begin ] --START--
INFO: Run Behavior\ReadHtmlCacheBehavior [ RunTime:0.000639s ]
INFO: [ app_begin ] --END-- [ RunTime:0.000693s ]
SQL: SHOW COLUMNS FROM `person` [ RunTime:0.0097s ]
SQL: SELECT a.*,b.name as user_name,b.head as user_head FROM person as a INNER JOIN user as b ON b.id = a.user_id   [ RunTime:0.0005s ]
SQL: SHOW COLUMNS FROM `user_person` [ RunTime:0.0064s ]
SQL: SELECT * FROM `user_person` WHERE `person_id` = 1 AND `user_id` = 0  [ RunTime:0.0002s ]
SQL: SELECT * FROM `user_person` WHERE `person_id` = 2 AND `user_id` = 0  [ RunTime:0.0002s ]
SQL: SELECT * FROM `user_person` WHERE `person_id` = 3 AND `user_id` = 0  [ RunTime:0.0002s ]
INFO: [ app_end ] --START--
INFO: Run Behavior\ShowPageTraceBehavior [ RunTime:0.000632s ]
INFO: [ app_end ] --END-- [ RunTime:0.000659s ]

[ 2018-09-05T16:23:38+08:00 ] ::1 /myCode/poneBack/theme/person/index?ID=12345
INFO: [ app_init ] --START--
INFO: Run Behavior\BuildLiteBehavior [ RunTime:0.000009s ]
INFO: [ app_init ] --END-- [ RunTime:0.000406s ]
INFO: [ app_begin ] --START--
INFO: Run Behavior\ReadHtmlCacheBehavior [ RunTime:0.000545s ]
INFO: [ app_begin ] --END-- [ RunTime:0.000582s ]
SQL: SHOW COLUMNS FROM `person` [ RunTime:0.0315s ]
SQL: SELECT a.*,b.name as user_name,b.head as user_head FROM person as a INNER JOIN user as b ON b.id = a.user_id   [ RunTime:0.0004s ]
SQL: SHOW COLUMNS FROM `user_person` [ RunTime:0.0080s ]
SQL: SELECT * FROM `user_person` WHERE `person_id` = 1 AND `user_id` = 0  [ RunTime:0.0005s ]
SQL: SELECT * FROM `user_person` WHERE `person_id` = 2 AND `user_id` = 0  [ RunTime:0.0003s ]
SQL: SELECT * FROM `user_person` WHERE `person_id` = 3 AND `user_id` = 0  [ RunTime:0.0002s ]
INFO: [ app_end ] --START--
INFO: Run Behavior\ShowPageTraceBehavior [ RunTime:0.000979s ]
INFO: [ app_end ] --END-- [ RunTime:0.001024s ]

[ 2018-09-05T16:23:44+08:00 ] ::1 /myCode/poneBack/theme/person/index?ID=12345
INFO: [ app_init ] --START--
INFO: Run Behavior\BuildLiteBehavior [ RunTime:0.000037s ]
INFO: [ app_init ] --END-- [ RunTime:0.000700s ]
INFO: [ app_begin ] --START--
INFO: Run Behavior\ReadHtmlCacheBehavior [ RunTime:0.000666s ]
INFO: [ app_begin ] --END-- [ RunTime:0.000717s ]
SQL: SHOW COLUMNS FROM `person` [ RunTime:0.0114s ]
SQL: SELECT a.*,b.name as user_name,b.head as user_head FROM person as a INNER JOIN user as b ON b.id = a.user_id   [ RunTime:0.0004s ]
SQL: SHOW COLUMNS FROM `user_person` [ RunTime:0.0101s ]
SQL: SELECT * FROM `user_person` WHERE `person_id` = 1 AND `user_id` = 0  [ RunTime:0.0004s ]
SQL: SELECT * FROM `user_person` WHERE `person_id` = 2 AND `user_id` = 0  [ RunTime:0.0002s ]
SQL: SELECT * FROM `user_person` WHERE `person_id` = 3 AND `user_id` = 0  [ RunTime:0.0002s ]
INFO: [ app_end ] --START--
INFO: Run Behavior\ShowPageTraceBehavior [ RunTime:0.000665s ]
INFO: [ app_end ] --END-- [ RunTime:0.000694s ]

[ 2018-09-05T16:24:07+08:00 ] ::1 /myCode/poneBack/theme/person/index?ID=12345
INFO: [ app_init ] --START--
INFO: Run Behavior\BuildLiteBehavior [ RunTime:0.000009s ]
INFO: [ app_init ] --END-- [ RunTime:0.000459s ]
INFO: [ app_begin ] --START--
INFO: Run Behavior\ReadHtmlCacheBehavior [ RunTime:0.000649s ]
INFO: [ app_begin ] --END-- [ RunTime:0.000701s ]
SQL: SHOW COLUMNS FROM `person` [ RunTime:0.0084s ]
SQL: SELECT a.*,b.name as user_name,b.head as user_head FROM person as a INNER JOIN user as b ON b.id = a.user_id   [ RunTime:0.0004s ]
SQL: SHOW COLUMNS FROM `user_person` [ RunTime:0.0074s ]
SQL: SELECT * FROM `user_person` WHERE `person_id` = 1 AND `user_id` = 0  [ RunTime:0.0003s ]
SQL: SELECT * FROM `user_person` WHERE `person_id` = 2 AND `user_id` = 0  [ RunTime:0.0002s ]
SQL: SELECT * FROM `user_person` WHERE `person_id` = 3 AND `user_id` = 0  [ RunTime:0.0002s ]
INFO: [ app_end ] --START--
INFO: Run Behavior\ShowPageTraceBehavior [ RunTime:0.000684s ]
INFO: [ app_end ] --END-- [ RunTime:0.000715s ]

[ 2018-09-05T16:24:10+08:00 ] ::1 /myCode/poneBack/theme/person/index?ID=12345
INFO: [ app_init ] --START--
INFO: Run Behavior\BuildLiteBehavior [ RunTime:0.000009s ]
INFO: [ app_init ] --END-- [ RunTime:0.000351s ]
INFO: [ app_begin ] --START--
INFO: Run Behavior\ReadHtmlCacheBehavior [ RunTime:0.000516s ]
INFO: [ app_begin ] --END-- [ RunTime:0.000555s ]
SQL: SHOW COLUMNS FROM `person` [ RunTime:0.0097s ]
SQL: SELECT a.*,b.name as user_name,b.head as user_head FROM person as a INNER JOIN user as b ON b.id = a.user_id   [ RunTime:0.0003s ]
SQL: SHOW COLUMNS FROM `user_person` [ RunTime:0.0063s ]
SQL: SELECT * FROM `user_person` WHERE `person_id` = 1 AND `user_id` = 0  [ RunTime:0.0002s ]
SQL: SELECT * FROM `user_person` WHERE `person_id` = 2 AND `user_id` = 0  [ RunTime:0.0002s ]
SQL: SELECT * FROM `user_person` WHERE `person_id` = 3 AND `user_id` = 0  [ RunTime:0.0002s ]
INFO: [ app_end ] --START--
INFO: Run Behavior\ShowPageTraceBehavior [ RunTime:0.000705s ]
INFO: [ app_end ] --END-- [ RunTime:0.000738s ]

[ 2018-09-05T16:24:14+08:00 ] ::1 /myCode/poneBack/theme/person/index?ID=12345
INFO: [ app_init ] --START--
INFO: Run Behavior\BuildLiteBehavior [ RunTime:0.000009s ]
INFO: [ app_init ] --END-- [ RunTime:0.000409s ]
INFO: [ app_begin ] --START--
INFO: Run Behavior\ReadHtmlCacheBehavior [ RunTime:0.000565s ]
INFO: [ app_begin ] --END-- [ RunTime:0.000604s ]
SQL: SHOW COLUMNS FROM `person` [ RunTime:0.0077s ]
SQL: SELECT a.*,b.name as user_name,b.head as user_head FROM person as a INNER JOIN user as b ON b.id = a.user_id   [ RunTime:0.0004s ]
SQL: SHOW COLUMNS FROM `user_person` [ RunTime:0.0121s ]
SQL: SELECT * FROM `user_person` WHERE `person_id` = 1 AND `user_id` = 0  [ RunTime:0.0003s ]
SQL: SELECT * FROM `user_person` WHERE `person_id` = 2 AND `user_id` = 0  [ RunTime:0.0002s ]
SQL: SELECT * FROM `user_person` WHERE `person_id` = 3 AND `user_id` = 0  [ RunTime:0.0002s ]
INFO: [ app_end ] --START--
INFO: Run Behavior\ShowPageTraceBehavior [ RunTime:0.000700s ]
INFO: [ app_end ] --END-- [ RunTime:0.000734s ]

[ 2018-09-05T16:25:14+08:00 ] ::1 /myCode/poneBack/theme/person/index?ID=12345
INFO: [ app_init ] --START--
INFO: Run Behavior\BuildLiteBehavior [ RunTime:0.000009s ]
INFO: [ app_init ] --END-- [ RunTime:0.000475s ]
INFO: [ app_begin ] --START--
INFO: Run Behavior\ReadHtmlCacheBehavior [ RunTime:0.000651s ]
INFO: [ app_begin ] --END-- [ RunTime:0.000689s ]
SQL: SHOW COLUMNS FROM `person` [ RunTime:0.0079s ]
SQL: SELECT a.*,b.name as user_name,b.head as user_head FROM person as a INNER JOIN user as b ON b.id = a.user_id   [ RunTime:0.0004s ]
SQL: SHOW COLUMNS FROM `user_person` [ RunTime:0.0088s ]
SQL: SELECT * FROM `user_person` WHERE `person_id` = 1 AND `user_id` = 0  [ RunTime:0.0004s ]
SQL: SELECT * FROM `user_person` WHERE `person_id` = 2 AND `user_id` = 0  [ RunTime:0.0002s ]
SQL: SELECT * FROM `user_person` WHERE `person_id` = 3 AND `user_id` = 0  [ RunTime:0.0002s ]
INFO: [ app_end ] --START--
INFO: Run Behavior\ShowPageTraceBehavior [ RunTime:0.000868s ]
INFO: [ app_end ] --END-- [ RunTime:0.000909s ]

